--------------------------------------------------------------------------------------------------
Simulador de contagios. 2.1.0.8
20/04/2020 11:07:25
--------------------------------------------------------------------------------------------------
Carpeta 50_gi_m
Número de hilos                              30
Semilla población                         1.324
Semilla simulación                          659
Potencia para fin de infección             3,00

Número de individuos                     50.000
Radio                                     2.694
Probabilidad base de contagio              6,00 %
Probabilidad contagio clúster              6,00 %
Probabilidad base de recontagio            0,00 %
Días mínimos de inmunidad                     5
Días de carencia para contagiar               3
Días de incubación                            8
Probabilidad de enfermar                 100,00 %
Factor probab. contagio enfermo           25,00 %
Probabilidad de hospitalización           10,00 %
Factor prob. contagio hospitalizad         0,00 %
Densidad crítica de vecinos infect         1,00 %
Probabilidad contagio indirecta            0,00 %

Número de focos iniciales                    10
Número de inmunes iniciales                   0
Número de focos a importar                    0 cada 0 días, del grupo adulto
Radio de contacto                             1
Longitud media 10 pasos                       4

Número clusters objetivo                    125
Número clusters generados                   123 con        9.960 individuos,            3 infectados de inicio
Factor individuos por cluster              1,00

                        - Edad-      %     % Factor B    Días         %      Num.Pasos      %                          %      Individuos 
Grupo            Género Min Max   Gravedad   Contagio  Duración    Curación   Min   Max Individuos   Individuos     clusters    cluster  
---------------- ------ --- --- ---------- ---------- ---------- ---------- ----- ----- ---------- ------------ ------------ ------------
nene                  0   0   4     100,00       3,00      30,00     100,00    70    90       4,00        2.000       2000,0            4
menor                 1   5  19     100,00       1,00      30,00     100,00    80   120      15,00        7.500       7500,0           15
adulto                2  20  64     100,00      25,00      30,00      99,00    80   120      62,00       31.000      31000,0           62
jubilado              3  65  69     100,00    5800,00      30,00      96,00    80   120       5,00        2.500       2500,0            5
mayor                 4  70 150     100,00    2500,00      30,00      81,00    20    30      14,00        7.000       7000,0           14
---------------- ------ --- --- ---------- ---------- ---------- ---------- ----- ----- ---------- ------------ ------------ ------------

Valores al final del día
                                                                       Recorrido  Contactos Media días            ------ Afectados ---- ----------  Clusters -----------                                  -----------------  GRAVES  ----------------
Día     Sanos  Infectados Importados    Curados Desinmuniz    Muertos     Ida     críticos  infectados         R0   Cercania   Clusters Infectados    Curados    Muertos  Indirecto   Enfermos Hospitaliz Infectados    Curados    Muertos         R0
--- ---------- ---------- ---------- ---------- ---------- ---------- ---------- ---------- ---------- ---------- ---------- ---------- ---------- ---------- ---------- ---------- ---------- ---------- ---------- ---------- ---------- ----------
  1      49990         10          0          0          0          0      54,21       0,00        0,0       0,00          0          0          0          0          0          0          0          0         10          0          0       0,00
  2      49990         10          0          0          0          0      54,06       0,00        0,0       0,00          0          0          0          0          0          0          0          0         10          0          0       0,00
  3      49990         10          0          0          0          0      54,07       0,00        0,0       0,00          0          0          0          0          0          0          0          0         10          0          0       0,00
  4      49986         14          0          0          0          0      53,99       0,68        0,0       0,00          0          4          4          0          0          0          0          0         14          0          0       0,00
  5      49981         19          0          0          0          0      54,04       0,65        0,0       0,00          1          8          8          0          0          0          0          0         19          0          0       0,00
  6      49979         21          0          0          0          0      54,04       0,70        0,0       0,00          1         10         10          0          0          0          0          0         21          0          0       0,00
  7      49970         30          0          0          0          0      54,05       1,19        0,0       0,00          2         18         18          0          0          0          0          0         30          0          0       0,00
  8      49953         47          0          0          0          0      54,03       1,50        0,0       0,00          3         34         34          0          0          0          0          0         47          0          0       0,00
  9      49934         66          0          0          0          0      54,04       1,63        0,0       0,00          5         51         51          0          0          0          0          0         66          0          0       0,00
 10      49905         95          0          0          0          0      54,04       1,32        0,0       0,00          5         80         80          0          0          0          0          0         95          0          0       0,00
 11      49865        135          0          0          0          0      54,04       1,05        0,0       0,00          9        116        116          0          0          0          4          1        135          0          0       0,00
 12      49815        185          0          0          0          0      54,06       1,08        0,0       0,00         13        162        162          0          0          0          9          2        185          0          0       0,00
 13      49765        234          0          1          0          0      54,06       1,00       12,0       1,00         22        203        203          0          0          0         11          2        235          0          0       0,00
 14      49712        287          0          1          0          0      54,07       1,03       12,0       1,00         34        244        244          0          0          0         20          2        288          0          0       0,00
 15      49674        325          0          1          0          0      54,06       1,08       12,0       1,00         50        266        266          0          0          0         37          3        326          0          0       0,00
 16      49632        366          0          2          0          0      54,06       1,14       13,5       1,50         69        289        289          0          0          0         56          6        368          0          0       0,00
 17      49598        400          0          2          0          0      54,05       1,24       13,5       1,50         93        299        299          0          0          0         85         10        402          0          0       0,00
 18      49514        484          0          2          0          0      54,04       1,26       13,5       1,50        118        358        358          0          0          0        125         17        486          0          0       0,00
 19      49430        568          0          2          0          0      54,04       1,31       13,5       1,50        148        412        412          0          0          0        175         22        570          0          0       0,00
 20      49312        685          0          3          0          0      54,04       1,31       13,7       2,67        185        493        492          1          0          0        224         30        687          1          0       5,00
 21      49156        840          0          4          0          0      54,03       1,35       15,3       2,00        223        611        610          1          0          0        277         35        843          1          0       5,00
 22      49090        906          0          4          0          0      54,03       1,34       15,3       2,00        262        638        637          1          0          0        315         36        909          1          0       5,00
 23      48994       1001          0          5          0          0      54,03       1,34       15,2       2,00        289        707        706          1          0          0        356         42       1004          2          0       3,50
 24      48821       1170          0          9          0          0      54,04       1,36       15,2       2,89        346        823        818          5          0          0        386         45       1173          6          0       3,83
 25      48559       1431          0         10          0          0      54,04       1,36       15,1       2,60        405       1026       1020          6          0          0        469         51       1434          7          0       3,29
 26      48351       1635          0         14          0          0      54,04       1,36       14,5       2,36        468       1171       1161         10          0          0        549         57       1638         11          0       2,73
 27      48219       1758          0         23          0          0      54,03       1,38       14,7       2,57        546       1225       1208         17          0          0        658         67       1761         20          0       2,80
 28      48042       1925          0         32          0          1      54,03       1,40       15,2       2,48        611       1337       1311         25          1          0        804         80       1928         29          1       2,63
 29      47812       2144          0         43          0          1      54,03       1,42       14,7       2,48        691       1487       1452         34          1          0        860         85       2147         40          1       2,59
 30      47544       2393          0         61          0          2      54,03       1,43       15,5       2,21        771       1675       1625         49          1          0        937         94       2396         58          2       2,27
 31      47293       2633          0         72          0          2      54,03       1,44       15,5       2,14        864       1833       1774         58          1          0       1100        113       2636         69          2       2,18
 32      46941       2960          0         95          0          4      54,03       1,43       17,0       2,46        979       2070       1996         72          2          0       1343        137       2970         85          4       2,06
 33      46528       3353          0        115          0          4      54,03       1,42       17,3       2,31       1085       2377       2284         91          2          0       1531        155       3363        105          4       1,96
 34      46186       3668          0        140          0          6      54,03       1,41       17,5       2,25       1200       2604       2491        110          3          0       1636        164       3678        130          6       1,97
 35      45717       4112          0        163          0          8      54,03       1,42       18,0       2,18       1346       2927       2794        129          4          0       1787        180       4122        153          8       1,93
 36      45250       4556          0        186          0          8      54,02       1,41       18,1       2,29       1510       3230       3078        148          4          0       1994        203       4566        176          8       2,08
 37      44725       5051          0        214          0         10      54,02       1,42       18,4       2,38       1701       3564       3390        169          5          0       2233        230       5061        204         10       2,21
 38      44198       5533          0        257          0         12      54,02       1,42       18,8       2,43       1887       3905       3698        201          6          0       2438        241       5543        247         12       2,29
 39      43647       6044          0        297          0         12      54,02       1,43       18,8       2,38       2109       4234       3998        230          6          0       2751        267       6054        287         12       2,25
 40      43075       6550          0        358          0         17      54,02       1,43       18,9       2,39       2342       4573       4291        273          9          0       3101        291       6560        348         17       2,29
 41      42537       7015          0        428          0         20      54,02       1,43       19,4       2,32       2537       4916       4583        322         11          0       3371        328       7025        418         20       2,23
 42      41984       7494          0        496          0         26      54,02       1,44       19,7       2,26       2776       5230       4845        371         14          0       3763        354       7504        486         26       2,19
 43      41302       8080          0        588          0         30      54,02       1,45       20,0       2,32       3080       5608       5156        435         17          0       4135        390       8090        578         30       2,26
 44      40685       8601          0        676          0         38      54,02       1,46       20,2       2,24       3348       5957       5434        499         24          0       4567        437       8611        666         38       2,19
 45      40130       9040          0        786          0         44      54,02       1,46       20,3       2,12       3616       6244       5642        574         28          0       4976        474       9050        776         44       2,07
 46      39586       9478          0        881          0         55      54,03       1,47       20,5       2,11       3886       6518       5853        628         37          0       5419        523       9488        871         55       2,07
 47      39013       9934          0        989          0         64      54,03       1,48       20,7       2,04       4185       6792       6053        700         39          0       5872        554       9944        979         64       2,01
 48      38488      10324          0       1113          0         75      54,03       1,48       20,7       2,00       4471       7031       6207        780         44          0       6277        596      10334       1103         75       1,96
 49      37969      10680          0       1267          0         84      54,03       1,48       20,8       1,97       4781       7240       6306        885         49          0       6669        628      10690       1257         84       1,94
 50      37533      10950          0       1418          0         99      54,04       1,48       21,0       1,86       5059       7398       6355        984         59          0       7184        682      10960       1408         99       1,83
 51      37090      11192          0       1603          0        115      54,04       1,48       21,2       1,84       5349       7551       6380       1101         70          0       7599        722      11202       1593        115       1,81
 52      36674      11384          0       1817          0        125      54,05       1,49       21,4       1,79       5619       7697       6372       1250         75          0       7931        755      11394       1807        125       1,77
 53      36305      11553          0       2006          0        136      54,05       1,50       21,4       1,82       5876       7809       6362       1365         82          0       8276        803      11563       1996        136       1,80
 54      35939      11675          0       2233          0        153      54,06       1,50       21,5       1,81       6139       7912       6292       1530         90          0       8603        830      11685       2223        153       1,79
 55      35565      11765          0       2496          0        174      54,06       1,50       21,7       1,76       6383       8042       6242       1702         98          0       8842        837      11775       2486        174       1,75
 56      35222      11787          0       2786          0        205      54,07       1,50       21,9       1,73       6622       8146       6131       1900        115          0       9041        859      11797       2776        205       1,72
 57      34950      11731          0       3087          0        232      54,08       1,51       22,1       1,69       6818       8222       5998       2097        127          0       9150        875      11741       3077        232       1,68
 58      34663      11736          0       3352          0        249      54,08       1,51       22,2       1,68       7030       8297       5904       2262        131          0       9310        890      11746       3342        249       1,66
 59      34415      11669          0       3655          0        261      54,09       1,51       22,3       1,65       7225       8350       5761       2456        133          0       9411        914      11679       3645        261       1,64
 60      34179      11532          0       4006          0        283      54,09       1,51       22,4       1,64       7429       8382       5547       2693        142          0       9407        933      11542       3996        283       1,63
 61      33964      11328          0       4395          0        313      54,10       1,52       22,6       1,63       7625       8401       5302       2948        151          0       9355        930      11338       4385        313       1,62
 62      33773      11123          0       4771          0        333      54,11       1,52       22,7       1,62       7810       8407       5079       3170        158          0       9332        927      11133       4761        333       1,61
 63      33622      10842          0       5185          0        351      54,12       1,52       22,9       1,59       7956       8412       4810       3443        159          0       9242        937      10852       5175        351       1,59
 64      33481      10451          0       5684          0        384      54,13       1,52       23,2       1,57       8097       8412       4468       3772        172          0       8983        922      10461       5674        384       1,56
 65      33340      10155          0       6096          0        409      54,14       1,53       23,3       1,54       8236       8414       4215       4019        180          0       8832        896      10165       6086        409       1,53
 66      33206       9772          0       6576          0        446      54,14       1,53       23,5       1,51       8370       8414       3925       4299        190          0       8564        876       9782       6566        446       1,51
 67      33084       9384          0       7068          0        464      54,15       1,53       23,7       1,49       8492       8414       3616       4604        194          0       8290        846       9394       7058        464       1,48
 68      32970       8946          0       7592          0        492      54,16       1,53       23,8       1,47       8606       8414       3289       4928        197          0       7953        823       8956       7582        492       1,46
 69      32883       8499          0       8104          0        514      54,17       1,53       24,0       1,44       8693       8414       2991       5221        202          0       7610        788       8509       8094        514       1,43
 70      32794       8113          0       8551          0        542      54,18       1,53       24,1       1,41       8782       8414       2735       5474        205          0       7286        760       8123       8541        542       1,41
 71      32704       7663          0       9063          0        570      54,19       1,53       24,3       1,39       8872       8414       2457       5750        207          0       6887        730       7673       9053        570       1,38
 72      32624       7219          0       9561          0        596      54,20       1,53       24,4       1,36       8952       8414       2192       6011        211          0       6503        681       7229       9551        596       1,36
 73      32542       6806          0      10023          0        629      54,21       1,54       24,5       1,34       9034       8414       1972       6229        213          0       6143        645       6816      10013        629       1,33
 74      32482       6324          0      10542          0        652      54,22       1,54       24,7       1,31       9094       8414       1704       6495        215          0       5722        603       6334      10532        652       1,31
 75      32424       5906          0      10984          0        686      54,23       1,54       24,8       1,29       9152       8414       1478       6717        219          0       5360        565       5916      10974        686       1,29
 76      32376       5484          0      11436          0        704      54,25       1,54       24,9       1,27       9200       8414       1281       6913        220          0       4977        524       5494      11426        704       1,27
 77      32333       5123          0      11814          0        730      54,26       1,54       25,0       1,25       9243       8414       1115       7077        222          0       4662        491       5133      11804        730       1,25
 78      32287       4745          0      12196          0        772      54,27       1,54       25,1       1,23       9289       8414        950       7237        227          0       4328        466       4755      12186        772       1,23
 79      32250       4361          0      12584          0        805      54,28       1,54       25,1       1,21       9326       8414        798       7387        229          0       3988        441       4371      12574        805       1,21
 80      32209       4019          0      12943          0        829      54,30       1,54       25,2       1,20       9367       8414        663       7520        231          0       3687        408       4029      12933        829       1,20
 81      32175       3698          0      13264          0        863      54,31       1,54       25,3       1,18       9401       8414        555       7627        232          0       3392        367       3708      13254        863       1,18
 82      32145       3393          0      13575          0        887      54,33       1,54       25,3       1,17       9431       8414        452       7728        234          0       3114        331       3403      13565        887       1,16
 83      32126       3090          0      13868          0        916      54,34       1,54       25,4       1,15       9450       8414        359       7820        235          0       2840        293       3100      13858        916       1,15
 84      32102       2836          0      14123          0        939      54,36       1,54       25,5       1,14       9474       8414        277       7902        235          0       2605        265       2846      14113        939       1,14
 85      32073       2614          0      14351          0        962      54,38       1,54       25,5       1,13       9503       8414        226       7952        236          0       2400        240       2624      14341        962       1,13
 86      32048       2397          0      14578          0        977      54,40       1,54       25,5       1,12       9528       8414        164       8014        236          0       2195        220       2407      14568        977       1,12
 87      32031       2188          0      14781          0       1000      54,41       1,54       25,6       1,11       9545       8414        112       8065        237          0       2010        195       2198      14771       1000       1,10
 88      32006       2017          0      14960          0       1017      54,43       1,54       25,6       1,10       9570       8414         86       8090        238          0       1848        181       2027      14950       1017       1,10
 89      31983       1850          0      15136          0       1031      54,45       1,54       25,6       1,09       9593       8414         54       8121        239          0       1688        167       1860      15126       1031       1,09
 90      31970       1678          0      15307          0       1045      54,47       1,54       25,7       1,08       9606       8414         31       8144        239          0       1522        158       1688      15297       1045       1,08
 91      31957       1520          0      15453          0       1070      54,49       1,54       25,7       1,07       9619       8414         16       8159        239          0       1376        142       1530      15443       1070       1,07
 92      31939       1396          0      15578          0       1087      54,51       1,54       25,7       1,07       9637       8414          5       8169        240          0       1262        132       1406      15568       1087       1,06
 93      31929       1280          0      15691          0       1100      54,53       1,54       25,7       1,06       9647       8414          3       8171        240          0       1161        118       1290      15681       1100       1,06
 94      31918       1186          0      15783          0       1113      54,55       1,54       25,7       1,06       9658       8414          1       8173        240          0       1073        108       1196      15773       1113       1,05
 95      31908       1088          0      15878          0       1126      54,57       1,54       25,8       1,05       9668       8414          1       8173        240          0        990         95       1098      15868       1126       1,05
 96      31901        987          0      15972          0       1140      54,59       1,54       25,8       1,05       9675       8414          0       8174        240          0        905         82        997      15962       1140       1,04
 97      31894        880          0      16073          0       1153      54,61       1,54       25,8       1,04       9682       8414          0       8174        240          0        804         68        890      16063       1153       1,04
 98      31888        806          0      16146          0       1160      54,63       1,54       25,8       1,04       9688       8414          0       8174        240          0        737         65        816      16136       1160       1,03
 99      31879        742          0      16207          0       1172      54,65       1,54       25,8       1,03       9697       8414          0       8174        240          0        682         63        752      16197       1172       1,03
100      31875        664          0      16274          0       1187      54,66       1,54       25,8       1,03       9701       8414          0       8174        240          0        610         62        674      16264       1187       1,03
101      31867        616          0      16325          0       1192      54,68       1,54       25,8       1,03       9709       8414          0       8174        240          0        565         57        626      16315       1192       1,02
102      31857        559          0      16386          0       1198      54,70       1,54       25,8       1,02       9719       8414          0       8174        240          0        508         52        569      16376       1198       1,02
103      31849        527          0      16426          0       1198      54,72       1,54       25,8       1,02       9727       8414          0       8174        240          0        475         50        537      16416       1198       1,02
104      31840        481          0      16478          0       1201      54,74       1,54       25,8       1,02       9736       8414          0       8174        240          0        427         47        491      16468       1201       1,02
105      31835        442          0      16517          0       1206      54,76       1,54       25,8       1,02       9741       8414          0       8174        240          0        389         46        452      16507       1206       1,02
106      31833        401          0      16554          0       1212      54,78       1,54       25,8       1,02       9743       8414          0       8174        240          0        355         45        411      16544       1212       1,01
107      31829        371          0      16583          0       1217      54,80       1,54       25,8       1,02       9747       8414          0       8174        240          0        325         43        381      16573       1217       1,01
108      31825        337          0      16616          0       1222      54,81       1,55       25,8       1,01       9751       8414          0       8174        240          0        295         35        347      16606       1222       1,01
109      31824        310          0      16641          0       1225      54,83       1,55       25,9       1,01       9752       8414          0       8174        240          0        277         37        320      16631       1225       1,01
110      31824        279          0      16670          0       1227      54,85       1,55       25,9       1,01       9752       8414          0       8174        240          0        254         29        289      16660       1227       1,01
111      31821        251          0      16695          0       1233      54,87       1,55       25,9       1,01       9755       8414          0       8174        240          0        232         28        261      16685       1233       1,01
112      31820        227          0      16720          0       1233      54,89       1,55       25,9       1,01       9756       8414          0       8174        240          0        212         23        237      16710       1233       1,01
113      31815        215          0      16735          0       1235      54,91       1,55       25,9       1,01       9761       8414          0       8174        240          0        197         23        225      16725       1235       1,01
114      31815        203          0      16746          0       1236      54,92       1,55       25,9       1,01       9761       8414          0       8174        240          0        189         23        213      16736       1236       1,01
115      31814        183          0      16765          0       1238      54,94       1,55       25,9       1,01       9762       8414          0       8174        240          0        172         23        193      16755       1238       1,00
116      31813        172          0      16776          0       1239      54,96       1,55       25,9       1,01       9763       8414          0       8174        240          0        161         21        182      16766       1239       1,00
117      31813        150          0      16796          0       1241      54,97       1,55       25,9       1,01       9763       8414          0       8174        240          0        139         20        160      16786       1241       1,00
118      31813        138          0      16806          0       1243      54,99       1,55       25,9       1,01       9763       8414          0       8174        240          0        130         19        148      16796       1243       1,00
119      31811        129          0      16815          0       1245      55,01       1,55       25,9       1,00       9765       8414          0       8174        240          0        120         18        139      16805       1245       1,00
120      31811        120          0      16824          0       1245      55,03       1,55       25,9       1,00       9765       8414          0       8174        240          0        116         17        130      16814       1245       1,00
121      31810        113          0      16832          0       1245      55,04       1,55       25,9       1,00       9766       8414          0       8174        240          0        108         16        123      16822       1245       1,00
122      31808        102          0      16842          0       1248      55,06       1,55       25,9       1,00       9768       8414          0       8174        240          0         96         14        112      16832       1248       1,00
123      31808         89          0      16855          0       1248      55,07       1,55       25,9       1,00       9768       8414          0       8174        240          0         84         14         99      16845       1248       1,00
124      31808         81          0      16863          0       1248      55,09       1,55       25,9       1,00       9768       8414          0       8174        240          0         76         13         91      16853       1248       1,00
125      31808         74          0      16870          0       1248      55,10       1,55       25,9       1,00       9768       8414          0       8174        240          0         69         12         84      16860       1248       1,00
126      31808         65          0      16877          0       1250      55,12       1,55       25,9       1,00       9768       8414          0       8174        240          0         62         10         75      16867       1250       1,00
127      31808         53          0      16888          0       1251      55,14       1,55       25,9       1,00       9768       8414          0       8174        240          0         50          9         63      16878       1251       1,00
128      31807         53          0      16889          0       1251      55,15       1,55       25,9       1,00       9769       8414          0       8174        240          0         50          9         63      16879       1251       1,00
129      31807         49          0      16893          0       1251      55,17       1,55       25,9       1,00       9769       8414          0       8174        240          0         48         10         59      16883       1251       1,00
130      31807         45          0      16897          0       1251      55,18       1,55       25,9       1,00       9769       8414          0       8174        240          0         44          9         55      16887       1251       1,00
131      31807         40          0      16902          0       1251      55,20       1,55       25,9       1,00       9769       8414          0       8174        240          0         39          8         50      16892       1251       1,00
132      31807         36          0      16906          0       1251      55,21       1,55       25,9       1,00       9769       8414          0       8174        240          0         35          7         46      16896       1251       1,00
133      31807         30          0      16912          0       1251      55,23       1,55       25,9       1,00       9769       8414          0       8174        240          0         29          6         40      16902       1251       1,00
134      31807         21          0      16921          0       1251      55,24       1,55       25,9       1,00       9769       8414          0       8174        240          0         20          5         31      16911       1251       1,00
135      31807         17          0      16924          0       1252      55,25       1,55       25,9       1,00       9769       8414          0       8174        240          0         17          4         27      16914       1252       1,00
136      31807         14          0      16926          0       1253      55,27       1,55       25,9       1,00       9769       8414          0       8174        240          0         14          2         24      16916       1253       1,00
137      31807         14          0      16926          0       1253      55,28       1,55       25,9       1,00       9769       8414          0       8174        240          0         14          2         24      16916       1253       1,00
138      31807         11          0      16929          0       1253      55,29       1,55       25,9       1,00       9769       8414          0       8174        240          0         11          2         21      16919       1253       1,00
139      31807          9          0      16931          0       1253      55,31       1,55       25,9       1,00       9769       8414          0       8174        240          0          9          1         19      16921       1253       1,00
140      31807          8          0      16932          0       1253      55,32       1,55       25,9       1,00       9769       8414          0       8174        240          0          8          1         18      16922       1253       1,00
141      31807          8          0      16932          0       1253      55,33       1,55       25,9       1,00       9769       8414          0       8174        240          0          8          1         18      16922       1253       1,00
142      31807          7          0      16933          0       1253      55,35       1,55       25,9       1,00       9769       8414          0       8174        240          0          7          1         17      16923       1253       1,00
143      31807          6          0      16934          0       1253      55,36       1,55       25,9       1,00       9769       8414          0       8174        240          0          6          0         16      16924       1253       1,00
144      31807          3          0      16936          0       1254      55,38       1,55       25,9       1,00       9769       8414          0       8174        240          0          3          0         13      16926       1254       1,00
145      31807          3          0      16936          0       1254      55,39       1,55       25,9       1,00       9769       8414          0       8174        240          0          3          0         13      16926       1254       1,00
146      31807          2          0      16937          0       1254      55,40       1,55       25,9       1,00       9769       8414          0       8174        240          0          2          0         12      16927       1254       1,00
147      31807          2          0      16937          0       1254      55,41       1,55       25,9       1,00       9769       8414          0       8174        240          0          2          0         12      16927       1254       1,00
148      31807          2          0      16937          0       1254      55,42       1,55       25,9       1,00       9769       8414          0       8174        240          0          2          0         12      16927       1254       1,00
149      31807          2          0      16937          0       1254      55,44       1,55       25,9       1,00       9769       8414          0       8174        240          0          2          0         12      16927       1254       1,00
150      31807          1          0      16938          0       1254      55,45       1,55       25,9       1,00       9769       8414          0       8174        240          0          1          0         11      16928       1254       1,00
--- ---------- ---------- ---------- ---------- ---------- ---------- ---------- ---------- ---------- ---------- ---------- ---------- ---------- ---------- ---------- ---------- ---------- ---------- ---------- ---------- ---------- ----------
Día     Sanos  Infectados Importados    Curados Desinmuniz    Muertos     Ida     críticos  infectados         R0   Cercania   Clusters Infectados    Curados    Muertos  Indirecto   Enfermos Hospitaliz Infectados    Curados    Muertos         R0

Infectados importados                              1

Total pasos                              549.148.285
Total recorridos                           6.065.325
Total distancia recorrida                336.306.177
Contactos de riesgo                          727.628
Acumulador infectados                        470.918

Total días infectados (curados)              438.095      25,00
Total días infectados (muertos)               32.793      26,00
Total días infectados                        470.888      25,00

Simulados 150 días. 35921,0 s

