Tipo 0
Día     Sanos  Infectados Importados    Curados Desinmuniz    Muertos Inf.Indire   Enfermos Hospitaliz
--- ---------- ---------- ---------- ---------- ---------- ---------- ---------- ---------- ----------
  1       1999          1          0          0          0          0          0          0          0
  2       1999          1          0          0          0          0          0          0          0
  3       1999          1          0          0          0          0          0          0          0
  4       1999          1          0          0          0          0          0          0          0
  5       1999          1          0          0          0          0          0          0          0
  6       1999          1          0          0          0          0          0          0          0
  7       1999          1          0          0          0          0          0          0          0
  8       1999          1          0          0          0          0          0          0          0
  9       1999          1          0          0          0          0          0          0          0
 10       1999          1          0          0          0          0          0          0          0
 11       1999          1          0          0          0          0          0          0          0
 12       1999          1          0          0          0          0          0          0          0
 13       1999          1          0          0          0          0          0          0          0
 14       1999          1          0          0          0          0          0          0          0
 15       1999          1          0          0          0          0          0          0          0
 16       1999          1          0          0          0          0          0          0          0
 17       1999          1          0          0          0          0          0          0          0
 18       1999          1          0          0          0          0          0          0          0
 19       1999          1          0          0          0          0          0          0          0
 20       1999          1          0          0          0          0          0          0          0
 21       1999          1          0          0          0          0          0          0          0
 22       1998          2          0          0          0          0          0          0          0
 23       1998          2          0          0          0          0          0          0          0
 24       1998          2          0          0          0          0          0          0          0
 25       1997          3          0          0          0          0          0          0          0
 26       1997          3          0          0          0          0          0          0          0
 27       1997          3          0          0          0          0          0          0          0
 28       1997          2          0          1          0          0          0          0          0
 29       1997          2          0          1          0          0          0          1          0
 30       1996          3          0          1          0          0          0          1          0
 31       1996          3          0          1          0          0          0          1          0
 32       1995          4          0          1          0          0          0          2          0
 33       1995          4          0          1          0          0          0          2          0
 34       1995          4          0          1          0          0          0          2          0
 35       1995          4          0          1          0          0          0          2          0
 36       1995          4          0          1          0          0          0          2          0
 37       1995          4          0          1          0          0          0          3          0
 38       1995          4          0          1          0          0          0          3          0
 39       1994          5          0          1          0          0          0          4          0
 40       1994          5          0          1          0          0          0          4          0
 41       1994          5          0          1          0          0          0          4          0
 42       1994          5          0          1          0          0          0          4          0
 43       1994          5          0          1          0          0          0          4          0
 44       1993          6          0          1          0          0          0          4          0
 45       1992          7          0          1          0          0          0          4          0
 46       1991          8          0          1          0          0          0          5          0
 47       1991          8          0          1          0          0          0          5          0
 48       1991          8          0          1          0          0          0          5          0
 49       1990          9          0          1          0          0          0          5          0
 50       1989         10          0          1          0          0          0          5          0
 51       1988         11          0          1          0          0          0          6          0
 52       1986         13          0          1          0          0          0          7          0
 53       1985         13          0          2          0          0          0          7          0
 54       1985         13          0          2          0          0          0          7          0
 55       1985         13          0          2          0          0          0          7          0
 56       1983         14          0          3          0          0          0          7          0
 57       1982         15          0          3          0          0          0          8          0
 58       1981         16          0          3          0          0          0          9          0
 59       1981         16          0          3          0          0          0         11          0
 60       1980         17          0          3          0          0          0         12          0
 61       1980         16          0          4          0          0          0         11          0
 62       1980         16          0          4          0          0          0         11          0
 63       1978         17          0          5          0          0          0         12          0
 64       1977         18          0          5          0          0          0         13          0
 65       1977         18          0          5          0          0          0         14          0
 66       1976         19          0          5          0          0          0         14          0
 67       1975         20          0          5          0          0          0         15          0
 68       1975         19          0          6          0          0          0         14          0
 69       1975         19          0          6          0          0          0         14          0
 70       1975         19          0          6          0          0          0         16          0
 71       1975         19          0          6          0          0          0         17          0
 72       1974         19          0          7          0          0          0         16          0
 73       1974         18          0          8          0          0          0         16          0
 74       1973         19          0          8          0          0          0         17          0
 75       1972         18          0         10          0          0          0         15          0
 76       1972         18          0         10          0          0          0         15          0
 77       1971         18          0         11          0          0          0         14          0
 78       1971         15          0         14          0          0          0         11          0
 79       1971         15          0         14          0          0          0         12          0
 80       1971         14          0         15          0          0          0         11          0
 81       1971         13          0         16          0          0          0         11          0
 82       1970         13          0         17          0          0          0         11          0
 83       1970         13          0         17          0          0          0         11          0
 84       1970         12          0         18          0          0          0         11          0
 85       1970         12          0         18          0          0          0         11          0
 86       1970         12          0         18          0          0          0         11          0
 87       1969         11          0         20          0          0          0          9          0
 88       1969         10          0         21          0          0          0          8          0
 89       1969          9          0         22          0          0          0          8          0
 90       1969          9          0         22          0          0          0          8          0
 91       1969          9          0         22          0          0          0          8          0
 92       1969          9          0         22          0          0          0          8          0
 93       1969          9          0         22          0          0          0          8          0
 94       1969          7          0         24          0          0          0          7          0
 95       1969          6          0         25          0          0          0          6          0
 96       1969          6          0         25          0          0          0          6          0
 97       1969          5          0         26          0          0          0          5          0
 98       1969          5          0         26          0          0          0          5          0
 99       1969          5          0         26          0          0          0          5          0
100       1969          5          0         26          0          0          0          5          0
101       1969          5          0         26          0          0          0          5          0
102       1969          4          0         27          0          0          0          4          0
103       1969          4          0         27          0          0          0          4          0
104       1969          4          0         27          0          0          0          4          0
105       1969          4          0         27          0          0          0          4          0
106       1969          2          0         29          0          0          0          2          0
107       1969          2          0         29          0          0          0          2          0
108       1969          2          0         29          0          0          0          2          0
109       1969          2          0         29          0          0          0          2          0
110       1969          2          0         29          0          0          0          2          0
111       1969          2          0         29          0          0          0          2          0
112       1969          2          0         29          0          0          0          2          0
113       1969          1          0         30          0          0          0          1          0
114       1969          1          0         30          0          0          0          1          0
115       1969          1          0         30          0          0          0          1          0
116       1969          1          0         30          0          0          0          1          0
117       1969          1          0         30          0          0          0          1          0
118       1969          0          0         31          0          0          0          0          0
119       1969          0          0         31          0          0          0          0          0
120       1969          0          0         31          0          0          0          0          0
121       1969          0          0         31          0          0          0          0          0
122       1969          0          0         31          0          0          0          0          0
123       1969          0          0         31          0          0          0          0          0
124       1969          0          0         31          0          0          0          0          0
125       1969          0          0         31          0          0          0          0          0
126       1969          0          0         31          0          0          0          0          0
127       1969          0          0         31          0          0          0          0          0
128       1969          0          0         31          0          0          0          0          0
129       1969          0          0         31          0          0          0          0          0
130       1969          0          0         31          0          0          0          0          0
131       1969          0          0         31          0          0          0          0          0
132       1969          0          0         31          0          0          0          0          0
133       1969          0          0         31          0          0          0          0          0
134       1969          0          0         31          0          0          0          0          0
135       1969          0          0         31          0          0          0          0          0
136       1969          0          0         31          0          0          0          0          0
137       1969          0          0         31          0          0          0          0          0
138       1969          0          0         31          0          0          0          0          0
139       1969          0          0         31          0          0          0          0          0
140       1969          0          0         31          0          0          0          0          0
141       1969          0          0         31          0          0          0          0          0
142       1969          0          0         31          0          0          0          0          0
143       1969          0          0         31          0          0          0          0          0
144       1969          0          0         31          0          0          0          0          0
145       1969          0          0         31          0          0          0          0          0
146       1969          0          0         31          0          0          0          0          0
147       1969          0          0         31          0          0          0          0          0
148       1969          0          0         31          0          0          0          0          0
149       1969          0          0         31          0          0          0          0          0
150       1969          0          0         31          0          0          0          0          0
--- ---------- ---------- ---------- ---------- ---------- ---------- ---------- ---------- ----------

Tipo 1
Día     Sanos  Infectados Importados    Curados Desinmuniz    Muertos Inf.Indire   Enfermos Hospitaliz
--- ---------- ---------- ---------- ---------- ---------- ---------- ---------- ---------- ----------
  1       7500          0          0          0          0          0          0          0          0
  2       7500          0          0          0          0          0          0          0          0
  3       7500          0          0          0          0          0          0          0          0
  4       7500          0          0          0          0          0          0          0          0
  5       7500          0          0          0          0          0          0          0          0
  6       7500          0          0          0          0          0          0          0          0
  7       7500          0          0          0          0          0          0          0          0
  8       7500          0          0          0          0          0          0          0          0
  9       7500          0          0          0          0          0          0          0          0
 10       7500          0          0          0          0          0          0          0          0
 11       7500          0          0          0          0          0          0          0          0
 12       7500          0          0          0          0          0          0          0          0
 13       7500          0          0          0          0          0          0          0          0
 14       7500          0          0          0          0          0          0          0          0
 15       7500          0          0          0          0          0          0          0          0
 16       7500          0          0          0          0          0          0          0          0
 17       7500          0          0          0          0          0          0          0          0
 18       7500          0          0          0          0          0          0          0          0
 19       7500          0          0          0          0          0          0          0          0
 20       7500          0          0          0          0          0          0          0          0
 21       7500          0          0          0          0          0          0          0          0
 22       7500          0          0          0          0          0          0          0          0
 23       7500          0          0          0          0          0          0          0          0
 24       7500          0          0          0          0          0          0          0          0
 25       7500          0          0          0          0          0          0          0          0
 26       7500          0          0          0          0          0          0          0          0
 27       7500          0          0          0          0          0          0          0          0
 28       7500          0          0          0          0          0          0          0          0
 29       7500          0          0          0          0          0          0          0          0
 30       7500          0          0          0          0          0          0          0          0
 31       7500          0          0          0          0          0          0          0          0
 32       7500          0          0          0          0          0          0          0          0
 33       7498          2          0          0          0          0          0          0          0
 34       7498          2          0          0          0          0          0          0          0
 35       7498          2          0          0          0          0          0          0          0
 36       7498          2          0          0          0          0          0          0          0
 37       7498          2          0          0          0          0          0          0          0
 38       7498          2          0          0          0          0          0          0          0
 39       7497          3          0          0          0          0          0          0          0
 40       7496          4          0          0          0          0          0          2          0
 41       7495          5          0          0          0          0          0          2          0
 42       7493          7          0          0          0          0          0          2          0
 43       7492          8          0          0          0          0          0          2          0
 44       7490         10          0          0          0          0          0          2          0
 45       7489         11          0          0          0          0          0          2          0
 46       7487         13          0          0          0          0          0          3          0
 47       7486         14          0          0          0          0          0          4          0
 48       7486         14          0          0          0          0          0          5          0
 49       7485         15          0          0          0          0          0          7          0
 50       7483         17          0          0          0          0          0          8          0
 51       7482         18          0          0          0          0          0         10          1
 52       7482         18          0          0          0          0          0         11          1
 53       7481         19          0          0          0          0          0         13          1
 54       7479         21          0          0          0          0          0         14          1
 55       7479         21          0          0          0          0          0         14          1
 56       7479         21          0          0          0          0          0         15          1
 57       7478         22          0          0          0          0          0         17          1
 58       7477         23          0          0          0          0          0         18          1
 59       7475         24          0          1          0          0          0         17          1
 60       7473         24          0          3          0          0          0         16          1
 61       7471         26          0          3          0          0          0         18          1
 62       7471         26          0          3          0          0          0         18          1
 63       7470         27          0          3          0          0          0         18          1
 64       7469         26          0          5          0          0          0         17          1
 65       7469         26          0          5          0          0          0         18          1
 66       7467         26          0          7          0          0          0         18          0
 67       7466         26          0          8          0          0          0         19          1
 68       7466         26          0          8          0          0          0         21          1
 69       7466         25          0          9          0          0          0         20          1
 70       7466         23          0         11          0          0          0         19          1
 71       7466         22          0         12          0          0          0         19          1
 72       7466         21          0         13          0          0          0         18          1
 73       7466         20          0         14          0          0          0         19          1
 74       7466         19          0         15          0          0          0         19          1
 75       7466         19          0         15          0          0          0         19          1
 76       7465         19          0         16          0          0          0         18          1
 77       7465         14          0         21          0          0          0         13          0
 78       7465         14          0         21          0          0          0         13          0
 79       7465         13          0         22          0          0          0         12          0
 80       7465         12          0         23          0          0          0         11          0
 81       7465         11          0         24          0          0          0         10          0
 82       7465         10          0         25          0          0          0          9          0
 83       7464         11          0         25          0          0          0         10          0
 84       7464         11          0         25          0          0          0         10          0
 85       7464         11          0         25          0          0          0         10          0
 86       7464         11          0         25          0          0          0         10          0
 87       7464         10          0         26          0          0          0          9          0
 88       7464          8          0         28          0          0          0          7          0
 89       7464          6          0         30          0          0          0          5          0
 90       7464          6          0         30          0          0          0          6          0
 91       7463          6          0         31          0          0          0          5          0
 92       7463          5          0         32          0          0          0          4          0
 93       7463          4          0         33          0          0          0          3          0
 94       7463          4          0         33          0          0          0          3          0
 95       7463          4          0         33          0          0          0          3          0
 96       7463          4          0         33          0          0          0          3          0
 97       7463          3          0         34          0          0          0          2          0
 98       7463          3          0         34          0          0          0          3          0
 99       7463          3          0         34          0          0          0          3          0
100       7463          2          0         35          0          0          0          2          0
101       7463          2          0         35          0          0          0          2          0
102       7463          2          0         35          0          0          0          2          0
103       7463          2          0         35          0          0          0          2          0
104       7463          2          0         35          0          0          0          2          0
105       7463          2          0         35          0          0          0          2          0
106       7463          2          0         35          0          0          0          2          0
107       7463          1          0         36          0          0          0          1          0
108       7463          1          0         36          0          0          0          1          0
109       7463          1          0         36          0          0          0          1          0
110       7463          1          0         36          0          0          0          1          0
111       7463          1          0         36          0          0          0          1          0
112       7463          1          0         36          0          0          0          1          0
113       7463          1          0         36          0          0          0          1          0
114       7463          1          0         36          0          0          0          1          0
115       7463          1          0         36          0          0          0          1          0
116       7463          1          0         36          0          0          0          1          0
117       7463          1          0         36          0          0          0          1          0
118       7463          1          0         36          0          0          0          1          0
119       7463          1          0         36          0          0          0          1          0
120       7463          0          0         37          0          0          0          0          0
121       7463          0          0         37          0          0          0          0          0
122       7463          0          0         37          0          0          0          0          0
123       7463          0          0         37          0          0          0          0          0
124       7463          0          0         37          0          0          0          0          0
125       7463          0          0         37          0          0          0          0          0
126       7463          0          0         37          0          0          0          0          0
127       7463          0          0         37          0          0          0          0          0
128       7463          0          0         37          0          0          0          0          0
129       7463          0          0         37          0          0          0          0          0
130       7463          0          0         37          0          0          0          0          0
131       7463          0          0         37          0          0          0          0          0
132       7463          0          0         37          0          0          0          0          0
133       7463          0          0         37          0          0          0          0          0
134       7463          0          0         37          0          0          0          0          0
135       7463          0          0         37          0          0          0          0          0
136       7463          0          0         37          0          0          0          0          0
137       7463          0          0         37          0          0          0          0          0
138       7463          0          0         37          0          0          0          0          0
139       7463          0          0         37          0          0          0          0          0
140       7463          0          0         37          0          0          0          0          0
141       7463          0          0         37          0          0          0          0          0
142       7463          0          0         37          0          0          0          0          0
143       7463          0          0         37          0          0          0          0          0
144       7463          0          0         37          0          0          0          0          0
145       7463          0          0         37          0          0          0          0          0
146       7463          0          0         37          0          0          0          0          0
147       7463          0          0         37          0          0          0          0          0
148       7463          0          0         37          0          0          0          0          0
149       7463          0          0         37          0          0          0          0          0
150       7463          0          0         37          0          0          0          0          0
--- ---------- ---------- ---------- ---------- ---------- ---------- ---------- ---------- ----------

Tipo 2
Día     Sanos  Infectados Importados    Curados Desinmuniz    Muertos Inf.Indire   Enfermos Hospitaliz
--- ---------- ---------- ---------- ---------- ---------- ---------- ---------- ---------- ----------
  1      30992          8          0          0          0          0          0          0          0
  2      30992          8          0          0          0          0          0          0          0
  3      30992          8          0          0          0          0          0          0          0
  4      30985         15          0          0          0          0          0          0          0
  5      30984         16          0          0          0          0          0          0          0
  6      30982         18          0          0          0          0          0          0          0
  7      30968         32          0          0          0          0          0          0          0
  8      30952         48          0          0          0          0          0          0          0
  9      30938         62          0          0          0          0          0          0          0
 10      30919         81          0          0          0          0          0          0          0
 11      30899        101          0          0          0          0          0          7          0
 12      30883        117          0          0          0          0          0          8          0
 13      30865        135          0          0          0          0          0         10          1
 14      30853        147          0          0          0          0          0         24          2
 15      30837        163          0          0          0          0          0         40          4
 16      30820        179          0          1          0          0          0         54          6
 17      30800        199          0          1          0          0          0         73          8
 18      30786        213          0          1          0          0          0         93          9
 19      30765        234          0          1          0          0          0        109         12
 20      30741        257          0          2          0          0          0        127         14
 21      30723        275          0          2          0          0          0        139         14
 22      30681        316          0          3          0          0          0        155         16
 23      30637        360          0          3          0          0          0        172         17
 24      30587        405          0          8          0          0          0        190         20
 25      30519        469          0         12          0          0          0        199         19
 26      30455        529          0         16          0          0          0        217         19
 27      30357        624          0         19          0          0          0        239         22
 28      30241        736          0         23          0          0          0        253         22
 29      30076        894          0         30          0          0          0        288         24
 30      29892       1072          0         35          0          1          0        326         27
 31      29676       1280          0         43          0          1          0        369         34
 32      29418       1531          0         50          0          1          0        432         36
 33      29135       1808          0         56          0          1          0        489         43
 34      28810       2119          0         70          0          1          0        573         49
 35      28543       2376          0         80          0          1          0        679         56
 36      28269       2643          0         87          0          1          0        837         67
 37      27957       2939          0        101          0          3          0       1005         90
 38      27656       3215          0        126          0          3          0       1195        111
 39      27371       3478          0        147          0          4          0       1432        139
 40      27038       3789          0        169          0          4          0       1693        163
 41      26692       4110          0        194          0          4          0       1992        185
 42      26322       4447          0        227          0          4          0       2227        204
 43      25908       4819          0        268          0          5          0       2458        220
 44      25508       5182          0        305          0          5          0       2734        244
 45      25143       5502          0        350          0          5          0       2991        269
 46      24744       5852          0        399          0          5          0       3226        299
 47      24371       6171          0        453          0          5          0       3505        332
 48      23973       6503          0        519          0          5          0       3785        358
 49      23542       6844          0        609          0          5          0       4065        386
 50      23196       7117          0        681          0          6          0       4406        426
 51      22855       7364          0        775          0          6          0       4712        451
 52      22563       7551          0        878          0          8          0       4973        475
 53      22292       7706          0        994          0          8          0       5256        508
 54      22072       7798          0       1119          0         11          0       5500        534
 55      21894       7798          0       1296          0         12          0       5720        563
 56      21759       7763          0       1461          0         17          0       5981        592
 57      21663       7675          0       1644          0         18          0       6143        612
 58      21591       7536          0       1853          0         20          0       6274        625
 59      21511       7371          0       2096          0         22          0       6321        626
 60      21438       7185          0       2352          0         25          0       6333        633
 61      21379       6975          0       2618          0         28          0       6282        626
 62      21319       6759          0       2891          0         31          0       6184        610
 63      21263       6524          0       3179          0         34          0       6028        592
 64      21211       6274          0       3480          0         35          0       5822        569
 65      21154       5993          0       3815          0         38          0       5556        551
 66      21099       5714          0       4147          0         40          0       5302        513
 67      21060       5433          0       4465          0         42          0       5055        488
 68      21022       5157          0       4779          0         42          0       4800        469
 69      20987       4852          0       5115          0         46          0       4520        443
 70      20951       4586          0       5414          0         49          0       4274        427
 71      20913       4272          0       5763          0         52          0       3974        398
 72      20889       3958          0       6100          0         53          0       3693        378
 73      20862       3676          0       6405          0         57          0       3439        362
 74      20836       3368          0       6736          0         60          0       3145        330
 75      20811       3078          0       7047          0         64          0       2867        307
 76      20788       2802          0       7344          0         66          0       2603        277
 77      20764       2527          0       7643          0         66          0       2340        253
 78      20736       2291          0       7903          0         70          0       2114        226
 79      20715       2020          0       8194          0         71          0       1846        192
 80      20694       1784          0       8448          0         74          0       1616        167
 81      20668       1605          0       8651          0         76          0       1437        153
 82      20654       1422          0       8846          0         78          0       1265        137
 83      20642       1261          0       9018          0         79          0       1115        123
 84      20623       1135          0       9163          0         79          0        994        103
 85      20617       1012          0       9292          0         79          0        893         94
 86      20601        923          0       9396          0         80          0        809         88
 87      20591        851          0       9478          0         80          0        748         83
 88      20586        787          0       9546          0         81          0        705         77
 89      20578        731          0       9610          0         81          0        655         71
 90      20569        674          0       9674          0         83          0        601         69
 91      20564        630          0       9723          0         83          0        571         67
 92      20559        588          0       9770          0         83          0        530         62
 93      20552        547          0       9818          0         83          0        498         54
 94      20547        517          0       9852          0         84          0        473         50
 95      20537        498          0       9881          0         84          0        449         47
 96      20532        458          0       9926          0         84          0        412         37
 97      20527        423          0       9966          0         84          0        381         31
 98      20522        399          0       9995          0         84          0        357         30
 99      20516        374          0      10026          0         84          0        331         26
100      20516        341          0      10059          0         84          0        305         25
101      20505        325          0      10086          0         84          0        283         24
102      20504        296          0      10116          0         84          0        263         26
103      20503        274          0      10139          0         84          0        245         23
104      20501        256          0      10158          0         85          0        230         20
105      20498        246          0      10170          0         86          0        222         19
106      20494        226          0      10194          0         86          0        204         19
107      20492        210          0      10211          0         87          0        186         18
108      20491        187          0      10235          0         87          0        173         19
109      20489        175          0      10248          0         88          0        160         17
110      20486        162          0      10264          0         88          0        145         16
111      20485        149          0      10278          0         88          0        133         15
112      20484        133          0      10295          0         88          0        119         10
113      20482        127          0      10303          0         88          0        115          9
114      20480        118          0      10314          0         88          0        106          9
115      20478        108          0      10326          0         88          0         95          9
116      20475        104          0      10333          0         88          0         90          7
117      20475         90          0      10347          0         88          0         79          6
118      20474         85          0      10353          0         88          0         74          6
119      20474         82          0      10356          0         88          0         72          6
120      20474         75          0      10363          0         88          0         67          5
121      20472         69          0      10371          0         88          0         61          5
122      20472         63          0      10376          0         89          0         57          3
123      20472         56          0      10383          0         89          0         53          2
124      20471         51          0      10389          0         89          0         47          2
125      20470         46          0      10395          0         89          0         42          2
126      20470         39          0      10402          0         89          0         35          2
127      20470         39          0      10402          0         89          0         35          2
128      20470         36          0      10405          0         89          0         34          2
129      20470         33          0      10408          0         89          0         31          2
130      20470         29          0      10412          0         89          0         27          2
131      20469         28          0      10414          0         89          0         26          3
132      20469         24          0      10418          0         89          0         23          3
133      20469         24          0      10418          0         89          0         23          3
134      20469         24          0      10418          0         89          0         23          3
135      20469         21          0      10421          0         89          0         20          3
136      20469         18          0      10424          0         89          0         17          3
137      20469         16          0      10426          0         89          0         15          2
138      20469         14          0      10428          0         89          0         14          2
139      20469         13          0      10429          0         89          0         13          2
140      20469         13          0      10429          0         89          0         13          2
141      20468         12          0      10431          0         89          0         11          2
142      20468         12          0      10431          0         89          0         11          2
143      20468         10          0      10433          0         89          0          9          1
144      20468         10          0      10433          0         89          0          9          1
145      20468          8          0      10435          0         89          0          7          1
146      20468          7          0      10436          0         89          0          6          1
147      20468          4          0      10439          0         89          0          3          0
148      20467          5          0      10439          0         89          0          4          1
149      20467          5          0      10439          0         89          0          4          1
150      20467          5          0      10439          0         89          0          4          1
--- ---------- ---------- ---------- ---------- ---------- ---------- ---------- ---------- ----------

Tipo 3
Día     Sanos  Infectados Importados    Curados Desinmuniz    Muertos Inf.Indire   Enfermos Hospitaliz
--- ---------- ---------- ---------- ---------- ---------- ---------- ---------- ---------- ----------
  1       2499          1          0          0          0          0          0          0          0
  2       2499          1          0          0          0          0          0          0          0
  3       2499          1          0          0          0          0          0          0          0
  4       2499          1          0          0          0          0          0          0          0
  5       2499          1          0          0          0          0          0          0          0
  6       2498          2          0          0          0          0          0          0          0
  7       2498          2          0          0          0          0          0          0          0
  8       2497          3          0          0          0          0          0          0          0
  9       2497          3          0          0          0          0          0          0          0
 10       2496          4          0          0          0          0          0          0          0
 11       2492          8          0          0          0          0          0          0          0
 12       2490         10          0          0          0          0          0          0          0
 13       2488         12          0          0          0          0          0          1          0
 14       2484         16          0          0          0          0          0          1          0
 15       2482         18          0          0          0          0          0          2          0
 16       2426         74          0          0          0          0          0          2          0
 17       2375        125          0          0          0          0          0          3          0
 18       2323        177          0          0          0          0          0          7          0
 19       2272        228          0          0          0          0          0          9          0
 20       2265        235          0          0          0          0          0         11          0
 21       2257        243          0          0          0          0          0         15          0
 22       2246        254          0          0          0          0          0         17          0
 23       2237        263          0          0          0          0          0         73         10
 24       2225        274          0          1          0          0          0        123         12
 25       2220        279          0          1          0          0          0        175         17
 26       2210        289          0          1          0          0          0        226         21
 27       2193        303          0          4          0          0          0        230         21
 28       2177        317          0          6          0          0          0        236         21
 29       2114        379          0          7          0          0          0        246         23
 30       2088        404          0          8          0          0          0        255         23
 31       2059        427          0         14          0          0          0        260         24
 32       1986        497          0         17          0          0          0        263         24
 33       1953        525          0         21          0          1          0        268         24
 34       1926        545          0         28          0          1          0        278         26
 35       1877        594          0         28          0          1          0        294         26
 36       1826        636          0         36          0          2          0        348         29
 37       1778        673          0         46          0          3          0        363         31
 38       1742        694          0         61          0          3          0        377         32
 39       1671        753          0         73          0          3          0        439         38
 40       1602        812          0         82          0          4          0        462         40
 41       1540        863          0         93          0          4          0        478         43
 42       1476        912          0        107          0          5          0        512         47
 43       1413        958          0        124          0          5          0        546         54
 44       1347       1006          0        142          0          5          0        577         57
 45       1276       1056          0        162          0          6          0        590         60
 46       1212       1102          0        180          0          6          0        643         68
 47       1146       1134          0        212          0          8          0        678         68
 48       1089       1165          0        237          0          9          0        714         73
 49       1020       1201          0        268          0         11          0        745         75
 50        960       1231          0        297          0         12          0        778         81
 51        898       1276          0        313          0         13          0        827         80
 52        830       1320          0        337          0         13          0        874         86
 53        776       1351          0        360          0         13          0        915         87
 54        733       1371          0        383          0         13          0        958         93
 55        681       1395          0        410          0         14          0        987         99
 56        625       1412          0        445          0         18          0       1017         98
 57        578       1424          0        478          0         20          0       1042        100
 58        540       1425          0        513          0         22          0       1067        102
 59        503       1425          0        547          0         25          0       1098        109
 60        461       1411          0        603          0         25          0       1096        108
 61        427       1394          0        653          0         26          0       1089        108
 62        390       1386          0        697          0         27          0       1096        109
 63        373       1345          0        754          0         28          0       1094        108
 64        357       1331          0        782          0         30          0       1111        112
 65        336       1304          0        828          0         32          0       1100        111
 66        323       1258          0        882          0         37          0       1078        114
 67        306       1225          0        932          0         37          0       1070        112
 68        288       1188          0        986          0         38          0       1049        108
 69        270       1155          0       1033          0         42          0       1035        110
 70        247       1116          0       1092          0         45          0        990        102
 71        239       1058          0       1157          0         46          0        940         97
 72        230       1015          0       1209          0         46          0        909         95
 73        220        978          0       1256          0         46          0        875         94
 74        212        915          0       1322          0         51          0        821         90
 75        204        857          0       1388          0         51          0        773         87
 76        198        797          0       1452          0         53          0        725         80
 77        190        754          0       1503          0         53          0        697         78
 78        186        702          0       1557          0         55          0        649         72
 79        183        654          0       1608          0         55          0        607         68
 80        176        603          0       1662          0         59          0        559         66
 81        173        550          0       1717          0         60          0        511         63
 82        171        502          0       1763          0         64          0        469         57
 83        169        457          0       1808          0         66          0        428         48
 84        169        409          0       1852          0         70          0        388         44
 85        167        380          0       1882          0         71          0        361         42
 86        167        341          0       1915          0         77          0        325         38
 87        165        301          0       1956          0         78          0        290         33
 88        162        276          0       1982          0         80          0        265         29
 89        162        242          0       2014          0         82          0        233         25
 90        160        218          0       2039          0         83          0        209         19
 91        158        194          0       2065          0         83          0        183         17
 92        157        181          0       2079          0         83          0        171         16
 93        156        162          0       2098          0         84          0        151         12
 94        154        153          0       2108          0         85          0        142         12
 95        152        143          0       2119          0         86          0        133         10
 96        152        121          0       2139          0         88          0        111          8
 97        151        109          0       2152          0         88          0        100          8
 98        150         97          0       2164          0         89          0         89          8
 99        149         86          0       2176          0         89          0         78          6
100        148         75          0       2187          0         90          0         67          6
101        148         62          0       2200          0         90          0         56          4
102        146         59          0       2205          0         90          0         53          4
103        145         54          0       2211          0         90          0         47          3
104        145         49          0       2216          0         90          0         43          3
105        144         45          0       2221          0         90          0         39          2
106        143         42          0       2224          0         91          0         36          2
107        143         38          0       2228          0         91          0         33          2
108        142         36          0       2231          0         91          0         30          2
109        142         32          0       2235          0         91          0         28          1
110        141         30          0       2238          0         91          0         26          2
111        141         26          0       2242          0         91          0         22          2
112        140         24          0       2245          0         91          0         20          2
113        140         24          0       2245          0         91          0         21          2
114        140         23          0       2246          0         91          0         20          2
115        140         22          0       2247          0         91          0         20          2
116        140         21          0       2248          0         91          0         19          2
117        140         20          0       2249          0         91          0         19          2
118        140         18          0       2251          0         91          0         17          1
119        140         17          0       2252          0         91          0         17          2
120        140         16          0       2252          0         92          0         16          2
121        140         14          0       2254          0         92          0         14          2
122        140         13          0       2255          0         92          0         13          2
123        140         13          0       2255          0         92          0         13          2
124        140         10          0       2258          0         92          0         10          1
125        140          9          0       2259          0         92          0          9          1
126        140          8          0       2260          0         92          0          8          1
127        140          8          0       2260          0         92          0          8          1
128        140          8          0       2260          0         92          0          8          1
129        140          8          0       2260          0         92          0          8          1
130        140          8          0       2260          0         92          0          8          1
131        140          7          0       2261          0         92          0          7          1
132        140          7          0       2261          0         92          0          7          1
133        140          5          0       2263          0         92          0          5          1
134        140          4          0       2264          0         92          0          4          0
135        140          4          0       2264          0         92          0          4          0
136        140          3          0       2264          0         93          0          3          0
137        140          2          0       2265          0         93          0          2          0
138        140          2          0       2265          0         93          0          2          0
139        140          1          0       2266          0         93          0          1          0
140        140          1          0       2266          0         93          0          1          0
141        140          0          0       2267          0         93          0          0          0
142        140          0          0       2267          0         93          0          0          0
143        140          0          0       2267          0         93          0          0          0
144        140          0          0       2267          0         93          0          0          0
145        140          0          0       2267          0         93          0          0          0
146        140          0          0       2267          0         93          0          0          0
147        140          0          0       2267          0         93          0          0          0
148        140          0          0       2267          0         93          0          0          0
149        140          0          0       2267          0         93          0          0          0
150        140          0          0       2267          0         93          0          0          0
--- ---------- ---------- ---------- ---------- ---------- ---------- ---------- ---------- ----------

Tipo 4
Día     Sanos  Infectados Importados    Curados Desinmuniz    Muertos Inf.Indire   Enfermos Hospitaliz
--- ---------- ---------- ---------- ---------- ---------- ---------- ---------- ---------- ----------
  1       7000          0          0          0          0          0          0          0          0
  2       7000          0          0          0          0          0          0          0          0
  3       7000          0          0          0          0          0          0          0          0
  4       7000          0          0          0          0          0          0          0          0
  5       7000          0          0          0          0          0          0          0          0
  6       7000          0          0          0          0          0          0          0          0
  7       6998          2          0          0          0          0          0          0          0
  8       6998          2          0          0          0          0          0          0          0
  9       6996          4          0          0          0          0          0          0          0
 10       6996          4          0          0          0          0          0          0          0
 11       6993          7          0          0          0          0          0          0          0
 12       6991          9          0          0          0          0          0          0          0
 13       6981         19          0          0          0          0          0          0          0
 14       6979         21          0          0          0          0          0          2          0
 15       6976         24          0          0          0          0          0          2          0
 16       6933         67          0          0          0          0          0          4          0
 17       6925         75          0          0          0          0          0          4          0
 18       6920         80          0          0          0          0          0          7          0
 19       6878        122          0          0          0          0          0          9          0
 20       6864        135          0          0          0          1          0         18          0
 21       6842        157          0          0          0          1          0         20          0
 22       6821        178          0          0          0          1          0         23          0
 23       6727        272          0          0          0          1          0         66          2
 24       6675        324          0          0          0          1          0         74          4
 25       6614        384          0          1          0          1          0         79          4
 26       6546        451          0          2          0          1          0        120         11
 27       6490        507          0          2          0          1          0        133         12
 28       6418        579          0          2          0          1          0        155         13
 29       6395        601          0          3          0          1          0        175         15
 30       6354        641          0          4          0          1          0        268         21
 31       6284        709          0          5          0          2          0        318         21
 32       6138        850          0          7          0          5          0        374         24
 33       6014        970          0         11          0          5          0        438         30
 34       5946       1033          0         15          0          6          0        489         32
 35       5888       1085          0         21          0          6          0        556         38
 36       5804       1160          0         28          0          8          0        570         39
 37       5720       1234          0         36          0         10          0        600         41
 38       5637       1309          0         43          0         11          0        662         51
 39       5474       1460          0         52          0         14          0        796         68
 40       5386       1534          0         65          0         15          0        906         77
 41       5271       1639          0         72          0         18          0        964         87
 42       5167       1720          0         90          0         23          0        999         92
 43       5039       1827          0        109          0         25          0       1062         99
 44       4937       1902          0        132          0         29          0       1119        108
 45       4807       2005          0        150          0         38          0       1175        116
 46       4681       2105          0        167          0         47          0       1314        129
 47       4541       2192          0        212          0         55          0       1347        132
 48       4395       2308          0        237          0         60          0       1432        140
 49       4255       2410          0        269          0         66          0       1498        149
 50       4118       2489          0        313          0         80          0       1568        162
 51       3981       2574          0        359          0         86          0       1618        165
 52       3839       2670          0        397          0         94          0       1702        172
 53       3705       2741          0        444          0        110          0       1766        178
 54       3569       2802          0        499          0        130          0       1830        190
 55       3460       2843          0        555          0        142          0       1908        201
 56       3333       2893          0        619          0        155          0       1971        209
 57       3211       2942          0        679          0        168          0       2035        220
 58       3099       2968          0        753          0        180          0       2086        229
 59       2996       2984          0        828          0        192          0       2141        232
 60       2882       3033          0        889          0        196          0       2210        234
 61       2807       3028          0        955          0        210          0       2266        235
 62       2724       3011          0       1037          0        228          0       2275        232
 63       2648       2956          0       1149          0        247          0       2271        226
 64       2572       2925          0       1235          0        268          0       2287        229
 65       2503       2901          0       1312          0        284          0       2305        236
 66       2425       2881          0       1384          0        310          0       2310        240
 67       2372       2816          0       1482          0        330          0       2306        241
 68       2305       2781          0       1563          0        351          0       2279        237
 69       2253       2737          0       1643          0        367          0       2266        232
 70       2207       2660          0       1748          0        385          0       2219        220
 71       2167       2577          0       1837          0        419          0       2172        218
 72       2121       2514          0       1926          0        439          0       2132        219
 73       2089       2424          0       2026          0        461          0       2088        218
 74       2061       2326          0       2123          0        490          0       2015        211
 75       2024       2255          0       2208          0        513          0       1974        213
 76       1992       2156          0       2316          0        536          0       1896        195
 77       1974       2043          0       2430          0        553          0       1812        186
 78       1955       1949          0       2524          0        572          0       1738        179
 79       1940       1826          0       2638          0        596          0       1645        170
 80       1923       1714          0       2740          0        623          0       1548        159
 81       1902       1621          0       2823          0        654          0       1462        152
 82       1887       1513          0       2925          0        675          0       1376        147
 83       1876       1420          0       3015          0        689          0       1304        138
 84       1860       1324          0       3098          0        718          0       1210        129
 85       1847       1213          0       3195          0        745          0       1105        120
 86       1836       1128          0       3276          0        760          0       1024        102
 87       1829       1032          0       3363          0        776          0        938         97
 88       1817        955          0       3427          0        801          0        870         93
 89       1812        863          0       3509          0        816          0        788         85
 90       1805        787          0       3574          0        834          0        716         78
 91       1796        714          0       3640          0        850          0        650         70
 92       1792        668          0       3675          0        865          0        613         64
 93       1785        615          0       3725          0        875          0        564         57
 94       1778        573          0       3766          0        883          0        522         50
 95       1775        530          0       3806          0        889          0        488         46
 96       1772        485          0       3844          0        899          0        445         39
 97       1763        448          0       3882          0        907          0        406         36
 98       1760        412          0       3912          0        916          0        376         35
 99       1755        380          0       3942          0        923          0        343         31
100       1754        342          0       3974          0        930          0        311         28
101       1751        314          0       3999          0        936          0        287         29
102       1748        285          0       4026          0        941          0        258         26
103       1743        256          0       4053          0        948          0        227         21
104       1741        237          0       4072          0        950          0        215         23
105       1738        217          0       4092          0        953          0        195         21
106       1735        202          0       4108          0        955          0        182         17
107       1729        192          0       4121          0        958          0        167         16
108       1728        179          0       4134          0        959          0        156         15
109       1727        168          0       4143          0        962          0        147         15
110       1723        158          0       4153          0        966          0        138         13
111       1720        149          0       4161          0        970          0        128         13
112       1719        136          0       4172          0        973          0        117         13
113       1719        120          0       4183          0        978          0        104         11
114       1717        114          0       4189          0        980          0        102         11
115       1717        103          0       4199          0        981          0         92         11
116       1717         91          0       4210          0        982          0         81         11
117       1715         86          0       4215          0        984          0         78         10
118       1715         81          0       4218          0        986          0         76          9
119       1713         77          0       4223          0        987          0         71          9
120       1712         75          0       4226          0        987          0         68          8
121       1712         71          0       4230          0        987          0         66          8
122       1712         64          0       4236          0        988          0         59          7
123       1712         61          0       4239          0        988          0         56          6
124       1712         54          0       4246          0        988          0         51          6
125       1711         49          0       4252          0        988          0         45          5
126       1711         47          0       4253          0        989          0         45          5
127       1711         45          0       4254          0        990          0         44          4
128       1711         37          0       4260          0        992          0         36          3
129       1711         37          0       4260          0        992          0         36          3
130       1711         34          0       4261          0        994          0         33          3
131       1710         32          0       4263          0        995          0         30          3
132       1710         30          0       4264          0        996          0         29          3
133       1710         26          0       4266          0        998          0         25          1
134       1710         25          0       4267          0        998          0         24          1
135       1710         24          0       4268          0        998          0         23          1
136       1710         20          0       4272          0        998          0         19          0
137       1710         18          0       4274          0        998          0         17          0
138       1710         16          0       4276          0        998          0         16          0
139       1710         11          0       4281          0        998          0         11          0
140       1710          9          0       4282          0        999          0          9          0
141       1710          7          0       4282          0       1001          0          7          0
142       1710          6          0       4283          0       1001          0          6          0
143       1710          6          0       4283          0       1001          0          6          0
144       1710          6          0       4283          0       1001          0          6          0
145       1710          5          0       4284          0       1001          0          5          0
146       1710          5          0       4284          0       1001          0          5          0
147       1710          5          0       4284          0       1001          0          5          0
148       1710          4          0       4285          0       1001          0          4          0
149       1710          4          0       4285          0       1001          0          4          0
150       1710          3          0       4286          0       1001          0          3          0
--- ---------- ---------- ---------- ---------- ---------- ---------- ---------- ---------- ----------

