Tipo 0
Día     Sanos  Infectados Importados    Curados Desinmuniz    Muertos Inf.Indire   Enfermos Hospitaliz
--- ---------- ---------- ---------- ---------- ---------- ---------- ---------- ---------- ----------
  1       2000          0          0          0          0          0          0          0          0
  2       2000          0          0          0          0          0          0          0          0
  3       2000          0          0          0          0          0          0          0          0
  4       2000          0          0          0          0          0          0          0          0
  5       2000          0          0          0          0          0          0          0          0
  6       2000          0          0          0          0          0          0          0          0
  7       2000          0          0          0          0          0          0          0          0
  8       2000          0          0          0          0          0          0          0          0
  9       2000          0          0          0          0          0          0          0          0
 10       2000          0          0          0          0          0          0          0          0
 11       2000          0          0          0          0          0          0          0          0
 12       2000          0          0          0          0          0          0          0          0
 13       2000          0          0          0          0          0          0          0          0
 14       2000          0          0          0          0          0          0          0          0
 15       2000          0          0          0          0          0          0          0          0
 16       2000          0          0          0          0          0          0          0          0
 17       2000          0          0          0          0          0          0          0          0
 18       2000          0          0          0          0          0          0          0          0
 19       2000          0          0          0          0          0          0          0          0
 20       2000          0          0          0          0          0          0          0          0
 21       2000          0          0          0          0          0          0          0          0
 22       2000          0          0          0          0          0          0          0          0
 23       2000          0          0          0          0          0          0          0          0
 24       2000          0          0          0          0          0          0          0          0
 25       2000          0          0          0          0          0          0          0          0
 26       2000          0          0          0          0          0          0          0          0
 27       2000          0          0          0          0          0          0          0          0
 28       2000          0          0          0          0          0          0          0          0
 29       2000          0          0          0          0          0          0          0          0
 30       2000          0          0          0          0          0          0          0          0
 31       2000          0          0          0          0          0          0          0          0
 32       2000          0          0          0          0          0          0          0          0
 33       2000          0          0          0          0          0          0          0          0
 34       2000          0          0          0          0          0          0          0          0
 35       2000          0          0          0          0          0          0          0          0
 36       1998          2          0          0          0          0          0          0          0
 37       1998          2          0          0          0          0          0          0          0
 38       1998          2          0          0          0          0          0          0          0
 39       1998          2          0          0          0          0          0          0          0
 40       1998          2          0          0          0          0          0          0          0
 41       1997          3          0          0          0          0          0          0          0
 42       1997          3          0          0          0          0          0          0          0
 43       1996          4          0          0          0          0          0          2          1
 44       1995          5          0          0          0          0          0          2          1
 45       1994          6          0          0          0          0          0          2          1
 46       1992          8          0          0          0          0          0          2          1
 47       1992          8          0          0          0          0          0          2          1
 48       1992          8          0          0          0          0          0          3          1
 49       1992          8          0          0          0          0          0          3          1
 50       1991          9          0          0          0          0          0          4          1
 51       1991          9          0          0          0          0          0          5          1
 52       1988         12          0          0          0          0          0          6          1
 53       1988         12          0          0          0          0          0          8          2
 54       1987         13          0          0          0          0          0          8          2
 55       1986         14          0          0          0          0          0          8          2
 56       1985         15          0          0          0          0          0          8          2
 57       1985         15          0          0          0          0          0          9          2
 58       1984         16          0          0          0          0          0          9          2
 59       1983         16          0          1          0          0          0         11          2
 60       1980         19          0          1          0          0          0         11          2
 61       1979         19          0          2          0          0          0         11          2
 62       1978         20          0          2          0          0          0         12          2
 63       1977         21          0          2          0          0          0         13          2
 64       1976         21          0          3          0          0          0         12          1
 65       1975         22          0          3          0          0          0         13          1
 66       1975         20          0          5          0          0          0         12          1
 67       1974         20          0          6          0          0          0         14          0
 68       1972         22          0          6          0          0          0         15          0
 69       1972         22          0          6          0          0          0         16          0
 70       1971         23          0          6          0          0          0         17          0
 71       1970         23          0          7          0          0          0         17          1
 72       1970         22          0          8          0          0          0         17          1
 73       1970         22          0          8          0          0          0         17          1
 74       1970         22          0          8          0          0          0         18          1
 75       1970         21          0          9          0          0          0         19          1
 76       1970         20          0         10          0          0          0         18          1
 77       1970         20          0         10          0          0          0         19          2
 78       1970         19          0         11          0          0          0         19          2
 79       1970         19          0         11          0          0          0         19          2
 80       1969         19          0         12          0          0          0         18          2
 81       1969         18          0         13          0          0          0         17          2
 82       1966         21          0         13          0          0          0         17          2
 83       1966         16          0         18          0          0          0         12          2
 84       1966         16          0         18          0          0          0         12          2
 85       1965         16          0         19          0          0          0         11          2
 86       1965         14          0         21          0          0          0          9          2
 87       1965         13          0         22          0          0          0          9          2
 88       1965         12          0         23          0          0          0          8          2
 89       1965         12          0         23          0          0          0         11          2
 90       1965         12          0         23          0          0          0         11          2
 91       1965         12          0         23          0          0          0         11          2
 92       1965         10          0         25          0          0          0         10          2
 93       1965         10          0         25          0          0          0         10          2
 94       1965         10          0         25          0          0          0         10          2
 95       1965          9          0         26          0          0          0          9          1
 96       1965          6          0         29          0          0          0          6          1
 97       1965          6          0         29          0          0          0          6          1
 98       1965          5          0         30          0          0          0          5          1
 99       1965          5          0         30          0          0          0          5          1
100       1965          5          0         30          0          0          0          5          1
101       1965          4          0         31          0          0          0          4          0
102       1965          4          0         31          0          0          0          4          0
103       1965          4          0         31          0          0          0          4          0
104       1965          4          0         31          0          0          0          4          0
105       1965          3          0         32          0          0          0          3          0
106       1965          3          0         32          0          0          0          3          0
107       1965          2          0         33          0          0          0          2          0
108       1965          2          0         33          0          0          0          2          0
109       1965          2          0         33          0          0          0          2          0
110       1965          1          0         34          0          0          0          1          0
111       1965          1          0         34          0          0          0          1          0
112       1965          1          0         34          0          0          0          1          0
113       1965          0          0         35          0          0          0          0          0
114       1965          0          0         35          0          0          0          0          0
115       1965          0          0         35          0          0          0          0          0
116       1965          0          0         35          0          0          0          0          0
117       1965          0          0         35          0          0          0          0          0
118       1965          0          0         35          0          0          0          0          0
119       1965          0          0         35          0          0          0          0          0
120       1965          0          0         35          0          0          0          0          0
121       1965          0          0         35          0          0          0          0          0
122       1965          0          0         35          0          0          0          0          0
123       1965          0          0         35          0          0          0          0          0
124       1965          0          0         35          0          0          0          0          0
125       1965          0          0         35          0          0          0          0          0
126       1965          0          0         35          0          0          0          0          0
127       1965          0          0         35          0          0          0          0          0
128       1965          0          0         35          0          0          0          0          0
129       1965          0          0         35          0          0          0          0          0
130       1965          0          0         35          0          0          0          0          0
131       1965          0          0         35          0          0          0          0          0
132       1965          0          0         35          0          0          0          0          0
133       1965          0          0         35          0          0          0          0          0
134       1965          0          0         35          0          0          0          0          0
135       1965          0          0         35          0          0          0          0          0
136       1965          0          0         35          0          0          0          0          0
137       1965          0          0         35          0          0          0          0          0
138       1965          0          0         35          0          0          0          0          0
139       1965          0          0         35          0          0          0          0          0
140       1965          0          0         35          0          0          0          0          0
141       1965          0          0         35          0          0          0          0          0
142       1965          0          0         35          0          0          0          0          0
143       1965          0          0         35          0          0          0          0          0
144       1965          0          0         35          0          0          0          0          0
145       1965          0          0         35          0          0          0          0          0
146       1965          0          0         35          0          0          0          0          0
147       1965          0          0         35          0          0          0          0          0
148       1965          0          0         35          0          0          0          0          0
149       1965          0          0         35          0          0          0          0          0
150       1965          0          0         35          0          0          0          0          0
--- ---------- ---------- ---------- ---------- ---------- ---------- ---------- ---------- ----------

Tipo 1
Día     Sanos  Infectados Importados    Curados Desinmuniz    Muertos Inf.Indire   Enfermos Hospitaliz
--- ---------- ---------- ---------- ---------- ---------- ---------- ---------- ---------- ----------
  1       7497          3          0          0          0          0          0          0          0
  2       7497          3          0          0          0          0          0          0          0
  3       7497          3          0          0          0          0          0          0          0
  4       7497          3          0          0          0          0          0          0          0
  5       7497          3          0          0          0          0          0          0          0
  6       7497          3          0          0          0          0          0          0          0
  7       7497          3          0          0          0          0          0          0          0
  8       7497          3          0          0          0          0          0          0          0
  9       7497          3          0          0          0          0          0          0          0
 10       7497          3          0          0          0          0          0          0          0
 11       7497          3          0          0          0          0          0          0          0
 12       7497          3          0          0          0          0          0          0          0
 13       7497          3          0          0          0          0          0          0          0
 14       7497          3          0          0          0          0          0          0          0
 15       7497          3          0          0          0          0          0          0          0
 16       7497          3          0          0          0          0          0          0          0
 17       7497          3          0          0          0          0          0          0          0
 18       7497          3          0          0          0          0          0          0          0
 19       7497          3          0          0          0          0          0          0          0
 20       7497          3          0          0          0          0          0          0          0
 21       7497          3          0          0          0          0          0          0          0
 22       7497          3          0          0          0          0          0          0          0
 23       7497          3          0          0          0          0          0          0          0
 24       7496          4          0          0          0          0          0          0          0
 25       7496          4          0          0          0          0          0          0          0
 26       7496          4          0          0          0          0          0          0          0
 27       7496          4          0          0          0          0          0          0          0
 28       7496          4          0          0          0          0          0          0          0
 29       7496          4          0          0          0          0          0          0          0
 30       7495          5          0          0          0          0          0          0          0
 31       7495          5          0          0          0          0          0          1          0
 32       7495          2          0          3          0          0          0          1          0
 33       7495          2          0          3          0          0          0          1          0
 34       7495          2          0          3          0          0          0          1          0
 35       7494          3          0          3          0          0          0          1          0
 36       7494          3          0          3          0          0          0          1          0
 37       7494          3          0          3          0          0          0          2          1
 38       7494          3          0          3          0          0          0          2          1
 39       7494          3          0          3          0          0          0          2          1
 40       7494          3          0          3          0          0          0          2          1
 41       7494          3          0          3          0          0          0          2          1
 42       7494          3          0          3          0          0          0          3          1
 43       7493          4          0          3          0          0          0          3          1
 44       7492          5          0          3          0          0          0          3          1
 45       7491          6          0          3          0          0          0          3          1
 46       7491          6          0          3          0          0          0          3          1
 47       7491          6          0          3          0          0          0          3          1
 48       7491          6          0          3          0          0          0          3          1
 49       7491          6          0          3          0          0          0          3          1
 50       7489          8          0          3          0          0          0          4          1
 51       7487          9          0          4          0          0          0          4          0
 52       7485         11          0          4          0          0          0          5          1
 53       7485         11          0          4          0          0          0          5          1
 54       7483         13          0          4          0          0          0          5          1
 55       7483         12          0          5          0          0          0          4          1
 56       7482         13          0          5          0          0          0          4          1
 57       7481         14          0          5          0          0          0          6          1
 58       7479         16          0          5          0          0          0          8          1
 59       7478         17          0          5          0          0          0         10          1
 60       7477         18          0          5          0          0          0         10          1
 61       7475         20          0          5          0          0          0         12          3
 62       7473         21          0          6          0          0          0         11          3
 63       7471         23          0          6          0          0          0         12          3
 64       7470         23          0          7          0          0          0         12          3
 65       7468         24          0          8          0          0          0         13          3
 66       7467         25          0          8          0          0          0         14          3
 67       7467         25          0          8          0          0          0         15          3
 68       7466         26          0          8          0          0          0         17          4
 69       7465         27          0          8          0          0          0         19          4
 70       7465         26          0          9          0          0          0         20          4
 71       7463         27          0         10          0          0          0         20          4
 72       7460         27          0         13          0          0          0         19          3
 73       7460         27          0         13          0          0          0         20          3
 74       7458         29          0         13          0          0          0         20          3
 75       7457         28          0         15          0          0          0         19          2
 76       7457         27          0         16          0          0          0         19          1
 77       7456         28          0         16          0          0          0         19          1
 78       7456         28          0         16          0          0          0         21          2
 79       7456         27          0         17          0          0          0         23          3
 80       7456         25          0         19          0          0          0         21          3
 81       7455         26          0         19          0          0          0         23          3
 82       7455         23          0         22          0          0          0         21          3
 83       7454         23          0         23          0          0          0         20          3
 84       7454         23          0         23          0          0          0         21          3
 85       7454         23          0         23          0          0          0         21          3
 86       7453         24          0         23          0          0          0         21          3
 87       7453         24          0         23          0          0          0         21          3
 88       7452         22          0         26          0          0          0         19          3
 89       7452         21          0         27          0          0          0         18          3
 90       7451         22          0         27          0          0          0         19          3
 91       7451         22          0         27          0          0          0         19          3
 92       7451         19          0         30          0          0          0         16          2
 93       7451         19          0         30          0          0          0         17          2
 94       7450         20          0         30          0          0          0         17          2
 95       7449         20          0         31          0          0          0         17          3
 96       7449         19          0         32          0          0          0         16          3
 97       7449         16          0         35          0          0          0         14          3
 98       7449         15          0         36          0          0          0         13          3
 99       7449         13          0         38          0          0          0         11          3
100       7449         12          0         39          0          0          0         10          2
101       7449         12          0         39          0          0          0         11          2
102       7449         12          0         39          0          0          0         12          2
103       7449         10          0         41          0          0          0         10          2
104       7448         11          0         41          0          0          0         10          2
105       7447         10          0         43          0          0          0          8          2
106       7447          9          0         44          0          0          0          7          2
107       7447          9          0         44          0          0          0          7          2
108       7447          8          0         45          0          0          0          6          2
109       7447          8          0         45          0          0          0          6          2
110       7447          7          0         46          0          0          0          5          1
111       7447          7          0         46          0          0          0          6          1
112       7447          7          0         46          0          0          0          7          1
113       7447          6          0         47          0          0          0          6          1
114       7447          6          0         47          0          0          0          6          1
115       7447          6          0         47          0          0          0          6          1
116       7447          6          0         47          0          0          0          6          1
117       7447          5          0         48          0          0          0          5          1
118       7447          4          0         49          0          0          0          4          1
119       7447          4          0         49          0          0          0          4          1
120       7447          4          0         49          0          0          0          4          1
121       7447          3          0         50          0          0          0          3          0
122       7447          3          0         50          0          0          0          3          0
123       7447          3          0         50          0          0          0          3          0
124       7447          3          0         50          0          0          0          3          0
125       7447          3          0         50          0          0          0          3          0
126       7447          2          0         51          0          0          0          2          0
127       7447          2          0         51          0          0          0          2          0
128       7447          2          0         51          0          0          0          2          0
129       7447          2          0         51          0          0          0          2          0
130       7447          2          0         51          0          0          0          2          0
131       7447          2          0         51          0          0          0          2          0
132       7447          2          0         51          0          0          0          2          0
133       7447          2          0         51          0          0          0          2          0
134       7447          2          0         51          0          0          0          2          0
135       7447          1          0         52          0          0          0          1          0
136       7447          0          0         53          0          0          0          0          0
137       7447          0          0         53          0          0          0          0          0
138       7447          0          0         53          0          0          0          0          0
139       7447          0          0         53          0          0          0          0          0
140       7447          0          0         53          0          0          0          0          0
141       7447          0          0         53          0          0          0          0          0
142       7447          0          0         53          0          0          0          0          0
143       7447          0          0         53          0          0          0          0          0
144       7447          0          0         53          0          0          0          0          0
145       7447          0          0         53          0          0          0          0          0
146       7447          0          0         53          0          0          0          0          0
147       7447          0          0         53          0          0          0          0          0
148       7447          0          0         53          0          0          0          0          0
149       7447          0          0         53          0          0          0          0          0
150       7447          0          0         53          0          0          0          0          0
--- ---------- ---------- ---------- ---------- ---------- ---------- ---------- ---------- ----------

Tipo 2
Día     Sanos  Infectados Importados    Curados Desinmuniz    Muertos Inf.Indire   Enfermos Hospitaliz
--- ---------- ---------- ---------- ---------- ---------- ---------- ---------- ---------- ----------
  1      30994          6          0          0          0          0          0          0          0
  2      30994          6          0          0          0          0          0          0          0
  3      30994          6          0          0          0          0          0          0          0
  4      30993          7          0          0          0          0          0          0          0
  5      30990         10          0          0          0          0          0          0          0
  6      30988         12          0          0          0          0          0          0          0
  7      30985         15          0          0          0          0          0          0          0
  8      30974         26          0          0          0          0          0          0          0
  9      30962         38          0          0          0          0          0          0          0
 10      30948         52          0          0          0          0          0          0          0
 11      30934         66          0          0          0          0          0          1          0
 12      30918         82          0          0          0          0          0          4          0
 13      30902         98          0          0          0          0          0          6          0
 14      30891        109          0          0          0          0          0          9          1
 15      30880        120          0          0          0          0          0         20          1
 16      30871        129          0          0          0          0          0         32          1
 17      30858        142          0          0          0          0          0         46          2
 18      30838        162          0          0          0          0          0         60          3
 19      30822        178          0          0          0          0          0         76          4
 20      30797        203          0          0          0          0          0         92          4
 21      30761        237          0          2          0          0          0        101          4
 22      30734        264          0          2          0          0          0        112          6
 23      30687        310          0          3          0          0          0        120          7
 24      30656        341          0          3          0          0          0        133          9
 25      30626        370          0          4          0          0          0        152          9
 26      30598        396          0          6          0          0          0        166          8
 27      30561        431          0          8          0          0          0        190         10
 28      30502        486          0         12          0          0          0        222         11
 29      30444        536          0         20          0          0          0        243         15
 30      30363        612          0         25          0          0          0        285         16
 31      30268        699          0         33          0          0          0        308         18
 32      30147        809          0         44          0          0          0        331         21
 33      29976        974          0         50          0          0          0        353         26
 34      29790       1153          0         57          0          0          0        383         28
 35      29578       1355          0         67          0          0          0        432         32
 36      29310       1610          0         79          0          1          0        476         35
 37      29026       1881          0         91          0          2          0        544         42
 38      28747       2147          0        104          0          2          0        626         53
 39      28497       2379          0        121          0          3          0        729         63
 40      28221       2636          0        140          0          3          0        881         79
 41      27963       2880          0        153          0          4          0       1055        104
 42      27688       3144          0        163          0          5          0       1256        126
 43      27351       3449          0        194          0          6          0       1492        153
 44      27045       3737          0        212          0          6          0       1757        179
 45      26690       4072          0        232          0          6          0       2015        205
 46      26330       4391          0        272          0          7          0       2224        228
 47      25980       4710          0        303          0          7          0       2471        258
 48      25601       5044          0        346          0          9          0       2684        279
 49      25267       5318          0        405          0         10          0       2900        311
 50      24924       5609          0        457          0         10          0       3183        346
 51      24619       5838          0        533          0         10          0       3413        356
 52      24313       6057          0        620          0         10          0       3683        374
 53      24016       6285          0        689          0         10          0       3972        412
 54      23727       6482          0        780          0         11          0       4229        432
 55      23441       6655          0        892          0         12          0       4495        448
 56      23135       6856          0        997          0         12          0       4724        464
 57      22915       6951          0       1120          0         14          0       4942        477
 58      22677       7075          0       1234          0         14          0       5133        505
 59      22454       7134          0       1397          0         15          0       5276        511
 60      22265       7159          0       1560          0         16          0       5409        532
 61      22081       7151          0       1749          0         19          0       5505        548
 62      21936       7121          0       1921          0         22          0       5617        571
 63      21769       7079          0       2128          0         24          0       5713        589
 64      21638       6971          0       2365          0         26          0       5694        592
 65      21541       6821          0       2609          0         29          0       5687        594
 66      21464       6626          0       2879          0         31          0       5637        583
 67      21383       6431          0       3148          0         38          0       5550        559
 68      21317       6190          0       3453          0         40          0       5426        557
 69      21241       5963          0       3753          0         43          0       5268        544
 70      21189       5727          0       4037          0         47          0       5147        528
 71      21141       5455          0       4353          0         51          0       4958        516
 72      21090       5229          0       4629          0         52          0       4779        490
 73      21037       4953          0       4957          0         53          0       4526        463
 74      20974       4690          0       5281          0         55          0       4282        443
 75      20933       4432          0       5578          0         57          0       4049        413
 76      20893       4164          0       5883          0         60          0       3817        387
 77      20858       3897          0       6183          0         62          0       3567        361
 78      20839       3631          0       6464          0         66          0       3329        338
 79      20805       3375          0       6749          0         71          0       3090        310
 80      20776       3135          0       7017          0         72          0       2874        290
 81      20746       2903          0       7277          0         74          0       2675        269
 82      20722       2680          0       7521          0         77          0       2469        241
 83      20704       2442          0       7772          0         82          0       2253        224
 84      20678       2215          0       8022          0         85          0       2035        209
 85      20661       2014          0       8238          0         87          0       1836        186
 86      20643       1836          0       8430          0         91          0       1674        175
 87      20628       1664          0       8615          0         93          0       1516        156
 88      20618       1529          0       8760          0         93          0       1401        134
 89      20609       1381          0       8916          0         94          0       1268        123
 90      20595       1257          0       9050          0         98          0       1148        104
 91      20584       1132          0       9183          0        101          0       1038         91
 92      20575       1032          0       9292          0        101          0        946         82
 93      20565        933          0       9400          0        102          0        855         74
 94      20560        839          0       9497          0        104          0        771         62
 95      20548        777          0       9570          0        105          0        707         56
 96      20534        715          0       9645          0        106          0        640         47
 97      20532        662          0       9700          0        106          0        599         47
 98      20525        623          0       9746          0        106          0        564         45
 99      20518        585          0       9789          0        108          0        528         44
100      20514        540          0       9837          0        109          0        489         42
101      20510        499          0       9881          0        110          0        449         38
102      20506        450          0       9934          0        110          0        408         32
103      20503        406          0       9981          0        110          0        375         29
104      20501        375          0      10014          0        110          0        344         27
105      20499        340          0      10051          0        110          0        314         26
106      20494        316          0      10078          0        112          0        292         22
107      20493        287          0      10108          0        112          0        266         20
108      20487        256          0      10145          0        112          0        233         14
109      20484        239          0      10165          0        112          0        217         16
110      20482        221          0      10185          0        112          0        200         15
111      20478        209          0      10201          0        112          0        186         14
112      20477        188          0      10223          0        112          0        166         11
113      20474        166          0      10247          0        113          0        146          9
114      20473        159          0      10255          0        113          0        139          9
115      20472        141          0      10273          0        114          0        126          9
116      20471        128          0      10287          0        114          0        115          8
117      20470        117          0      10299          0        114          0        105          7
118      20469        106          0      10311          0        114          0         97          6
119      20468         98          0      10319          0        115          0         89          5
120      20467         92          0      10326          0        115          0         85          6
121      20465         85          0      10335          0        115          0         77          5
122      20463         78          0      10344          0        115          0         69          4
123      20463         73          0      10349          0        115          0         65          4
124      20463         67          0      10355          0        115          0         60          4
125      20462         65          0      10358          0        115          0         58          4
126      20462         58          0      10365          0        115          0         52          5
127      20462         54          0      10368          0        116          0         49          5
128      20461         54          0      10369          0        116          0         50          5
129      20460         49          0      10375          0        116          0         46          4
130      20460         43          0      10381          0        116          0         40          4
131      20460         36          0      10388          0        116          0         33          4
132      20459         34          0      10391          0        116          0         31          4
133      20459         32          0      10393          0        116          0         29          4
134      20459         30          0      10395          0        116          0         27          4
135      20459         29          0      10396          0        116          0         27          4
136      20459         29          0      10396          0        116          0         28          5
137      20459         26          0      10399          0        116          0         25          4
138      20459         26          0      10399          0        116          0         25          4
139      20459         23          0      10402          0        116          0         23          3
140      20458         20          0      10406          0        116          0         19          2
141      20458         18          0      10408          0        116          0         17          2
142      20458         12          0      10414          0        116          0         11          1
143      20458         10          0      10416          0        116          0          9          1
144      20458          9          0      10417          0        116          0          8          1
145      20458          6          0      10420          0        116          0          5          0
146      20458          6          0      10420          0        116          0          5          0
147      20457          7          0      10420          0        116          0          6          0
148      20457          6          0      10421          0        116          0          5          0
149      20457          6          0      10421          0        116          0          5          0
150      20457          5          0      10422          0        116          0          4          0
--- ---------- ---------- ---------- ---------- ---------- ---------- ---------- ---------- ----------

Tipo 3
Día     Sanos  Infectados Importados    Curados Desinmuniz    Muertos Inf.Indire   Enfermos Hospitaliz
--- ---------- ---------- ---------- ---------- ---------- ---------- ---------- ---------- ----------
  1       2499          1          0          0          0          0          0          0          0
  2       2499          1          0          0          0          0          0          0          0
  3       2499          1          0          0          0          0          0          0          0
  4       2499          1          0          0          0          0          0          0          0
  5       2499          1          0          0          0          0          0          0          0
  6       2499          1          0          0          0          0          0          0          0
  7       2499          1          0          0          0          0          0          0          0
  8       2499          1          0          0          0          0          0          0          0
  9       2499          1          0          0          0          0          0          0          0
 10       2498          2          0          0          0          0          0          0          0
 11       2497          3          0          0          0          0          0          0          0
 12       2497          3          0          0          0          0          0          0          0
 13       2496          4          0          0          0          0          0          0          0
 14       2494          6          0          0          0          0          0          0          0
 15       2492          8          0          0          0          0          0          0          0
 16       2489         11          0          0          0          0          0          0          0
 17       2485         15          0          0          0          0          0          1          0
 18       2481         19          0          0          0          0          0          2          0
 19       2429         71          0          0          0          0          0          2          0
 20       2371        129          0          0          0          0          0          3          0
 21       2365        135          0          0          0          0          0          5          0
 22       2310        190          0          0          0          0          0          7          0
 23       2299        201          0          0          0          0          0         10          0
 24       2240        260          0          0          0          0          0         14          1
 25       2226        274          0          0          0          0          0         18          4
 26       2218        282          0          0          0          0          0         70          8
 27       2208        291          0          1          0          0          0        127         12
 28       2141        358          0          1          0          0          0        133         12
 29       2123        375          0          2          0          0          0        188         20
 30       2107        390          0          3          0          0          0        198         22
 31       2093        403          0          4          0          0          0        256         26
 32       2070        421          0          9          0          0          0        266         30
 33       2046        444          0         10          0          0          0        273         30
 34       1972        514          0         14          0          0          0        279         29
 35       1944        538          0         18          0          0          0        341         37
 36       1917        560          0         23          0          0          0        354         39
 37       1878        591          0         30          0          1          0        362         41
 38       1848        616          0         35          0          1          0        371         39
 39       1801        659          0         39          0          1          0        390         41
 40       1756        697          0         46          0          1          0        407         44
 41       1711        735          0         53          0          1          0        474         50
 42       1659        774          0         66          0          1          0        489         49
 43       1598        822          0         79          0          1          0        503         51
 44       1535        864          0         98          0          3          0        522         55
 45       1481        902          0        113          0          4          0        536         58
 46       1424        948          0        124          0          4          0        572         61
 47       1336       1016          0        143          0          5          0        596         61
 48       1286       1048          0        161          0          5          0        623         63
 49       1221       1095          0        179          0          5          0        657         60
 50       1164       1111          0        219          0          6          0        678         60
 51       1099       1142          0        251          0          8          0        706         59
 52       1050       1168          0        273          0          9          0        737         64
 53        991       1189          0        311          0          9          0        756         66
 54        935       1222          0        333          0         10          0        821         77
 55        874       1235          0        378          0         13          0        823         79
 56        808       1282          0        397          0         13          0        869         83
 57        755       1301          0        430          0         14          0        892         83
 58        701       1331          0        454          0         14          0        934         92
 59        653       1344          0        488          0         15          0        949         92
 60        611       1360          0        513          0         16          0        982         97
 61        558       1375          0        551          0         16          0       1000         97
 62        528       1369          0        586          0         17          0       1024        101
 63        498       1357          0        628          0         17          0       1048         98
 64        471       1338          0        674          0         17          0       1055        108
 65        440       1299          0        741          0         20          0       1039        110
 66        419       1284          0        774          0         23          0       1051        113
 67        392       1270          0        815          0         23          0       1051        105
 68        371       1236          0        869          0         24          0       1049        102
 69        345       1227          0        904          0         24          0       1044        105
 70        334       1183          0        958          0         25          0       1019        103
 71        311       1156          0       1007          0         26          0        996         98
 72        295       1123          0       1054          0         28          0        978         98
 73        281       1068          0       1119          0         32          0        930         93
 74        267       1012          0       1187          0         34          0        887         86
 75        248        970          0       1245          0         37          0        847         86
 76        238        931          0       1293          0         38          0        824         86
 77        232        873          0       1352          0         43          0        771         83
 78        222        823          0       1411          0         44          0        734         77
 79        216        772          0       1466          0         46          0        693         73
 80        209        730          0       1512          0         49          0        658         73
 81        205        682          0       1563          0         50          0        620         67
 82        199        646          0       1604          0         51          0        597         65
 83        193        617          0       1637          0         53          0        572         63
 84        187        577          0       1681          0         55          0        532         58
 85        185        530          0       1729          0         56          0        493         55
 86        179        486          0       1777          0         58          0        449         51
 87        175        437          0       1826          0         62          0        403         48
 88        172        398          0       1868          0         62          0        365         41
 89        170        363          0       1900          0         67          0        334         36
 90        168        339          0       1925          0         68          0        314         34
 91        166        310          0       1955          0         69          0        289         33
 92        164        278          0       1987          0         71          0        257         30
 93        163        253          0       2012          0         72          0        237         25
 94        162        234          0       2032          0         72          0        221         23
 95        159        221          0       2048          0         72          0        208         19
 96        158        202          0       2067          0         73          0        190         19
 97        157        184          0       2086          0         73          0        173         18
 98        157        169          0       2100          0         74          0        160         17
 99        155        153          0       2118          0         74          0        144         15
100        155        134          0       2137          0         74          0        126         13
101        154        121          0       2151          0         74          0        113         12
102        153        109          0       2162          0         76          0        103         10
103        151         98          0       2174          0         77          0         91          9
104        149         88          0       2185          0         78          0         80          8
105        149         75          0       2198          0         78          0         67          7
106        148         66          0       2207          0         79          0         59          3
107        148         58          0       2215          0         79          0         51          2
108        148         54          0       2218          0         80          0         48          2
109        148         49          0       2223          0         80          0         44          1
110        148         41          0       2231          0         80          0         38          0
111        147         36          0       2236          0         81          0         34          0
112        146         36          0       2237          0         81          0         33          0
113        145         37          0       2237          0         81          0         34          0
114        145         35          0       2239          0         81          0         32          0
115        144         29          0       2246          0         81          0         25          0
116        144         26          0       2249          0         81          0         22          0
117        144         25          0       2250          0         81          0         21          0
118        144         22          0       2253          0         81          0         19          0
119        144         19          0       2256          0         81          0         17          0
120        144         19          0       2256          0         81          0         18          0
121        144         18          0       2257          0         81          0         17          0
122        144         17          0       2258          0         81          0         17          0
123        144         16          0       2259          0         81          0         16          0
124        144         16          0       2259          0         81          0         16          0
125        144         15          0       2260          0         81          0         15          0
126        143         13          0       2263          0         81          0         12          0
127        143         12          0       2264          0         81          0         11          0
128        143         11          0       2265          0         81          0         10          0
129        143         11          0       2265          0         81          0         10          0
130        143         11          0       2265          0         81          0         10          0
131        143         10          0       2266          0         81          0          9          0
132        143          8          0       2268          0         81          0          7          0
133        143          7          0       2269          0         81          0          7          0
134        143          5          0       2271          0         81          0          5          0
135        143          4          0       2272          0         81          0          4          0
136        143          4          0       2272          0         81          0          4          0
137        143          4          0       2272          0         81          0          4          0
138        143          3          0       2273          0         81          0          3          0
139        143          3          0       2273          0         81          0          3          0
140        143          3          0       2273          0         81          0          3          0
141        143          3          0       2273          0         81          0          3          0
142        143          3          0       2273          0         81          0          3          0
143        143          2          0       2274          0         81          0          2          0
144        143          2          0       2274          0         81          0          2          0
145        143          2          0       2274          0         81          0          2          0
146        143          1          0       2275          0         81          0          1          0
147        143          1          0       2275          0         81          0          1          0
148        143          1          0       2275          0         81          0          1          0
149        143          1          0       2275          0         81          0          1          0
150        143          1          0       2275          0         81          0          1          0
--- ---------- ---------- ---------- ---------- ---------- ---------- ---------- ---------- ----------

Tipo 4
Día     Sanos  Infectados Importados    Curados Desinmuniz    Muertos Inf.Indire   Enfermos Hospitaliz
--- ---------- ---------- ---------- ---------- ---------- ---------- ---------- ---------- ----------
  1       7000          0          0          0          0          0          0          0          0
  2       7000          0          0          0          0          0          0          0          0
  3       7000          0          0          0          0          0          0          0          0
  4       6999          1          0          0          0          0          0          0          0
  5       6998          2          0          0          0          0          0          0          0
  6       6998          2          0          0          0          0          0          0          0
  7       6998          2          0          0          0          0          0          0          0
  8       6997          3          0          0          0          0          0          0          0
  9       6996          4          0          0          0          0          0          0          0
 10       6996          4          0          0          0          0          0          0          0
 11       6992          8          0          0          0          0          0          1          0
 12       6990         10          0          0          0          0          0          2          0
 13       6987         13          0          0          0          0          0          2          0
 14       6983         17          0          0          0          0          0          2          0
 15       6941         59          0          0          0          0          0          3          0
 16       6899        101          0          0          0          0          0          4          0
 17       6890        110          0          0          0          0          0          4          0
 18       6880        120          0          0          0          0          0          8          0
 19       6839        161          0          0          0          0          0         10          0
 20       6791        209          0          0          0          0          0         13          1
 21       6783        217          0          0          0          0          0         17          2
 22       6772        228          0          0          0          0          0         59          8
 23       6720        280          0          0          0          0          0        101         14
 24       6694        306          0          0          0          0          0        110         14
 25       6602        398          0          0          0          0          0        120         14
 26       6502        498          0          0          0          0          0        161         20
 27       6441        557          0          2          0          0          0        207         25
 28       6371        626          0          3          0          0          0        214         25
 29       6305        690          0          5          0          0          0        223         25
 30       6252        740          0          7          0          1          0        272         27
 31       6174        815          0         10          0          1          0        295         30
 32       6107        880          0         11          0          2          0        385         39
 33       6063        917          0         17          0          3          0        478         49
 34       6018        959          0         19          0          4          0        536         53
 35       5968       1003          0         24          0          5          0        600         57
 36       5925       1040          0         30          0          5          0        660         66
 37       5865       1089          0         39          0          7          0        702         69
 38       5801       1142          0         46          0         11          0        769         77
 39       5694       1230          0         62          0         14          0        817         80
 40       5580       1319          0         79          0         22          0        836         82
 41       5493       1392          0         88          0         27          0        867         82
 42       5407       1460          0        105          0         28          0        899         87
 43       5306       1537          0        125          0         32          0        918         90
 44       5219       1594          0        149          0         38          0        948         94
 45       5132       1651          0        175          0         42          0        983         98
 46       4994       1736          0        215          0         55          0       1038         97
 47       4888       1794          0        258          0         60          0       1102        101
 48       4789       1861          0        285          0         65          0       1157        109
 49       4676       1945          0        309          0         70          0       1214        113
 50       4529       2047          0        343          0         81          0       1270        122
 51       4387       2143          0        383          0         87          0       1311        121
 52       4233       2260          0        413          0         94          0       1361        122
 53       4112       2341          0        448          0         99          0       1459        137
 54       3990       2383          0        511          0        116          0       1485        137
 55       3857       2462          0        554          0        127          0       1530        143
 56       3717       2537          0        608          0        138          0       1578        151
 57       3593       2585          0        671          0        151          0       1649        150
 58       3481       2641          0        718          0        160          0       1736        163
 59       3360       2695          0        773          0        172          0       1823        170
 60       3245       2750          0        819          0        186          0       1884        176
 61       3120       2810          0        865          0        205          0       1942        185
 62       3033       2812          0        929          0        226          0       1989        193
 63       2929       2843          0        988          0        240          0       2056        206
 64       2829       2873          0       1041          0        257          0       2110        214
 65       2748       2885          0       1097          0        270          0       2154        220
 66       2659       2901          0       1158          0        282          0       2201        226
 67       2574       2897          0       1230          0        299          0       2226        226
 68       2498       2895          0       1294          0        313          0       2273        229
 69       2423       2873          0       1376          0        328          0       2264        232
 70       2351       2842          0       1463          0        344          0       2266        237
 71       2275       2805          0       1554          0        366          0       2253        239
 72       2226       2730          0       1658          0        386          0       2208        222
 73       2167       2673          0       1757          0        403          0       2181        218
 74       2132       2605          0       1836          0        427          0       2163        208
 75       2092       2548          0       1914          0        446          0       2142        214
 76       2067       2468          0       1999          0        466          0       2112        210
 77       2027       2397          0       2090          0        486          0       2073        201
 78       1994       2292          0       2204          0        510          0       2011        206
 79       1956       2217          0       2297          0        530          0       1947        201
 80       1931       2124          0       2390          0        555          0       1888        204
 81       1896       2025          0       2503          0        576          0       1789        198
 82       1873       1923          0       2613          0        591          0       1704        180
 83       1854       1815          0       2718          0        613          0       1602        177
 84       1838       1722          0       2806          0        634          0       1533        172
 85       1820       1621          0       2903          0        656          0       1447        169
 86       1801       1533          0       2987          0        679          0       1378        156
 87       1782       1459          0       3061          0        698          0       1310        147
 88       1772       1353          0       3152          0        723          0       1229        135
 89       1761       1267          0       3225          0        747          0       1155        124
 90       1753       1172          0       3303          0        772          0       1071        114
 91       1738       1087          0       3390          0        785          0        987        107
 92       1730       1006          0       3466          0        798          0        916        101
 93       1723        930          0       3537          0        810          0        852         93
 94       1716        855          0       3602          0        827          0        789         87
 95       1708        795          0       3657          0        840          0        731         80
 96       1702        746          0       3699          0        853          0        687         74
 97       1697        683          0       3757          0        863          0        627         63
 98       1693        610          0       3818          0        879          0        565         63
 99       1691        554          0       3864          0        891          0        515         56
100       1689        503          0       3903          0        905          0        469         51
101       1683        468          0       3934          0        915          0        435         48
102       1677        423          0       3977          0        923          0        392         39
103       1673        379          0       4019          0        929          0        350         35
104       1669        349          0       4049          0        933          0        321         32
105       1666        328          0       4066          0        940          0        301         30
106       1663        299          0       4092          0        946          0        271         25
107       1658        280          0       4112          0        950          0        250         23
108       1657        252          0       4136          0        955          0        226         21
109       1656        230          0       4154          0        960          0        209         19
110       1654        208          0       4174          0        964          0        189         18
111       1653        180          0       4199          0        968          0        164         16
112       1652        166          0       4212          0        970          0        152         15
113       1649        152          0       4227          0        972          0        138         14
114       1649        138          0       4239          0        974          0        129         12
115       1646        134          0       4245          0        975          0        123         12
116       1646        121          0       4256          0        977          0        111         10
117       1646        108          0       4268          0        978          0        100         10
118       1644         96          0       4280          0        980          0         87         11
119       1644         88          0       4287          0        981          0         80          9
120       1643         82          0       4292          0        983          0         76          9
121       1643         74          0       4299          0        984          0         68          7
122       1642         62          0       4309          0        987          0         58          6
123       1641         57          0       4314          0        988          0         52          6
124       1640         49          0       4320          0        991          0         43          6
125       1640         46          0       4323          0        991          0         42          6
126       1640         43          0       4325          0        992          0         39          6
127       1639         41          0       4327          0        993          0         37          6
128       1638         40          0       4327          0        995          0         35          5
129       1637         38          0       4330          0        995          0         33          4
130       1636         38          0       4330          0        996          0         33          4
131       1636         34          0       4332          0        998          0         30          3
132       1635         32          0       4335          0        998          0         27          2
133       1635         27          0       4340          0        998          0         22          2
134       1635         26          0       4341          0        998          0         22          2
135       1633         26          0       4343          0        998          0         21          2
136       1633         22          0       4344          0       1001          0         18          1
137       1633         22          0       4344          0       1001          0         19          2
138       1633         18          0       4346          0       1003          0         15          2
139       1633         16          0       4347          0       1004          0         14          2
140       1632         16          0       4348          0       1004          0         13          2
141       1631         16          0       4348          0       1005          0         12          2
142       1631         16          0       4348          0       1005          0         14          3
143       1631         16          0       4348          0       1005          0         14          3
144       1631         14          0       4350          0       1005          0         12          3
145       1631         13          0       4350          0       1006          0         11          3
146       1631         12          0       4351          0       1006          0         10          3
147       1631         12          0       4351          0       1006          0         11          3
148       1631         12          0       4351          0       1006          0         12          3
149       1631         11          0       4352          0       1006          0         11          3
150       1631         11          0       4352          0       1006          0         11          3
--- ---------- ---------- ---------- ---------- ---------- ---------- ---------- ---------- ----------

