Tipo 0
Día     Sanos  Infectados Importados    Curados Desinmuniz    Muertos Inf.Indire   Enfermos Hospitaliz
--- ---------- ---------- ---------- ---------- ---------- ---------- ---------- ---------- ----------
  1       1999          1          0          0          0          0          0          0          0
  2       1999          1          0          0          0          0          0          0          0
  3       1999          1          0          0          0          0          0          0          0
  4       1999          1          0          0          0          0          0          0          0
  5       1998          2          0          0          0          0          0          0          0
  6       1998          2          0          0          0          0          0          0          0
  7       1998          2          0          0          0          0          0          0          0
  8       1998          2          0          0          0          0          0          0          0
  9       1998          2          0          0          0          0          0          0          0
 10       1998          2          0          0          0          0          0          0          0
 11       1997          3          0          0          0          0          0          0          0
 12       1997          3          0          0          0          0          0          1          0
 13       1996          4          0          0          0          0          0          1          0
 14       1996          4          0          0          0          0          0          1          0
 15       1996          4          0          0          0          0          0          1          0
 16       1996          4          0          0          0          0          0          1          0
 17       1996          4          0          0          0          0          0          1          0
 18       1996          4          0          0          0          0          0          2          0
 19       1996          4          0          0          0          0          0          2          0
 20       1996          4          0          0          0          0          0          3          0
 21       1996          4          0          0          0          0          0          3          0
 22       1996          4          0          0          0          0          0          3          0
 23       1996          4          0          0          0          0          0          3          0
 24       1995          5          0          0          0          0          0          3          0
 25       1995          5          0          0          0          0          0          3          0
 26       1995          5          0          0          0          0          0          3          0
 27       1995          5          0          0          0          0          0          3          0
 28       1994          5          0          1          0          0          0          3          0
 29       1994          5          0          1          0          0          0          3          0
 30       1994          5          0          1          0          0          0          3          0
 31       1994          4          0          2          0          0          0          3          0
 32       1994          4          0          2          0          0          0          3          0
 33       1994          4          0          2          0          0          0          3          0
 34       1994          4          0          2          0          0          0          3          0
 35       1994          3          0          3          0          0          0          3          0
 36       1992          5          0          3          0          0          0          3          0
 37       1992          5          0          3          0          0          0          3          0
 38       1992          5          0          3          0          0          0          3          0
 39       1992          5          0          3          0          0          0          3          0
 40       1991          5          0          4          0          0          0          2          0
 41       1991          5          0          4          0          0          0          2          0
 42       1991          5          0          4          0          0          0          2          0
 43       1991          5          0          4          0          0          0          4          1
 44       1991          5          0          4          0          0          0          4          1
 45       1991          5          0          4          0          0          0          4          1
 46       1991          5          0          4          0          0          0          4          1
 47       1991          5          0          4          0          0          0          5          1
 48       1991          5          0          4          0          0          0          5          1
 49       1991          5          0          4          0          0          0          5          1
 50       1991          5          0          4          0          0          0          5          1
 51       1991          5          0          4          0          0          0          5          1
 52       1991          5          0          4          0          0          0          5          1
 53       1991          5          0          4          0          0          0          5          1
 54       1991          3          0          6          0          0          0          3          1
 55       1991          3          0          6          0          0          0          3          1
 56       1991          3          0          6          0          0          0          3          1
 57       1991          3          0          6          0          0          0          3          1
 58       1991          2          0          7          0          0          0          2          1
 59       1991          2          0          7          0          0          0          2          1
 60       1991          2          0          7          0          0          0          2          1
 61       1990          3          0          7          0          0          0          2          1
 62       1990          3          0          7          0          0          0          2          1
 63       1989          4          0          7          0          0          0          2          1
 64       1989          4          0          7          0          0          0          2          1
 65       1989          4          0          7          0          0          0          2          1
 66       1989          4          0          7          0          0          0          2          1
 67       1989          2          0          9          0          0          0          0          0
 68       1988          3          0          9          0          0          0          1          0
 69       1987          4          0          9          0          0          0          1          0
 70       1987          4          0          9          0          0          0          2          0
 71       1985          6          0          9          0          0          0          2          0
 72       1985          6          0          9          0          0          0          2          0
 73       1985          6          0          9          0          0          0          2          0
 74       1984          7          0          9          0          0          0          2          0
 75       1984          7          0          9          0          0          0          3          0
 76       1983          8          0          9          0          0          0          4          0
 77       1982          9          0          9          0          0          0          4          0
 78       1982          9          0          9          0          0          0          6          0
 79       1982          9          0          9          0          0          0          6          0
 80       1981         10          0          9          0          0          0          6          0
 81       1981         10          0          9          0          0          0          7          0
 82       1981         10          0          9          0          0          0          7          0
 83       1981         10          0          9          0          0          0          8          1
 84       1981          9          0         10          0          0          0          8          2
 85       1981          9          0         10          0          0          0          8          2
 86       1981          9          0         10          0          0          0          8          2
 87       1980         10          0         10          0          0          0          9          2
 88       1980         10          0         10          0          0          0          9          2
 89       1980         10          0         10          0          0          0          9          2
 90       1980         10          0         10          0          0          0          9          2
 91       1979         10          0         11          0          0          0          8          2
 92       1979          9          0         12          0          0          0          7          2
 93       1979          9          0         12          0          0          0          7          2
 94       1979          9          0         12          0          0          0          8          2
 95       1979          9          0         12          0          0          0          8          2
 96       1979          9          0         12          0          0          0          8          2
 97       1979          8          0         13          0          0          0          7          1
 98       1979          8          0         13          0          0          0          8          1
 99       1979          7          0         14          0          0          0          7          1
100       1978          7          0         15          0          0          0          6          1
101       1978          5          0         17          0          0          0          4          1
102       1978          4          0         18          0          0          0          3          1
103       1977          5          0         18          0          0          0          3          1
104       1976          6          0         18          0          0          0          3          1
105       1976          6          0         18          0          0          0          3          1
106       1976          6          0         18          0          0          0          3          1
107       1976          6          0         18          0          0          0          4          1
108       1973          8          0         19          0          0          0          3          0
109       1973          7          0         20          0          0          0          2          0
110       1973          7          0         20          0          0          0          3          0
111       1972          8          0         20          0          0          0          4          0
112       1971          9          0         20          0          0          0          4          0
113       1971          9          0         20          0          0          0          4          0
114       1971          9          0         20          0          0          0          4          0
115       1971          9          0         20          0          0          0          7          1
116       1971          9          0         20          0          0          0          7          1
117       1971          9          0         20          0          0          0          7          1
118       1971          9          0         20          0          0          0          8          1
119       1970         10          0         20          0          0          0          9          2
120       1970         10          0         20          0          0          0          9          2
121       1970         10          0         20          0          0          0          9          2
122       1968         11          0         21          0          0          0          8          2
123       1968         11          0         21          0          0          0          8          2
124       1968         10          0         22          0          0          0          7          2
125       1968         10          0         22          0          0          0          7          2
126       1968         10          0         22          0          0          0          8          2
127       1968         10          0         22          0          0          0          8          2
128       1967         11          0         22          0          0          0          8          2
129       1967         10          0         23          0          0          0          9          2
130       1967          9          0         24          0          0          0          8          1
131       1967          7          0         26          0          0          0          6          1
132       1967          7          0         26          0          0          0          6          1
133       1967          7          0         26          0          0          0          6          1
134       1967          6          0         27          0          0          0          5          1
135       1967          6          0         27          0          0          0          6          1
136       1967          6          0         27          0          0          0          6          1
137       1967          6          0         27          0          0          0          6          1
138       1967          5          0         28          0          0          0          5          1
139       1967          4          0         29          0          0          0          4          1
140       1966          5          0         29          0          0          0          4          1
141       1966          5          0         29          0          0          0          4          1
142       1966          5          0         29          0          0          0          4          1
143       1966          4          0         30          0          0          0          3          0
144       1966          3          0         31          0          0          0          2          0
145       1966          3          0         31          0          0          0          2          0
146       1966          2          0         32          0          0          0          1          0
147       1966          2          0         32          0          0          0          2          0
148       1966          2          0         32          0          0          0          2          0
149       1966          2          0         32          0          0          0          2          0
150       1966          2          0         32          0          0          0          2          0
151       1966          2          0         32          0          0          0          2          0
152       1966          1          0         33          0          0          0          1          0
153       1966          1          0         33          0          0          0          1          0
154       1966          1          0         33          0          0          0          1          0
155       1966          1          0         33          0          0          0          1          0
156       1966          1          0         33          0          0          0          1          0
157       1966          1          0         33          0          0          0          1          0
158       1966          1          0         33          0          0          0          1          0
159       1966          1          0         33          0          0          0          1          0
160       1966          1          0         33          0          0          0          1          0
161       1966          1          0         33          0          0          0          1          0
162       1966          1          0         33          0          0          0          1          0
163       1966          1          0         33          0          0          0          1          0
164       1966          1          0         33          0          0          0          1          0
165       1966          0          0         34          0          0          0          0          0
166       1966          0          0         34          0          0          0          0          0
167       1966          0          0         34          0          0          0          0          0
168       1966          0          0         34          0          0          0          0          0
169       1965          1          0         34          0          0          0          0          0
170       1965          1          0         34          0          0          0          0          0
171       1965          1          0         34          0          0          0          0          0
172       1965          1          0         34          0          0          0          0          0
173       1965          1          0         34          0          0          0          0          0
174       1965          1          0         34          0          0          0          0          0
175       1965          1          0         34          0          0          0          0          0
176       1965          1          0         34          0          0          0          1          0
177       1965          1          0         34          0          0          0          1          0
178       1965          1          0         34          0          0          0          1          0
179       1965          1          0         34          0          0          0          1          0
180       1965          1          0         34          0          0          0          1          0
--- ---------- ---------- ---------- ---------- ---------- ---------- ---------- ---------- ----------

Tipo 1
Día     Sanos  Infectados Importados    Curados Desinmuniz    Muertos Inf.Indire   Enfermos Hospitaliz
--- ---------- ---------- ---------- ---------- ---------- ---------- ---------- ---------- ----------
  1       7499          1          0          0          0          0          0          0          0
  2       7499          1          0          0          0          0          0          0          0
  3       7499          1          0          0          0          0          0          0          0
  4       7499          1          0          0          0          0          0          0          0
  5       7499          1          0          0          0          0          0          0          0
  6       7499          1          0          0          0          0          0          0          0
  7       7499          1          0          0          0          0          0          0          0
  8       7499          1          0          0          0          0          0          0          0
  9       7499          1          0          0          0          0          0          0          0
 10       7499          1          0          0          0          0          0          0          0
 11       7499          1          0          0          0          0          0          0          0
 12       7499          1          0          0          0          0          0          0          0
 13       7499          1          0          0          0          0          0          0          0
 14       7499          1          0          0          0          0          0          0          0
 15       7499          1          0          0          0          0          0          0          0
 16       7499          0          0          1          0          0          0          0          0
 17       7499          0          0          1          0          0          0          0          0
 18       7499          0          0          1          0          0          0          0          0
 19       7499          0          0          1          0          0          0          0          0
 20       7499          0          0          1          0          0          0          0          0
 21       7499          0          0          1          0          0          0          0          0
 22       7499          0          0          1          0          0          0          0          0
 23       7499          0          0          1          0          0          0          0          0
 24       7499          0          0          1          0          0          0          0          0
 25       7498          1          0          1          0          0          0          0          0
 26       7498          1          0          1          0          0          0          0          0
 27       7498          1          0          1          0          0          0          0          0
 28       7498          1          0          1          0          0          0          0          0
 29       7498          1          0          1          0          0          0          0          0
 30       7498          1          0          1          0          0          0          0          0
 31       7497          2          0          1          0          0          0          0          0
 32       7496          3          0          1          0          0          0          1          0
 33       7495          4          0          1          0          0          0          1          0
 34       7494          5          0          1          0          0          0          1          0
 35       7493          6          0          1          0          0          0          1          0
 36       7492          7          0          1          0          0          0          1          0
 37       7492          7          0          1          0          0          0          1          0
 38       7491          8          0          1          0          0          0          2          0
 39       7490          9          0          1          0          0          0          3          0
 40       7490          9          0          1          0          0          0          4          0
 41       7489         10          0          1          0          0          0          5          0
 42       7488         11          0          1          0          0          0          6          0
 43       7487         12          0          1          0          0          0          7          0
 44       7487         12          0          1          0          0          0          7          0
 45       7485         14          0          1          0          0          0          8          0
 46       7484         15          0          1          0          0          0          9          0
 47       7484         15          0          1          0          0          0          9          0
 48       7482         17          0          1          0          0          0         10          0
 49       7482         17          0          1          0          0          0         11          0
 50       7481         18          0          1          0          0          0         12          0
 51       7481         18          0          1          0          0          0         12          0
 52       7480         19          0          1          0          0          0         14          0
 53       7478         21          0          1          0          0          0         15          0
 54       7472         26          0          2          0          0          0         14          0
 55       7470         27          0          3          0          0          0         15          0
 56       7468         28          0          4          0          0          0         14          0
 57       7467         29          0          4          0          0          0         15          0
 58       7466         28          0          6          0          0          0         13          0
 59       7464         30          0          6          0          0          0         14          0
 60       7459         35          0          6          0          0          0         16          0
 61       7458         35          0          7          0          0          0         21          1
 62       7456         36          0          8          0          0          0         22          2
 63       7455         36          0          9          0          0          0         23          2
 64       7450         41          0          9          0          0          0         24          2
 65       7445         46          0          9          0          0          0         25          2
 66       7443         48          0          9          0          0          0         27          2
 67       7437         52          0         11          0          0          0         30          2
 68       7437         52          0         11          0          0          0         31          2
 69       7437         52          0         11          0          0          0         33          2
 70       7435         53          0         12          0          0          0         33          3
 71       7432         53          0         15          0          0          0         35          4
 72       7431         52          0         17          0          0          0         38          4
 73       7431         48          0         21          0          0          0         36          4
 74       7429         49          0         22          0          0          0         41          4
 75       7428         50          0         22          0          0          0         41          4
 76       7425         53          0         22          0          0          0         41          4
 77       7423         54          0         23          0          0          0         42          3
 78       7423         52          0         25          0          0          0         43          3
 79       7421         49          0         30          0          0          0         39          4
 80       7421         46          0         33          0          0          0         36          3
 81       7420         45          0         35          0          0          0         36          3
 82       7418         46          0         36          0          0          0         36          4
 83       7416         46          0         38          0          0          0         37          4
 84       7414         47          0         39          0          0          0         38          4
 85       7411         50          0         39          0          0          0         38          4
 86       7411         48          0         41          0          0          0         38          4
 87       7406         52          0         42          0          0          0         37          4
 88       7405         48          0         47          0          0          0         33          4
 89       7404         47          0         49          0          0          0         33          3
 90       7402         44          0         54          0          0          0         30          2
 91       7397         45          0         58          0          0          0         28          2
 92       7395         44          0         61          0          0          0         28          1
 93       7395         44          0         61          0          0          0         28          1
 94       7391         48          0         61          0          0          0         33          3
 95       7389         46          0         65          0          0          0         30          3
 96       7386         48          0         66          0          0          0         30          3
 97       7378         54          0         68          0          0          0         30          3
 98       7373         56          0         71          0          0          0         32          3
 99       7369         59          0         72          0          0          0         33          2
100       7366         60          0         74          0          0          0         31          2
101       7358         68          0         74          0          0          0         35          2
102       7355         67          0         78          0          0          0         33          2
103       7354         67          0         79          0          0          0         35          2
104       7347         73          0         80          0          0          0         42          2
105       7340         79          0         81          0          0          0         46          2
106       7337         80          0         83          0          0          0         48          2
107       7333         80          0         87          0          0          0         47          3
108       7329         82          0         89          0          0          0         53          5
109       7327         84          0         89          0          0          0         56          5
110       7324         85          0         91          0          0          0         55          5
111       7318         88          0         94          0          0          0         59          8
112       7312         91          0         97          0          0          0         63          8
113       7304         98          0         98          0          0          0         65          8
114       7301         96          0        103          0          0          0         64          8
115       7299         96          0        105          0          0          0         66          7
116       7296         96          0        108          0          0          0         65          7
117       7290         99          0        111          0          0          0         65          7
118       7287         98          0        115          0          0          0         67          6
119       7282        103          0        115          0          0          0         73          7
120       7280         99          0        121          0          0          0         75          7
121       7278         97          0        125          0          0          0         74          8
122       7277         95          0        128          0          0          0         73          7
123       7274         97          0        129          0          0          0         75          8
124       7271         98          0        131          0          0          0         79          8
125       7267        100          0        133          0          0          0         80          8
126       7265         99          0        136          0          0          0         82          8
127       7263         98          0        139          0          0          0         81          8
128       7260         95          0        145          0          0          0         77          8
129       7258         90          0        152          0          0          0         71          8
130       7256         86          0        158          0          0          0         68          7
131       7254         83          0        163          0          0          0         66          8
132       7252         79          0        169          0          0          0         64          8
133       7247         81          0        172          0          0          0         63          8
134       7247         76          0        177          0          0          0         60          8
135       7245         74          0        181          0          0          0         59          7
136       7244         74          0        182          0          0          0         60          7
137       7244         71          0        185          0          0          0         59          6
138       7242         71          0        187          0          0          0         59          6
139       7239         70          0        191          0          0          0         57          4
140       7235         73          0        192          0          0          0         61          5
141       7233         73          0        194          0          0          0         59          5
142       7232         70          0        198          0          0          0         57          5
143       7231         65          0        204          0          0          0         52          4
144       7228         63          0        209          0          0          0         47          4
145       7226         64          0        210          0          0          0         48          4
146       7223         66          0        211          0          0          0         50          3
147       7223         64          0        213          0          0          0         52          3
148       7221         58          0        221          0          0          0         46          3
149       7217         58          0        225          0          0          0         43          2
150       7213         58          0        229          0          0          0         40          2
151       7213         57          0        230          0          0          0         42          2
152       7208         62          0        230          0          0          0         44          2
153       7204         63          0        233          0          0          0         44          2
154       7200         59          0        241          0          0          0         36          2
155       7200         58          0        242          0          0          0         37          2
156       7195         61          0        244          0          0          0         39          2
157       7191         63          0        246          0          0          0         41          1
158       7187         65          0        248          0          0          0         39          1
159       7183         65          0        252          0          0          0         40          1
160       7182         65          0        253          0          0          0         43          1
161       7179         66          0        255          0          0          0         45          2
162       7176         65          0        259          0          0          0         41          2
163       7174         65          0        261          0          0          0         44          3
164       7170         65          0        265          0          0          0         44          4
165       7169         64          0        267          0          0          0         46          5
166       7168         65          0        267          0          0          0         50          5
167       7167         63          0        270          0          0          0         48          6
168       7165         64          0        271          0          0          0         50          6
169       7164         62          0        274          0          0          0         50          6
170       7163         60          0        277          0          0          0         49          6
171       7162         60          0        278          0          0          0         52          6
172       7158         63          0        279          0          0          0         52          5
173       7158         62          0        280          0          0          0         52          6
174       7158         62          0        280          0          0          0         53          6
175       7155         59          0        286          0          0          0         49          6
176       7155         56          0        289          0          0          0         47          6
177       7155         53          0        292          0          0          0         45          5
178       7155         50          0        295          0          0          0         43          5
179       7154         47          0        299          0          0          0         43          4
180       7152         48          0        300          0          0          0         42          4
--- ---------- ---------- ---------- ---------- ---------- ---------- ---------- ---------- ----------

Tipo 2
Día     Sanos  Infectados Importados    Curados Desinmuniz    Muertos Inf.Indire   Enfermos Hospitaliz
--- ---------- ---------- ---------- ---------- ---------- ---------- ---------- ---------- ----------
  1      30994          6          0          0          0          0          0          0          0
  2      30994          6          0          0          0          0          0          0          0
  3      30994          6          0          0          0          0          0          0          0
  4      30994          6          0          0          0          0          0          0          0
  5      30992          8          0          0          0          0          0          0          0
  6      30990         10          0          0          0          0          0          0          0
  7      30989         11          0          0          0          0          0          0          0
  8      30985         15          0          0          0          0          0          0          0
  9      30979         21          0          0          0          0          0          0          0
 10      30974         26          0          0          0          0          0          0          0
 11      30955         45          0          0          0          0          0          0          0
 12      30935         65          0          0          0          0          0          2          0
 13      30922         78          0          0          0          0          0          4          0
 14      30907         93          0          0          0          0          0          5          0
 15      30896        104          0          0          0          0          0          9          1
 16      30889        111          0          0          0          0          0         15          2
 17      30877        122          0          1          0          0          0         20          2
 18      30873        126          0          1          0          0          0         39          3
 19      30860        139          0          1          0          0          0         59          5
 20      30846        152          0          2          0          0          0         72          6
 21      30818        179          0          3          0          0          0         86          8
 22      30785        212          0          3          0          0          0         97          8
 23      30744        252          0          4          0          0          0        103         10
 24      30669        326          0          5          0          0          0        114         12
 25      30605        388          0          7          0          0          0        116         10
 26      30530        463          0          7          0          0          0        129         12
 27      30422        568          0         10          0          0          0        140         13
 28      30319        669          0         12          0          0          0        166         18
 29      30199        785          0         16          0          0          0        196         24
 30      30070        914          0         16          0          0          0        237         29
 31      29990        988          0         22          0          0          0        307         34
 32      29934       1038          0         28          0          0          0        369         40
 33      29850       1116          0         34          0          0          0        437         46
 34      29760       1202          0         38          0          0          0        541         56
 35      29684       1270          0         46          0          0          0        635         66
 36      29577       1367          0         56          0          0          0        746         79
 37      29476       1458          0         66          0          0          0        864         90
 38      29376       1544          0         80          0          0          0        930         99
 39      29309       1596          0         95          0          0          0        971        106
 40      29212       1671          0        117          0          0          0       1033        113
 41      29120       1743          0        137          0          0          0       1103        121
 42      29043       1793          0        163          0          1          0       1152        127
 43      28960       1844          0        193          0          3          0       1227        133
 44      28862       1916          0        219          0          3          0       1302        140
 45      28753       1985          0        258          0          4          0       1362        145
 46      28645       2059          0        291          0          5          0       1395        150
 47      28529       2153          0        312          0          6          0       1470        154
 48      28407       2230          0        355          0          8          0       1517        159
 49      28257       2343          0        392          0          8          0       1558        165
 50      28097       2458          0        435          0         10          0       1596        167
 51      27913       2589          0        488          0         10          0       1641        170
 52      27776       2654          0        558          0         12          0       1679        171
 53      27627       2741          0        620          0         12          0       1723        178
 54      27515       2775          0        696          0         14          0       1761        183
 55      27425       2783          0        777          0         15          0       1802        185
 56      27337       2788          0        860          0         15          0       1869        191
 57      27267       2767          0        949          0         17          0       1940        202
 58      27206       2731          0       1041          0         22          0       2025        210
 59      27141       2684          0       1152          0         23          0       2049        212
 60      27090       2636          0       1249          0         25          0       2099        215
 61      27051       2574          0       1349          0         26          0       2110        215
 62      26997       2535          0       1440          0         28          0       2108        210
 63      26940       2518          0       1511          0         31          0       2122        202
 64      26895       2475          0       1597          0         33          0       2103        204
 65      26826       2457          0       1681          0         36          0       2077        196
 66      26775       2416          0       1769          0         40          0       2050        192
 67      26702       2385          0       1871          0         42          0       1997        188
 68      26619       2362          0       1974          0         45          0       1930        184
 69      26522       2345          0       2085          0         48          0       1870        182
 70      26452       2325          0       2172          0         51          0       1837        174
 71      26394       2266          0       2287          0         53          0       1765        172
 72      26339       2212          0       2394          0         55          0       1725        162
 73      26300       2150          0       2493          0         57          0       1675        161
 74      26258       2106          0       2578          0         58          0       1662        160
 75      26213       2037          0       2689          0         61          0       1631        152
 76      26173       1970          0       2794          0         63          0       1621        152
 77      26136       1905          0       2896          0         63          0       1589        146
 78      26092       1820          0       3023          0         65          0       1518        141
 79      26050       1744          0       3140          0         66          0       1455        137
 80      26000       1680          0       3252          0         68          0       1380        129
 81      25978       1597          0       3355          0         70          0       1317        123
 82      25950       1509          0       3469          0         72          0       1246        115
 83      25919       1461          0       3548          0         72          0       1207        111
 84      25902       1394          0       3631          0         73          0       1160        111
 85      25889       1309          0       3728          0         74          0       1106        105
 86      25791       1338          0       3796          0         75          0       1079        103
 87      25711       1348          0       3865          0         76          0       1059        104
 88      25625       1373          0       3924          0         78          0       1020        102
 89      25430       1517          0       3974          0         79          0        997         98
 90      25175       1712          0       4033          0         80          0        968         93
 91      24887       1946          0       4086          0         81          0        931         91
 92      24464       2306          0       4147          0         83          0        882         88
 93      23942       2771          0       4204          0         83          0        925         92
 94      23472       3161          0       4282          0         85          0        924         92
 95      22939       3648          0       4328          0         85          0        964         99
 96      22504       4013          0       4396          0         87          0       1088        109
 97      22242       4218          0       4451          0         89          0       1286        127
 98      22034       4369          0       4508          0         89          0       1518        150
 99      21844       4485          0       4582          0         89          0       1868        189
100      21702       4560          0       4647          0         91          0       2324        242
101      21583       4627          0       4694          0         96          0       2744        294
102      21472       4683          0       4749          0         96          0       3218        344
103      21389       4702          0       4811          0         98          0       3588        379
104      21308       4722          0       4871          0         99          0       3789        411
105      21245       4722          0       4932          0        101          0       3934        419
106      21174       4711          0       5011          0        104          0       4041        436
107      21119       4691          0       5086          0        104          0       4108        445
108      21069       4650          0       5175          0        106          0       4137        445
109      21019       4602          0       5273          0        106          0       4149        451
110      20981       4536          0       5372          0        111          0       4128        452
111      20957       4453          0       5476          0        114          0       4102        448
112      20917       4360          0       5606          0        117          0       4033        440
113      20886       4255          0       5738          0        121          0       3968        437
114      20852       4139          0       5886          0        123          0       3872        422
115      20817       4027          0       6031          0        125          0       3775        409
116      20781       3906          0       6186          0        127          0       3668        399
117      20750       3713          0       6408          0        129          0       3482        386
118      20722       3526          0       6621          0        131          0       3291        357
119      20684       3334          0       6845          0        137          0       3101        337
120      20660       3103          0       7093          0        144          0       2877        318
121      20639       2851          0       7361          0        149          0       2638        292
122      20622       2580          0       7646          0        152          0       2385        263
123      20595       2331          0       7918          0        156          0       2145        235
124      20571       2023          0       8239          0        167          0       1844        198
125      20554       1783          0       8492          0        171          0       1615        171
126      20531       1506          0       8789          0        174          0       1353        142
127      20519       1293          0       9007          0        181          0       1152        124
128      20500       1129          0       9187          0        184          0        990        101
129      20487       1011          0       9315          0        187          0        876         91
130      20473        934          0       9405          0        188          0        812         78
131      20463        854          0       9492          0        191          0        746         73
132      20457        796          0       9554          0        193          0        699         70
133      20445        750          0       9611          0        194          0        664         64
134      20438        694          0       9672          0        196          0        613         59
135      20431        636          0       9736          0        197          0        567         55
136      20421        601          0       9781          0        197          0        535         53
137      20412        563          0       9828          0        197          0        502         48
138      20411        526          0       9864          0        199          0        474         46
139      20402        498          0       9901          0        199          0        443         43
140      20400        466          0       9934          0        200          0        421         39
141      20394        443          0       9962          0        201          0        399         37
142      20387        420          0       9992          0        201          0        376         35
143      20384        396          0      10016          0        204          0        359         31
144      20380        369          0      10047          0        204          0        337         27
145      20372        342          0      10081          0        205          0        303         24
146      20372        316          0      10107          0        205          0        286         20
147      20370        296          0      10129          0        205          0        266         20
148      20368        269          0      10158          0        205          0        243         19
149      20362        253          0      10180          0        205          0        228         19
150      20360        234          0      10200          0        206          0        210         17
151      20354        218          0      10221          0        207          0        192         17
152      20352        199          0      10242          0        207          0        179         16
153      20350        186          0      10257          0        207          0        164         16
154      20347        169          0      10277          0        207          0        146         15
155      20346        159          0      10288          0        207          0        137         14
156      20341        144          0      10308          0        207          0        123         14
157      20339        135          0      10319          0        207          0        114         12
158      20337        117          0      10339          0        207          0        100         10
159      20336        114          0      10343          0        207          0         98         10
160      20335        110          0      10348          0        207          0         95         10
161      20335        101          0      10357          0        207          0         89         12
162      20334         95          0      10363          0        208          0         83         10
163      20330         92          0      10370          0        208          0         81          9
164      20330         85          0      10377          0        208          0         76          9
165      20328         82          0      10382          0        208          0         73          8
166      20326         78          0      10388          0        208          0         68          7
167      20325         70          0      10396          0        209          0         60          7
168      20324         66          0      10401          0        209          0         55          7
169      20323         63          0      10405          0        209          0         52          6
170      20322         59          0      10410          0        209          0         51          7
171      20322         56          0      10413          0        209          0         48          7
172      20322         53          0      10416          0        209          0         47          7
173      20320         53          0      10418          0        209          0         47          7
174      20320         53          0      10418          0        209          0         48          7
175      20319         50          0      10422          0        209          0         45          7
176      20319         42          0      10430          0        209          0         38          4
177      20317         40          0      10434          0        209          0         35          4
178      20317         38          0      10435          0        210          0         33          4
179      20317         36          0      10437          0        210          0         31          4
180      20314         35          0      10441          0        210          0         29          3
--- ---------- ---------- ---------- ---------- ---------- ---------- ---------- ---------- ----------

Tipo 3
Día     Sanos  Infectados Importados    Curados Desinmuniz    Muertos Inf.Indire   Enfermos Hospitaliz
--- ---------- ---------- ---------- ---------- ---------- ---------- ---------- ---------- ----------
  1       2500          0          0          0          0          0          0          0          0
  2       2500          0          0          0          0          0          0          0          0
  3       2500          0          0          0          0          0          0          0          0
  4       2499          1          0          0          0          0          0          0          0
  5       2499          1          0          0          0          0          0          0          0
  6       2498          2          0          0          0          0          0          0          0
  7       2498          2          0          0          0          0          0          0          0
  8       2498          2          0          0          0          0          0          0          0
  9       2498          2          0          0          0          0          0          0          0
 10       2498          2          0          0          0          0          0          0          0
 11       2498          2          0          0          0          0          0          1          0
 12       2497          3          0          0          0          0          0          1          0
 13       2497          3          0          0          0          0          0          2          1
 14       2497          3          0          0          0          0          0          2          1
 15       2496          4          0          0          0          0          0          2          1
 16       2496          4          0          0          0          0          0          2          1
 17       2495          5          0          0          0          0          0          2          1
 18       2490         10          0          0          0          0          0          2          1
 19       2484         16          0          0          0          0          0          3          1
 20       2479         21          0          0          0          0          0          3          1
 21       2475         25          0          0          0          0          0          3          1
 22       2474         26          0          0          0          0          0          4          1
 23       2470         30          0          0          0          0          0          4          1
 24       2463         36          0          0          0          1          0          4          1
 25       2457         42          0          0          0          1          0          9          1
 26       2450         49          0          0          0          1          0         15          2
 27       2438         61          0          0          0          1          0         20          4
 28       2433         66          0          0          0          1          0         24          5
 29       2424         75          0          0          0          1          0         25          5
 30       2411         88          0          0          0          1          0         29          5
 31       2352        147          0          0          0          1          0         36          5
 32       2337        160          0          2          0          1          0         40          4
 33       2323        174          0          2          0          1          0         47          4
 34       2298        199          0          2          0          1          0         59          7
 35       2231        266          0          2          0          1          0         64          7
 36       2208        289          0          2          0          1          0         73          8
 37       2181        316          0          2          0          1          0         86         11
 38       2158        338          0          3          0          1          0        144         16
 39       2124        372          0          3          0          1          0        159         17
 40       2094        398          0          7          0          1          0        169         17
 41       2071        416          0         11          0          2          0        190         17
 42       2043        440          0         14          0          3          0        252         25
 43       2015        464          0         18          0          3          0        271         29
 44       1988        489          0         20          0          3          0        296         32
 45       1959        516          0         22          0          3          0        317         37
 46       1916        556          0         24          0          4          0        348         41
 47       1882        587          0         27          0          4          0        375         44
 48       1842        623          0         31          0          4          0        394         45
 49       1798        658          0         40          0          4          0        413         48
 50       1756        688          0         48          0          8          0        429         46
 51       1726        705          0         59          0         10          0        443         45
 52       1692        728          0         69          0         11          0        461         49
 53       1658        742          0         85          0         15          0        484         52
 54       1624        761          0         97          0         18          0        503         54
 55       1586        779          0        113          0         22          0        523         56
 56       1546        799          0        130          0         25          0        549         61
 57       1510        814          0        148          0         28          0        569         64
 58       1464        838          0        166          0         32          0        576         61
 59       1413        872          0        183          0         32          0        593         63
 60       1370        895          0        197          0         38          0        607         62
 61       1328        916          0        216          0         40          0        620         65
 62       1294        911          0        249          0         46          0        619         65
 63       1255        935          0        263          0         47          0        644         67
 64       1219        940          0        290          0         51          0        649         69
 65       1189        938          0        318          0         55          0        664         68
 66       1161        916          0        362          0         61          0        665         69
 67       1136        909          0        392          0         63          0        675         72
 68       1117        891          0        423          0         69          0        680         70
 69       1090        894          0        444          0         72          0        690         66
 70       1068        888          0        468          0         76          0        701         68
 71       1054        870          0        494          0         82          0        705         67
 72       1033        861          0        522          0         84          0        705         67
 73       1012        850          0        548          0         90          0        701         63
 74        998        823          0        585          0         94          0        685         61
 75        983        807          0        608          0        102          0        673         58
 76        966        787          0        641          0        106          0        663         54
 77        949        777          0        665          0        109          0        658         53
 78        928        760          0        697          0        115          0        634         50
 79        911        746          0        725          0        118          0        624         49
 80        898        723          0        754          0        125          0        609         45
 81        882        702          0        785          0        131          0        586         44
 82        874        680          0        809          0        137          0        571         41
 83        864        645          0        846          0        145          0        543         37
 84        858        611          0        882          0        149          0        520         36
 85        845        584          0        916          0        155          0        501         32
 86        760        636          0        944          0        160          0        485         33
 87        753        609          0        972          0        166          0        464         32
 88        744        576          0       1008          0        172          0        438         28
 89        737        548          0       1036          0        179          0        411         24
 90        725        518          0       1071          0        186          0        379         22
 91        710        492          0       1103          0        195          0        344         18
 92        698        479          0       1121          0        202          0        332         17
 93        682        467          0       1143          0        208          0        390         22
 94        669        455          0       1163          0        213          0        371         21
 95        653        448          0       1180          0        219          0        357         18
 96        636        450          0       1191          0        223          0        349         18
 97        615        448          0       1211          0        226          0        338         19
 98        586        456          0       1229          0        229          0        332         20
 99        554        467          0       1246          0        233          0        323         20
100        530        477          0       1258          0        235          0        325         22
101        497        492          0       1273          0        238          0        320         22
102        465        510          0       1285          0        240          0        322         22
103        450        510          0       1297          0        243          0        324         22
104        428        507          0       1317          0        248          0        320         22
105        415        504          0       1332          0        249          0        333         24
106        399        509          0       1343          0        249          0        354         31
107        381        508          0       1359          0        252          0        359         31
108        364        511          0       1367          0        258          0        378         35
109        335        517          0       1386          0        262          0        387         37
110        324        513          0       1399          0        264          0        387         35
111        311        510          0       1413          0        266          0        394         38
112        300        499          0       1430          0        271          0        385         41
113        288        496          0       1443          0        273          0        385         43
114        274        496          0       1455          0        275          0        389         45
115        265        491          0       1463          0        281          0        392         45
116        252        487          0       1474          0        287          0        404         42
117        242        455          0       1514          0        289          0        373         39
118        240        445          0       1524          0        291          0        374         41
119        229        437          0       1540          0        294          0        366         41
120        223        428          0       1554          0        295          0        363         39
121        220        408          0       1575          0        297          0        354         37
122        212        401          0       1589          0        298          0        348         36
123        209        386          0       1605          0        300          0        343         34
124        203        373          0       1620          0        304          0        334         32
125        199        360          0       1634          0        307          0        319         28
126        194        341          0       1653          0        312          0        306         30
127        192        326          0       1669          0        313          0        295         29
128        190        308          0       1686          0        316          0        278         28
129        186        296          0       1698          0        320          0        270         28
130        184        272          0       1720          0        324          0        247         25
131        182        255          0       1736          0        327          0        234         23
132        180        235          0       1755          0        330          0        216         21
133        175        216          0       1777          0        332          0        197         18
134        174        195          0       1797          0        334          0        177         17
135        172        179          0       1810          0        339          0        161         16
136        172        165          0       1823          0        340          0        151         16
137        171        148          0       1839          0        342          0        135         15
138        170        132          0       1852          0        346          0        120         13
139        169        120          0       1863          0        348          0        109         13
140        166        104          0       1878          0        352          0         95         11
141        165         99          0       1884          0        352          0         90          9
142        165         91          0       1891          0        353          0         84          9
143        163         88          0       1895          0        354          0         79          9
144        163         79          0       1902          0        356          0         71          5
145        163         73          0       1908          0        356          0         66          6
146        162         66          0       1914          0        358          0         59          6
147        160         66          0       1916          0        358          0         60          6
148        158         60          0       1923          0        359          0         53          6
149        158         57          0       1926          0        359          0         50          6
150        158         51          0       1931          0        360          0         46          6
151        158         48          0       1934          0        360          0         43          6
152        158         45          0       1937          0        360          0         40          5
153        158         41          0       1939          0        362          0         37          5
154        158         37          0       1942          0        363          0         35          5
155        157         33          0       1946          0        364          0         32          4
156        157         30          0       1949          0        364          0         29          4
157        157         27          0       1952          0        364          0         26          4
158        157         23          0       1954          0        366          0         22          3
159        155         23          0       1956          0        366          0         20          3
160        154         21          0       1959          0        366          0         17          3
161        153         21          0       1959          0        367          0         16          3
162        152         21          0       1959          0        368          0         16          3
163        152         19          0       1961          0        368          0         14          3
164        152         17          0       1962          0        369          0         12          1
165        152         16          0       1963          0        369          0         11          1
166        152         14          0       1965          0        369          0         11          0
167        151         15          0       1965          0        369          0         12          0
168        151         15          0       1965          0        369          0         13          0
169        151         14          0       1966          0        369          0         13          1
170        150         13          0       1967          0        370          0         11          1
171        150         12          0       1967          0        371          0         10          1
172        149         11          0       1969          0        371          0          8          1
173        149         11          0       1969          0        371          0          8          1
174        149         11          0       1969          0        371          0          9          1
175        149         11          0       1969          0        371          0          9          1
176        149         10          0       1970          0        371          0          8          1
177        149          9          0       1971          0        371          0          8          1
178        149          9          0       1971          0        371          0          8          1
179        149          9          0       1971          0        371          0          9          1
180        149          9          0       1971          0        371          0          9          1
--- ---------- ---------- ---------- ---------- ---------- ---------- ---------- ---------- ----------

Tipo 4
Día     Sanos  Infectados Importados    Curados Desinmuniz    Muertos Inf.Indire   Enfermos Hospitaliz
--- ---------- ---------- ---------- ---------- ---------- ---------- ---------- ---------- ----------
  1       6998          2          0          0          0          0          0          0          0
  2       6998          2          0          0          0          0          0          0          0
  3       6998          2          0          0          0          0          0          0          0
  4       6998          2          0          0          0          0          0          0          0
  5       6998          2          0          0          0          0          0          0          0
  6       6998          2          0          0          0          0          0          0          0
  7       6998          2          0          0          0          0          0          0          0
  8       6998          2          0          0          0          0          0          0          0
  9       6998          2          0          0          0          0          0          0          0
 10       6997          3          0          0          0          0          0          0          0
 11       6997          3          0          0          0          0          0          0          0
 12       6996          4          0          0          0          0          0          0          0
 13       6994          6          0          0          0          0          0          0          0
 14       6992          8          0          0          0          0          0          0          0
 15       6991          9          0          0          0          0          0          0          0
 16       6986         14          0          0          0          0          0          0          0
 17       6985         15          0          0          0          0          0          1          0
 18       6981         19          0          0          0          0          0          1          0
 19       6972         28          0          0          0          0          0          2          0
 20       6965         35          0          0          0          0          0          4          1
 21       6958         42          0          0          0          0          0          6          1
 22       6953         47          0          0          0          0          0          7          1
 23       6949         51          0          0          0          0          0         12          1
 24       6943         57          0          0          0          0          0         13          1
 25       6935         65          0          0          0          0          0         17          1
 26       6924         75          0          1          0          0          0         26          1
 27       6913         85          0          1          0          1          0         32          1
 28       6892        106          0          1          0          1          0         39          1
 29       6874        122          0          2          0          2          0         42          3
 30       6850        145          0          3          0          2          0         45          3
 31       6811        183          0          4          0          2          0         51          3
 32       6772        220          0          5          0          3          0         57          4
 33       6669        322          0          5          0          4          0         67          6
 34       6599        391          0          5          0          5          0         77          7
 35       6557        432          0          6          0          5          0         97         10
 36       6493        494          0          7          0          6          0        113         11
 37       6456        530          0          7          0          7          0        136         14
 38       6413        572          0          8          0          7          0        174         19
 39       6334        649          0         10          0          7          0        211         22
 40       6286        695          0         12          0          7          0        312         37
 41       6238        739          0         13          0         10          0        378         46
 42       6194        778          0         17          0         11          0        415         51
 43       6142        823          0         24          0         11          0        473         54
 44       6100        861          0         26          0         13          0        506         59
 45       6059        889          0         35          0         17          0        536         63
 46       6016        925          0         41          0         18          0        608         72
 47       5971        960          0         48          0         21          0        645         74
 48       5895       1027          0         53          0         25          0        684         75
 49       5836       1076          0         59          0         29          0        718         82
 50       5774       1125          0         70          0         31          0        757         87
 51       5718       1166          0         83          0         33          0        784         88
 52       5657       1209          0         95          0         39          0        807         92
 53       5602       1244          0        108          0         46          0        830         92
 54       5553       1268          0        124          0         55          0        850         96
 55       5508       1289          0        140          0         63          0        902        104
 56       5410       1368          0        150          0         72          0        942        106
 57       5329       1416          0        171          0         84          0        971        108
 58       5249       1456          0        193          0        102          0        988        110
 59       5173       1497          0        216          0        114          0       1014        110
 60       5107       1510          0        259          0        124          0       1016        109
 61       5040       1543          0        288          0        129          0       1030        109
 62       4966       1575          0        317          0        142          0       1033        107
 63       4895       1594          0        353          0        158          0       1079        108
 64       4842       1561          0        410          0        187          0       1074        102
 65       4781       1569          0        450          0        200          0       1101        106
 66       4717       1578          0        487          0        218          0       1122        104
 67       4668       1580          0        522          0        230          0       1141        104
 68       4616       1582          0        557          0        245          0       1158        101
 69       4566       1584          0        590          0        260          0       1184        100
 70       4512       1576          0        640          0        272          0       1193        101
 71       4473       1562          0        683          0        282          0       1193        102
 72       4430       1557          0        721          0        292          0       1206        103
 73       4396       1529          0        762          0        313          0       1208        104
 74       4356       1508          0        805          0        331          0       1196         98
 75       4330       1469          0        851          0        350          0       1184        100
 76       4282       1469          0        886          0        363          0       1186        102
 77       4239       1466          0        923          0        372          0       1193        107
 78       4200       1442          0        967          0        391          0       1169        106
 79       4172       1406          0       1007          0        415          0       1148        106
 80       4131       1377          0       1057          0        435          0       1112        109
 81       4104       1350          0       1093          0        453          0       1098        108
 82       4086       1288          0       1153          0        473          0       1044        101
 83       4063       1251          0       1191          0        495          0       1032        103
 84       4040       1214          0       1236          0        510          0       1015        106
 85       4011       1188          0       1277          0        524          0        999        109
 86       3814       1329          0       1316          0        541          0        971        108
 87       3761       1301          0       1378          0        560          0        931        105
 88       3734       1263          0       1426          0        577          0        893        108
 89       3683       1248          0       1468          0        601          0        845         99
 90       3653       1216          0       1506          0        625          0        806         97
 91       3620       1189          0       1552          0        639          0        769         92
 92       3592       1160          0       1599          0        649          0        741         92
 93       3554       1133          0       1642          0        671          0        873        106
 94       3515       1115          0       1680          0        690          0        869        102
 95       3470       1110          0       1717          0        703          0        846         95
 96       3418       1116          0       1746          0        720          0        851         97
 97       3359       1130          0       1784          0        727          0        836         93
 98       3291       1162          0       1813          0        734          0        833         93
 99       3222       1187          0       1840          0        751          0        817         91
100       3144       1224          0       1870          0        762          0        814         93
101       3075       1250          0       1899          0        776          0        810         93
102       3017       1271          0       1929          0        783          0        818         95
103       2957       1269          0       1975          0        799          0        808         92
104       2894       1291          0       1999          0        816          0        826         90
105       2815       1328          0       2027          0        830          0        852         84
106       2758       1350          0       2051          0        841          0        887         85
107       2701       1363          0       2086          0        850          0        920         83
108       2647       1382          0       2109          0        862          0        954         85
109       2612       1374          0       2139          0        875          0        969         84
110       2562       1390          0       2167          0        881          0        995         83
111       2513       1397          0       2194          0        896          0       1016         85
112       2468       1393          0       2229          0        910          0       1046         87
113       2434       1367          0       2275          0        924          0       1043         87
114       2398       1369          0       2299          0        934          0       1066         91
115       2357       1356          0       2331          0        956          0       1066         88
116       2319       1343          0       2371          0        967          0       1050         90
117       2293       1280          0       2427          0       1000          0       1011         90
118       2264       1260          0       2457          0       1019          0       1011         92
119       2217       1276          0       2480          0       1027          0       1025         94
120       2185       1256          0       2514          0       1045          0       1007         92
121       2155       1244          0       2545          0       1056          0       1001         94
122       2128       1222          0       2574          0       1076          0        993         92
123       2109       1201          0       2601          0       1089          0        991         94
124       2087       1155          0       2654          0       1104          0        949         91
125       2076       1127          0       2682          0       1115          0        939         87
126       2066       1082          0       2720          0       1132          0        931         83
127       2051       1045          0       2758          0       1146          0        911         82
128       2038       1000          0       2800          0       1162          0        883         81
129       2027        952          0       2841          0       1180          0        851         84
130       2011        920          0       2871          0       1198          0        822         81
131       2001        847          0       2923          0       1229          0        761         75
132       1994        785          0       2975          0       1246          0        703         73
133       1980        755          0       3009          0       1256          0        669         70
134       1972        705          0       3048          0       1275          0        626         64
135       1965        660          0       3081          0       1294          0        587         61
136       1961        615          0       3118          0       1306          0        549         60
137       1956        576          0       3152          0       1316          0        521         57
138       1952        546          0       3175          0       1327          0        497         53
139       1947        516          0       3198          0       1339          0        469         49
140       1944        475          0       3232          0       1349          0        439         44
141       1942        435          0       3260          0       1363          0        405         37
142       1936        401          0       3291          0       1372          0        372         33
143       1932        376          0       3307          0       1385          0        347         31
144       1926        357          0       3326          0       1391          0        327         31
145       1922        329          0       3347          0       1402          0        299         28
146       1918        301          0       3370          0       1411          0        272         25
147       1913        279          0       3389          0       1419          0        248         23
148       1912        262          0       3400          0       1426          0        232         21
149       1911        232          0       3421          0       1436          0        207         18
150       1910        215          0       3435          0       1440          0        193         18
151       1907        198          0       3449          0       1446          0        179         20
152       1906        177          0       3463          0       1454          0        161         18
153       1901        166          0       3474          0       1459          0        149         16
154       1898        158          0       3482          0       1462          0        143         15
155       1897        146          0       3491          0       1466          0        131         15
156       1896        140          0       3496          0       1468          0        125         13
157       1895        128          0       3501          0       1476          0        113         13
158       1891        119          0       3511          0       1479          0        103         11
159       1888        109          0       3521          0       1482          0         91          8
160       1885        105          0       3526          0       1484          0         89          8
161       1882         97          0       3534          0       1487          0         81          6
162       1880         91          0       3539          0       1490          0         74          6
163       1879         87          0       3543          0       1491          0         70          7
164       1876         83          0       3547          0       1494          0         64          7
165       1876         79          0       3548          0       1497          0         64          6
166       1876         69          0       3554          0       1501          0         57          6
167       1876         68          0       3555          0       1501          0         59          6
168       1874         65          0       3557          0       1504          0         57          5
169       1874         58          0       3563          0       1505          0         52          6
170       1873         56          0       3566          0       1505          0         50          6
171       1873         52          0       3569          0       1506          0         49          6
172       1872         51          0       3571          0       1506          0         47          5
173       1872         49          0       3572          0       1507          0         45          5
174       1872         48          0       3573          0       1507          0         44          5
175       1872         44          0       3576          0       1508          0         42          5
176       1871         42          0       3578          0       1509          0         39          5
177       1871         39          0       3581          0       1509          0         37          5
178       1869         36          0       3585          0       1510          0         32          5
179       1869         35          0       3585          0       1511          0         32          5
180       1869         33          0       3585          0       1513          0         30          4
--- ---------- ---------- ---------- ---------- ---------- ---------- ---------- ---------- ----------

