17/04/2020 23:51:58

Cambio de condiciones el día 0
Fichero de grupos            C:\Contagio\Casos\grupos_gi.ggg
Número de clusters           125
Próximo cambio en            40 días

                        - Edad-      %     % Factor B    Días         %      Num.Pasos      %                          %      Individuos 
Grupo            Género Min Max   Gravedad   Contagio  Duración    Curación   Min   Max Individuos   Individuos     clusters    cluster  
---------------- ------ --- --- ---------- ---------- ---------- ---------- ----- ----- ---------- ------------ ------------ ------------
nene                  0   0   4     100,00       2,00      30,00     100,00    70    90       4,00            0          4,0           40
menor                 1   5  19     100,00       4,00      30,00     100,00    80   120      15,00            0         15,0           60
adulto                2  20  64     100,00      30,00      30,00      98,00    80   120      62,00            0         62,0          100
jubilado              3  65  69     100,00    4500,00      30,00      85,00    80   120       5,00            0          5,0           50
mayor                 4  70 150     100,00    2000,00      30,00      70,00    20    30      14,00            0         14,0           40
---------------- ------ --- --- ---------- ---------- ---------- ---------- ----- ----- ---------- ------------ ------------ ------------

Situación inicial

Cluster GID Grupo                Individuos     Sanos  Infectados    Curados Desinmuniz    Muertos
------- --- -------------------- ---------- ---------- ---------- ---------- ---------- ----------
      1   0 nene                         40         40          0          0          0          0
      2   0 nene                         40         40          0          0          0          0
      3   0 nene                         40         40          0          0          0          0
      4   0 nene                         40         40          0          0          0          0
      5   0 nene                         40         40          0          0          0          0
      6   1 menor                        60         60          0          0          0          0
      7   1 menor                        60         60          0          0          0          0
      8   1 menor                        60         60          0          0          0          0
      9   1 menor                        60         60          0          0          0          0
     10   1 menor                        60         60          0          0          0          0
     11   1 menor                        60         60          0          0          0          0
     12   1 menor                        60         60          0          0          0          0
     13   1 menor                        60         60          0          0          0          0
     14   1 menor                        60         60          0          0          0          0
     15   1 menor                        60         60          0          0          0          0
     16   1 menor                        60         60          0          0          0          0
     17   1 menor                        60         60          0          0          0          0
     18   1 menor                        60         60          0          0          0          0
     19   1 menor                        60         60          0          0          0          0
     20   1 menor                        60         60          0          0          0          0
     21   1 menor                        60         60          0          0          0          0
     22   1 menor                        60         60          0          0          0          0
     23   1 menor                        60         60          0          0          0          0
     24   2 adulto                      100        100          0          0          0          0
     25   2 adulto                      100        100          0          0          0          0
     26   2 adulto                      100        100          0          0          0          0
     27   2 adulto                      100        100          0          0          0          0
     28   2 adulto                      100        100          0          0          0          0
     29   2 adulto                      100        100          0          0          0          0
     30   2 adulto                      100        100          0          0          0          0
     31   2 adulto                      100        100          0          0          0          0
     32   2 adulto                      100        100          0          0          0          0
     33   2 adulto                      100        100          0          0          0          0
     34   2 adulto                      100        100          0          0          0          0
     35   2 adulto                      100        100          0          0          0          0
     36   2 adulto                      100        100          0          0          0          0
     37   2 adulto                      100        100          0          0          0          0
     38   2 adulto                      100        100          0          0          0          0
     39   2 adulto                      100        100          0          0          0          0
     40   2 adulto                      100        100          0          0          0          0
     41   2 adulto                      100        100          0          0          0          0
     42   2 adulto                      100        100          0          0          0          0
     43   2 adulto                      100        100          0          0          0          0
     44   2 adulto                      100        100          0          0          0          0
     45   2 adulto                      100        100          0          0          0          0
     46   2 adulto                      100        100          0          0          0          0
     47   2 adulto                      100         99          1          0          0          0
     48   2 adulto                      100        100          0          0          0          0
     49   2 adulto                      100        100          0          0          0          0
     50   2 adulto                      100        100          0          0          0          0
     51   2 adulto                      100        100          0          0          0          0
     52   2 adulto                      100        100          0          0          0          0
     53   2 adulto                      100        100          0          0          0          0
     54   2 adulto                      100        100          0          0          0          0
     55   2 adulto                      100        100          0          0          0          0
     56   2 adulto                      100        100          0          0          0          0
     57   2 adulto                      100        100          0          0          0          0
     58   2 adulto                      100        100          0          0          0          0
     59   2 adulto                      100        100          0          0          0          0
     60   2 adulto                      100        100          0          0          0          0
     61   2 adulto                      100        100          0          0          0          0
     62   2 adulto                      100        100          0          0          0          0
     63   2 adulto                      100        100          0          0          0          0
     64   2 adulto                      100        100          0          0          0          0
     65   2 adulto                      100        100          0          0          0          0
     66   2 adulto                      100        100          0          0          0          0
     67   2 adulto                      100        100          0          0          0          0
     68   2 adulto                      100        100          0          0          0          0
     69   2 adulto                      100        100          0          0          0          0
     70   2 adulto                      100        100          0          0          0          0
     71   2 adulto                      100        100          0          0          0          0
     72   2 adulto                      100        100          0          0          0          0
     73   2 adulto                      100        100          0          0          0          0
     74   2 adulto                      100        100          0          0          0          0
     75   2 adulto                      100        100          0          0          0          0
     76   2 adulto                      100        100          0          0          0          0
     77   2 adulto                      100        100          0          0          0          0
     78   2 adulto                      100        100          0          0          0          0
     79   2 adulto                      100        100          0          0          0          0
     80   2 adulto                      100        100          0          0          0          0
     81   2 adulto                      100        100          0          0          0          0
     82   2 adulto                      100        100          0          0          0          0
     83   2 adulto                      100        100          0          0          0          0
     84   2 adulto                      100        100          0          0          0          0
     85   2 adulto                      100        100          0          0          0          0
     86   2 adulto                      100        100          0          0          0          0
     87   2 adulto                      100        100          0          0          0          0
     88   2 adulto                      100        100          0          0          0          0
     89   2 adulto                      100        100          0          0          0          0
     90   2 adulto                      100        100          0          0          0          0
     91   2 adulto                      100        100          0          0          0          0
     92   2 adulto                      100        100          0          0          0          0
     93   2 adulto                      100        100          0          0          0          0
     94   2 adulto                      100        100          0          0          0          0
     95   2 adulto                      100        100          0          0          0          0
     96   2 adulto                      100        100          0          0          0          0
     97   2 adulto                      100        100          0          0          0          0
     98   2 adulto                      100        100          0          0          0          0
     99   2 adulto                      100        100          0          0          0          0
------- --- -------------------- ---------- ---------- ---------- ---------- ---------- ----------
                                       8880       8879          1          0          0          0

18/04/2020 03:20:55

Cambio de condiciones el día 40
Fichero de grupos            C:\Contagio\Casos\grupos_gi_m1.ggg
Número de clusters           50
Próximo cambio en            25 días

                        - Edad-      %     % Factor B    Días         %      Num.Pasos      %                          %      Individuos 
Grupo            Género Min Max   Gravedad   Contagio  Duración    Curación   Min   Max Individuos   Individuos     clusters    cluster  
---------------- ------ --- --- ---------- ---------- ---------- ---------- ----- ----- ---------- ------------ ------------ ------------
nene                  0   0   4     100,00       2,00      30,00     100,00    50    70       4,00        2.000          4,0           40
menor                 1   5  19     100,00       4,00      30,00     100,00    60    90      15,00        7.500         15,0           60
adulto                2  20  64     100,00      30,00      30,00      98,00    60    90      62,00       31.000         62,0          100
jubilado              3  65  69     100,00    4500,00      30,00      85,00    60    90       5,00        2.500          5,0           50
mayor                 4  70 150     100,00    2000,00      30,00      70,00    15    22      14,00        7.000         14,0           40
---------------- ------ --- --- ---------- ---------- ---------- ---------- ----- ----- ---------- ------------ ------------ ------------

                                                       -------------- Dentro y fuera ------------- -------- Dentro -----      %
Cluster GID Grupo                Individuos      Sanos Infectados    Curados Desinmuniz    Muertos   Intentos Infectados   Aciertos
------- --- -------------------- ---------- ---------- ---------- ---------- ---------- ---------- ---------- ---------- ----------
      1   0 nene                         40         40          0          0          0          0          0          0       0,00
      2   0 nene                         40         40          0          0          0          0          0          0       0,00
      3   1 menor                        60         60          0          0          0          0          0          0       0,00
      4   1 menor                        60         60          0          0          0          0          0          0       0,00
      5   1 menor                        60         60          0          0          0          0          0          0       0,00
      6   1 menor                        60         60          0          0          0          0          0          0       0,00
      7   1 menor                        60         60          0          0          0          0          0          0       0,00
      8   1 menor                        60         60          0          0          0          0          0          0       0,00
      9   1 menor                        60         60          0          0          0          0          0          0       0,00
     10   2 adulto                      100        100          0          0          0          0          0          0       0,00
     11   2 adulto                      100        100          0          0          0          0          0          0       0,00
     12   2 adulto                      100        100          0          0          0          0          0          0       0,00
     13   2 adulto                      100          0        100          0          0          0          0          0       0,00
     14   2 adulto                      100        100          0          0          0          0          0          0       0,00
     15   2 adulto                      100        100          0          0          0          0          0          0       0,00
     16   2 adulto                      100        100          0          0          0          0          0          0       0,00
     17   2 adulto                      100          0         98          2          0          0          0          0       0,00
     18   2 adulto                      100        100          0          0          0          0          0          0       0,00
     19   2 adulto                      100        100          0          0          0          0          0          0       0,00
     20   2 adulto                      100        100          0          0          0          0          0          0       0,00
     21   2 adulto                      100         98          2          0          0          0          0          0       0,00
     22   2 adulto                      100         99          1          0          0          0          0          0       0,00
     23   2 adulto                      100        100          0          0          0          0          0          0       0,00
     24   2 adulto                      100         98          2          0          0          0          0          0       0,00
     25   2 adulto                      100        100          0          0          0          0          0          0       0,00
     26   2 adulto                      100        100          0          0          0          0          0          0       0,00
     27   2 adulto                      100        100          0          0          0          0      10314         99       0,96
     28   2 adulto                      100        100          0          0          0          0          0          0       0,00
     29   2 adulto                      100         99          1          0          0          0          0          0       0,00
     30   2 adulto                      100         97          3          0          0          0          0          0       0,00
     31   2 adulto                      100         65         35          0          0          0      12751         99       0,78
     32   2 adulto                      100         63         37          0          0          0          0          0       0,00
     33   2 adulto                      100          0         31         67          0          2          0          0       0,00
     34   2 adulto                      100         99          1          0          0          0          0          0       0,00
     35   2 adulto                      100        100          0          0          0          0          0          0       0,00
     36   2 adulto                      100        100          0          0          0          0          0          0       0,00
     37   2 adulto                      100         94          6          0          0          0          0          0       0,00
     38   2 adulto                      100         14         85          1          0          0        197          1       0,51
     39   2 adulto                      100        100          0          0          0          0          0          0       0,00
     40   2 adulto                      100          0         84         13          0          3          0          0       0,00
     41   3 jubilado                     50         49          1          0          0          0          0          0       0,00
     42   3 jubilado                     50         45          5          0          0          0          0          0       0,00
     43   4 mayor                        40         40          0          0          0          0          0          0       0,00
     44   4 mayor                        40         37          3          0          0          0        198          2       1,01
     45   4 mayor                        40         37          3          0          0          0       3492         32       0,92
     46   4 mayor                        40         39          1          0          0          0       2986         36       1,21
     47   4 mayor                        40         39          1          0          0          0       9973         99       0,99
     48   4 mayor                        40         38          1          1          0          0          0          0       0,00
     49   4 mayor                        40         38          2          0          0          0          0          0       0,00
------- --- -------------------- ---------- ---------- ---------- ---------- ---------- ---------- ---------- ---------- ----------
                                       3980       3388        503         84          0          5      39911        368       0,92

18/04/2020 04:54:03

Cambio de condiciones el día 65
Fichero de grupos            C:\Contagio\Casos\grupos_gi_m2.ggg
Número de clusters           25
No hay próximos cambios

                        - Edad-      %     % Factor B    Días         %      Num.Pasos      %                          %      Individuos 
Grupo            Género Min Max   Gravedad   Contagio  Duración    Curación   Min   Max Individuos   Individuos     clusters    cluster  
---------------- ------ --- --- ---------- ---------- ---------- ---------- ----- ----- ---------- ------------ ------------ ------------
nene                  0   0   4     100,00       2,00      30,00     100,00    70    90       4,00        2.000          4,0           40
menor                 1   5  19     100,00       4,00      30,00     100,00    80   120      15,00        7.500         15,0           60
adulto                2  20  64     100,00      30,00      30,00      98,00    80   120      62,00       31.000         62,0          100
jubilado              3  65  69     100,00    4500,00      30,00      85,00    80   120       5,00        2.500          5,0           50
mayor                 4  70 150     100,00    2000,00      30,00      70,00    20    30      14,00        7.000         14,0           40
---------------- ------ --- --- ---------- ---------- ---------- ---------- ----- ----- ---------- ------------ ------------ ------------

                                                       -------------- Dentro y fuera ------------- -------- Dentro -----      %
Cluster GID Grupo                Individuos      Sanos Infectados    Curados Desinmuniz    Muertos   Intentos Infectados   Aciertos
------- --- -------------------- ---------- ---------- ---------- ---------- ---------- ---------- ---------- ---------- ----------
      1   0 nene                         40         40          0          0          0          0          0          0       0,00
      2   1 menor                        60         60          0          0          0          0          0          0       0,00
      3   1 menor                        60         58          2          0          0          0          0          0       0,00
      4   1 menor                        60         58          2          0          0          0       1753          1       0,06
      5   2 adulto                      100         95          5          0          0          0        700          1       0,14
      6   2 adulto                      100          4         95          1          0          0          0          0       0,00
      7   2 adulto                      100          4         96          0          0          0          0          0       0,00
      8   2 adulto                      100          0         19         80          0          1       1057          1       0,09
      9   2 adulto                      100          0         96          4          0          0          0          0       0,00
     10   2 adulto                      100          6         93          1          0          0        388          3       0,77
     11   2 adulto                      100          0         97          3          0          0      14027         95       0,68
     12   2 adulto                      100          0          0         95          0          5      11424         93       0,81
     13   2 adulto                      100         67         33          0          0          0          0          0       0,00
     14   2 adulto                      100          0         97          3          0          0      13338         98       0,73
     15   2 adulto                      100          0         99          1          0          0      12750         93       0,73
     16   2 adulto                      100          0         90         10          0          0      10669         97       0,91
     17   2 adulto                      100          0         94          6          0          0          0          0       0,00
     18   2 adulto                      100          0         97          3          0          0       3810         32       0,84
     19   2 adulto                      100          0         86         14          0          0      11881         99       0,83
     20   3 jubilado                     50          0         32         10          0          8      12299         99       0,80
     21   4 mayor                        40          0         33          2          0          5      12317         97       0,79
     22   4 mayor                        40          0         19         17          0          4      11204         99       0,88
     23   4 mayor                        40          0         24         13          0          3      12480         97       0,78
------- --- -------------------- ---------- ---------- ---------- ---------- ---------- ---------- ---------- ---------- ----------
                                       1890        392       1209        263          0         26     130097       1005       0,77

Situación final

                                                       -------------- Dentro y fuera ------------- -------- Dentro -----      %
Cluster GID Grupo                Individuos      Sanos Infectados    Curados Desinmuniz    Muertos   Intentos Infectados   Aciertos
------- --- -------------------- ---------- ---------- ---------- ---------- ---------- ---------- ---------- ---------- ----------
      1   0 nene                         40         40          0          0          0          0          0          0       0,00
      2   1 menor                        60         60          0          0          0          0          0          0       0,00
      3   1 menor                        60         56          0          4          0          0       9227          2       0,02
      4   1 menor                        60         53          0          7          0          0      18621          5       0,03
      5   2 adulto                      100          0          0         99          0          1      10978         94       0,86
      6   2 adulto                      100          0          0         99          0          1        840          4       0,48
      7   2 adulto                      100          0          0         99          0          1        633          4       0,63
      8   2 adulto                      100          0          0         99          0          1       1057          1       0,09
      9   2 adulto                      100          0          0         99          0          1          0          0       0,00
     10   2 adulto                      100          0          0         97          0          3       1535          9       0,59
     11   2 adulto                      100          0          0         97          0          3      14027         95       0,68
     12   2 adulto                      100          0          0         95          0          5      11424         93       0,81
     13   2 adulto                      100          0          0         99          0          1       7551         67       0,89
     14   2 adulto                      100          0          0         99          0          1      13338         98       0,73
     15   2 adulto                      100          0          0         97          0          3      12750         93       0,73
     16   2 adulto                      100          0          0         98          0          2      10669         97       0,91
     17   2 adulto                      100          0          0         97          0          3          0          0       0,00
     18   2 adulto                      100          0          0         97          0          3       3810         32       0,84
     19   2 adulto                      100          0          0         97          0          3      11881         99       0,83
     20   3 jubilado                     50          0          0         37          0         13      12299         99       0,80
     21   4 mayor                        40          0          0         26          0         14      12317         97       0,79
     22   4 mayor                        40          0          0         30          0         10      11204         99       0,88
     23   4 mayor                        40          0          0         31          0          9      12480         97       0,78
------- --- -------------------- ---------- ---------- ---------- ---------- ---------- ---------- ---------- ---------- ----------
                                       1890        209          0       1603          0         78     176641       1185       0,67

Grupo   0 nene
      0      1      2      3      4      5      6      7      8      9     10     11     12     13     14     15     16     17     18     19     20     21     22     23     24     25     26     27     28     29
 ------ ------ ------ ------ ------ ------ ------ ------ ------ ------ ------ ------ ------ ------ ------ ------ ------ ------ ------ ------ ------ ------ ------ ------ ------ ------ ------ ------ ------ ------
 0,0000 0,0000 0,0000 0,0001 0,0003 0,0006 0,0010 0,0016 0,0024 0,0034 0,0046 0,0062 0,0080 0,0102 0,0127 0,0156 0,0189 0,0227 0,0270 0,0317 0,0370 0,0428 0,0492 0,0563 0,0639 0,0723 0,0813 0,0910 0,1015 0,1128
Número infectados                                 15
Número intentos fin infección                    407
Número finales de infección                       14       3,44
Número finales curacion                           14     100,00
Número finales muerte                              0       0,00
Total infecciones                                 10
Total infecciones por curados                     10
Total infecciones por muertos                      0
Total infectadores curados                        14
Total infectadores muertos                         0
Total pasos                               20.386.014
Total recorridos                             267.232
Total distancia recorrida                 12.392.244
Contactos de riesgo                           22.713
Máximo de contagios por 1 individuo                2
Mínimo de contagios por 1 individuo                0
Falso (R0) curados                            0,7143
Falso (R0) muertos                            0,0000

Grupo   1 menor
      0      1      2      3      4      5      6      7      8      9     10     11     12     13     14     15     16     17     18     19     20     21     22     23     24     25     26     27     28     29
 ------ ------ ------ ------ ------ ------ ------ ------ ------ ------ ------ ------ ------ ------ ------ ------ ------ ------ ------ ------ ------ ------ ------ ------ ------ ------ ------ ------ ------ ------
 0,0000 0,0000 0,0000 0,0001 0,0003 0,0006 0,0010 0,0016 0,0024 0,0034 0,0046 0,0062 0,0080 0,0102 0,0127 0,0156 0,0189 0,0227 0,0270 0,0317 0,0370 0,0428 0,0492 0,0563 0,0639 0,0723 0,0813 0,0910 0,1015 0,1128
Número infectados                                103
Número intentos fin infección                  2.743
Número finales de infección                       98       3,57
Número finales curacion                           98     100,00
Número finales muerte                              0       0,00
Total infecciones                                 91
Total infecciones por curados                     89
Total infecciones por muertos                      0
Total infectadores curados                        98
Total infectadores muertos                         0
Total pasos                               95.443.152
Total recorridos                           1.000.982
Total distancia recorrida                 58.111.791
Contactos de riesgo                           97.076
Máximo de contagios por 1 individuo                4
Mínimo de contagios por 1 individuo                0
Falso (R0) curados                            0,9082
Falso (R0) muertos                            0,0000

Grupo   2 adulto
      0      1      2      3      4      5      6      7      8      9     10     11     12     13     14     15     16     17     18     19     20     21     22     23     24     25     26     27     28     29
 ------ ------ ------ ------ ------ ------ ------ ------ ------ ------ ------ ------ ------ ------ ------ ------ ------ ------ ------ ------ ------ ------ ------ ------ ------ ------ ------ ------ ------ ------
 0,0000 0,0000 0,0000 0,0001 0,0003 0,0006 0,0010 0,0016 0,0024 0,0034 0,0046 0,0062 0,0080 0,0102 0,0127 0,0156 0,0189 0,0227 0,0270 0,0317 0,0370 0,0428 0,0492 0,0563 0,0639 0,0723 0,0813 0,0910 0,1015 0,1128
Número infectados                              5.396
Número intentos fin infección                143.748
Número finales de infección                    5.280       3,67
Número finales curacion                        5.178      98,07
Número finales muerte                            102       1,93
Total infecciones                              7.675
Total infecciones por curados                  7.498
Total infecciones por muertos                    144
Total infectadores curados                     5.178
Total infectadores muertos                       102
Total pasos                              367.352.454
Total recorridos                           3.865.410
Total distancia recorrida                223.817.130
Contactos de riesgo                          308.875
Máximo de contagios por 1 individuo               16
Mínimo de contagios por 1 individuo                0
Falso (R0) curados                            1,4480
Falso (R0) muertos                            1,4118

Grupo   3 jubilado
      0      1      2      3      4      5      6      7      8      9     10     11     12     13     14     15     16     17     18     19     20     21     22     23     24     25     26     27     28     29
 ------ ------ ------ ------ ------ ------ ------ ------ ------ ------ ------ ------ ------ ------ ------ ------ ------ ------ ------ ------ ------ ------ ------ ------ ------ ------ ------ ------ ------ ------
 0,0000 0,0000 0,0000 0,0001 0,0003 0,0006 0,0010 0,0016 0,0024 0,0034 0,0046 0,0062 0,0080 0,0102 0,0127 0,0156 0,0189 0,0227 0,0270 0,0317 0,0370 0,0428 0,0492 0,0563 0,0639 0,0723 0,0813 0,0910 0,1015 0,1128
Número infectados                              1.841
Número intentos fin infección                 48.875
Número finales de infección                    1.793       3,67
Número finales curacion                        1.521      84,83
Número finales muerte                            272      15,17
Total infecciones                              1.531
Total infecciones por curados                  1.238
Total infecciones por muertos                    266
Total infectadores curados                     1.521
Total infectadores muertos                       272
Total pasos                               23.404.601
Total recorridos                             249.991
Total distancia recorrida                 14.292.177
Contactos de riesgo                            3.129
Máximo de contagios por 1 individuo               50
Mínimo de contagios por 1 individuo                0
Falso (R0) curados                            0,8139
Falso (R0) muertos                            0,9779

Grupo   4 mayor
      0      1      2      3      4      5      6      7      8      9     10     11     12     13     14     15     16     17     18     19     20     21     22     23     24     25     26     27     28     29
 ------ ------ ------ ------ ------ ------ ------ ------ ------ ------ ------ ------ ------ ------ ------ ------ ------ ------ ------ ------ ------ ------ ------ ------ ------ ------ ------ ------ ------ ------
 0,0000 0,0000 0,0000 0,0001 0,0003 0,0006 0,0010 0,0016 0,0024 0,0034 0,0046 0,0062 0,0080 0,0102 0,0127 0,0156 0,0189 0,0227 0,0270 0,0317 0,0370 0,0428 0,0492 0,0563 0,0639 0,0723 0,0813 0,0910 0,1015 0,1128
Número infectados                              3.439
Número intentos fin infección                 91.179
Número finales de infección                    3.316       3,64
Número finales curacion                        2.326      70,14
Número finales muerte                            990      29,86
Total infecciones                              1.477
Total infecciones por curados                  1.039
Total infecciones por muertos                    407
Total infectadores curados                     2.326
Total infectadores muertos                       990
Total pasos                               18.236.726
Total recorridos                             789.926
Total distancia recorrida                 11.159.782
Contactos de riesgo                           10.430
Máximo de contagios por 1 individuo               39
Mínimo de contagios por 1 individuo                0
Falso (R0) curados                            0,4467
Falso (R0) muertos                            0,4111

