Tipo 0
Día     Sanos  Infectados Importados    Curados Desinmuniz    Muertos Inf.Indire   Enfermos Hospitaliz
--- ---------- ---------- ---------- ---------- ---------- ---------- ---------- ---------- ----------
  1       1999          0          0          0          0          0          0          0          0
  2       1999          0          0          0          0          0          0          0          0
  3       1999          0          0          0          0          0          0          0          0
  4       1999          0          0          0          0          0          0          0          0
  5       1999          0          0          0          0          0          0          0          0
  6       1999          0          0          0          0          0          0          0          0
  7       1999          0          0          0          0          0          0          0          0
  8       1999          0          0          0          0          0          0          0          0
  9       1999          0          0          0          0          0          0          0          0
 10       1999          0          0          0          0          0          0          0          0
 11       1999          0          0          0          0          0          0          0          0
 12       1999          0          0          0          0          0          0          0          0
 13       1999          0          0          0          0          0          0          0          0
 14       1999          0          0          0          0          0          0          0          0
 15       1999          0          0          0          0          0          0          0          0
 16       1999          0          0          0          0          0          0          0          0
 17       1999          0          0          0          0          0          0          0          0
 18       1999          0          0          0          0          0          0          0          0
 19       1999          0          0          0          0          0          0          0          0
 20       1999          0          0          0          0          0          0          0          0
 21       1999          1          0          0          0          0          0          0          0
 22       1998          1          0          0          0          0          0          0          0
 23       1998          1          0          0          0          0          0          0          0
 24       1998          1          0          0          0          0          0          0          0
 25       1998          1          0          0          0          0          0          0          0
 26       1998          1          0          0          0          0          0          0          0
 27       1998          1          0          0          0          0          0          0          0
 28       1998          1          0          0          0          0          0          0          0
 29       1998          1          0          0          0          0          0          0          0
 30       1997          1          0          0          0          0          0          0          0
 31       1997          1          0          0          0          0          0          0          0
 32       1997          2          0          0          0          0          0          0          0
 33       1997          2          0          0          0          0          0          0          0
 34       1997          2          0          0          0          0          0          0          0
 35       1996          2          0          0          0          0          0          0          0
 36       1996          3          0          0          0          0          0          1          0
 37       1995          3          0          0          0          0          0          1          0
 38       1995          3          0          0          0          0          0          1          0
 39       1995          4          0          0          0          0          0          1          0
 40       1994          4          0          0          0          0          0          1          0
 41       1994          4          0          0          0          0          0          2          0
 42       1994          4          0          0          0          0          0          2          0
 43       1993          5          0          0          0          0          0          2          0
 44       1993          5          0          0          0          0          0          3          0
 45       1993          5          0          1          0          0          0          3          0
 46       1992          6          0          1          0          0          0          3          0
 47       1992          6          0          1          0          0          0          4          0
 48       1992          6          0          1          0          0          0          4          0
 49       1991          6          0          1          0          0          0          4          0
 50       1991          7          0          1          0          0          0          4          0
 51       1991          7          0          1          0          0          0          5          0
 52       1990          7          0          1          0          0          0          5          0
 53       1990          7          0          1          0          0          0          5          0
 54       1990          7          0          2          0          0          0          5          0
 55       1989          7          0          2          0          0          0          5          0
 56       1989          7          0          2          0          0          0          5          0
 57       1989          7          0          2          0          0          0          5          0
 58       1989          7          0          2          0          0          0          5          0
 59       1988          7          0          3          0          0          0          5          0
 60       1988          7          0          3          0          0          0          6          0
 61       1988          7          0          3          0          0          0          6          0
 62       1988          7          0          3          0          0          0          6          0
 63       1988          7          0          4          0          0          0          6          0
 64       1987          7          0          4          0          0          0          6          0
 65       1987          7          0          4          0          0          0          5          0
 66       1987          7          0          5          0          0          0          5          0
 67       1987          7          0          5          0          0          0          5          0
 68       1986          7          0          5          0          0          0          5          0
 69       1986          7          0          6          0          0          0          5          0
 70       1986          6          0          6          0          0          0          5          0
 71       1986          6          0          6          0          0          0          5          0
 72       1986          6          0          7          0          0          0          5          0
 73       1986          6          0          7          0          0          0          5          0
 74       1986          6          0          7          0          0          0          5          0
 75       1985          6          0          8          0          0          0          5          0
 76       1985          6          0          8          0          0          0          4          0
 77       1985          5          0          8          0          0          0          4          0
 78       1985          5          0          8          0          0          0          4          0
 79       1985          5          0          9          0          0          0          4          0
 80       1985          5          0          9          0          0          0          4          0
 81       1984          4          0         10          0          0          0          3          0
 82       1984          4          0         10          0          0          0          3          0
 83       1984          4          0         10          0          0          0          3          0
 84       1984          4          0         10          0          0          0          3          0
 85       1984          3          0         11          0          0          0          3          0
 86       1984          3          0         11          0          0          0          3          0
 87       1984          3          0         11          0          0          0          3          0
 88       1984          3          0         11          0          0          0          3          0
 89       1984          3          0         12          0          0          0          3          0
 90       1984          3          0         12          0          0          0          2          0
 91       1984          3          0         12          0          0          0          2          0
 92       1984          3          0         12          0          0          0          2          0
 93       1984          3          0         12          0          0          0          2          0
 94       1984          2          0         12          0          0          0          2          0
 95       1984          2          0         13          0          0          0          2          0
 96       1984          2          0         13          0          0          0          2          0
 97       1984          2          0         13          0          0          0          1          0
 98       1984          2          0         13          0          0          0          1          0
 99       1984          1          0         13          0          0          0          1          0
100       1984          1          0         13          0          0          0          1          0
101       1984          1          0         14          0          0          0          1          0
102       1984          1          0         14          0          0          0          1          0
103       1984          1          0         14          0          0          0          1          0
104       1983          1          0         14          0          0          0          1          0
105       1983          1          0         14          0          0          0          1          0
106       1983          1          0         14          0          0          0          1          0
107       1983          1          0         15          0          0          0          0          0
108       1983          1          0         15          0          0          0          0          0
109       1983          1          0         15          0          0          0          0          0
110       1983          1          0         15          0          0          0          0          0
111       1983          0          0         15          0          0          0          0          0
112       1983          0          0         15          0          0          0          0          0
113       1983          0          0         15          0          0          0          0          0
114       1983          0          0         15          0          0          0          0          0
115       1983          0          0         15          0          0          0          0          0
116       1983          0          0         15          0          0          0          0          0
117       1983          0          0         15          0          0          0          0          0
118       1983          0          0         15          0          0          0          0          0
119       1983          0          0         15          0          0          0          0          0
120       1983          0          0         15          0          0          0          0          0
121       1983          0          0         15          0          0          0          0          0
122       1983          0          0         15          0          0          0          0          0
123       1983          0          0         15          0          0          0          0          0
124       1983          0          0         15          0          0          0          0          0
125       1983          0          0         15          0          0          0          0          0
126       1454          0          0         11          0          0          0          0          0
127       1454          0          0         11          0          0          0          0          0
128       1190          0          0          9          0          0          0          0          0
129       1190          0          0          9          0          0          0          0          0
130       1190          0          0          9          0          0          0          0          0
131       1190          0          0          9          0          0          0          0          0
132       1190          0          0          9          0          0          0          0          0
133       1190          0          0          9          0          0          0          0          0
134        991          0          0          8          0          0          0          0          0
135        132          0          0          1          0          0          0          0          0
136        132          0          0          1          0          0          0          0          0
137        132          0          0          1          0          0          0          0          0
138        132          0          0          1          0          0          0          0          0
139         65          0          0          0          0          0          0          0          0
140         65          0          0          0          0          0          0          0          0
141         65          0          0          0          0          0          0          0          0
142         65          0          0          0          0          0          0          0          0
143         65          0          0          0          0          0          0          0          0
144         65          0          0          0          0          0          0          0          0
145          0          0          0          0          0          0          0          0          0
146          0          0          0          0          0          0          0          0          0
147          0          0          0          0          0          0          0          0          0
148          0          0          0          0          0          0          0          0          0
149          0          0          0          0          0          0          0          0          0
150          0          0          0          0          0          0          0          0          0
--- ---------- ---------- ---------- ---------- ---------- ---------- ---------- ---------- ----------

Tipo 1
Día     Sanos  Infectados Importados    Curados Desinmuniz    Muertos Inf.Indire   Enfermos Hospitaliz
--- ---------- ---------- ---------- ---------- ---------- ---------- ---------- ---------- ----------
  1       7498          1          0          0          0          0          0          0          0
  2       7498          1          0          0          0          0          0          0          0
  3       7498          1          0          0          0          0          0          0          0
  4       7498          1          0          0          0          0          0          0          0
  5       7498          1          0          0          0          0          0          0          0
  6       7498          1          0          0          0          0          0          0          0
  7       7498          1          0          0          0          0          0          0          0
  8       7498          1          0          0          0          0          0          0          0
  9       7498          1          0          0          0          0          0          0          0
 10       7498          1          0          0          0          0          0          0          0
 11       7498          1          0          0          0          0          0          0          0
 12       7498          1          0          0          0          0          0          0          0
 13       7498          1          0          0          0          0          0          0          0
 14       7497          2          0          0          0          0          0          0          0
 15       7497          2          0          0          0          0          0          0          0
 16       7497          2          0          0          0          0          0          0          0
 17       7497          2          0          0          0          0          0          0          0
 18       7496          2          0          0          0          0          0          0          0
 19       7496          3          0          0          0          0          0          0          0
 20       7496          3          0          0          0          0          0          0          0
 21       7495          3          0          0          0          0          0          0          0
 22       7495          4          0          0          0          0          0          0          0
 23       7494          4          0          0          0          0          0          1          0
 24       7494          5          0          0          0          0          0          1          0
 25       7493          6          0          0          0          0          0          1          0
 26       7492          6          0          0          0          0          0          1          0
 27       7491          7          0          0          0          0          0          2          0
 28       7491          7          0          0          0          0          0          2          0
 29       7489          9          0          1          0          0          0          3          0
 30       7488         10          0          1          0          0          0          3          0
 31       7487         11          0          1          0          0          0          4          0
 32       7485         12          0          1          0          0          0          4          0
 33       7484         13          0          1          0          0          0          5          0
 34       7482         15          0          2          0          0          0          6          0
 35       7480         17          0          2          0          0          0          6          0
 36       7477         20          0          2          0          0          0          8          0
 37       7474         22          0          2          0          0          0          9          0
 38       7471         25          0          2          0          0          0         10          0
 39       7468         28          0          2          0          0          0         11          1
 40       7465         31          0          3          0          0          0         12          1
 41       7462         34          0          3          0          0          0         14          1
 42       7459         36          0          3          0          0          0         16          1
 43       7456         39          0          4          0          0          0         18          1
 44       7453         42          0          4          0          0          0         20          2
 45       7450         45          0          4          0          0          0         23          2
 46       7447         47          0          5          0          0          0         26          2
 47       7444         49          0          5          0          0          0         28          2
 48       7441         51          0          6          0          0          0         31          3
 49       7438         54          0          6          0          0          0         33          3
 50       7436         56          0          7          0          0          0         35          3
 51       7432         58          0          8          0          0          0         38          3
 52       7429         61          0          9          0          0          0         40          4
 53       7427         62          0         10          0          0          0         41          4
 54       7424         64          0         11          0          0          0         43          4
 55       7421         65          0         12          0          0          0         45          4
 56       7419         66          0         14          0          0          0         46          4
 57       7417         67          0         15          0          0          0         48          4
 58       7414         68          0         17          0          0          0         50          4
 59       7411         69          0         18          0          0          0         51          4
 60       7409         69          0         21          0          0          0         51          4
 61       7407         69          0         23          0          0          0         52          5
 62       7405         69          0         25          0          0          0         52          5
 63       7402         69          0         27          0          0          0         52          5
 64       7400         69          0         30          0          0          0         52          5
 65       7397         69          0         33          0          0          0         52          5
 66       7395         68          0         35          0          0          0         52          4
 67       7393         67          0         38          0          0          0         51          4
 68       7391         67          0         41          0          0          0         51          4
 69       7389         66          0         44          0          0          0         50          4
 70       7387         65          0         47          0          0          0         49          4
 71       7385         63          0         50          0          0          0         49          4
 72       7384         62          0         53          0          0          0         48          4
 73       7382         61          0         56          0          0          0         48          4
 74       7380         60          0         59          0          0          0         47          4
 75       7378         59          0         62          0          0          0         46          4
 76       7377         56          0         65          0          0          0         45          4
 77       7376         55          0         68          0          0          0         44          4
 78       7375         54          0         70          0          0          0         43          4
 79       7373         53          0         72          0          0          0         43          4
 80       7372         52          0         75          0          0          0         42          4
 81       7371         51          0         77          0          0          0         42          4
 82       7370         49          0         80          0          0          0         41          4
 83       7369         48          0         82          0          0          0         40          4
 84       7368         46          0         85          0          0          0         38          3
 85       7367         45          0         88          0          0          0         36          3
 86       7365         44          0         90          0          0          0         36          3
 87       7364         42          0         92          0          0          0         34          3
 88       7364         40          0         95          0          0          0         33          3
 89       7363         39          0         97          0          0          0         32          3
 90       7362         38          0         99          0          0          0         31          2
 91       7361         37          0        101          0          0          0         30          2
 92       7360         36          0        103          0          0          0         30          2
 93       7359         35          0        105          0          0          0         29          2
 94       7359         33          0        107          0          0          0         27          2
 95       7358         32          0        109          0          0          0         26          2
 96       7357         31          0        111          0          0          0         25          2
 97       7356         29          0        113          0          0          0         24          2
 98       7356         28          0        115          0          0          0         23          2
 99       7355         27          0        116          0          0          0         22          2
100       7354         26          0        119          0          0          0         21          2
101       7354         25          0        120          0          0          0         20          2
102       7354         23          0        122          0          0          0         19          2
103       7353         23          0        123          0          0          0         19          2
104       7353         22          0        124          0          0          0         18          1
105       7352         21          0        125          0          0          0         18          1
106       7351         21          0        126          0          0          0         17          1
107       7351         20          0        127          0          0          0         17          1
108       7350         20          0        128          0          0          0         16          1
109       7350         19          0        130          0          0          0         15          1
110       7349         18          0        131          0          0          0         15          1
111       7349         18          0        132          0          0          0         14          1
112       7349         16          0        133          0          0          0         13          1
113       7349         16          0        134          0          0          0         13          1
114       7348         15          0        135          0          0          0         13          1
115       7348         15          0        136          0          0          0         13          1
116       7348         14          0        137          0          0          0         12          1
117       7347         13          0        138          0          0          0         11          0
118       7347         13          0        139          0          0          0         11          1
119       7347         13          0        139          0          0          0         10          0
120       7346         12          0        140          0          0          0         10          0
121       7346         12          0        141          0          0          0          9          0
122       7346         11          0        142          0          0          0          9          0
123       7345         11          0        142          0          0          0          9          0
124       7345         10          0        143          0          0          0          8          0
125       7345         10          0        144          0          0          0          8          0
126       5383          7          0        109          0          0          0          5          0
127       5383          6          0        109          0          0          0          5          0
128       4406          5          0         87          0          0          0          4          0
129       4406          5          0         88          0          0          0          4          0
130       4406          4          0         88          0          0          0          3          0
131       4406          4          0         88          0          0          0          3          0
132       4406          4          0         88          0          0          0          3          0
133       4406          4          0         89          0          0          0          3          0
134       3672          3          0         73          0          0          0          3          0
135        490          0          0          9          0          0          0          0          0
136        490          0          0          9          0          0          0          0          0
137        490          0          0          9          0          0          0          0          0
138        490          0          0          9          0          0          0          0          0
139        245          0          0          4          0          0          0          0          0
140        245          0          0          4          0          0          0          0          0
141        245          0          0          4          0          0          0          0          0
142        245          0          0          4          0          0          0          0          0
143        245          0          0          4          0          0          0          0          0
144        245          0          0          4          0          0          0          0          0
145          0          0          0          0          0          0          0          0          0
146          0          0          0          0          0          0          0          0          0
147          0          0          0          0          0          0          0          0          0
148          0          0          0          0          0          0          0          0          0
149          0          0          0          0          0          0          0          0          0
150          0          0          0          0          0          0          0          0          0
--- ---------- ---------- ---------- ---------- ---------- ---------- ---------- ---------- ----------

Tipo 2
Día     Sanos  Infectados Importados    Curados Desinmuniz    Muertos Inf.Indire   Enfermos Hospitaliz
--- ---------- ---------- ---------- ---------- ---------- ---------- ---------- ---------- ----------
  1      30993          6          0          0          0          0          0          0          0
  2      30993          6          0          0          0          0          0          0          0
  3      30993          6          0          0          0          0          0          0          0
  4      30990          9          0          0          0          0          0          0          0
  5      30986         13          0          0          0          0          0          0          0
  6      30983         16          0          0          0          0          0          0          0
  7      30974         25          0          0          0          0          0          0          0
  8      30959         40          0          0          0          0          0          0          0
  9      30943         56          0          0          0          0          0          0          0
 10      30919         80          0          0          0          0          0          0          0
 11      30888        111          0          0          0          0          0          3          0
 12      30858        141          0          0          0          0          0          6          0
 13      30830        169          0          0          0          0          0         10          0
 14      30805        194          0          0          0          0          0         19          1
 15      30785        214          0          0          0          0          0         33          2
 16      30764        235          0          1          0          0          0         49          4
 17      30742        255          0          1          0          0          0         73          6
 18      30715        283          0          1          0          0          0        104          9
 19      30681        315          0          2          0          0          0        133         12
 20      30639        357          0          3          0          0          0        161         14
 21      30590        405          0          4          0          0          0        185         17
 22      30524        469          0          6          0          0          0        204         18
 23      30447        544          0          8          0          0          0        223         20
 24      30356        633          0         10          0          0          0        242         22
 25      30250        735          0         13          0          0          0        267         24
 26      30123        858          0         17          0          0          0        296         27
 27      29973       1004          0         21          0          0          0        335         31
 28      29807       1165          0         26          0          0          0        380         35
 29      29619       1346          0         32          0          0          0        439         40
 30      29408       1550          0         40          0          0          0        508         47
 31      29185       1764          0         49          0          0          0        591         56
 32      28937       2000          0         61          0          1          0        687         66
 33      28677       2248          0         73          0          1          0        802         78
 34      28389       2521          0         87          0          1          0        938         91
 35      28079       2813          0        104          0          2          0       1086        106
 36      27751       3121          0        124          0          2          0       1254        122
 37      27410       3439          0        147          0          3          0       1442        142
 38      27046       3776          0        173          0          3          0       1638        163
 39      26674       4117          0        203          0          4          0       1856        185
 40      26293       4461          0        239          0          5          0       2079        206
 41      26109       4601          0        283          0          6          0       2322        230
 42      25929       4734          0        329          0          7          0       2585        256
 43      25748       4865          0        377          0          8          0       2863        282
 44      25577       4980          0        432          0          9          0       3149        311
 45      25409       5085          0        495          0         10          0       3449        339
 46      25249       5174          0        563          0         12          0       3751        371
 47      25102       5245          0        638          0         13          0       4055        405
 48      24969       5292          0        722          0         15          0       4152        415
 49      24841       5325          0        815          0         17          0       4238        424
 50      24722       5335          0        922          0         19          0       4310        433
 51      24619       5320          0       1037          0         22          0       4363        437
 52      24519       5287          0       1168          0         24          0       4398        440
 53      24428       5228          0       1315          0         27          0       4407        441
 54      24344       5151          0       1473          0         30          0       4394        440
 55      24267       5052          0       1645          0         33          0       4350        436
 56      24197       4935          0       1829          0         37          0       4292        430
 57      24133       4796          0       2029          0         41          0       4207        422
 58      24073       4641          0       2238          0         45          0       4095        410
 59      24018       4470          0       2460          0         50          0       3969        399
 60      23964       4289          0       2690          0         55          0       3825        383
 61      23913       4094          0       2933          0         59          0       3663        366
 62      23864       3896          0       3174          0         64          0       3493        349
 63      23816       3685          0       3427          0         70          0       3304        330
 64      23771       3471          0       3680          0         75          0       3109        312
 65      23727       3256          0       3935          0         80          0       2910        292
 66      23685       3039          0       4189          0         85          0       2706        271
 67      23644       2825          0       4440          0         89          0       2506        252
 68      23605       2616          0       4684          0         93          0       2309        233
 69      23569       2409          0       4922          0         98          0       2114        213
 70      23534       2210          0       5151          0        103          0       1929        195
 71      23504       2017          0       5370          0        107          0       1750        175
 72      23474       1896          0       5518          0        110          0       1644        165
 73      23446       1780          0       5659          0        113          0       1542        153
 74      23419       1672          0       5791          0        116          0       1447        143
 75      23394       1566          0       5920          0        118          0       1355        133
 76      23370       1468          0       6039          0        121          0       1269        124
 77      23349       1374          0       6153          0        123          0       1188        117
 78      23328       1286          0       6259          0        125          0       1111        110
 79      23311       1204          0       6357          0        126          0       1041        103
 80      23294       1129          0       6447          0        129          0        977         97
 81      23277       1058          0       6533          0        130          0        916         91
 82      23262        995          0       6610          0        131          0        863         86
 83      23246        940          0       6680          0        133          0        815         81
 84      23230        888          0       6746          0        135          0        769         76
 85      23216        837          0       6809          0        136          0        725         72
 86      23202        794          0       6864          0        137          0        686         68
 87      23190        750          0       6920          0        138          0        646         64
 88      23179        708          0       6972          0        139          0        609         61
 89      23166        673          0       7019          0        140          0        577         58
 90      23156        636          0       7065          0        141          0        547         54
 91      23146        603          0       7108          0        142          0        519         52
 92      23135        574          0       7146          0        143          0        493         50
 93      23127        544          0       7184          0        144          0        468         47
 94      23118        513          0       7223          0        144          0        441         45
 95      23110        486          0       7257          0        145          0        417         42
 96      23103        458          0       7291          0        146          0        395         40
 97      23096        431          0       7324          0        147          0        372         38
 98      23089        408          0       7354          0        147          0        351         36
 99      23082        385          0       7383          0        148          0        332         34
100      23076        361          0       7413          0        148          0        310         31
101      23071        340          0       7439          0        148          0        293         29
102      23067        319          0       7463          0        149          0        275         27
103      23062        301          0       7486          0        150          0        260         26
104      23058        283          0       7507          0        150          0        245         24
105      23054        269          0       7525          0        150          0        233         22
106      23050        253          0       7545          0        151          0        220         22
107      23046        239          0       7562          0        151          0        209         21
108      23042        226          0       7578          0        151          0        197         19
109      23039        215          0       7593          0        152          0        187         18
110      23036        203          0       7607          0        152          0        177         17
111      23033        192          0       7621          0        152          0        167         16
112      23031        180          0       7634          0        153          0        157         14
113      23028        170          0       7647          0        153          0        149         14
114      23026        160          0       7659          0        153          0        140         13
115      23024        149          0       7672          0        153          0        130         12
116      23021        140          0       7683          0        154          0        122         11
117      23020        132          0       7693          0        154          0        116         10
118      23018        123          0       7703          0        154          0        108          9
119      23016        116          0       7711          0        154          0        102          9
120      23015        108          0       7721          0        154          0         94          8
121      23013        101          0       7730          0        154          0         88          8
122      23012         95          0       7736          0        154          0         83          7
123      23010         89          0       7744          0        155          0         78          7
124      23009         84          0       7750          0        155          0         73          7
125      23008         78          0       7757          0        155          0         69          6
126      16896         54          0       5668          0        114          0         47          4
127      16895         51          0       5672          0        114          0         44          4
128      13834         38          0       4634          0         93          0         33          3
129      13833         36          0       4637          0         93          0         31          2
130      13832         33          0       4639          0         93          0         29          2
131      13832         31          0       4642          0         93          0         27          2
132      13831         30          0       4644          0         93          0         26          2
133      13831         28          0       4646          0         93          0         24          2
134      11550         23          0       3847          0         77          0         20          2
135       1480          1          0        573          0         11          0          1          0
136       1479          1          0        573          0         11          0          1          0
137       1479          1          0        573          0         11          0          1          0
138       1479          1          0        573          0         11          0          1          0
139        707          0          0        318          0          6          0          0          0
140        707          0          0        318          0          6          0          0          0
141        707          0          0        318          0          6          0          0          0
142        707          0          0        318          0          6          0          0          0
143        707          0          0        318          0          6          0          0          0
144        707          0          0        319          0          6          0          0          0
145          0          0          0          0          0          0          0          0          0
146          0          0          0          0          0          0          0          0          0
147          0          0          0          0          0          0          0          0          0
148          0          0          0          0          0          0          0          0          0
149          0          0          0          0          0          0          0          0          0
150          0          0          0          0          0          0          0          0          0
--- ---------- ---------- ---------- ---------- ---------- ---------- ---------- ---------- ----------

Tipo 3
Día     Sanos  Infectados Importados    Curados Desinmuniz    Muertos Inf.Indire   Enfermos Hospitaliz
--- ---------- ---------- ---------- ---------- ---------- ---------- ---------- ---------- ----------
  1       2499          0          0          0          0          0          0          0          0
  2       2499          0          0          0          0          0          0          0          0
  3       2499          0          0          0          0          0          0          0          0
  4       2497          2          0          0          0          0          0          0          0
  5       2497          2          0          0          0          0          0          0          0
  6       2496          3          0          0          0          0          0          0          0
  7       2494          5          0          0          0          0          0          0          0
  8       2494          6          0          0          0          0          0          0          0
  9       2491          8          0          0          0          0          0          0          0
 10       2489         10          0          0          0          0          0          0          0
 11       2486         13          0          0          0          0          0          2          0
 12       2481         18          0          0          0          0          0          2          0
 13       2475         24          0          0          0          0          0          2          0
 14       2464         35          0          0          0          0          0          4          0
 15       2452         47          0          0          0          0          0          5          0
 16       2439         60          0          0          0          0          0          7          0
 17       2422         77          0          0          0          0          0         10          1
 18       2400         99          0          0          0          0          0         12          1
 19       2368        131          0          0          0          0          0         18          2
 20       2333        166          0          0          0          0          0         24          2
 21       2307        192          0          0          0          0          0         34          3
 22       2284        214          0          0          0          0          0         46          5
 23       2258        240          0          1          0          0          0         58          5
 24       2227        270          0          1          0          0          0         75          7
 25       2198        298          0          2          0          0          0         96          9
 26       2171        324          0          2          0          0          0        127         12
 27       2139        355          0          4          0          1          0        161         15
 28       2107        386          0          5          0          1          0        186         18
 29       2077        414          0          6          0          1          0        207         20
 30       2034        455          0          8          0          1          0        231         22
 31       1994        491          0         11          0          2          0        259         25
 32       1951        531          0         14          0          3          0        284         28
 33       1910        568          0         17          0          3          0        307         30
 34       1867        607          0         21          0          4          0        335         33
 35       1819        648          0         25          0          5          0        361         35
 36       1769        692          0         31          0          6          0        384         38
 37       1718        736          0         37          0          7          0        420         41
 38       1666        779          0         45          0          9          0        450         44
 39       1607        827          0         54          0         10          0        484         49
 40       1549        874          0         63          0         12          0        514         52
 41       1494        918          0         73          0         14          0        545         55
 42       1443        954          0         86          0         15          0        578         58
 43       1392        987          0        101          0         18          0        611         62
 44       1341       1022          0        115          0         20          0        645         66
 45       1292       1050          0        133          0         23          0        677         68
 46       1246       1074          0        153          0         25          0        712         72
 47       1202       1094          0        173          0         29          0        746         76
 48       1160       1108          0        197          0         33          0        775         78
 49       1116       1122          0        222          0         38          0        796         80
 50       1076       1130          0        249          0         43          0        815         82
 51       1038       1133          0        279          0         48          0        831         83
 52       1001       1138          0        306          0         53          0        847         86
 53        966       1141          0        333          0         58          0        862         88
 54        933       1139          0        363          0         63          0        871         88
 55        901       1136          0        393          0         68          0        877         89
 56        871       1130          0        423          0         75          0        884         89
 57        843       1122          0        453          0         80          0        889         89
 58        816       1109          0        487          0         86          0        886         89
 59        790       1093          0        522          0         93          0        882         89
 60        767       1073          0        559          0        100          0        874         87
 61        745       1048          0        598          0        106          0        860         86
 62        725       1022          0        638          0        113          0        846         84
 63        706        993          0        678          0        121          0        828         82
 64        689        964          0        717          0        128          0        810         80
 65        671        933          0        759          0        135          0        789         78
 66        652        903          0        801          0        142          0        765         74
 67        632        875          0        842          0        150          0        740         72
 68        614        842          0        885          0        156          0        711         69
 69        598        811          0        925          0        164          0        684         67
 70        582        779          0        966          0        171          0        655         64
 71        568        746          0       1006          0        178          0        625         61
 72        554        713          0       1046          0        185          0        596         57
 73        543        679          0       1085          0        192          0        570         55
 74        532        647          0       1121          0        198          0        548         53
 75        521        617          0       1156          0        204          0        524         51
 76        511        587          0       1190          0        211          0        500         48
 77        503        556          0       1224          0        216          0        476         45
 78        494        528          0       1255          0        221          0        454         44
 79        486        500          0       1286          0        226          0        432         42
 80        479        473          0       1315          0        231          0        409         40
 81        472        446          0       1343          0        237          0        386         38
 82        465        425          0       1367          0        241          0        370         36
 83        460        402          0       1391          0        245          0        351         35
 84        455        381          0       1414          0        249          0        333         32
 85        449        360          0       1436          0        253          0        316         31
 86        443        340          0       1457          0        257          0        297         29
 87        439        322          0       1477          0        260          0        282         28
 88        434        305          0       1496          0        263          0        267         26
 89        430        288          0       1515          0        266          0        252         24
 90        426        271          0       1531          0        270          0        237         23
 91        422        257          0       1547          0        272          0        224         22
 92        419        240          0       1563          0        275          0        211         21
 93        417        226          0       1577          0        278          0        200         20
 94        413        214          0       1591          0        280          0        188         19
 95        411        201          0       1603          0        283          0        178         18
 96        408        189          0       1616          0        285          0        168         16
 97        406        176          0       1629          0        287          0        156         16
 98        404        163          0       1642          0        289          0        145         15
 99        402        151          0       1654          0        291          0        133         13
100        400        140          0       1665          0        293          0        124         12
101        398        130          0       1675          0        294          0        116         11
102        397        122          0       1683          0        296          0        108         10
103        395        112          0       1693          0        298          0         99         10
104        394        105          0       1701          0        299          0         93          9
105        392         99          0       1707          0        300          0         87          8
106        391         93          0       1714          0        301          0         81          8
107        390         86          0       1720          0        302          0         76          7
108        388         80          0       1726          0        303          0         71          7
109        387         75          0       1732          0        304          0         65          6
110        386         71          0       1737          0        304          0         61          6
111        385         66          0       1741          0        305          0         57          5
112        385         62          0       1746          0        306          0         54          5
113        384         58          0       1750          0        307          0         51          5
114        383         55          0       1753          0        307          0         48          4
115        383         51          0       1757          0        308          0         45          4
116        382         47          0       1761          0        308          0         42          4
117        381         44          0       1764          0        309          0         39          3
118        380         41          0       1767          0        309          0         36          3
119        380         39          0       1770          0        310          0         34          3
120        379         36          0       1772          0        310          0         31          3
121        379         34          0       1775          0        311          0         30          2
122        378         32          0       1777          0        311          0         28          2
123        378         30          0       1779          0        311          0         26          2
124        377         28          0       1781          0        312          0         24          2
125        377         26          0       1783          0        312          0         22          2
126        276         18          0       1308          0        230          0         16          1
127        276         17          0       1309          0        230          0         15          1
128        225         12          0       1073          0        189          0         11          0
129        224         11          0       1074          0        189          0         10          0
130        224         11          0       1074          0        189          0         10          0
131        224         10          0       1075          0        189          0          9          0
132        224          9          0       1076          0        189          0          8          0
133        224          9          0       1076          0        189          0          8          0
134        188          7          0        895          0        158          0          7          0
135         19          0          0        123          0         22          0          0          0
136         19          0          0        123          0         22          0          0          0
137         19          0          0        123          0         22          0          0          0
138         19          0          0        123          0         22          0          0          0
139          7          0          0         63          0         12          0          0          0
140          7          0          0         63          0         12          0          0          0
141          7          0          0         63          0         12          0          0          0
142          7          0          0         63          0         12          0          0          0
143          7          0          0         63          0         12          0          0          0
144          7          0          0         63          0         12          0          0          0
145          0          0          0          0          0          0          0          0          0
146          0          0          0          0          0          0          0          0          0
147          0          0          0          0          0          0          0          0          0
148          0          0          0          0          0          0          0          0          0
149          0          0          0          0          0          0          0          0          0
150          0          0          0          0          0          0          0          0          0
--- ---------- ---------- ---------- ---------- ---------- ---------- ---------- ---------- ----------

Tipo 4
Día     Sanos  Infectados Importados    Curados Desinmuniz    Muertos Inf.Indire   Enfermos Hospitaliz
--- ---------- ---------- ---------- ---------- ---------- ---------- ---------- ---------- ----------
  1       6998          1          0          0          0          0          0          0          0
  2       6998          1          0          0          0          0          0          0          0
  3       6998          1          0          0          0          0          0          0          0
  4       6993          6          0          0          0          0          0          0          0
  5       6992          7          0          0          0          0          0          0          0
  6       6992          7          0          0          0          0          0          0          0
  7       6990          9          0          0          0          0          0          0          0
  8       6989         10          0          0          0          0          0          0          0
  9       6988         11          0          0          0          0          0          0          0
 10       6982         17          0          0          0          0          0          0          0
 11       6975         24          0          0          0          0          0          5          0
 12       6970         29          0          0          0          0          0          5          0
 13       6960         39          0          0          0          0          0          6          0
 14       6949         50          0          0          0          0          0          8          0
 15       6925         74          0          0          0          0          0          9          1
 16       6895        104          0          0          0          0          0         10          1
 17       6868        131          0          0          0          0          0         15          1
 18       6842        157          0          0          0          0          0         22          2
 19       6804        195          0          0          0          0          0         28          2
 20       6773        225          0          0          0          0          0         37          3
 21       6732        266          0          1          0          0          0         48          4
 22       6683        314          0          1          0          0          0         71          7
 23       6637        360          0          1          0          0          0        100         10
 24       6587        409          0          2          0          0          0        127         12
 25       6533        462          0          3          0          1          0        152         15
 26       6472        522          0          4          0          1          0        189         18
 27       6410        581          0          5          0          2          0        218         21
 28       6340        649          0          7          0          3          0        256         26
 29       6271        714          0          9          0          3          0        302         30
 30       6203        779          0         12          0          4          0        345         34
 31       6139        838          0         15          0          6          0        390         39
 32       6059        913          0         19          0          7          0        439         44
 33       5980        986          0         23          0          9          0        494         49
 34       5890       1068          0         29          0         11          0        549         55
 35       5804       1143          0         36          0         15          0        608         61
 36       5714       1223          0         43          0         18          0        666         66
 37       5622       1304          0         51          0         21          0        724         72
 38       5523       1388          0         61          0         25          0        773         76
 39       5418       1479          0         72          0         29          0        838         83
 40       5306       1573          0         84          0         35          0        900         90
 41       5202       1654          0        100          0         42          0        967         96
 42       5108       1726          0        115          0         49          0       1030        102
 43       5008       1801          0        132          0         57          0       1095        109
 44       4908       1874          0        151          0         65          0       1160        115
 45       4812       1937          0        174          0         75          0       1226        122
 46       4721       1988          0        201          0         89          0       1291        128
 47       4631       2033          0        232          0        102          0       1359        136
 48       4543       2078          0        263          0        114          0       1419        142
 49       4459       2116          0        296          0        127          0       1468        149
 50       4376       2146          0        333          0        143          0       1514        153
 51       4296       2177          0        367          0        158          0       1566        157
 52       4217       2197          0        409          0        175          0       1602        160
 53       4144       2205          0        455          0        194          0       1629        163
 54       4072       2212          0        501          0        214          0       1653        167
 55       4002       2216          0        547          0        233          0       1676        168
 56       3935       2213          0        597          0        253          0       1689        169
 57       3873       2199          0        651          0        275          0       1697        169
 58       3811       2187          0        703          0        297          0       1703        170
 59       3752       2166          0        759          0        321          0       1701        170
 60       3698       2140          0        814          0        345          0       1694        170
 61       3647       2108          0        873          0        370          0       1684        168
 62       3599       2073          0        932          0        395          0       1670        169
 63       3555       2028          0        993          0        422          0       1648        167
 64       3510       1984          0       1057          0        447          0       1622        164
 65       3469       1932          0       1123          0        474          0       1590        160
 66       3417       1893          0       1187          0        502          0       1557        157
 67       3369       1849          0       1251          0        529          0       1520        153
 68       3322       1800          0       1319          0        557          0       1476        149
 69       3281       1746          0       1387          0        584          0       1429        144
 70       3241       1692          0       1453          0        612          0       1378        139
 71       3205       1632          0       1519          0        641          0       1328        132
 72       3172       1572          0       1582          0        671          0       1276        127
 73       3142       1518          0       1643          0        696          0       1243        123
 74       3112       1460          0       1704          0        721          0       1204        120
 75       3084       1405          0       1762          0        747          0       1167        116
 76       3058       1347          0       1821          0        772          0       1124        112
 77       3034       1292          0       1877          0        796          0       1084        108
 78       3011       1240          0       1929          0        818          0       1046        103
 79       2990       1187          0       1981          0        841          0       1004        100
 80       2970       1136          0       2030          0        863          0        964         95
 81       2953       1083          0       2079          0        883          0        924         91
 82       2934       1036          0       2126          0        903          0        886         88
 83       2916        991          0       2169          0        922          0        849         84
 84       2901        941          0       2214          0        941          0        809         79
 85       2889        894          0       2257          0        958          0        772         76
 86       2875        851          0       2295          0        976          0        737         72
 87       2862        809          0       2335          0        992          0        702         68
 88       2850        769          0       2371          0       1008          0        666         65
 89       2840        727          0       2406          0       1025          0        633         61
 90       2829        689          0       2440          0       1039          0        603         59
 91       2820        655          0       2470          0       1053          0        573         55
 92       2812        619          0       2502          0       1066          0        542         53
 93       2803        586          0       2531          0       1077          0        514         50
 94       2795        554          0       2558          0       1090          0        487         47
 95       2788        524          0       2585          0       1101          0        462         44
 96       2781        495          0       2611          0       1111          0        436         41
 97       2774        462          0       2639          0       1123          0        407         38
 98       2769        433          0       2664          0       1133          0        382         36
 99       2763        405          0       2687          0       1143          0        356         34
100       2758        379          0       2710          0       1151          0        334         31
101       2753        355          0       2731          0       1160          0        312         30
102       2748        330          0       2752          0       1168          0        290         28
103       2744        309          0       2769          0       1176          0        272         26
104       2740        289          0       2786          0       1183          0        255         25
105       2736        269          0       2801          0       1191          0        237         23
106       2733        253          0       2816          0       1197          0        222         21
107       2729        236          0       2830          0       1203          0        207         19
108       2726        220          0       2844          0       1208          0        193         18
109       2723        207          0       2856          0       1212          0        182         17
110       2720        194          0       2867          0       1217          0        170         16
111       2717        182          0       2878          0       1222          0        159         14
112       2714        171          0       2887          0       1225          0        149         14
113       2712        160          0       2897          0       1230          0        139         12
114       2710        149          0       2906          0       1233          0        129         11
115       2708        139          0       2914          0       1236          0        121         11
116       2706        131          0       2921          0       1240          0        114         10
117       2704        123          0       2928          0       1243          0        107         10
118       2702        117          0       2934          0       1246          0        102          9
119       2700        109          0       2940          0       1249          0         95          9
120       2699        103          0       2945          0       1251          0         90          8
121       2697         97          0       2951          0       1253          0         84          8
122       2696         91          0       2956          0       1255          0         79          7
123       2695         86          0       2960          0       1257          0         75          7
124       2693         79          0       2966          0       1260          0         69          6
125       2692         75          0       2970          0       1261          0         65          6
126       1972         51          0       2182          0        926          0         45          4
127       1971         48          0       2184          0        928          0         42          4
128       1607         36          0       1795          0        760          0         31          2
129       1607         35          0       1797          0        760          0         29          2
130       1606         33          0       1798          0        761          0         28          2
131       1605         31          0       1800          0        762          0         26          2
132       1605         29          0       1801          0        762          0         25          2
133       1605         27          0       1803          0        763          0         23          2
134       1350         22          0       1497          0        629          0         19          1
135        160          1          0        215          0         88          0          1          0
136        160          1          0        215          0         88          0          1          0
137        160          1          0        215          0         88          0          1          0
138        160          1          0        216          0         88          0          1          0
139         73          0          0        113          0         45          0          0          0
140         73          0          0        113          0         45          0          0          0
141         73          0          0        113          0         45          0          0          0
142         73          0          0        113          0         45          0          0          0
143         73          0          0        113          0         45          0          0          0
144         73          0          0        113          0         45          0          0          0
145          0          0          0          0          0          0          0          0          0
146          0          0          0          0          0          0          0          0          0
147          0          0          0          0          0          0          0          0          0
148          0          0          0          0          0          0          0          0          0
149          0          0          0          0          0          0          0          0          0
150          0          0          0          0          0          0          0          0          0
--- ---------- ---------- ---------- ---------- ---------- ---------- ---------- ---------- ----------

