03/05/2020 11:47:10

Cambio de condiciones el día 0
Fichero de grupos            C:\Contagio\Casos\grupos.ggg
Número de clusters           200
Próximo cambio en            30 días

                        - Edad-      %     % Factor B    Días         %      Num.Pasos      %                          %      Individuos 
Grupo            Género Min Max   Gravedad   Contagio  Duración    Curación   Min   Max Individuos   Individuos     clusters    cluster  
---------------- ------ --- --- ---------- ---------- ---------- ---------- ----- ----- ---------- ------------ ------------ ------------
nene                  0   0   4      10,00      10,00      30,00      99,55    80   120       4,00            0          4,0           40
menor                 1   5  19       4,00       4,00      30,00     100,00    80   120      15,00            0         15,0           70
adulto                2  20  64      35,00     100,00      30,00      99,22    80   120      62,00            0         62,0          100
jubilado              3  65  69     100,00     800,00      30,00      95,38    80   120       5,00            0          5,0           70
mayor                 4  70 150     100,00     800,00      30,00      81,86    10    20      14,00            0         14,0           20
---------------- ------ --- --- ---------- ---------- ---------- ---------- ----- ----- ---------- ------------ ------------ ------------

Situación inicial

Cluster GID Grupo                Individuos     Sanos  Infectados    Curados Desinmuniz    Muertos
------- --- -------------------- ---------- ---------- ---------- ---------- ---------- ----------
      1   0 nene                         40         40          0          0          0          0
      2   0 nene                         40         40          0          0          0          0
      3   0 nene                         40         40          0          0          0          0
      4   0 nene                         40         40          0          0          0          0
      5   0 nene                         40         40          0          0          0          0
      6   0 nene                         40         40          0          0          0          0
      7   0 nene                         40         40          0          0          0          0
      8   0 nene                         40         40          0          0          0          0
      9   1 menor                        70         70          0          0          0          0
     10   1 menor                        70         70          0          0          0          0
     11   1 menor                        70         70          0          0          0          0
     12   1 menor                        70         70          0          0          0          0
     13   1 menor                        70         70          0          0          0          0
     14   1 menor                        70         70          0          0          0          0
     15   1 menor                        70         70          0          0          0          0
     16   1 menor                        70         70          0          0          0          0
     17   1 menor                        70         70          0          0          0          0
     18   1 menor                        70         70          0          0          0          0
     19   1 menor                        70         70          0          0          0          0
     20   1 menor                        70         70          0          0          0          0
     21   1 menor                        70         70          0          0          0          0
     22   1 menor                        70         70          0          0          0          0
     23   1 menor                        70         70          0          0          0          0
     24   1 menor                        70         70          0          0          0          0
     25   1 menor                        70         70          0          0          0          0
     26   1 menor                        70         70          0          0          0          0
     27   1 menor                        70         70          0          0          0          0
     28   1 menor                        70         70          0          0          0          0
     29   1 menor                        70         70          0          0          0          0
     30   1 menor                        70         70          0          0          0          0
     31   1 menor                        70         70          0          0          0          0
     32   1 menor                        70         70          0          0          0          0
     33   1 menor                        70         70          0          0          0          0
     34   1 menor                        70         70          0          0          0          0
     35   1 menor                        70         70          0          0          0          0
     36   1 menor                        70         70          0          0          0          0
     37   1 menor                        70         70          0          0          0          0
     38   1 menor                        70         70          0          0          0          0
     39   2 adulto                      100        100          0          0          0          0
     40   2 adulto                      100        100          0          0          0          0
     41   2 adulto                      100        100          0          0          0          0
     42   2 adulto                      100        100          0          0          0          0
     43   2 adulto                      100        100          0          0          0          0
     44   2 adulto                      100        100          0          0          0          0
     45   2 adulto                      100        100          0          0          0          0
     46   2 adulto                      100        100          0          0          0          0
     47   2 adulto                      100        100          0          0          0          0
     48   2 adulto                      100        100          0          0          0          0
     49   2 adulto                      100        100          0          0          0          0
     50   2 adulto                      100        100          0          0          0          0
     51   2 adulto                      100        100          0          0          0          0
     52   2 adulto                      100        100          0          0          0          0
     53   2 adulto                      100        100          0          0          0          0
     54   2 adulto                      100         99          1          0          0          0
     55   2 adulto                      100        100          0          0          0          0
     56   2 adulto                      100        100          0          0          0          0
     57   2 adulto                      100        100          0          0          0          0
     58   2 adulto                      100        100          0          0          0          0
     59   2 adulto                      100        100          0          0          0          0
     60   2 adulto                      100        100          0          0          0          0
     61   2 adulto                      100        100          0          0          0          0
     62   2 adulto                      100        100          0          0          0          0
     63   2 adulto                      100        100          0          0          0          0
     64   2 adulto                      100        100          0          0          0          0
     65   2 adulto                      100        100          0          0          0          0
     66   2 adulto                      100        100          0          0          0          0
     67   2 adulto                      100        100          0          0          0          0
     68   2 adulto                      100        100          0          0          0          0
     69   2 adulto                      100        100          0          0          0          0
     70   2 adulto                      100        100          0          0          0          0
     71   2 adulto                      100        100          0          0          0          0
     72   2 adulto                      100        100          0          0          0          0
     73   2 adulto                      100        100          0          0          0          0
     74   2 adulto                      100        100          0          0          0          0
     75   2 adulto                      100        100          0          0          0          0
     76   2 adulto                      100        100          0          0          0          0
     77   2 adulto                      100        100          0          0          0          0
     78   2 adulto                      100        100          0          0          0          0
     79   2 adulto                      100        100          0          0          0          0
     80   2 adulto                      100        100          0          0          0          0
     81   2 adulto                      100        100          0          0          0          0
     82   2 adulto                      100        100          0          0          0          0
     83   2 adulto                      100        100          0          0          0          0
     84   2 adulto                      100        100          0          0          0          0
     85   2 adulto                      100        100          0          0          0          0
     86   2 adulto                      100        100          0          0          0          0
     87   2 adulto                      100        100          0          0          0          0
     88   2 adulto                      100        100          0          0          0          0
     89   2 adulto                      100        100          0          0          0          0
     90   2 adulto                      100        100          0          0          0          0
     91   2 adulto                      100        100          0          0          0          0
     92   2 adulto                      100        100          0          0          0          0
     93   2 adulto                      100        100          0          0          0          0
     94   2 adulto                      100        100          0          0          0          0
     95   2 adulto                      100        100          0          0          0          0
     96   2 adulto                      100        100          0          0          0          0
     97   2 adulto                      100        100          0          0          0          0
     98   2 adulto                      100        100          0          0          0          0
     99   2 adulto                      100        100          0          0          0          0
    100   2 adulto                      100        100          0          0          0          0
    101   2 adulto                      100        100          0          0          0          0
    102   2 adulto                      100        100          0          0          0          0
    103   2 adulto                      100        100          0          0          0          0
    104   2 adulto                      100        100          0          0          0          0
    105   2 adulto                      100        100          0          0          0          0
    106   2 adulto                      100         99          1          0          0          0
    107   2 adulto                      100         99          1          0          0          0
    108   2 adulto                      100        100          0          0          0          0
    109   2 adulto                      100        100          0          0          0          0
    110   2 adulto                      100        100          0          0          0          0
    111   2 adulto                      100        100          0          0          0          0
    112   2 adulto                      100        100          0          0          0          0
    113   2 adulto                      100        100          0          0          0          0
    114   2 adulto                      100        100          0          0          0          0
    115   2 adulto                      100        100          0          0          0          0
    116   2 adulto                      100        100          0          0          0          0
    117   2 adulto                      100        100          0          0          0          0
    118   2 adulto                      100        100          0          0          0          0
    119   2 adulto                      100        100          0          0          0          0
    120   2 adulto                      100        100          0          0          0          0
    121   2 adulto                      100        100          0          0          0          0
    122   2 adulto                      100        100          0          0          0          0
    123   2 adulto                      100        100          0          0          0          0
    124   2 adulto                      100        100          0          0          0          0
    125   2 adulto                      100        100          0          0          0          0
    126   2 adulto                      100        100          0          0          0          0
    127   2 adulto                      100        100          0          0          0          0
    128   2 adulto                      100        100          0          0          0          0
    129   2 adulto                      100        100          0          0          0          0
    130   2 adulto                      100        100          0          0          0          0
    131   2 adulto                      100        100          0          0          0          0
    132   2 adulto                      100        100          0          0          0          0
    133   2 adulto                      100        100          0          0          0          0
    134   2 adulto                      100        100          0          0          0          0
    135   2 adulto                      100        100          0          0          0          0
    136   2 adulto                      100        100          0          0          0          0
    137   2 adulto                      100        100          0          0          0          0
    138   2 adulto                      100        100          0          0          0          0
    139   2 adulto                      100        100          0          0          0          0
    140   2 adulto                      100        100          0          0          0          0
    141   2 adulto                      100        100          0          0          0          0
    142   2 adulto                      100        100          0          0          0          0
    143   2 adulto                      100        100          0          0          0          0
    144   2 adulto                      100        100          0          0          0          0
    145   2 adulto                      100        100          0          0          0          0
    146   2 adulto                      100        100          0          0          0          0
    147   2 adulto                      100        100          0          0          0          0
    148   2 adulto                      100        100          0          0          0          0
    149   2 adulto                      100        100          0          0          0          0
    150   2 adulto                      100        100          0          0          0          0
    151   2 adulto                      100        100          0          0          0          0
    152   2 adulto                      100        100          0          0          0          0
    153   2 adulto                      100        100          0          0          0          0
    154   2 adulto                      100        100          0          0          0          0
    155   2 adulto                      100        100          0          0          0          0
    156   2 adulto                      100        100          0          0          0          0
    157   2 adulto                      100        100          0          0          0          0
    158   2 adulto                      100        100          0          0          0          0
    159   2 adulto                      100        100          0          0          0          0
    160   2 adulto                      100        100          0          0          0          0
    161   2 adulto                      100        100          0          0          0          0
    162   2 adulto                      100        100          0          0          0          0
    163   3 jubilado                     70         70          0          0          0          0
    164   3 jubilado                     70         70          0          0          0          0
    165   3 jubilado                     70         70          0          0          0          0
    166   3 jubilado                     70         70          0          0          0          0
    167   3 jubilado                     70         70          0          0          0          0
    168   3 jubilado                     70         70          0          0          0          0
    169   3 jubilado                     70         70          0          0          0          0
    170   3 jubilado                     70         70          0          0          0          0
    171   3 jubilado                     70         70          0          0          0          0
    172   3 jubilado                     70         70          0          0          0          0
    173   4 mayor                        20         20          0          0          0          0
    174   4 mayor                        20         20          0          0          0          0
    175   4 mayor                        20         20          0          0          0          0
    176   4 mayor                        20         20          0          0          0          0
    177   4 mayor                        20         20          0          0          0          0
    178   4 mayor                        20         20          0          0          0          0
    179   4 mayor                        20         20          0          0          0          0
    180   4 mayor                        20         20          0          0          0          0
    181   4 mayor                        20         20          0          0          0          0
    182   4 mayor                        20         20          0          0          0          0
    183   4 mayor                        20         20          0          0          0          0
    184   4 mayor                        20         20          0          0          0          0
    185   4 mayor                        20         20          0          0          0          0
    186   4 mayor                        20         20          0          0          0          0
    187   4 mayor                        20         20          0          0          0          0
    188   4 mayor                        20         20          0          0          0          0
    189   4 mayor                        20         20          0          0          0          0
    190   4 mayor                        20         20          0          0          0          0
    191   4 mayor                        20         20          0          0          0          0
    192   4 mayor                        20         20          0          0          0          0
    193   4 mayor                        20         20          0          0          0          0
    194   4 mayor                        20         20          0          0          0          0
    195   4 mayor                        20         20          0          0          0          0
    196   4 mayor                        20         20          0          0          0          0
    197   4 mayor                        20         20          0          0          0          0
    198   4 mayor                        20         20          0          0          0          0
    199   4 mayor                        20         20          0          0          0          0
    200   4 mayor                        20         20          0          0          0          0
------- --- -------------------- ---------- ---------- ---------- ---------- ---------- ----------
                                      16080      16077          3          0          0          0

03/05/2020 11:52:14

Cambio de condiciones el día 30
Fichero de grupos            C:\Contagio\Casos\grupos_m1.ggg
Número de clusters           100
Próximo cambio en            25 días

                        - Edad-      %     % Factor B    Días         %      Num.Pasos      %                          %      Individuos 
Grupo            Género Min Max   Gravedad   Contagio  Duración    Curación   Min   Max Individuos   Individuos     clusters    cluster  
---------------- ------ --- --- ---------- ---------- ---------- ---------- ----- ----- ---------- ------------ ------------ ------------
nene                  0   0   4      10,00      10,00      30,00      99,55    60    90       4,00        2.000          4,0           40
menor                 1   5  19       4,00       4,00      30,00     100,00    60    90      15,00        7.500         15,0           70
adulto                2  20  64      35,00     100,00      30,00      99,22    60    90      62,00       31.000         62,0          100
jubilado              3  65  69     100,00     800,00      30,00      95,38    60    90       5,00        2.500          5,0           70
mayor                 4  70 150     100,00     800,00      30,00      81,86     8    15      14,00        7.000         14,0           20
---------------- ------ --- --- ---------- ---------- ---------- ---------- ----- ----- ---------- ------------ ------------ ------------

                                                       -------------- Dentro y fuera ------------- -------- Dentro -----      %
Cluster GID Grupo                Individuos      Sanos Infectados    Curados Desinmuniz    Muertos   Intentos Infectados   Aciertos
------- --- -------------------- ---------- ---------- ---------- ---------- ---------- ---------- ---------- ---------- ----------
      1   0 nene                         40         40          0          0          0          0          0          0       0,00
      2   0 nene                         40         40          0          0          0          0          0          0       0,00
      3   0 nene                         40         40          0          0          0          0          0          0       0,00
      4   0 nene                         40         40          0          0          0          0          0          0       0,00
      5   1 menor                        70         70          0          0          0          0          0          0       0,00
      6   1 menor                        70         70          0          0          0          0          0          0       0,00
      7   1 menor                        70         70          0          0          0          0          0          0       0,00
      8   1 menor                        70         70          0          0          0          0          0          0       0,00
      9   1 menor                        70         70          0          0          0          0          0          0       0,00
     10   1 menor                        70         69          1          0          0          0          0          0       0,00
     11   1 menor                        70         70          0          0          0          0          0          0       0,00
     12   1 menor                        70         70          0          0          0          0          0          0       0,00
     13   1 menor                        70         70          0          0          0          0          0          0       0,00
     14   1 menor                        70         70          0          0          0          0        414          0       0,00
     15   1 menor                        70         70          0          0          0          0          0          0       0,00
     16   1 menor                        70         70          0          0          0          0          0          0       0,00
     17   1 menor                        70         70          0          0          0          0          0          0       0,00
     18   1 menor                        70         70          0          0          0          0          0          0       0,00
     19   1 menor                        70         70          0          0          0          0          0          0       0,00
     20   2 adulto                      100        100          0          0          0          0          0          0       0,00
     21   2 adulto                      100         96          4          0          0          0          0          0       0,00
     22   2 adulto                      100        100          0          0          0          0          0          0       0,00
     23   2 adulto                      100         91          9          0          0          0          0          0       0,00
     24   2 adulto                      100         79         21          0          0          0          0          0       0,00
     25   2 adulto                      100         55         45          0          0          0          0          0       0,00
     26   2 adulto                      100         96          4          0          0          0          0          0       0,00
     27   2 adulto                      100         88         12          0          0          0          0          0       0,00
     28   2 adulto                      100         99          1          0          0          0          0          0       0,00
     29   2 adulto                      100         76         24          0          0          0          0          0       0,00
     30   2 adulto                      100        100          0          0          0          0          0          0       0,00
     31   2 adulto                      100         99          1          0          0          0          0          0       0,00
     32   2 adulto                      100         68         32          0          0          0          0          0       0,00
     33   2 adulto                      100         99          1          0          0          0          0          0       0,00
     34   2 adulto                      100         92          8          0          0          0          0          0       0,00
     35   2 adulto                      100          0         89         11          0          0          0          0       0,00
     36   2 adulto                      100         90         10          0          0          0          0          0       0,00
     37   2 adulto                      100         90         10          0          0          0          0          0       0,00
     38   2 adulto                      100         99          1          0          0          0          0          0       0,00
     39   2 adulto                      100         67         33          0          0          0          0          0       0,00
     40   2 adulto                      100          9         91          0          0          0        392          3       0,77
     41   2 adulto                      100         98          2          0          0          0          0          0       0,00
     42   2 adulto                      100        100          0          0          0          0        845          7       0,83
     43   2 adulto                      100         72         28          0          0          0       1909         18       0,94
     44   2 adulto                      100         99          1          0          0          0       4650         43       0,92
     45   2 adulto                      100         46         54          0          0          0        488          3       0,61
     46   2 adulto                      100         97          3          0          0          0       1600         10       0,63
     47   2 adulto                      100         93          7          0          0          0          0          0       0,00
     48   2 adulto                      100         99          1          0          0          0       2415         23       0,95
     49   2 adulto                      100        100          0          0          0          0          0          0       0,00
     50   2 adulto                      100         91          9          0          0          0          0          0       0,00
     51   2 adulto                      100         88         12          0          0          0       3085         31       1,00
     52   2 adulto                      100         98          2          0          0          0          0          0       0,00
     53   2 adulto                      100         96          4          0          0          0        477          6       1,26
     54   2 adulto                      100         41         59          0          0          0      10185         99       0,97
     55   2 adulto                      100        100          0          0          0          0        761          9       1,18
     56   2 adulto                      100        100          0          0          0          0        281          6       2,14
     57   2 adulto                      100         88         12          0          0          0          0          0       0,00
     58   2 adulto                      100        100          0          0          0          0       2696         31       1,15
     59   2 adulto                      100         98          2          0          0          0       7773         90       1,16
     60   2 adulto                      100         23         77          0          0          0        198          1       0,51
     61   2 adulto                      100         98          2          0          0          0          0          0       0,00
     62   2 adulto                      100        100          0          0          0          0       2561         26       1,02
     63   2 adulto                      100         80         20          0          0          0          0          0       0,00
     64   2 adulto                      100         38         62          0          0          0       5360         52       0,97
     65   2 adulto                      100         99          1          0          0          0         99          2       2,02
     66   2 adulto                      100         99          1          0          0          0        485          4       0,82
     67   2 adulto                      100        100          0          0          0          0          0          0       0,00
     68   2 adulto                      100         99          1          0          0          0          0          0       0,00
     69   2 adulto                      100         92          8          0          0          0        955          8       0,84
     70   2 adulto                      100         92          8          0          0          0        954         11       1,15
     71   2 adulto                      100        100          0          0          0          0         98          0       0,00
     72   2 adulto                      100         25         75          0          0          0        491          3       0,61
     73   2 adulto                      100         97          3          0          0          0       5021         56       1,12
     74   2 adulto                      100         98          2          0          0          0          0          0       0,00
     75   2 adulto                      100        100          0          0          0          0          0          0       0,00
     76   2 adulto                      100        100          0          0          0          0        855         11       1,29
     77   2 adulto                      100         99          1          0          0          0          0          0       0,00
     78   2 adulto                      100         90         10          0          0          0        197          1       0,51
     79   2 adulto                      100         97          3          0          0          0       5986         74       1,24
     80   2 adulto                      100         96          4          0          0          0          0          0       0,00
     81   2 adulto                      100        100          0          0          0          0          0          0       0,00
     82   3 jubilado                     70          0         70          0          0          0       1428         18       1,26
     83   3 jubilado                     70          0         70          0          0          0       8547         60       0,70
     84   3 jubilado                     70          0         70          0          0          0          0          0       0,00
     85   3 jubilado                     70          0         66          4          0          0          0          0       0,00
     86   3 jubilado                     70          0         70          0          0          0          0          0       0,00
     87   4 mayor                        20         20          0          0          0          0          0          0       0,00
     88   4 mayor                        20          0         20          0          0          0        767          5       0,65
     89   4 mayor                        20          1         19          0          0          0        662          5       0,76
     90   4 mayor                        20         20          0          0          0          0          0          0       0,00
     91   4 mayor                        20         20          0          0          0          0       5922         73       1,23
     92   4 mayor                        20          7         13          0          0          0        295          2       0,68
     93   4 mayor                        20         16          4          0          0          0          0          0       0,00
     94   4 mayor                        20         20          0          0          0          0          0          0       0,00
     95   4 mayor                        20         13          7          0          0          0          0          0       0,00
     96   4 mayor                        20         19          1          0          0          0          0          0       0,00
     97   4 mayor                        20         17          3          0          0          0       1126          7       0,62
     98   4 mayor                        20         17          3          0          0          0          0          0       0,00
     99   4 mayor                        20         20          0          0          0          0         97          1       1,03
    100   4 mayor                        20         20          0          0          0          0          0          0       0,00
------- --- -------------------- ---------- ---------- ---------- ---------- ---------- ---------- ---------- ---------- ----------
                                       8040       6738       1287         15          0          0      80075        799       1,00

03/05/2020 12:04:24

Cambio de condiciones el día 55
Fichero de grupos            C:\Contagio\Casos\grupos_m2.ggg
Número de clusters           50
Próximo cambio en            15 días

                        - Edad-      %     % Factor B    Días         %      Num.Pasos      %                          %      Individuos 
Grupo            Género Min Max   Gravedad   Contagio  Duración    Curación   Min   Max Individuos   Individuos     clusters    cluster  
---------------- ------ --- --- ---------- ---------- ---------- ---------- ----- ----- ---------- ------------ ------------ ------------
nene                  0   0   4      10,00      10,00      30,00      99,55    40    60       4,00        2.000          4,0           40
menor                 1   5  19       4,00       4,00      30,00     100,00    40    60      15,00        7.500         15,0           70
adulto                2  20  64      35,00     100,00      30,00      99,22    40    60      62,00       31.000         62,0          100
jubilado              3  65  69     100,00     800,00      30,00      95,38    40    60       5,00        2.500          5,0           70
mayor                 4  70 150     100,00     800,00      30,00      81,86     5    10      14,00        7.000         14,0           20
---------------- ------ --- --- ---------- ---------- ---------- ---------- ----- ----- ---------- ------------ ------------ ------------

                                                       -------------- Dentro y fuera ------------- -------- Dentro -----      %
Cluster GID Grupo                Individuos      Sanos Infectados    Curados Desinmuniz    Muertos   Intentos Infectados   Aciertos
------- --- -------------------- ---------- ---------- ---------- ---------- ---------- ---------- ---------- ---------- ----------
      1   0 nene                         40         40          0          0          0          0          0          0       0,00
      2   0 nene                         40         39          1          0          0          0          0          0       0,00
      3   1 menor                        70         70          0          0          0          0          0          0       0,00
      4   1 menor                        70         70          0          0          0          0        390          0       0,00
      5   1 menor                        70         70          0          0          0          0          0          0       0,00
      6   1 menor                        70         70          0          0          0          0          0          0       0,00
      7   1 menor                        70         70          0          0          0          0          0          0       0,00
      8   1 menor                        70         68          1          1          0          0          0          0       0,00
      9   1 menor                        70         69          1          0          0          0          0          0       0,00
     10   2 adulto                      100          1         99          0          0          0        757          0       0,00
     11   2 adulto                      100          0         84         15          0          1        828          0       0,00
     12   2 adulto                      100          1         97          2          0          0          0          0       0,00
     13   2 adulto                      100          0         74         26          0          0          0          0       0,00
     14   2 adulto                      100          0         74         26          0          0       1242          0       0,00
     15   2 adulto                      100          0         60         40          0          0       1567          1       0,06
     16   2 adulto                      100          0         87         13          0          0          0          0       0,00
     17   2 adulto                      100          0         83         17          0          0          0          0       0,00
     18   2 adulto                      100          0         94          6          0          0          0          0       0,00
     19   2 adulto                      100          0         80         20          0          0        828          0       0,00
     20   2 adulto                      100          6         93          1          0          0      10704         95       0,89
     21   2 adulto                      100          0         91          9          0          0       9120         93       1,02
     22   2 adulto                      100          0         76         24          0          0       9914         94       0,95
     23   2 adulto                      100          0         93          7          0          0       9582         90       0,94
     24   2 adulto                      100          0         89         11          0          0       8745         79       0,90
     25   2 adulto                      100          0          0        100          0          0       6879         54       0,78
     26   2 adulto                      100          0         74         26          0          0      10399         96       0,92
     27   2 adulto                      100          0         80         20          0          0      10836         86       0,79
     28   2 adulto                      100          0         96          4          0          0      13833         94       0,68
     29   2 adulto                      100          0         74         26          0          0       7946         75       0,94
     30   2 adulto                      100          0         38         62          0          0       8737         90       1,03
     31   2 adulto                      100          0         87         13          0          0      10549         96       0,91
     32   2 adulto                      100          1         99          0          0          0       8417         68       0,81
     33   2 adulto                      100          0         71         29          0          0       9720         96       0,99
     34   2 adulto                      100          0         95          5          0          0      10025         91       0,91
     35   2 adulto                      100          0         56         44          0          0          0          0       0,00
     36   2 adulto                      100          0         95          5          0          0       8830         89       1,01
     37   2 adulto                      100          0         81         19          0          0       8835         89       1,01
     38   2 adulto                      100          0         94          6          0          0      11309         96       0,85
     39   2 adulto                      100         40         59          1          0          0       7896         67       0,85
     40   2 adulto                      100          0         75         25          0          0        985         12       1,22
     41   3 jubilado                     70          0         30         40          0          0       8285         96       1,16
     42   3 jubilado                     70          0          0         66          0          4       8323         98       1,18
     43   4 mayor                        20          1         19          0          0          0       9582         89       0,93
     44   4 mayor                        20          0          6         12          0          2      14428        136       0,94
     45   4 mayor                        20          0          5         12          0          3       6929         49       0,71
     46   4 mayor                        20          0         20          0          0          0      12075        106       0,88
     47   4 mayor                        20          0         20          0          0          0       9724         87       0,89
     48   4 mayor                        20          0         10          9          0          1      13684        116       0,85
     49   4 mayor                        20          0         12          6          0          2       5275         51       0,97
------- --- -------------------- ---------- ---------- ---------- ---------- ---------- ---------- ---------- ---------- ----------
                                       3950        616       2573        748          0         13     277178       2479       0,89

Situación final

                                                       -------------- Dentro y fuera ------------- -------- Dentro -----      %
Cluster GID Grupo                Individuos      Sanos Infectados    Curados Desinmuniz    Muertos   Intentos Infectados   Aciertos
------- --- -------------------- ---------- ---------- ---------- ---------- ---------- ---------- ---------- ---------- ----------
      1   0 nene                         40         34          0          6          0          0       4647          5       0,11
      2   0 nene                         40         29          0         11          0          0       7885         10       0,13
      3   1 menor                        70         70          0          0          0          0          0          0       0,00
      4   1 menor                        70         67          0          3          0          0       6218          2       0,03
      5   1 menor                        70         70          0          0          0          0          0          0       0,00
      6   1 menor                        70         70          0          0          0          0          0          0       0,00
      7   1 menor                        70         70          0          0          0          0          0          0       0,00
      8   1 menor                        70         66          0          4          0          0       4697          1       0,02
      9   1 menor                        70         69          0          1          0          0        414          0       0,00
     10   2 adulto                      100          0          0        100          0          0        887          1       0,11
     11   2 adulto                      100          0          0         99          0          1        828          0       0,00
     12   2 adulto                      100          0          0        100          0          0         59          1       1,69
     13   2 adulto                      100          0          0        100          0          0          0          0       0,00
     14   2 adulto                      100          0          0        100          0          0       1242          0       0,00
     15   2 adulto                      100          0          0         99          0          1       1567          1       0,06
     16   2 adulto                      100          0          0        100          0          0          0          0       0,00
     17   2 adulto                      100          0          0         98          0          2          0          0       0,00
     18   2 adulto                      100          0          0        100          0          0          0          0       0,00
     19   2 adulto                      100          0          0        100          0          0        828          0       0,00
     20   2 adulto                      100          0          0        100          0          0      11543        101       0,87
     21   2 adulto                      100          0          0        100          0          0       9120         93       1,02
     22   2 adulto                      100          0          0        100          0          0       9914         94       0,95
     23   2 adulto                      100          0          0         99          0          1       9582         90       0,94
     24   2 adulto                      100          0          0        100          0          0       8745         79       0,90
     25   2 adulto                      100          0          0        100          0          0       6879         54       0,78
     26   2 adulto                      100          0          0        100          0          0      10399         96       0,92
     27   2 adulto                      100          0          0         99          0          1      10836         86       0,79
     28   2 adulto                      100          0          0        100          0          0      13833         94       0,68
     29   2 adulto                      100          0          0        100          0          0       7946         75       0,94
     30   2 adulto                      100          0          0        100          0          0       8737         90       1,03
     31   2 adulto                      100          0          0         99          0          1      10549         96       0,91
     32   2 adulto                      100          0          0        100          0          0       8481         69       0,81
     33   2 adulto                      100          0          0        100          0          0       9720         96       0,99
     34   2 adulto                      100          0          0        100          0          0      10025         91       0,91
     35   2 adulto                      100          0          0        100          0          0          0          0       0,00
     36   2 adulto                      100          0          0        100          0          0       8830         89       1,01
     37   2 adulto                      100          0          0        100          0          0       8835         89       1,01
     38   2 adulto                      100          0          0        100          0          0      11309         96       0,85
     39   2 adulto                      100          0          0         99          0          1      14215        107       0,75
     40   2 adulto                      100          0          0        100          0          0        985         12       1,22
     41   3 jubilado                     70          0          0         70          0          0       8285         96       1,16
     42   3 jubilado                     70          0          0         66          0          4       8323         98       1,18
     43   4 mayor                        20          0          0         14          0          6       9585         90       0,94
     44   4 mayor                        20          0          0         16          0          4      14428        136       0,94
     45   4 mayor                        20          0          0         17          0          3       6929         49       0,71
     46   4 mayor                        20          0          0         16          0          4      12075        106       0,88
     47   4 mayor                        20          0          0         16          0          4       9724         87       0,89
     48   4 mayor                        20          0          0         17          0          3      13684        116       0,85
     49   4 mayor                        20          0          0         17          0          3       5275         51       0,97
------- --- -------------------- ---------- ---------- ---------- ---------- ---------- ---------- ---------- ---------- ----------
                                       3950        545          0       3366          0         39     308063       2547       0,83

Grupo   0 nene
      0      1      2      3      4      5      6      7      8      9     10     11     12     13     14     15     16     17     18     19     20     21     22     23     24     25     26     27     28     29
 ------ ------ ------ ------ ------ ------ ------ ------ ------ ------ ------ ------ ------ ------ ------ ------ ------ ------ ------ ------ ------ ------ ------ ------ ------ ------ ------ ------ ------ ------
 0,0000 0,0000 0,0000 0,0001 0,0003 0,0006 0,0010 0,0016 0,0024 0,0034 0,0046 0,0062 0,0080 0,0102 0,0127 0,0156 0,0189 0,0227 0,0270 0,0317 0,0370 0,0428 0,0492 0,0563 0,0639 0,0723 0,0813 0,0910 0,1015 0,1128
      0      1      2      3      4      5      6      7      8      9     10     11     12     13     14     15     16     17     18     19     20     21     22     23     24     25     26     27     28     29
 ------ ------ ------ ------ ------ ------ ------ ------ ------ ------ ------ ------ ------ ------ ------ ------ ------ ------ ------ ------ ------ ------ ------ ------ ------ ------ ------ ------ ------ ------
 0,0000 0,0000 0,0000 0,0001 0,0003 0,0006 0,0010 0,0016 0,0024 0,0034 0,0046 0,0062 0,0080 0,0102 0,0127 0,0156 0,0189 0,0227 0,0270 0,0317 0,0370 0,0428 0,0492 0,0563 0,0639 0,0723 0,0813 0,0910 0,1015 0,1128
Número infectados                                 54
Número intentos fin infección                  1.410
Número finales de infección                       54       3,83
Número finales curacion                           54     100,00
Número finales muerte                              0       0,00
Total infecciones                                 40
Total infecciones por curados                     40
Total infecciones por muertos                      0
Total infectadores curados                        54
Total infectadores muertos                         0
Total pasos                               18.939.426
Total recorridos                             296.745
Total distancia recorrida                 11.602.880
Contactos de riesgo                           13.381
Máximo de contagios por 1 individuo                4
Mínimo de contagios por 1 individuo                0
Falso (R0) curados                            0,7407
Falso (R0) muertos                            0,0000

Grupo   1 menor
      0      1      2      3      4      5      6      7      8      9     10     11     12     13     14     15     16     17     18     19     20     21     22     23     24     25     26     27     28     29
 ------ ------ ------ ------ ------ ------ ------ ------ ------ ------ ------ ------ ------ ------ ------ ------ ------ ------ ------ ------ ------ ------ ------ ------ ------ ------ ------ ------ ------ ------
 0,0000 0,0000 0,0000 0,0001 0,0003 0,0006 0,0010 0,0016 0,0024 0,0034 0,0046 0,0062 0,0080 0,0102 0,0127 0,0156 0,0189 0,0227 0,0270 0,0317 0,0370 0,0428 0,0492 0,0563 0,0639 0,0723 0,0813 0,0910 0,1015 0,1128
      0      1      2      3      4      5      6      7      8      9     10     11     12     13     14     15     16     17     18     19     20     21     22     23     24     25     26     27     28     29
 ------ ------ ------ ------ ------ ------ ------ ------ ------ ------ ------ ------ ------ ------ ------ ------ ------ ------ ------ ------ ------ ------ ------ ------ ------ ------ ------ ------ ------ ------
 0,0000 0,0000 0,0000 0,0001 0,0003 0,0006 0,0010 0,0016 0,0024 0,0034 0,0046 0,0062 0,0080 0,0102 0,0127 0,0156 0,0189 0,0227 0,0270 0,0317 0,0370 0,0428 0,0492 0,0563 0,0639 0,0723 0,0813 0,0910 0,1015 0,1128
Número infectados                                 68
Número intentos fin infección                  1.853
Número finales de infección                       68       3,67
Número finales curacion                           68     100,00
Número finales muerte                              0       0,00
Total infecciones                                 43
Total infecciones por curados                     43
Total infecciones por muertos                      0
Total infectadores curados                        68
Total infectadores muertos                         0
Total pasos                               71.365.122
Total recorridos                           1.120.064
Total distancia recorrida                 43.660.950
Contactos de riesgo                           52.142
Máximo de contagios por 1 individuo                4
Mínimo de contagios por 1 individuo                0
Falso (R0) curados                            0,6324
Falso (R0) muertos                            0,0000

Grupo   2 adulto
      0      1      2      3      4      5      6      7      8      9     10     11     12     13     14     15     16     17     18     19     20     21     22     23     24     25     26     27     28     29
 ------ ------ ------ ------ ------ ------ ------ ------ ------ ------ ------ ------ ------ ------ ------ ------ ------ ------ ------ ------ ------ ------ ------ ------ ------ ------ ------ ------ ------ ------
 0,0000 0,0000 0,0000 0,0001 0,0003 0,0006 0,0010 0,0016 0,0024 0,0034 0,0046 0,0062 0,0080 0,0102 0,0127 0,0156 0,0189 0,0227 0,0270 0,0317 0,0370 0,0428 0,0492 0,0563 0,0639 0,0723 0,0813 0,0910 0,1015 0,1128
      0      1      2      3      4      5      6      7      8      9     10     11     12     13     14     15     16     17     18     19     20     21     22     23     24     25     26     27     28     29
 ------ ------ ------ ------ ------ ------ ------ ------ ------ ------ ------ ------ ------ ------ ------ ------ ------ ------ ------ ------ ------ ------ ------ ------ ------ ------ ------ ------ ------ ------
 0,0000 0,0000 0,0000 0,0001 0,0003 0,0006 0,0010 0,0016 0,0024 0,0034 0,0046 0,0062 0,0080 0,0102 0,0127 0,0156 0,0189 0,0227 0,0270 0,0317 0,0370 0,0428 0,0492 0,0563 0,0639 0,0723 0,0813 0,0910 0,1015 0,1128
Número infectados                             10.597
Número intentos fin infección                284.003
Número finales de infección                   10.590       3,73
Número finales curacion                       10.556      99,68
Número finales muerte                             34       0,32
Total infecciones                             12.986
Total infecciones por curados                 12.946
Total infecciones por muertos                     38
Total infectadores curados                    10.556
Total infectadores muertos                        34
Total pasos                              252.509.797
Total recorridos                           3.778.072
Total distancia recorrida                154.564.100
Contactos de riesgo                          127.951
Máximo de contagios por 1 individuo               17
Mínimo de contagios por 1 individuo                0
Falso (R0) curados                            1,2264
Falso (R0) muertos                            1,1176

Grupo   3 jubilado
      0      1      2      3      4      5      6      7      8      9     10     11     12     13     14     15     16     17     18     19     20     21     22     23     24     25     26     27     28     29
 ------ ------ ------ ------ ------ ------ ------ ------ ------ ------ ------ ------ ------ ------ ------ ------ ------ ------ ------ ------ ------ ------ ------ ------ ------ ------ ------ ------ ------ ------
 0,0000 0,0000 0,0000 0,0001 0,0003 0,0006 0,0010 0,0016 0,0024 0,0034 0,0046 0,0062 0,0080 0,0102 0,0127 0,0156 0,0189 0,0227 0,0270 0,0317 0,0370 0,0428 0,0492 0,0563 0,0639 0,0723 0,0813 0,0910 0,1015 0,1128
      0      1      2      3      4      5      6      7      8      9     10     11     12     13     14     15     16     17     18     19     20     21     22     23     24     25     26     27     28     29
 ------ ------ ------ ------ ------ ------ ------ ------ ------ ------ ------ ------ ------ ------ ------ ------ ------ ------ ------ ------ ------ ------ ------ ------ ------ ------ ------ ------ ------ ------
 0,0000 0,0000 0,0000 0,0001 0,0003 0,0006 0,0010 0,0016 0,0024 0,0034 0,0046 0,0062 0,0080 0,0102 0,0127 0,0156 0,0189 0,0227 0,0270 0,0317 0,0370 0,0428 0,0492 0,0563 0,0639 0,0723 0,0813 0,0910 0,1015 0,1128
Número infectados                              1.668
Número intentos fin infección                 45.108
Número finales de infección                    1.666       3,69
Número finales curacion                        1.590      95,44
Número finales muerte                             76       4,56
Total infecciones                              1.426
Total infecciones por curados                  1.344
Total infecciones por muertos                     82
Total infectadores curados                     1.590
Total infectadores muertos                        76
Total pasos                               16.587.831
Total recorridos                             230.391
Total distancia recorrida                 10.166.440
Contactos de riesgo                            4.526
Máximo de contagios por 1 individuo               28
Mínimo de contagios por 1 individuo                0
Falso (R0) curados                            0,8453
Falso (R0) muertos                            1,0789

Grupo   4 mayor
      0      1      2      3      4      5      6      7      8      9     10     11     12     13     14     15     16     17     18     19     20     21     22     23     24     25     26     27     28     29
 ------ ------ ------ ------ ------ ------ ------ ------ ------ ------ ------ ------ ------ ------ ------ ------ ------ ------ ------ ------ ------ ------ ------ ------ ------ ------ ------ ------ ------ ------
 0,0000 0,0000 0,0000 0,0001 0,0003 0,0006 0,0010 0,0016 0,0024 0,0034 0,0046 0,0062 0,0080 0,0102 0,0127 0,0156 0,0189 0,0227 0,0270 0,0317 0,0370 0,0428 0,0492 0,0563 0,0639 0,0723 0,0813 0,0910 0,1015 0,1128
      0      1      2      3      4      5      6      7      8      9     10     11     12     13     14     15     16     17     18     19     20     21     22     23     24     25     26     27     28     29
 ------ ------ ------ ------ ------ ------ ------ ------ ------ ------ ------ ------ ------ ------ ------ ------ ------ ------ ------ ------ ------ ------ ------ ------ ------ ------ ------ ------ ------ ------
 0,0000 0,0000 0,0000 0,0001 0,0003 0,0006 0,0010 0,0016 0,0024 0,0034 0,0046 0,0062 0,0080 0,0102 0,0127 0,0156 0,0189 0,0227 0,0270 0,0317 0,0370 0,0428 0,0492 0,0563 0,0639 0,0723 0,0813 0,0910 0,1015 0,1128
Número infectados                              2.919
Número intentos fin infección                 78.265
Número finales de infección                    2.913       3,72
Número finales curacion                        2.401      82,42
Número finales muerte                            512      17,58
Total infecciones                                801
Total infecciones por curados                    660
Total infecciones por muertos                    140
Total infectadores curados                     2.401
Total infectadores muertos                       512
Total pasos                                8.053.103
Total recorridos                             826.740
Total distancia recorrida                  4.930.769
Contactos de riesgo                           11.856
Máximo de contagios por 1 individuo               11
Mínimo de contagios por 1 individuo                0
Falso (R0) curados                            0,2749
Falso (R0) muertos                            0,2734

