03/05/2020 11:47:10

Cambio de condiciones el día 0
Fichero de grupos            C:\Contagio\Casos\grupos.ggg
Número de clusters           200
Próximo cambio en            30 días

                        - Edad-      %     % Factor B    Días         %      Num.Pasos      %                          %      Individuos 
Grupo            Género Min Max   Gravedad   Contagio  Duración    Curación   Min   Max Individuos   Individuos     clusters    cluster  
---------------- ------ --- --- ---------- ---------- ---------- ---------- ----- ----- ---------- ------------ ------------ ------------
nene                  0   0   4      10,00      10,00      30,00      99,55    80   120       4,00            0          4,0           40
menor                 1   5  19       4,00       4,00      30,00     100,00    80   120      15,00            0         15,0           70
adulto                2  20  64      35,00     100,00      30,00      99,22    80   120      62,00            0         62,0          100
jubilado              3  65  69     100,00     800,00      30,00      95,38    80   120       5,00            0          5,0           70
mayor                 4  70 150     100,00     800,00      30,00      81,86    10    20      14,00            0         14,0           20
---------------- ------ --- --- ---------- ---------- ---------- ---------- ----- ----- ---------- ------------ ------------ ------------

Situación inicial

Cluster GID Grupo                Individuos     Sanos  Infectados    Curados Desinmuniz    Muertos
------- --- -------------------- ---------- ---------- ---------- ---------- ---------- ----------
      1   0 nene                         40         40          0          0          0          0
      2   0 nene                         40         40          0          0          0          0
      3   0 nene                         40         40          0          0          0          0
      4   0 nene                         40         40          0          0          0          0
      5   0 nene                         40         40          0          0          0          0
      6   0 nene                         40         40          0          0          0          0
      7   0 nene                         40         40          0          0          0          0
      8   0 nene                         40         40          0          0          0          0
      9   1 menor                        70         70          0          0          0          0
     10   1 menor                        70         70          0          0          0          0
     11   1 menor                        70         70          0          0          0          0
     12   1 menor                        70         70          0          0          0          0
     13   1 menor                        70         70          0          0          0          0
     14   1 menor                        70         70          0          0          0          0
     15   1 menor                        70         70          0          0          0          0
     16   1 menor                        70         70          0          0          0          0
     17   1 menor                        70         70          0          0          0          0
     18   1 menor                        70         70          0          0          0          0
     19   1 menor                        70         70          0          0          0          0
     20   1 menor                        70         70          0          0          0          0
     21   1 menor                        70         70          0          0          0          0
     22   1 menor                        70         70          0          0          0          0
     23   1 menor                        70         70          0          0          0          0
     24   1 menor                        70         70          0          0          0          0
     25   1 menor                        70         70          0          0          0          0
     26   1 menor                        70         70          0          0          0          0
     27   1 menor                        70         70          0          0          0          0
     28   1 menor                        70         70          0          0          0          0
     29   1 menor                        70         70          0          0          0          0
     30   1 menor                        70         70          0          0          0          0
     31   1 menor                        70         70          0          0          0          0
     32   1 menor                        70         70          0          0          0          0
     33   1 menor                        70         70          0          0          0          0
     34   1 menor                        70         70          0          0          0          0
     35   1 menor                        70         70          0          0          0          0
     36   1 menor                        70         70          0          0          0          0
     37   1 menor                        70         70          0          0          0          0
     38   1 menor                        70         70          0          0          0          0
     39   2 adulto                      100        100          0          0          0          0
     40   2 adulto                      100        100          0          0          0          0
     41   2 adulto                      100        100          0          0          0          0
     42   2 adulto                      100        100          0          0          0          0
     43   2 adulto                      100        100          0          0          0          0
     44   2 adulto                      100        100          0          0          0          0
     45   2 adulto                      100        100          0          0          0          0
     46   2 adulto                      100        100          0          0          0          0
     47   2 adulto                      100        100          0          0          0          0
     48   2 adulto                      100        100          0          0          0          0
     49   2 adulto                      100        100          0          0          0          0
     50   2 adulto                      100        100          0          0          0          0
     51   2 adulto                      100        100          0          0          0          0
     52   2 adulto                      100        100          0          0          0          0
     53   2 adulto                      100        100          0          0          0          0
     54   2 adulto                      100        100          0          0          0          0
     55   2 adulto                      100        100          0          0          0          0
     56   2 adulto                      100        100          0          0          0          0
     57   2 adulto                      100        100          0          0          0          0
     58   2 adulto                      100        100          0          0          0          0
     59   2 adulto                      100        100          0          0          0          0
     60   2 adulto                      100        100          0          0          0          0
     61   2 adulto                      100        100          0          0          0          0
     62   2 adulto                      100        100          0          0          0          0
     63   2 adulto                      100        100          0          0          0          0
     64   2 adulto                      100        100          0          0          0          0
     65   2 adulto                      100        100          0          0          0          0
     66   2 adulto                      100        100          0          0          0          0
     67   2 adulto                      100        100          0          0          0          0
     68   2 adulto                      100        100          0          0          0          0
     69   2 adulto                      100        100          0          0          0          0
     70   2 adulto                      100        100          0          0          0          0
     71   2 adulto                      100        100          0          0          0          0
     72   2 adulto                      100        100          0          0          0          0
     73   2 adulto                      100        100          0          0          0          0
     74   2 adulto                      100        100          0          0          0          0
     75   2 adulto                      100        100          0          0          0          0
     76   2 adulto                      100        100          0          0          0          0
     77   2 adulto                      100        100          0          0          0          0
     78   2 adulto                      100        100          0          0          0          0
     79   2 adulto                      100        100          0          0          0          0
     80   2 adulto                      100        100          0          0          0          0
     81   2 adulto                      100        100          0          0          0          0
     82   2 adulto                      100        100          0          0          0          0
     83   2 adulto                      100        100          0          0          0          0
     84   2 adulto                      100        100          0          0          0          0
     85   2 adulto                      100         99          1          0          0          0
     86   2 adulto                      100        100          0          0          0          0
     87   2 adulto                      100        100          0          0          0          0
     88   2 adulto                      100        100          0          0          0          0
     89   2 adulto                      100        100          0          0          0          0
     90   2 adulto                      100        100          0          0          0          0
     91   2 adulto                      100        100          0          0          0          0
     92   2 adulto                      100        100          0          0          0          0
     93   2 adulto                      100        100          0          0          0          0
     94   2 adulto                      100        100          0          0          0          0
     95   2 adulto                      100         99          1          0          0          0
     96   2 adulto                      100        100          0          0          0          0
     97   2 adulto                      100        100          0          0          0          0
     98   2 adulto                      100        100          0          0          0          0
     99   2 adulto                      100        100          0          0          0          0
    100   2 adulto                      100        100          0          0          0          0
    101   2 adulto                      100        100          0          0          0          0
    102   2 adulto                      100        100          0          0          0          0
    103   2 adulto                      100        100          0          0          0          0
    104   2 adulto                      100        100          0          0          0          0
    105   2 adulto                      100        100          0          0          0          0
    106   2 adulto                      100        100          0          0          0          0
    107   2 adulto                      100         99          1          0          0          0
    108   2 adulto                      100        100          0          0          0          0
    109   2 adulto                      100        100          0          0          0          0
    110   2 adulto                      100        100          0          0          0          0
    111   2 adulto                      100        100          0          0          0          0
    112   2 adulto                      100        100          0          0          0          0
    113   2 adulto                      100        100          0          0          0          0
    114   2 adulto                      100         99          1          0          0          0
    115   2 adulto                      100        100          0          0          0          0
    116   2 adulto                      100        100          0          0          0          0
    117   2 adulto                      100        100          0          0          0          0
    118   2 adulto                      100        100          0          0          0          0
    119   2 adulto                      100        100          0          0          0          0
    120   2 adulto                      100        100          0          0          0          0
    121   2 adulto                      100        100          0          0          0          0
    122   2 adulto                      100        100          0          0          0          0
    123   2 adulto                      100        100          0          0          0          0
    124   2 adulto                      100        100          0          0          0          0
    125   2 adulto                      100        100          0          0          0          0
    126   2 adulto                      100        100          0          0          0          0
    127   2 adulto                      100        100          0          0          0          0
    128   2 adulto                      100        100          0          0          0          0
    129   2 adulto                      100        100          0          0          0          0
    130   2 adulto                      100        100          0          0          0          0
    131   2 adulto                      100        100          0          0          0          0
    132   2 adulto                      100        100          0          0          0          0
    133   2 adulto                      100        100          0          0          0          0
    134   2 adulto                      100        100          0          0          0          0
    135   2 adulto                      100        100          0          0          0          0
    136   2 adulto                      100        100          0          0          0          0
    137   2 adulto                      100        100          0          0          0          0
    138   2 adulto                      100        100          0          0          0          0
    139   2 adulto                      100        100          0          0          0          0
    140   2 adulto                      100        100          0          0          0          0
    141   2 adulto                      100        100          0          0          0          0
    142   2 adulto                      100        100          0          0          0          0
    143   2 adulto                      100        100          0          0          0          0
    144   2 adulto                      100        100          0          0          0          0
    145   2 adulto                      100        100          0          0          0          0
    146   2 adulto                      100        100          0          0          0          0
    147   2 adulto                      100        100          0          0          0          0
    148   2 adulto                      100        100          0          0          0          0
    149   2 adulto                      100        100          0          0          0          0
    150   2 adulto                      100        100          0          0          0          0
    151   2 adulto                      100        100          0          0          0          0
    152   2 adulto                      100        100          0          0          0          0
    153   2 adulto                      100        100          0          0          0          0
    154   2 adulto                      100        100          0          0          0          0
    155   2 adulto                      100        100          0          0          0          0
    156   2 adulto                      100        100          0          0          0          0
    157   2 adulto                      100        100          0          0          0          0
    158   2 adulto                      100        100          0          0          0          0
    159   2 adulto                      100        100          0          0          0          0
    160   2 adulto                      100         99          1          0          0          0
    161   2 adulto                      100        100          0          0          0          0
    162   2 adulto                      100        100          0          0          0          0
    163   3 jubilado                     70         70          0          0          0          0
    164   3 jubilado                     70         70          0          0          0          0
    165   3 jubilado                     70         70          0          0          0          0
    166   3 jubilado                     70         70          0          0          0          0
    167   3 jubilado                     70         70          0          0          0          0
    168   3 jubilado                     70         70          0          0          0          0
    169   3 jubilado                     70         70          0          0          0          0
    170   3 jubilado                     70         70          0          0          0          0
    171   3 jubilado                     70         70          0          0          0          0
    172   3 jubilado                     70         70          0          0          0          0
    173   4 mayor                        20         20          0          0          0          0
    174   4 mayor                        20         20          0          0          0          0
    175   4 mayor                        20         20          0          0          0          0
    176   4 mayor                        20         20          0          0          0          0
    177   4 mayor                        20         20          0          0          0          0
    178   4 mayor                        20         20          0          0          0          0
    179   4 mayor                        20         20          0          0          0          0
    180   4 mayor                        20         20          0          0          0          0
    181   4 mayor                        20         20          0          0          0          0
    182   4 mayor                        20         20          0          0          0          0
    183   4 mayor                        20         20          0          0          0          0
    184   4 mayor                        20         20          0          0          0          0
    185   4 mayor                        20         20          0          0          0          0
    186   4 mayor                        20         20          0          0          0          0
    187   4 mayor                        20         20          0          0          0          0
    188   4 mayor                        20         20          0          0          0          0
    189   4 mayor                        20         20          0          0          0          0
    190   4 mayor                        20         20          0          0          0          0
    191   4 mayor                        20         20          0          0          0          0
    192   4 mayor                        20         20          0          0          0          0
    193   4 mayor                        20         20          0          0          0          0
    194   4 mayor                        20         20          0          0          0          0
    195   4 mayor                        20         20          0          0          0          0
    196   4 mayor                        20         20          0          0          0          0
    197   4 mayor                        20         20          0          0          0          0
    198   4 mayor                        20         20          0          0          0          0
    199   4 mayor                        20         20          0          0          0          0
    200   4 mayor                        20         20          0          0          0          0
------- --- -------------------- ---------- ---------- ---------- ---------- ---------- ----------
                                      16080      16075          5          0          0          0

03/05/2020 11:52:21

Cambio de condiciones el día 30
Fichero de grupos            C:\Contagio\Casos\grupos_m1.ggg
Número de clusters           100
Próximo cambio en            25 días

                        - Edad-      %     % Factor B    Días         %      Num.Pasos      %                          %      Individuos 
Grupo            Género Min Max   Gravedad   Contagio  Duración    Curación   Min   Max Individuos   Individuos     clusters    cluster  
---------------- ------ --- --- ---------- ---------- ---------- ---------- ----- ----- ---------- ------------ ------------ ------------
nene                  0   0   4      10,00      10,00      30,00      99,55    60    90       4,00        2.000          4,0           40
menor                 1   5  19       4,00       4,00      30,00     100,00    60    90      15,00        7.500         15,0           70
adulto                2  20  64      35,00     100,00      30,00      99,22    60    90      62,00       31.000         62,0          100
jubilado              3  65  69     100,00     800,00      30,00      95,38    60    90       5,00        2.500          5,0           70
mayor                 4  70 150     100,00     800,00      30,00      81,86     8    15      14,00        7.000         14,0           20
---------------- ------ --- --- ---------- ---------- ---------- ---------- ----- ----- ---------- ------------ ------------ ------------

                                                       -------------- Dentro y fuera ------------- -------- Dentro -----      %
Cluster GID Grupo                Individuos      Sanos Infectados    Curados Desinmuniz    Muertos   Intentos Infectados   Aciertos
------- --- -------------------- ---------- ---------- ---------- ---------- ---------- ---------- ---------- ---------- ----------
      1   0 nene                         40         39          1          0          0          0        234          0       0,00
      2   0 nene                         40         40          0          0          0          0          0          0       0,00
      3   0 nene                         40         40          0          0          0          0          0          0       0,00
      4   0 nene                         40         40          0          0          0          0          0          0       0,00
      5   1 menor                        70         70          0          0          0          0          0          0       0,00
      6   1 menor                        70         70          0          0          0          0          0          0       0,00
      7   1 menor                        70         70          0          0          0          0          0          0       0,00
      8   1 menor                        70         70          0          0          0          0          0          0       0,00
      9   1 menor                        70         70          0          0          0          0          0          0       0,00
     10   1 menor                        70         70          0          0          0          0          0          0       0,00
     11   1 menor                        70         70          0          0          0          0          0          0       0,00
     12   1 menor                        70         70          0          0          0          0          0          0       0,00
     13   1 menor                        70         70          0          0          0          0          0          0       0,00
     14   1 menor                        70         70          0          0          0          0          0          0       0,00
     15   1 menor                        70         70          0          0          0          0          0          0       0,00
     16   1 menor                        70         70          0          0          0          0          0          0       0,00
     17   1 menor                        70         70          0          0          0          0          0          0       0,00
     18   1 menor                        70         70          0          0          0          0          0          0       0,00
     19   1 menor                        70         70          0          0          0          0          0          0       0,00
     20   2 adulto                      100         30         70          0          0          0          0          0       0,00
     21   2 adulto                      100         69         31          0          0          0          0          0       0,00
     22   2 adulto                      100         99          1          0          0          0          0          0       0,00
     23   2 adulto                      100         87         13          0          0          0          0          0       0,00
     24   2 adulto                      100        100          0          0          0          0          0          0       0,00
     25   2 adulto                      100         99          1          0          0          0          0          0       0,00
     26   2 adulto                      100         99          1          0          0          0          0          0       0,00
     27   2 adulto                      100         99          1          0          0          0          0          0       0,00
     28   2 adulto                      100         97          3          0          0          0        552          0       0,00
     29   2 adulto                      100        100          0          0          0          0          0          0       0,00
     30   2 adulto                      100        100          0          0          0          0          0          0       0,00
     31   2 adulto                      100        100          0          0          0          0          0          0       0,00
     32   2 adulto                      100         39         61          0          0          0          0          0       0,00
     33   2 adulto                      100         31         69          0          0          0          0          0       0,00
     34   2 adulto                      100        100          0          0          0          0          0          0       0,00
     35   2 adulto                      100         99          1          0          0          0          0          0       0,00
     36   2 adulto                      100         81         19          0          0          0        207          0       0,00
     37   2 adulto                      100         81         19          0          0          0          0          0       0,00
     38   2 adulto                      100         80         20          0          0          0          0          0       0,00
     39   2 adulto                      100         74         26          0          0          0       5659         69       1,22
     40   2 adulto                      100         94          6          0          0          0       2432         28       1,15
     41   2 adulto                      100        100          0          0          0          0          0          0       0,00
     42   2 adulto                      100         90         10          0          0          0        935         10       1,07
     43   2 adulto                      100         95          5          0          0          0          0          0       0,00
     44   2 adulto                      100         99          1          0          0          0          0          0       0,00
     45   2 adulto                      100         85         15          0          0          0          0          0       0,00
     46   2 adulto                      100        100          0          0          0          0          0          0       0,00
     47   2 adulto                      100         26         74          0          0          0        197          2       1,02
     48   2 adulto                      100        100          0          0          0          0          0          0       0,00
     49   2 adulto                      100        100          0          0          0          0          0          0       0,00
     50   2 adulto                      100         94          6          0          0          0          0          0       0,00
     51   2 adulto                      100         99          1          0          0          0       4974         60       1,21
     52   2 adulto                      100         26         74          0          0          0       7897         66       0,84
     53   2 adulto                      100        100          0          0          0          0          0          0       0,00
     54   2 adulto                      100         77         23          0          0          0          0          0       0,00
     55   2 adulto                      100         91          9          0          0          0       2096         16       0,76
     56   2 adulto                      100         77         23          0          0          0        983         15       1,53
     57   2 adulto                      100        100          0          0          0          0       1592         19       1,19
     58   2 adulto                      100         27         73          0          0          0       2541         25       0,98
     59   2 adulto                      100         45         55          0          0          0        292          5       1,71
     60   2 adulto                      100         96          4          0          0          0          0          0       0,00
     61   2 adulto                      100        100          0          0          0          0        862          9       1,04
     62   2 adulto                      100        100          0          0          0          0        680          4       0,59
     63   2 adulto                      100         39         61          0          0          0          0          0       0,00
     64   2 adulto                      100         78         22          0          0          0       1900         13       0,68
     65   2 adulto                      100          0         94          6          0          0          0          0       0,00
     66   2 adulto                      100          0         91          9          0          0       7076         73       1,03
     67   2 adulto                      100        100          0          0          0          0          0          0       0,00
     68   2 adulto                      100         99          1          0          0          0          0          0       0,00
     69   2 adulto                      100         99          1          0          0          0        195          5       2,56
     70   2 adulto                      100        100          0          0          0          0          0          0       0,00
     71   2 adulto                      100         99          1          0          0          0       6879         70       1,02
     72   2 adulto                      100         92          8          0          0          0          0          0       0,00
     73   2 adulto                      100         82         18          0          0          0       2128         19       0,89
     74   2 adulto                      100         99          1          0          0          0        388          8       2,06
     75   2 adulto                      100         68         32          0          0          0       1959         21       1,07
     76   2 adulto                      100          0         91          9          0          0          0          0       0,00
     77   2 adulto                      100        100          0          0          0          0       6248         70       1,12
     78   2 adulto                      100         99          1          0          0          0       7205         54       0,75
     79   2 adulto                      100         97          3          0          0          0        292          3       1,03
     80   2 adulto                      100        100          0          0          0          0          0          0       0,00
     81   2 adulto                      100         96          4          0          0          0          0          0       0,00
     82   3 jubilado                     70          0         70          0          0          0       5876         58       0,99
     83   3 jubilado                     70          0         69          1          0          0       2838         20       0,70
     84   3 jubilado                     70         14         56          0          0          0      10465         99       0,95
     85   3 jubilado                     70          0         70          0          0          0      11568         97       0,84
     86   3 jubilado                     70          0         70          0          0          0          0          0       0,00
     87   4 mayor                        20         20          0          0          0          0         99          0       0,00
     88   4 mayor                        20         20          0          0          0          0          0          0       0,00
     89   4 mayor                        20         20          0          0          0          0          0          0       0,00
     90   4 mayor                        20         19          1          0          0          0          0          0       0,00
     91   4 mayor                        20         15          5          0          0          0        572          6       1,05
     92   4 mayor                        20          8         12          0          0          0       2069         17       0,82
     93   4 mayor                        20         20          0          0          0          0          0          0       0,00
     94   4 mayor                        20          2         18          0          0          0       3012         30       1,00
     95   4 mayor                        20         20          0          0          0          0       9425         99       1,05
     96   4 mayor                        20         20          0          0          0          0          0          0       0,00
     97   4 mayor                        20          0         20          0          0          0        297          0       0,00
     98   4 mayor                        20         20          0          0          0          0         98          1       1,02
     99   4 mayor                        20         20          0          0          0          0          0          0       0,00
    100   4 mayor                        20         18          2          0          0          0        195          1       0,51
------- --- -------------------- ---------- ---------- ---------- ---------- ---------- ---------- ---------- ---------- ----------
                                       8040       6477       1538         25          0          0     112917       1092       0,97

03/05/2020 12:03:06

Cambio de condiciones el día 55
Fichero de grupos            C:\Contagio\Casos\grupos_m2.ggg
Número de clusters           50
Próximo cambio en            15 días

                        - Edad-      %     % Factor B    Días         %      Num.Pasos      %                          %      Individuos 
Grupo            Género Min Max   Gravedad   Contagio  Duración    Curación   Min   Max Individuos   Individuos     clusters    cluster  
---------------- ------ --- --- ---------- ---------- ---------- ---------- ----- ----- ---------- ------------ ------------ ------------
nene                  0   0   4      10,00      10,00      30,00      99,55    40    60       4,00        2.000          4,0           40
menor                 1   5  19       4,00       4,00      30,00     100,00    40    60      15,00        7.500         15,0           70
adulto                2  20  64      35,00     100,00      30,00      99,22    40    60      62,00       31.000         62,0          100
jubilado              3  65  69     100,00     800,00      30,00      95,38    40    60       5,00        2.500          5,0           70
mayor                 4  70 150     100,00     800,00      30,00      81,86     5    10      14,00        7.000         14,0           20
---------------- ------ --- --- ---------- ---------- ---------- ---------- ----- ----- ---------- ------------ ------------ ------------

                                                       -------------- Dentro y fuera ------------- -------- Dentro -----      %
Cluster GID Grupo                Individuos      Sanos Infectados    Curados Desinmuniz    Muertos   Intentos Infectados   Aciertos
------- --- -------------------- ---------- ---------- ---------- ---------- ---------- ---------- ---------- ---------- ----------
      1   0 nene                         40         36          3          1          0          0       1685          2       0,12
      2   0 nene                         40         40          0          0          0          0          0          0       0,00
      3   1 menor                        70         70          0          0          0          0          0          0       0,00
      4   1 menor                        70         70          0          0          0          0          0          0       0,00
      5   1 menor                        70         69          1          0          0          0          0          0       0,00
      6   1 menor                        70         70          0          0          0          0          0          0       0,00
      7   1 menor                        70         70          0          0          0          0        621          0       0,00
      8   1 menor                        70         69          1          0          0          0          0          0       0,00
      9   1 menor                        70         70          0          0          0          0          0          0       0,00
     10   2 adulto                      100          0         47         53          0          0        552          0       0,00
     11   2 adulto                      100          0         66         34          0          0          0          0       0,00
     12   2 adulto                      100          0         98          2          0          0        341          1       0,29
     13   2 adulto                      100          0         77         23          0          0        272          0       0,00
     14   2 adulto                      100          3         97          0          0          0       1104          0       0,00
     15   2 adulto                      100          0         94          6          0          0          0          0       0,00
     16   2 adulto                      100          0         96          4          0          0        413          1       0,24
     17   2 adulto                      100          0         94          6          0          0          0          0       0,00
     18   2 adulto                      100          0         92          8          0          0          0          0       0,00
     19   2 adulto                      100          0         98          2          0          0          0          0       0,00
     20   2 adulto                      100          1         99          0          0          0       2846         30       1,05
     21   2 adulto                      100          0         98          2          0          0       7324         69       0,94
     22   2 adulto                      100          0         56         44          0          0      12234         95       0,78
     23   2 adulto                      100          0         57         43          0          0       9983         86       0,86
     24   2 adulto                      100          0         96          4          0          0      10961         94       0,86
     25   2 adulto                      100          0         88         12          0          0      11582         97       0,84
     26   2 adulto                      100          0         77         23          0          0      11304         96       0,85
     27   2 adulto                      100          0         70         30          0          0      11367         94       0,83
     28   2 adulto                      100          0         68         32          0          0      10007         96       0,96
     29   2 adulto                      100          0         67         33          0          0      10389         95       0,91
     30   2 adulto                      100          0         88         12          0          0      10191         92       0,90
     31   2 adulto                      100          2         96          2          0          0      10034         93       0,93
     32   2 adulto                      100          0         75         25          0          0       4284         39       0,91
     33   2 adulto                      100          0         95          5          0          0       3832         31       0,81
     34   2 adulto                      100          0         95          5          0          0       8182         94       1,15
     35   2 adulto                      100          0         74         26          0          0      10259         97       0,95
     36   2 adulto                      100          0        100          0          0          0       8381         79       0,94
     37   2 adulto                      100          0         55         45          0          0       7194         78       1,08
     38   2 adulto                      100          0         98          2          0          0       7498         78       1,04
     39   2 adulto                      100         24         76          0          0          0      12164        143       1,18
     40   2 adulto                      100          0         81         19          0          0      11589        122       1,05
     41   3 jubilado                     70          0         27         42          0          1      10134         90       0,89
     42   3 jubilado                     70          0          0         68          0          2      11553         99       0,86
     43   4 mayor                        20          0         19          0          0          1      12469         88       0,71
     44   4 mayor                        20          0         20          0          0          0       8875         96       1,08
     45   4 mayor                        20          0         20          0          0          0      10096         85       0,84
     46   4 mayor                        20          0         10          9          0          1       9262         93       1,00
     47   4 mayor                        20          0         14          5          0          1       2383         28       1,17
     48   4 mayor                        20          0         14          5          0          1       8915         95       1,07
     49   4 mayor                        20          0         20          0          0          0       7787         69       0,89
------- --- -------------------- ---------- ---------- ---------- ---------- ---------- ---------- ---------- ---------- ----------
                                       3950        594       2717        632          0          7     278067       2545       0,92

Situación final

                                                       -------------- Dentro y fuera ------------- -------- Dentro -----      %
Cluster GID Grupo                Individuos      Sanos Infectados    Curados Desinmuniz    Muertos   Intentos Infectados   Aciertos
------- --- -------------------- ---------- ---------- ---------- ---------- ---------- ---------- ---------- ---------- ----------
      1   0 nene                         40         35          0          5          0          0       3456          3       0,09
      2   0 nene                         40         40          0          0          0          0          0          0       0,00
      3   1 menor                        70         70          0          0          0          0          0          0       0,00
      4   1 menor                        70         70          0          0          0          0          0          0       0,00
      5   1 menor                        70         69          0          1          0          0        414          0       0,00
      6   1 menor                        70         70          0          0          0          0          0          0       0,00
      7   1 menor                        70         70          0          0          0          0        621          0       0,00
      8   1 menor                        70         69          0          1          0          0       1449          0       0,00
      9   1 menor                        70         70          0          0          0          0          0          0       0,00
     10   2 adulto                      100          0          0        100          0          0        552          0       0,00
     11   2 adulto                      100          0          0        100          0          0          0          0       0,00
     12   2 adulto                      100          0          0         99          0          1        341          1       0,29
     13   2 adulto                      100          0          0        100          0          0        272          0       0,00
     14   2 adulto                      100          0          0        100          0          0       1221          3       0,25
     15   2 adulto                      100          0          0        100          0          0          0          0       0,00
     16   2 adulto                      100          0          0        100          0          0        413          1       0,24
     17   2 adulto                      100          0          0        100          0          0          0          0       0,00
     18   2 adulto                      100          0          0        100          0          0          0          0       0,00
     19   2 adulto                      100          0          0         99          0          1          0          0       0,00
     20   2 adulto                      100          0          0        100          0          0       2861         31       1,08
     21   2 adulto                      100          0          0        100          0          0       7324         69       0,94
     22   2 adulto                      100          0          0        100          0          0      12234         95       0,78
     23   2 adulto                      100          0          0        100          0          0       9983         86       0,86
     24   2 adulto                      100          0          0        100          0          0      10961         94       0,86
     25   2 adulto                      100          0          0         99          0          1      11582         97       0,84
     26   2 adulto                      100          0          0         99          0          1      11304         96       0,85
     27   2 adulto                      100          0          0        100          0          0      11367         94       0,83
     28   2 adulto                      100          0          0        100          0          0      10007         96       0,96
     29   2 adulto                      100          0          0        100          0          0      10389         95       0,91
     30   2 adulto                      100          0          0        100          0          0      10191         92       0,90
     31   2 adulto                      100          0          0         99          0          1      10330         95       0,92
     32   2 adulto                      100          0          0        100          0          0       4284         39       0,91
     33   2 adulto                      100          0          0        100          0          0       3832         31       0,81
     34   2 adulto                      100          0          0         99          0          1       8182         94       1,15
     35   2 adulto                      100          0          0        100          0          0      10259         97       0,95
     36   2 adulto                      100          0          0        100          0          0       8381         79       0,94
     37   2 adulto                      100          0          0        100          0          0       7194         78       1,08
     38   2 adulto                      100          0          0         99          0          1       7498         78       1,04
     39   2 adulto                      100          0          0         99          0          1      16008        167       1,04
     40   2 adulto                      100          0          0        100          0          0      11589        122       1,05
     41   3 jubilado                     70          0          0         69          0          1      10134         90       0,89
     42   3 jubilado                     70          0          0         68          0          2      11553         99       0,86
     43   4 mayor                        20          0          0         16          0          4      12469         88       0,71
     44   4 mayor                        20          0          0         17          0          3       8875         96       1,08
     45   4 mayor                        20          0          0         15          0          5      10096         85       0,84
     46   4 mayor                        20          0          0         18          0          2       9262         93       1,00
     47   4 mayor                        20          0          0         16          0          4       2383         28       1,17
     48   4 mayor                        20          0          0         15          0          5       8915         95       1,07
     49   4 mayor                        20          0          0         16          0          4       7787         69       0,89
------- --- -------------------- ---------- ---------- ---------- ---------- ---------- ---------- ---------- ---------- ----------
                                       3950        563          0       3349          0         38     285973       2576       0,90

Grupo   0 nene
      0      1      2      3      4      5      6      7      8      9     10     11     12     13     14     15     16     17     18     19     20     21     22     23     24     25     26     27     28     29
 ------ ------ ------ ------ ------ ------ ------ ------ ------ ------ ------ ------ ------ ------ ------ ------ ------ ------ ------ ------ ------ ------ ------ ------ ------ ------ ------ ------ ------ ------
 0,0000 0,0000 0,0000 0,0001 0,0003 0,0006 0,0010 0,0016 0,0024 0,0034 0,0046 0,0062 0,0080 0,0102 0,0127 0,0156 0,0189 0,0227 0,0270 0,0317 0,0370 0,0428 0,0492 0,0563 0,0639 0,0723 0,0813 0,0910 0,1015 0,1128
      0      1      2      3      4      5      6      7      8      9     10     11     12     13     14     15     16     17     18     19     20     21     22     23     24     25     26     27     28     29
 ------ ------ ------ ------ ------ ------ ------ ------ ------ ------ ------ ------ ------ ------ ------ ------ ------ ------ ------ ------ ------ ------ ------ ------ ------ ------ ------ ------ ------ ------
 0,0000 0,0000 0,0000 0,0001 0,0003 0,0006 0,0010 0,0016 0,0024 0,0034 0,0046 0,0062 0,0080 0,0102 0,0127 0,0156 0,0189 0,0227 0,0270 0,0317 0,0370 0,0428 0,0492 0,0563 0,0639 0,0723 0,0813 0,0910 0,1015 0,1128
Número infectados                                 53
Número intentos fin infección                  1.351
Número finales de infección                       53       3,92
Número finales curacion                           53     100,00
Número finales muerte                              0       0,00
Total infecciones                                 29
Total infecciones por curados                     29
Total infecciones por muertos                      0
Total infectadores curados                        53
Total infectadores muertos                         0
Total pasos                               18.913.753
Total recorridos                             296.186
Total distancia recorrida                 11.558.950
Contactos de riesgo                           13.239
Máximo de contagios por 1 individuo                3
Mínimo de contagios por 1 individuo                0
Falso (R0) curados                            0,5472
Falso (R0) muertos                            0,0000

Grupo   1 menor
      0      1      2      3      4      5      6      7      8      9     10     11     12     13     14     15     16     17     18     19     20     21     22     23     24     25     26     27     28     29
 ------ ------ ------ ------ ------ ------ ------ ------ ------ ------ ------ ------ ------ ------ ------ ------ ------ ------ ------ ------ ------ ------ ------ ------ ------ ------ ------ ------ ------ ------
 0,0000 0,0000 0,0000 0,0001 0,0003 0,0006 0,0010 0,0016 0,0024 0,0034 0,0046 0,0062 0,0080 0,0102 0,0127 0,0156 0,0189 0,0227 0,0270 0,0317 0,0370 0,0428 0,0492 0,0563 0,0639 0,0723 0,0813 0,0910 0,1015 0,1128
      0      1      2      3      4      5      6      7      8      9     10     11     12     13     14     15     16     17     18     19     20     21     22     23     24     25     26     27     28     29
 ------ ------ ------ ------ ------ ------ ------ ------ ------ ------ ------ ------ ------ ------ ------ ------ ------ ------ ------ ------ ------ ------ ------ ------ ------ ------ ------ ------ ------ ------
 0,0000 0,0000 0,0000 0,0001 0,0003 0,0006 0,0010 0,0016 0,0024 0,0034 0,0046 0,0062 0,0080 0,0102 0,0127 0,0156 0,0189 0,0227 0,0270 0,0317 0,0370 0,0428 0,0492 0,0563 0,0639 0,0723 0,0813 0,0910 0,1015 0,1128
Número infectados                                 55
Número intentos fin infección                  1.498
Número finales de infección                       55       3,67
Número finales curacion                           55     100,00
Número finales muerte                              0       0,00
Total infecciones                                 37
Total infecciones por curados                     37
Total infecciones por muertos                      0
Total infectadores curados                        55
Total infectadores muertos                         0
Total pasos                               71.416.930
Total recorridos                           1.120.784
Total distancia recorrida                 43.727.860
Contactos de riesgo                           51.764
Máximo de contagios por 1 individuo                3
Mínimo de contagios por 1 individuo                0
Falso (R0) curados                            0,6727
Falso (R0) muertos                            0,0000

Grupo   2 adulto
      0      1      2      3      4      5      6      7      8      9     10     11     12     13     14     15     16     17     18     19     20     21     22     23     24     25     26     27     28     29
 ------ ------ ------ ------ ------ ------ ------ ------ ------ ------ ------ ------ ------ ------ ------ ------ ------ ------ ------ ------ ------ ------ ------ ------ ------ ------ ------ ------ ------ ------
 0,0000 0,0000 0,0000 0,0001 0,0003 0,0006 0,0010 0,0016 0,0024 0,0034 0,0046 0,0062 0,0080 0,0102 0,0127 0,0156 0,0189 0,0227 0,0270 0,0317 0,0370 0,0428 0,0492 0,0563 0,0639 0,0723 0,0813 0,0910 0,1015 0,1128
      0      1      2      3      4      5      6      7      8      9     10     11     12     13     14     15     16     17     18     19     20     21     22     23     24     25     26     27     28     29
 ------ ------ ------ ------ ------ ------ ------ ------ ------ ------ ------ ------ ------ ------ ------ ------ ------ ------ ------ ------ ------ ------ ------ ------ ------ ------ ------ ------ ------ ------
 0,0000 0,0000 0,0000 0,0001 0,0003 0,0006 0,0010 0,0016 0,0024 0,0034 0,0046 0,0062 0,0080 0,0102 0,0127 0,0156 0,0189 0,0227 0,0270 0,0317 0,0370 0,0428 0,0492 0,0563 0,0639 0,0723 0,0813 0,0910 0,1015 0,1128
Número infectados                             10.445
Número intentos fin infección                281.628
Número finales de infección                   10.444       3,71
Número finales curacion                       10.421      99,78
Número finales muerte                             23       0,22
Total infecciones                             12.874
Total infecciones por curados                 12.847
Total infecciones por muertos                     27
Total infectadores curados                    10.421
Total infectadores muertos                        23
Total pasos                              252.482.361
Total recorridos                           3.778.531
Total distancia recorrida                154.528.000
Contactos de riesgo                          128.169
Máximo de contagios por 1 individuo               18
Mínimo de contagios por 1 individuo                0
Falso (R0) curados                            1,2328
Falso (R0) muertos                            1,1739

Grupo   3 jubilado
      0      1      2      3      4      5      6      7      8      9     10     11     12     13     14     15     16     17     18     19     20     21     22     23     24     25     26     27     28     29
 ------ ------ ------ ------ ------ ------ ------ ------ ------ ------ ------ ------ ------ ------ ------ ------ ------ ------ ------ ------ ------ ------ ------ ------ ------ ------ ------ ------ ------ ------
 0,0000 0,0000 0,0000 0,0001 0,0003 0,0006 0,0010 0,0016 0,0024 0,0034 0,0046 0,0062 0,0080 0,0102 0,0127 0,0156 0,0189 0,0227 0,0270 0,0317 0,0370 0,0428 0,0492 0,0563 0,0639 0,0723 0,0813 0,0910 0,1015 0,1128
      0      1      2      3      4      5      6      7      8      9     10     11     12     13     14     15     16     17     18     19     20     21     22     23     24     25     26     27     28     29
 ------ ------ ------ ------ ------ ------ ------ ------ ------ ------ ------ ------ ------ ------ ------ ------ ------ ------ ------ ------ ------ ------ ------ ------ ------ ------ ------ ------ ------ ------
 0,0000 0,0000 0,0000 0,0001 0,0003 0,0006 0,0010 0,0016 0,0024 0,0034 0,0046 0,0062 0,0080 0,0102 0,0127 0,0156 0,0189 0,0227 0,0270 0,0317 0,0370 0,0428 0,0492 0,0563 0,0639 0,0723 0,0813 0,0910 0,1015 0,1128
Número infectados                              1.667
Número intentos fin infección                 44.868
Número finales de infección                    1.667       3,72
Número finales curacion                        1.594      95,62
Número finales muerte                             73       4,38
Total infecciones                              1.342
Total infecciones por curados                  1.303
Total infecciones por muertos                     39
Total infectadores curados                     1.594
Total infectadores muertos                        73
Total pasos                               16.620.572
Total recorridos                             230.834
Total distancia recorrida                 10.163.380
Contactos de riesgo                            4.564
Máximo de contagios por 1 individuo               23
Mínimo de contagios por 1 individuo                0
Falso (R0) curados                            0,8174
Falso (R0) muertos                            0,5342

Grupo   4 mayor
      0      1      2      3      4      5      6      7      8      9     10     11     12     13     14     15     16     17     18     19     20     21     22     23     24     25     26     27     28     29
 ------ ------ ------ ------ ------ ------ ------ ------ ------ ------ ------ ------ ------ ------ ------ ------ ------ ------ ------ ------ ------ ------ ------ ------ ------ ------ ------ ------ ------ ------
 0,0000 0,0000 0,0000 0,0001 0,0003 0,0006 0,0010 0,0016 0,0024 0,0034 0,0046 0,0062 0,0080 0,0102 0,0127 0,0156 0,0189 0,0227 0,0270 0,0317 0,0370 0,0428 0,0492 0,0563 0,0639 0,0723 0,0813 0,0910 0,1015 0,1128
      0      1      2      3      4      5      6      7      8      9     10     11     12     13     14     15     16     17     18     19     20     21     22     23     24     25     26     27     28     29
 ------ ------ ------ ------ ------ ------ ------ ------ ------ ------ ------ ------ ------ ------ ------ ------ ------ ------ ------ ------ ------ ------ ------ ------ ------ ------ ------ ------ ------ ------
 0,0000 0,0000 0,0000 0,0001 0,0003 0,0006 0,0010 0,0016 0,0024 0,0034 0,0046 0,0062 0,0080 0,0102 0,0127 0,0156 0,0189 0,0227 0,0270 0,0317 0,0370 0,0428 0,0492 0,0563 0,0639 0,0723 0,0813 0,0910 0,1015 0,1128
Número infectados                              2.905
Número intentos fin infección                 78.328
Número finales de infección                    2.904       3,71
Número finales curacion                        2.351      80,96
Número finales muerte                            553      19,04
Total infecciones                                833
Total infecciones por curados                    659
Total infecciones por muertos                    174
Total infectadores curados                     2.351
Total infectadores muertos                       553
Total pasos                                8.029.406
Total recorridos                             823.721
Total distancia recorrida                  4.908.781
Contactos de riesgo                           11.296
Máximo de contagios por 1 individuo               10
Mínimo de contagios por 1 individuo                0
Falso (R0) curados                            0,2803
Falso (R0) muertos                            0,3146

