02/05/2020 13:47:51

Cambio de condiciones el día 0
Fichero de grupos            C:\Contagio\Casos\grupos.ggg
Número de clusters           200
Próximo cambio en            30 días

                        - Edad-      %     % Factor B    Días         %      Num.Pasos      %                          %      Individuos 
Grupo            Género Min Max   Gravedad   Contagio  Duración    Curación   Min   Max Individuos   Individuos     clusters    cluster  
---------------- ------ --- --- ---------- ---------- ---------- ---------- ----- ----- ---------- ------------ ------------ ------------
nene                  0   0   4      10,00      10,00      30,00      99,55    80   120       4,00            0          4,0           40
menor                 1   5  19       4,00       4,00      30,00     100,00    80   120      15,00            0         15,0           70
adulto                2  20  64      35,00     100,00      30,00      99,22    80   120      62,00            0         62,0          100
jubilado              3  65  69     100,00     800,00      30,00      95,38    80   120       5,00            0          5,0           70
mayor                 4  70 150     100,00     800,00      30,00      81,86    10    20      14,00            0         14,0           20
---------------- ------ --- --- ---------- ---------- ---------- ---------- ----- ----- ---------- ------------ ------------ ------------

Situación inicial

Cluster GID Grupo                Individuos     Sanos  Infectados    Curados Desinmuniz    Muertos
------- --- -------------------- ---------- ---------- ---------- ---------- ---------- ----------
      1   0 nene                         40         40          0          0          0          0
      2   0 nene                         40         40          0          0          0          0
      3   0 nene                         40         40          0          0          0          0
      4   0 nene                         40         40          0          0          0          0
      5   0 nene                         40         40          0          0          0          0
      6   0 nene                         40         40          0          0          0          0
      7   0 nene                         40         40          0          0          0          0
      8   0 nene                         40         40          0          0          0          0
      9   1 menor                        70         70          0          0          0          0
     10   1 menor                        70         70          0          0          0          0
     11   1 menor                        70         70          0          0          0          0
     12   1 menor                        70         70          0          0          0          0
     13   1 menor                        70         70          0          0          0          0
     14   1 menor                        70         70          0          0          0          0
     15   1 menor                        70         70          0          0          0          0
     16   1 menor                        70         70          0          0          0          0
     17   1 menor                        70         70          0          0          0          0
     18   1 menor                        70         70          0          0          0          0
     19   1 menor                        70         70          0          0          0          0
     20   1 menor                        70         70          0          0          0          0
     21   1 menor                        70         70          0          0          0          0
     22   1 menor                        70         70          0          0          0          0
     23   1 menor                        70         70          0          0          0          0
     24   1 menor                        70         70          0          0          0          0
     25   1 menor                        70         70          0          0          0          0
     26   1 menor                        70         70          0          0          0          0
     27   1 menor                        70         70          0          0          0          0
     28   1 menor                        70         70          0          0          0          0
     29   1 menor                        70         70          0          0          0          0
     30   1 menor                        70         70          0          0          0          0
     31   1 menor                        70         70          0          0          0          0
     32   1 menor                        70         70          0          0          0          0
     33   1 menor                        70         70          0          0          0          0
     34   1 menor                        70         70          0          0          0          0
     35   1 menor                        70         70          0          0          0          0
     36   1 menor                        70         70          0          0          0          0
     37   1 menor                        70         70          0          0          0          0
     38   1 menor                        70         70          0          0          0          0
     39   2 adulto                      100        100          0          0          0          0
     40   2 adulto                      100         99          1          0          0          0
     41   2 adulto                      100        100          0          0          0          0
     42   2 adulto                      100        100          0          0          0          0
     43   2 adulto                      100        100          0          0          0          0
     44   2 adulto                      100        100          0          0          0          0
     45   2 adulto                      100        100          0          0          0          0
     46   2 adulto                      100        100          0          0          0          0
     47   2 adulto                      100        100          0          0          0          0
     48   2 adulto                      100        100          0          0          0          0
     49   2 adulto                      100        100          0          0          0          0
     50   2 adulto                      100        100          0          0          0          0
     51   2 adulto                      100        100          0          0          0          0
     52   2 adulto                      100        100          0          0          0          0
     53   2 adulto                      100        100          0          0          0          0
     54   2 adulto                      100        100          0          0          0          0
     55   2 adulto                      100        100          0          0          0          0
     56   2 adulto                      100        100          0          0          0          0
     57   2 adulto                      100        100          0          0          0          0
     58   2 adulto                      100        100          0          0          0          0
     59   2 adulto                      100        100          0          0          0          0
     60   2 adulto                      100        100          0          0          0          0
     61   2 adulto                      100        100          0          0          0          0
     62   2 adulto                      100        100          0          0          0          0
     63   2 adulto                      100         99          1          0          0          0
     64   2 adulto                      100        100          0          0          0          0
     65   2 adulto                      100        100          0          0          0          0
     66   2 adulto                      100        100          0          0          0          0
     67   2 adulto                      100        100          0          0          0          0
     68   2 adulto                      100        100          0          0          0          0
     69   2 adulto                      100        100          0          0          0          0
     70   2 adulto                      100        100          0          0          0          0
     71   2 adulto                      100        100          0          0          0          0
     72   2 adulto                      100        100          0          0          0          0
     73   2 adulto                      100        100          0          0          0          0
     74   2 adulto                      100        100          0          0          0          0
     75   2 adulto                      100        100          0          0          0          0
     76   2 adulto                      100        100          0          0          0          0
     77   2 adulto                      100        100          0          0          0          0
     78   2 adulto                      100        100          0          0          0          0
     79   2 adulto                      100        100          0          0          0          0
     80   2 adulto                      100        100          0          0          0          0
     81   2 adulto                      100        100          0          0          0          0
     82   2 adulto                      100        100          0          0          0          0
     83   2 adulto                      100        100          0          0          0          0
     84   2 adulto                      100        100          0          0          0          0
     85   2 adulto                      100        100          0          0          0          0
     86   2 adulto                      100        100          0          0          0          0
     87   2 adulto                      100        100          0          0          0          0
     88   2 adulto                      100        100          0          0          0          0
     89   2 adulto                      100        100          0          0          0          0
     90   2 adulto                      100        100          0          0          0          0
     91   2 adulto                      100        100          0          0          0          0
     92   2 adulto                      100        100          0          0          0          0
     93   2 adulto                      100        100          0          0          0          0
     94   2 adulto                      100        100          0          0          0          0
     95   2 adulto                      100        100          0          0          0          0
     96   2 adulto                      100        100          0          0          0          0
     97   2 adulto                      100        100          0          0          0          0
     98   2 adulto                      100        100          0          0          0          0
     99   2 adulto                      100        100          0          0          0          0
    100   2 adulto                      100        100          0          0          0          0
    101   2 adulto                      100        100          0          0          0          0
    102   2 adulto                      100        100          0          0          0          0
    103   2 adulto                      100        100          0          0          0          0
    104   2 adulto                      100        100          0          0          0          0
    105   2 adulto                      100        100          0          0          0          0
    106   2 adulto                      100        100          0          0          0          0
    107   2 adulto                      100        100          0          0          0          0
    108   2 adulto                      100        100          0          0          0          0
    109   2 adulto                      100        100          0          0          0          0
    110   2 adulto                      100        100          0          0          0          0
    111   2 adulto                      100        100          0          0          0          0
    112   2 adulto                      100        100          0          0          0          0
    113   2 adulto                      100        100          0          0          0          0
    114   2 adulto                      100        100          0          0          0          0
    115   2 adulto                      100        100          0          0          0          0
    116   2 adulto                      100        100          0          0          0          0
    117   2 adulto                      100        100          0          0          0          0
    118   2 adulto                      100        100          0          0          0          0
    119   2 adulto                      100        100          0          0          0          0
    120   2 adulto                      100        100          0          0          0          0
    121   2 adulto                      100        100          0          0          0          0
    122   2 adulto                      100        100          0          0          0          0
    123   2 adulto                      100        100          0          0          0          0
    124   2 adulto                      100        100          0          0          0          0
    125   2 adulto                      100        100          0          0          0          0
    126   2 adulto                      100        100          0          0          0          0
    127   2 adulto                      100        100          0          0          0          0
    128   2 adulto                      100         99          1          0          0          0
    129   2 adulto                      100        100          0          0          0          0
    130   2 adulto                      100        100          0          0          0          0
    131   2 adulto                      100        100          0          0          0          0
    132   2 adulto                      100        100          0          0          0          0
    133   2 adulto                      100        100          0          0          0          0
    134   2 adulto                      100        100          0          0          0          0
    135   2 adulto                      100        100          0          0          0          0
    136   2 adulto                      100        100          0          0          0          0
    137   2 adulto                      100        100          0          0          0          0
    138   2 adulto                      100        100          0          0          0          0
    139   2 adulto                      100        100          0          0          0          0
    140   2 adulto                      100        100          0          0          0          0
    141   2 adulto                      100        100          0          0          0          0
    142   2 adulto                      100        100          0          0          0          0
    143   2 adulto                      100        100          0          0          0          0
    144   2 adulto                      100        100          0          0          0          0
    145   2 adulto                      100        100          0          0          0          0
    146   2 adulto                      100        100          0          0          0          0
    147   2 adulto                      100        100          0          0          0          0
    148   2 adulto                      100        100          0          0          0          0
    149   2 adulto                      100        100          0          0          0          0
    150   2 adulto                      100        100          0          0          0          0
    151   2 adulto                      100        100          0          0          0          0
    152   2 adulto                      100        100          0          0          0          0
    153   2 adulto                      100        100          0          0          0          0
    154   2 adulto                      100        100          0          0          0          0
    155   2 adulto                      100        100          0          0          0          0
    156   2 adulto                      100        100          0          0          0          0
    157   2 adulto                      100        100          0          0          0          0
    158   2 adulto                      100        100          0          0          0          0
    159   2 adulto                      100        100          0          0          0          0
    160   2 adulto                      100        100          0          0          0          0
    161   2 adulto                      100        100          0          0          0          0
    162   2 adulto                      100        100          0          0          0          0
    163   3 jubilado                     70         70          0          0          0          0
    164   3 jubilado                     70         69          1          0          0          0
    165   3 jubilado                     70         70          0          0          0          0
    166   3 jubilado                     70         70          0          0          0          0
    167   3 jubilado                     70         70          0          0          0          0
    168   3 jubilado                     70         70          0          0          0          0
    169   3 jubilado                     70         70          0          0          0          0
    170   3 jubilado                     70         70          0          0          0          0
    171   3 jubilado                     70         70          0          0          0          0
    172   3 jubilado                     70         70          0          0          0          0
    173   4 mayor                        20         20          0          0          0          0
    174   4 mayor                        20         19          1          0          0          0
    175   4 mayor                        20         20          0          0          0          0
    176   4 mayor                        20         20          0          0          0          0
    177   4 mayor                        20         20          0          0          0          0
    178   4 mayor                        20         20          0          0          0          0
    179   4 mayor                        20         20          0          0          0          0
    180   4 mayor                        20         20          0          0          0          0
    181   4 mayor                        20         20          0          0          0          0
    182   4 mayor                        20         20          0          0          0          0
    183   4 mayor                        20         20          0          0          0          0
    184   4 mayor                        20         20          0          0          0          0
    185   4 mayor                        20         20          0          0          0          0
    186   4 mayor                        20         20          0          0          0          0
    187   4 mayor                        20         20          0          0          0          0
    188   4 mayor                        20         20          0          0          0          0
    189   4 mayor                        20         20          0          0          0          0
    190   4 mayor                        20         20          0          0          0          0
    191   4 mayor                        20         20          0          0          0          0
    192   4 mayor                        20         20          0          0          0          0
    193   4 mayor                        20         20          0          0          0          0
    194   4 mayor                        20         20          0          0          0          0
    195   4 mayor                        20         20          0          0          0          0
    196   4 mayor                        20         20          0          0          0          0
    197   4 mayor                        20         20          0          0          0          0
    198   4 mayor                        20         20          0          0          0          0
    199   4 mayor                        20         20          0          0          0          0
    200   4 mayor                        20         20          0          0          0          0
------- --- -------------------- ---------- ---------- ---------- ---------- ---------- ----------
                                      16080      16075          5          0          0          0

Situación final

                                                       -------------- Dentro y fuera ------------- -------- Dentro -----      %
Cluster GID Grupo                Individuos      Sanos Infectados    Curados Desinmuniz    Muertos   Intentos Infectados   Aciertos
------- --- -------------------- ---------- ---------- ---------- ---------- ---------- ---------- ---------- ---------- ----------
      1   0 nene                         40         32          0          8          0          0       6306          7       0,11
      2   0 nene                         40         36          0          4          0          0       3500          3       0,09
      3   0 nene                         40         39          0          1          0          0        897          0       0,00
      4   0 nene                         40         36          0          4          0          0       2558          2       0,08
      5   0 nene                         40         38          0          2          0          0       1949          0       0,00
      6   0 nene                         40         27          0         13          0          0       8192         10       0,12
      7   0 nene                         40         38          0          2          0          0       1941          0       0,00
      8   0 nene                         40         33          0          7          0          0       4589          6       0,13
      9   1 menor                        70         70          0          0          0          0          0          0       0,00
     10   1 menor                        70         70          0          0          0          0          0          0       0,00
     11   1 menor                        70         70          0          0          0          0          0          0       0,00
     12   1 menor                        70         70          0          0          0          0          0          0       0,00
     13   1 menor                        70         68          0          2          0          0       3403          1       0,03
     14   1 menor                        70         65          1          4          0          0       8122          0       0,00
     15   1 menor                        70         69          0          1          0          0       1311          0       0,00
     16   1 menor                        70         66          0          4          0          0       6412          2       0,03
     17   1 menor                        70         51          4         15          0          0      23116         17       0,07
     18   1 menor                        70         69          0          1          0          0       2001          0       0,00
     19   1 menor                        70         67          0          3          0          0       4860          2       0,04
     20   1 menor                        70         70          0          0          0          0          0          0       0,00
     21   1 menor                        70         70          0          0          0          0          0          0       0,00
     22   1 menor                        70         54          2         14          0          0      22822         14       0,06
     23   1 menor                        70         69          0          1          0          0       2001          0       0,00
     24   1 menor                        70         69          0          1          0          0        759          0       0,00
     25   1 menor                        70         66          0          4          0          0       5749          2       0,03
     26   1 menor                        70         69          0          1          0          0       1794          0       0,00
     27   1 menor                        70         69          0          1          0          0        345          0       0,00
     28   1 menor                        70         67          0          3          0          0       2354          1       0,04
     29   1 menor                        70         60          1          9          0          0      14856          8       0,05
     30   1 menor                        70         68          0          2          0          0       3769          0       0,00
     31   1 menor                        70         69          0          1          0          0       1104          0       0,00
     32   1 menor                        70         69          0          1          0          0       2001          0       0,00
     33   1 menor                        70         51          0         19          0          0      24051         16       0,07
     34   1 menor                        70         67          0          3          0          0       3845          2       0,05
     35   1 menor                        70         65          2          3          0          0       5993          3       0,05
     36   1 menor                        70         67          0          3          0          0       5065          2       0,04
     37   1 menor                        70         68          0          2          0          0       3289          0       0,00
     38   1 menor                        70         69          0          1          0          0        828          0       0,00
     39   2 adulto                      100          0          0         99          0          1      11046         98       0,89
     40   2 adulto                      100          0          0        100          0          0       9649         99       1,03
     41   2 adulto                      100          0          0         98          0          2      11607         94       0,81
     42   2 adulto                      100          0          0        100          0          0       9397         95       1,01
     43   2 adulto                      100          0          0        100          0          0      10507         99       0,94
     44   2 adulto                      100          0          0        100          0          0       9067         90       0,99
     45   2 adulto                      100          0          0         98          0          2      10021         95       0,95
     46   2 adulto                      100          0          0        100          0          0      10714         99       0,92
     47   2 adulto                      100          0          0         99          0          1      10351         97       0,94
     48   2 adulto                      100          0          0        100          0          0      11738         95       0,81
     49   2 adulto                      100          0          0        100          0          0      10877         91       0,84
     50   2 adulto                      100          0          0         99          0          1      14558         99       0,68
     51   2 adulto                      100          0          0        100          0          0       9040         93       1,03
     52   2 adulto                      100          0          0        100          0          0       9846         94       0,95
     53   2 adulto                      100          0          0        100          0          0      10085         90       0,89
     54   2 adulto                      100          0          0        100          0          0       7718         95       1,23
     55   2 adulto                      100          0          0        100          0          0      10357         95       0,92
     56   2 adulto                      100          0          0        100          0          0       9517         99       1,04
     57   2 adulto                      100          0          0        100          0          0      11757         92       0,78
     58   2 adulto                      100          0          0        100          0          0       8795         97       1,10
     59   2 adulto                      100          0          0        100          0          0      10117         93       0,92
     60   2 adulto                      100          0          0        100          0          0      10691         92       0,86
     61   2 adulto                      100          0          0        100          0          0      10252         89       0,87
     62   2 adulto                      100          0          0        100          0          0       9099         92       1,01
     63   2 adulto                      100          0          0        100          0          0       9462         99       1,05
     64   2 adulto                      100          0          0        100          0          0       9133         99       1,08
     65   2 adulto                      100          0          0        100          0          0      10031         98       0,98
     66   2 adulto                      100          0          0        100          0          0      10163         95       0,93
     67   2 adulto                      100          0          0        100          0          0      10406         91       0,87
     68   2 adulto                      100          0          0        100          0          0      10502         99       0,94
     69   2 adulto                      100          0          0         98          0          2       9564         97       1,01
     70   2 adulto                      100          0          0        100          0          0       8055         94       1,17
     71   2 adulto                      100          0          0        100          0          0       9805         89       0,91
     72   2 adulto                      100          0          0        100          0          0      11597         95       0,82
     73   2 adulto                      100          0          0        100          0          0      10431         95       0,91
     74   2 adulto                      100          0          0        100          0          0      10347         96       0,93
     75   2 adulto                      100          0          0         99          0          1       9890         91       0,92
     76   2 adulto                      100          0          0        100          0          0       9249         88       0,95
     77   2 adulto                      100          0          0         99          0          1      10023         99       0,99
     78   2 adulto                      100          0          0        100          0          0       7757         90       1,16
     79   2 adulto                      100          0          0        100          0          0      11160         99       0,89
     80   2 adulto                      100          0          0        100          0          0       9745         97       1,00
     81   2 adulto                      100          0          0        100          0          0       8868         95       1,07
     82   2 adulto                      100          0          0        100          0          0      10607         97       0,91
     83   2 adulto                      100          0          0        100          0          0      10789         93       0,86
     84   2 adulto                      100          0          0        100          0          0      10291         97       0,94
     85   2 adulto                      100          0          0        100          0          0      11339         94       0,83
     86   2 adulto                      100          0          0         99          0          1       8614         92       1,07
     87   2 adulto                      100          0          0        100          0          0       8454         97       1,15
     88   2 adulto                      100          0          0        100          0          0       8582         96       1,12
     89   2 adulto                      100          0          0        100          0          0      12803         99       0,77
     90   2 adulto                      100          0          0        100          0          0      10842         97       0,89
     91   2 adulto                      100          0          0         99          0          1       8306         96       1,16
     92   2 adulto                      100          0          0        100          0          0       8364         93       1,11
     93   2 adulto                      100          0          0        100          0          0       9355         95       1,02
     94   2 adulto                      100          0          0        100          0          0      10931         96       0,88
     95   2 adulto                      100          0          0         98          0          2       9533         96       1,01
     96   2 adulto                      100          0          0        100          0          0       7738         91       1,18
     97   2 adulto                      100          0          0        100          0          0      13206         96       0,73
     98   2 adulto                      100          0          0        100          0          0      11180         87       0,78
     99   2 adulto                      100          0          0        100          0          0       9303         91       0,98
    100   2 adulto                      100          0          0        100          0          0       9766         93       0,95
    101   2 adulto                      100          0          0        100          0          0       8515         97       1,14
    102   2 adulto                      100          0          0        100          0          0      12146         97       0,80
    103   2 adulto                      100          0          0        100          0          0       9602         96       1,00
    104   2 adulto                      100          0          0        100          0          0      11240         94       0,84
    105   2 adulto                      100          0          0        100          0          0       9177         99       1,08
    106   2 adulto                      100          0          0         99          0          1      11215         98       0,87
    107   2 adulto                      100          0          0         99          0          1      11224         98       0,87
    108   2 adulto                      100          0          0        100          0          0       7873         98       1,24
    109   2 adulto                      100          0          0         99          0          1       8841         95       1,07
    110   2 adulto                      100          0          0        100          0          0       8341         97       1,16
    111   2 adulto                      100          0          0         99          0          1       9406         96       1,02
    112   2 adulto                      100          0          0        100          0          0      11001         96       0,87
    113   2 adulto                      100          0          0        100          0          0       9696         86       0,89
    114   2 adulto                      100          0          0        100          0          0      11297         92       0,81
    115   2 adulto                      100          0          0        100          0          0       9665         98       1,01
    116   2 adulto                      100          0          0        100          0          0       9489         95       1,00
    117   2 adulto                      100          0          0        100          0          0       8210         97       1,18
    118   2 adulto                      100          0          0        100          0          0       8781         96       1,09
    119   2 adulto                      100          0          0        100          0          0       9290         95       1,02
    120   2 adulto                      100          0          0        100          0          0      10292         99       0,96
    121   2 adulto                      100          0          0         99          0          1       9651         96       0,99
    122   2 adulto                      100          0          0         98          0          2      11361         97       0,85
    123   2 adulto                      100          0          0         99          0          1      10337         91       0,88
    124   2 adulto                      100          0          0         99          0          1      10694         98       0,92
    125   2 adulto                      100          0          0        100          0          0       7000         93       1,33
    126   2 adulto                      100          0          0         99          0          1       9570         95       0,99
    127   2 adulto                      100          0          0        100          0          0       9288         96       1,03
    128   2 adulto                      100          0          0        100          0          0       9334         99       1,06
    129   2 adulto                      100          0          0        100          0          0       9238         92       1,00
    130   2 adulto                      100          0          0        100          0          0      12805         93       0,73
    131   2 adulto                      100          0          0        100          0          0      10142         92       0,91
    132   2 adulto                      100          0          0         99          0          1      10188         95       0,93
    133   2 adulto                      100          0          0         99          0          1      11205         94       0,84
    134   2 adulto                      100          0          0        100          0          0       8762         97       1,11
    135   2 adulto                      100          0          0         99          0          1       8388         93       1,11
    136   2 adulto                      100          0          0        100          0          0      11395         98       0,86
    137   2 adulto                      100          0          0         99          0          1       9358         91       0,97
    138   2 adulto                      100          0          0        100          0          0       9666         97       1,00
    139   2 adulto                      100          0          0        100          0          0      10574         90       0,85
    140   2 adulto                      100          0          0         99          0          1      10541         96       0,91
    141   2 adulto                      100          0          0        100          0          0      11646         95       0,82
    142   2 adulto                      100          0          0        100          0          0       8011         98       1,22
    143   2 adulto                      100          0          0         98          0          2      10511         94       0,89
    144   2 adulto                      100          0          0         99          0          1       8557         95       1,11
    145   2 adulto                      100          0          0        100          0          0      10235         99       0,97
    146   2 adulto                      100          0          0        100          0          0       9703         95       0,98
    147   2 adulto                      100          0          0         99          0          1       8391         86       1,02
    148   2 adulto                      100          0          0         99          0          1       9552         97       1,02
    149   2 adulto                      100          0          0        100          0          0       9567         98       1,02
    150   2 adulto                      100          0          0        100          0          0       8810         93       1,06
    151   2 adulto                      100          0          0        100          0          0       9741         98       1,01
    152   2 adulto                      100          0          0         99          0          1       8608         91       1,06
    153   2 adulto                      100          0          0        100          0          0      11180         99       0,89
    154   2 adulto                      100          0          0        100          0          0       9724         86       0,88
    155   2 adulto                      100          0          0        100          0          0      10254         98       0,96
    156   2 adulto                      100          0          0        100          0          0       8833         87       0,98
    157   2 adulto                      100          0          0        100          0          0      10011         97       0,97
    158   2 adulto                      100          0          0        100          0          0       9709         91       0,94
    159   2 adulto                      100          0          0        100          0          0      10250         95       0,93
    160   2 adulto                      100          0          0        100          0          0       9539         97       1,02
    161   2 adulto                      100          0          0        100          0          0       8308         84       1,01
    162   2 adulto                      100          0          0        100          0          0       9869         98       0,99
    163   3 jubilado                     70          0          0         66          0          4        977         66       6,76
    164   3 jubilado                     70          0          0         65          0          5        930         69       7,42
    165   3 jubilado                     70          0          0         65          0          5        735         68       9,25
    166   3 jubilado                     70          0          0         66          0          4        942         67       7,11
    167   3 jubilado                     70          0          0         68          0          2       1027         69       6,72
    168   3 jubilado                     70          0          0         67          0          3        780         69       8,85
    169   3 jubilado                     70          0          0         68          0          2        847         67       7,91
    170   3 jubilado                     70          0          0         61          0          9        873         68       7,79
    171   3 jubilado                     70          0          0         70          0          0        793         68       8,58
    172   3 jubilado                     70          0          0         68          0          2        786         67       8,52
    173   4 mayor                        20          0          0         13          0          7        210         15       7,14
    174   4 mayor                        20          0          0         15          0          5        282         19       6,74
    175   4 mayor                        20          0          0         13          0          7        166         19      11,45
    176   4 mayor                        20          0          0         17          0          3        243         19       7,82
    177   4 mayor                        20          0          0         17          0          3        179         18      10,06
    178   4 mayor                        20          0          0         17          0          3        184         16       8,70
    179   4 mayor                        20          0          0         18          0          2        170         19      11,18
    180   4 mayor                        20          0          0         19          0          1        146         13       8,90
    181   4 mayor                        20          0          0         16          0          4        193         17       8,81
    182   4 mayor                        20          0          0         17          0          3        180         18      10,00
    183   4 mayor                        20          0          0         17          0          3        287         18       6,27
    184   4 mayor                        20          0          0         15          0          5        166         18      10,84
    185   4 mayor                        20          0          0         17          0          3        154         18      11,69
    186   4 mayor                        20          0          0         15          0          5        353         19       5,38
    187   4 mayor                        20          0          0         15          0          5        280         16       5,71
    188   4 mayor                        20          0          0         13          0          7        322         18       5,59
    189   4 mayor                        20          0          0         17          0          3        272         18       6,62
    190   4 mayor                        20          0          0         15          0          5        159         17      10,69
    191   4 mayor                        20          0          0         16          0          4        204         17       8,33
    192   4 mayor                        20          0          0         15          0          5        193         15       7,77
    193   4 mayor                        20          0          0         17          0          3        241         19       7,88
    194   4 mayor                        20          0          0         14          0          6        293         18       6,14
    195   4 mayor                        20          0          0         14          0          6        226         19       8,41
    196   4 mayor                        20          0          0         17          0          3        275         17       6,18
    197   4 mayor                        20          0          0         17          0          3        316         19       6,01
    198   4 mayor                        20          0          0         18          0          2        163         19      11,66
    199   4 mayor                        20          0          0         16          0          4        332         17       5,12
    200   4 mayor                        20          0          0         15          0          5        258         17       6,59
------- --- -------------------- ---------- ---------- ---------- ---------- ---------- ---------- ---------- ---------- ----------
                                      16080       2270         10      13613          0        187    1423723      13025       0,91

Grupo   0 nene
      0      1      2      3      4      5      6      7      8      9     10     11     12     13     14     15     16     17     18     19     20     21     22     23     24     25     26     27     28     29
 ------ ------ ------ ------ ------ ------ ------ ------ ------ ------ ------ ------ ------ ------ ------ ------ ------ ------ ------ ------ ------ ------ ------ ------ ------ ------ ------ ------ ------ ------
 0,0000 0,0000 0,0000 0,0001 0,0003 0,0006 0,0010 0,0016 0,0024 0,0034 0,0046 0,0062 0,0080 0,0102 0,0127 0,0156 0,0189 0,0227 0,0270 0,0317 0,0370 0,0428 0,0492 0,0563 0,0639 0,0723 0,0813 0,0910 0,1015 0,1128
      0      1      2      3      4      5      6      7      8      9     10     11     12     13     14     15     16     17     18     19     20     21     22     23     24     25     26     27     28     29
 ------ ------ ------ ------ ------ ------ ------ ------ ------ ------ ------ ------ ------ ------ ------ ------ ------ ------ ------ ------ ------ ------ ------ ------ ------ ------ ------ ------ ------ ------
 0,0000 0,0000 0,0000 0,0001 0,0003 0,0006 0,0010 0,0016 0,0024 0,0034 0,0046 0,0062 0,0080 0,0102 0,0127 0,0156 0,0189 0,0227 0,0270 0,0317 0,0370 0,0428 0,0492 0,0563 0,0639 0,0723 0,0813 0,0910 0,1015 0,1128
Número infectados                                122
Número intentos fin infección                  3.112
Número finales de infección                      121       3,89
Número finales curacion                          121     100,00
Número finales muerte                              0       0,00
Total infecciones                                 86
Total infecciones por curados                     86
Total infecciones por muertos                      0
Total infectadores curados                       121
Total infectadores muertos                         0
Total pasos                               29.121.572
Total recorridos                             292.736
Total distancia recorrida                 17.842.370
Contactos de riesgo                           31.674
Máximo de contagios por 1 individuo                4
Mínimo de contagios por 1 individuo                0
Falso (R0) curados                            0,7107
Falso (R0) muertos                            0,0000

Grupo   1 menor
      0      1      2      3      4      5      6      7      8      9     10     11     12     13     14     15     16     17     18     19     20     21     22     23     24     25     26     27     28     29
 ------ ------ ------ ------ ------ ------ ------ ------ ------ ------ ------ ------ ------ ------ ------ ------ ------ ------ ------ ------ ------ ------ ------ ------ ------ ------ ------ ------ ------ ------
 0,0000 0,0000 0,0000 0,0001 0,0003 0,0006 0,0010 0,0016 0,0024 0,0034 0,0046 0,0062 0,0080 0,0102 0,0127 0,0156 0,0189 0,0227 0,0270 0,0317 0,0370 0,0428 0,0492 0,0563 0,0639 0,0723 0,0813 0,0910 0,1015 0,1128
      0      1      2      3      4      5      6      7      8      9     10     11     12     13     14     15     16     17     18     19     20     21     22     23     24     25     26     27     28     29
 ------ ------ ------ ------ ------ ------ ------ ------ ------ ------ ------ ------ ------ ------ ------ ------ ------ ------ ------ ------ ------ ------ ------ ------ ------ ------ ------ ------ ------ ------
 0,0000 0,0000 0,0000 0,0001 0,0003 0,0006 0,0010 0,0016 0,0024 0,0034 0,0046 0,0062 0,0080 0,0102 0,0127 0,0156 0,0189 0,0227 0,0270 0,0317 0,0370 0,0428 0,0492 0,0563 0,0639 0,0723 0,0813 0,0910 0,1015 0,1128
Número infectados                                203
Número intentos fin infección                  5.287
Número finales de infección                      193       3,65
Número finales curacion                          193     100,00
Número finales muerte                              0       0,00
Total infecciones                                170
Total infecciones por curados                    164
Total infecciones por muertos                      0
Total infectadores curados                       193
Total infectadores muertos                         0
Total pasos                              110.827.205
Total recorridos                           1.114.130
Total distancia recorrida                 67.823.560
Contactos de riesgo                          129.833
Máximo de contagios por 1 individuo                5
Mínimo de contagios por 1 individuo                0
Falso (R0) curados                            0,8497
Falso (R0) muertos                            0,0000

Grupo   2 adulto
      0      1      2      3      4      5      6      7      8      9     10     11     12     13     14     15     16     17     18     19     20     21     22     23     24     25     26     27     28     29
 ------ ------ ------ ------ ------ ------ ------ ------ ------ ------ ------ ------ ------ ------ ------ ------ ------ ------ ------ ------ ------ ------ ------ ------ ------ ------ ------ ------ ------ ------
 0,0000 0,0000 0,0000 0,0001 0,0003 0,0006 0,0010 0,0016 0,0024 0,0034 0,0046 0,0062 0,0080 0,0102 0,0127 0,0156 0,0189 0,0227 0,0270 0,0317 0,0370 0,0428 0,0492 0,0563 0,0639 0,0723 0,0813 0,0910 0,1015 0,1128
      0      1      2      3      4      5      6      7      8      9     10     11     12     13     14     15     16     17     18     19     20     21     22     23     24     25     26     27     28     29
 ------ ------ ------ ------ ------ ------ ------ ------ ------ ------ ------ ------ ------ ------ ------ ------ ------ ------ ------ ------ ------ ------ ------ ------ ------ ------ ------ ------ ------ ------
 0,0000 0,0000 0,0000 0,0001 0,0003 0,0006 0,0010 0,0016 0,0024 0,0034 0,0046 0,0062 0,0080 0,0102 0,0127 0,0156 0,0189 0,0227 0,0270 0,0317 0,0370 0,0428 0,0492 0,0563 0,0639 0,0723 0,0813 0,0910 0,1015 0,1128
Número infectados                             18.627
Número intentos fin infección                500.504
Número finales de infección                   18.605       3,72
Número finales curacion                       18.548      99,69
Número finales muerte                             57       0,31
Total infecciones                             23.078
Total infecciones por curados                 23.013
Total infecciones por muertos                     61
Total infectadores curados                    18.548
Total infectadores muertos                        57
Total pasos                              313.223.786
Total recorridos                           3.148.270
Total distancia recorrida                191.777.200
Contactos de riesgo                          235.754
Máximo de contagios por 1 individuo               20
Mínimo de contagios por 1 individuo                0
Falso (R0) curados                            1,2407
Falso (R0) muertos                            1,0702

Grupo   3 jubilado
      0      1      2      3      4      5      6      7      8      9     10     11     12     13     14     15     16     17     18     19     20     21     22     23     24     25     26     27     28     29
 ------ ------ ------ ------ ------ ------ ------ ------ ------ ------ ------ ------ ------ ------ ------ ------ ------ ------ ------ ------ ------ ------ ------ ------ ------ ------ ------ ------ ------ ------
 0,0000 0,0000 0,0000 0,0001 0,0003 0,0006 0,0010 0,0016 0,0024 0,0034 0,0046 0,0062 0,0080 0,0102 0,0127 0,0156 0,0189 0,0227 0,0270 0,0317 0,0370 0,0428 0,0492 0,0563 0,0639 0,0723 0,0813 0,0910 0,1015 0,1128
      0      1      2      3      4      5      6      7      8      9     10     11     12     13     14     15     16     17     18     19     20     21     22     23     24     25     26     27     28     29
 ------ ------ ------ ------ ------ ------ ------ ------ ------ ------ ------ ------ ------ ------ ------ ------ ------ ------ ------ ------ ------ ------ ------ ------ ------ ------ ------ ------ ------ ------
 0,0000 0,0000 0,0000 0,0001 0,0003 0,0006 0,0010 0,0016 0,0024 0,0034 0,0046 0,0062 0,0080 0,0102 0,0127 0,0156 0,0189 0,0227 0,0270 0,0317 0,0370 0,0428 0,0492 0,0563 0,0639 0,0723 0,0813 0,0910 0,1015 0,1128
Número infectados                              2.295
Número intentos fin infección                 61.579
Número finales de infección                    2.293       3,72
Número finales curacion                        2.195      95,73
Número finales muerte                             98       4,27
Total infecciones                              1.599
Total infecciones por curados                  1.528
Total infecciones por muertos                     70
Total infectadores curados                     2.195
Total infectadores muertos                        98
Total pasos                               18.114.995
Total recorridos                             181.996
Total distancia recorrida                 11.079.480
Contactos de riesgo                            6.944
Máximo de contagios por 1 individuo               29
Mínimo de contagios por 1 individuo                0
Falso (R0) curados                            0,6961
Falso (R0) muertos                            0,7143

Grupo   4 mayor
      0      1      2      3      4      5      6      7      8      9     10     11     12     13     14     15     16     17     18     19     20     21     22     23     24     25     26     27     28     29
 ------ ------ ------ ------ ------ ------ ------ ------ ------ ------ ------ ------ ------ ------ ------ ------ ------ ------ ------ ------ ------ ------ ------ ------ ------ ------ ------ ------ ------ ------
 0,0000 0,0000 0,0000 0,0001 0,0003 0,0006 0,0010 0,0016 0,0024 0,0034 0,0046 0,0062 0,0080 0,0102 0,0127 0,0156 0,0189 0,0227 0,0270 0,0317 0,0370 0,0428 0,0492 0,0563 0,0639 0,0723 0,0813 0,0910 0,1015 0,1128
      0      1      2      3      4      5      6      7      8      9     10     11     12     13     14     15     16     17     18     19     20     21     22     23     24     25     26     27     28     29
 ------ ------ ------ ------ ------ ------ ------ ------ ------ ------ ------ ------ ------ ------ ------ ------ ------ ------ ------ ------ ------ ------ ------ ------ ------ ------ ------ ------ ------ ------
 0,0000 0,0000 0,0000 0,0001 0,0003 0,0006 0,0010 0,0016 0,0024 0,0034 0,0046 0,0062 0,0080 0,0102 0,0127 0,0156 0,0189 0,0227 0,0270 0,0317 0,0370 0,0428 0,0492 0,0563 0,0639 0,0723 0,0813 0,0910 0,1015 0,1128
Número infectados                              5.058
Número intentos fin infección                134.583
Número finales de infección                    5.047       3,75
Número finales curacion                        4.137      81,97
Número finales muerte                            910      18,03
Total infecciones                              1.362
Total infecciones por curados                  1.109
Total infecciones por muertos                    251
Total infectadores curados                     4.137
Total infectadores muertos                       910
Total pasos                                9.700.682
Total recorridos                             669.235
Total distancia recorrida                  5.935.291
Contactos de riesgo                           19.969
Máximo de contagios por 1 individuo               11
Mínimo de contagios por 1 individuo                0
Falso (R0) curados                            0,2681
Falso (R0) muertos                            0,2758

