Tipo 0
Día     Sanos  Infectados Importados    Curados Desinmuniz    Muertos Inf.Indire   Enfermos Hospitaliz
--- ---------- ---------- ---------- ---------- ---------- ---------- ---------- ---------- ----------
  1       1998          2          0          0          0          0          0          0          0
  2       1998          2          0          0          0          0          0          0          0
  3       1998          2          0          0          0          0          0          0          0
  4       1998          2          0          0          0          0          0          0          0
  5       1998          2          0          0          0          0          0          0          0
  6       1998          2          0          0          0          0          0          0          0
  7       1998          2          0          0          0          0          0          0          0
  8       1998          2          0          0          0          0          0          0          0
  9       1998          2          0          0          0          0          0          0          0
 10       1998          2          0          0          0          0          0          0          0
 11       1998          2          0          0          0          0          0          0          0
 12       1998          2          0          0          0          0          0          0          0
 13       1998          2          0          0          0          0          0          0          0
 14       1998          2          0          0          0          0          0          0          0
 15       1997          3          0          0          0          0          0          0          0
 16       1997          3          0          0          0          0          0          0          0
 17       1997          3          0          0          0          0          0          0          0
 18       1997          3          0          0          0          0          0          0          0
 19       1997          3          0          0          0          0          0          0          0
 20       1996          4          0          0          0          0          0          0          0
 21       1996          4          0          0          0          0          0          0          0
 22       1996          4          0          0          0          0          0          0          0
 23       1996          4          0          0          0          0          0          0          0
 24       1996          4          0          0          0          0          0          0          0
 25       1996          4          0          0          0          0          0          0          0
 26       1996          4          0          0          0          0          0          0          0
 27       1996          4          0          0          0          0          0          1          0
 28       1995          5          0          0          0          0          0          1          0
 29       1995          5          0          0          0          0          0          1          0
 30       1994          6          0          0          0          0          0          1          0
 31       1994          5          0          1          0          0          0          1          0
 32       1994          3          0          3          0          0          0          1          0
 33       1994          3          0          3          0          0          0          1          0
 34       1993          4          0          3          0          0          0          1          0
 35       1990          7          0          3          0          0          0          2          0
 36       1989          8          0          3          0          0          0          2          0
 37       1987         10          0          3          0          0          0          2          0
 38       1986         11          0          3          0          0          0          2          0
 39       1984         13          0          3          0          0          0          2          0
 40       1984         13          0          3          0          0          0          2          0
 41       1984         13          0          3          0          0          0          2          0
 42       1982         15          0          3          0          0          0          4          0
 43       1981         15          0          4          0          0          0          3          0
 44       1980         16          0          4          0          0          0          3          0
 45       1980         16          0          4          0          0          0          3          0
 46       1979         17          0          4          0          0          0          3          0
 47       1978         18          0          4          0          0          0          3          0
 48       1975         21          0          4          0          0          0          3          0
 49       1970         26          0          4          0          0          0          3          0
 50       1966         30          0          4          0          0          0          3          0
 51       1961         34          0          5          0          0          0          2          0
 52       1959         36          0          5          0          0          0          2          0
 53       1952         43          0          5          0          0          0          2          0
 54       1949         46          0          5          0          0          0          2          0
 55       1947         48          0          5          0          0          0          3          0
 56       1945         50          0          5          0          0          0          3          0
 57       1942         51          0          7          0          0          0          4          0
 58       1940         51          0          9          0          0          0          3          0
 59       1935         56          0          9          0          0          0          3          0
 60       1933         56          0         11          0          0          0          3          0
 61       1931         55          0         14          0          0          0          2          0
 62       1927         58          0         15          0          0          0          2          0
 63       1926         58          0         16          0          0          0          3          0
 64       1925         59          0         16          0          0          0          4          0
 65       1924         60          0         16          0          0          0          4          0
 66       1922         60          0         18          0          0          0          4          0
 67       1918         64          0         18          0          0          0          4          0
 68       1918         63          0         19          0          0          0          4          0
 69       1917         64          0         19          0          0          0          5          0
 70       1914         66          0         20          0          0          0          5          0
 71       1910         67          0         23          0          0          0          4          0
 72       1907         67          0         26          0          0          0          3          0
 73       1906         65          0         29          0          0          0          3          0
 74       1905         63          0         32          0          0          0          3          0
 75       1904         63          0         33          0          0          0          3          0
 76       1903         62          0         35          0          0          0          4          0
 77       1902         60          0         38          0          0          0          3          0
 78       1900         59          0         41          0          0          0          3          0
 79       1899         58          0         43          0          0          0          3          0
 80       1899         53          0         48          0          0          0          3          0
 81       1897         45          0         58          0          0          0          2          0
 82       1895         45          0         60          0          0          0          2          0
 83       1894         43          0         63          0          0          0          2          0
 84       1893         42          0         65          0          0          0          2          0
 85       1890         42          0         68          0          0          0          2          0
 86       1889         42          0         69          0          0          0          2          0
 87       1889         40          0         71          0          0          0          2          0
 88       1888         41          0         71          0          0          0          2          0
 89       1885         43          0         72          0          0          0          2          0
 90       1883         42          0         75          0          0          0          2          0
 91       1883         40          0         77          0          0          0          2          0
 92       1881         40          0         79          0          0          0          2          0
 93       1881         39          0         80          0          0          0          1          0
 94       1880         38          0         82          0          0          0          1          0
 95       1879         38          0         83          0          0          0          1          0
 96       1879         37          0         84          0          0          0          2          0
 97       1878         37          0         85          0          0          0          2          0
 98       1877         34          0         89          0          0          0          2          0
 99       1877         34          0         89          0          0          0          2          0
100       1876         33          0         91          0          0          0          1          0
101       1875         31          0         94          0          0          0          1          0
102       1875         29          0         96          0          0          0          1          0
103       1874         28          0         98          0          0          0          1          0
104       1873         29          0         98          0          0          0          1          0
105       1872         27          0        101          0          0          0          1          0
106       1871         27          0        102          0          0          0          1          0
107       1871         27          0        102          0          0          0          1          0
108       1871         27          0        102          0          0          0          1          0
109       1870         27          0        103          0          0          0          1          0
110       1870         24          0        106          0          0          0          1          0
111       1869         22          0        109          0          0          0          0          0
112       1869         20          0        111          0          0          0          0          0
113       1868         20          0        112          0          0          0          0          0
114       1868         19          0        113          0          0          0          0          0
115       1868         19          0        113          0          0          0          0          0
116       1868         16          0        116          0          0          0          0          0
117       1868         15          0        117          0          0          0          0          0
118       1868         14          0        118          0          0          0          0          0
119       1868         14          0        118          0          0          0          0          0
120       1868         11          0        121          0          0          0          0          0
121       1866         12          0        122          0          0          0          0          0
122       1866         11          0        123          0          0          0          0          0
123       1865         11          0        124          0          0          0          0          0
124       1865         11          0        124          0          0          0          0          0
125       1865         10          0        125          0          0          0          0          0
126       1865          9          0        126          0          0          0          0          0
127       1865          9          0        126          0          0          0          0          0
128       1865          9          0        126          0          0          0          0          0
129       1865          8          0        127          0          0          0          0          0
130       1865          8          0        127          0          0          0          0          0
131       1864          9          0        127          0          0          0          0          0
132       1863         10          0        127          0          0          0          0          0
133       1863         10          0        127          0          0          0          0          0
134       1862         11          0        127          0          0          0          0          0
135       1862          8          0        130          0          0          0          0          0
136       1862          8          0        130          0          0          0          0          0
137       1862          8          0        130          0          0          0          0          0
138       1862          7          0        131          0          0          0          0          0
139       1862          7          0        131          0          0          0          0          0
140       1862          7          0        131          0          0          0          0          0
141       1862          7          0        131          0          0          0          0          0
142       1861          7          0        132          0          0          0          0          0
143       1861          6          0        133          0          0          0          0          0
144       1861          6          0        133          0          0          0          0          0
145       1861          6          0        133          0          0          0          0          0
146       1861          6          0        133          0          0          0          0          0
147       1861          6          0        133          0          0          0          0          0
148       1861          6          0        133          0          0          0          0          0
149       1861          6          0        133          0          0          0          0          0
150       1861          5          0        134          0          0          0          0          0
--- ---------- ---------- ---------- ---------- ---------- ---------- ---------- ---------- ----------

Tipo 1
Día     Sanos  Infectados Importados    Curados Desinmuniz    Muertos Inf.Indire   Enfermos Hospitaliz
--- ---------- ---------- ---------- ---------- ---------- ---------- ---------- ---------- ----------
  1       7500          0          0          0          0          0          0          0          0
  2       7500          0          0          0          0          0          0          0          0
  3       7500          0          0          0          0          0          0          0          0
  4       7500          0          0          0          0          0          0          0          0
  5       7500          0          0          0          0          0          0          0          0
  6       7500          0          0          0          0          0          0          0          0
  7       7500          0          0          0          0          0          0          0          0
  8       7500          0          0          0          0          0          0          0          0
  9       7500          0          0          0          0          0          0          0          0
 10       7500          0          0          0          0          0          0          0          0
 11       7500          0          0          0          0          0          0          0          0
 12       7499          1          0          0          0          0          0          0          0
 13       7499          1          0          0          0          0          0          0          0
 14       7499          1          0          0          0          0          0          0          0
 15       7499          1          0          0          0          0          0          0          0
 16       7499          1          0          0          0          0          0          0          0
 17       7499          1          0          0          0          0          0          0          0
 18       7499          1          0          0          0          0          0          0          0
 19       7499          1          0          0          0          0          0          0          0
 20       7499          1          0          0          0          0          0          0          0
 21       7499          1          0          0          0          0          0          0          0
 22       7499          1          0          0          0          0          0          0          0
 23       7499          1          0          0          0          0          0          0          0
 24       7499          1          0          0          0          0          0          0          0
 25       7499          1          0          0          0          0          0          0          0
 26       7499          1          0          0          0          0          0          0          0
 27       7499          1          0          0          0          0          0          0          0
 28       7499          1          0          0          0          0          0          0          0
 29       7499          1          0          0          0          0          0          0          0
 30       7499          0          0          1          0          0          0          0          0
 31       7499          0          0          1          0          0          0          0          0
 32       7499          0          0          1          0          0          0          0          0
 33       7499          0          0          1          0          0          0          0          0
 34       7497          2          0          1          0          0          0          0          0
 35       7497          2          0          1          0          0          0          0          0
 36       7495          4          0          1          0          0          0          0          0
 37       7493          6          0          1          0          0          0          0          0
 38       7493          6          0          1          0          0          0          0          0
 39       7491          8          0          1          0          0          0          0          0
 40       7488         11          0          1          0          0          0          0          0
 41       7486         12          0          2          0          0          0          0          0
 42       7485         13          0          2          0          0          0          0          0
 43       7480         18          0          2          0          0          0          0          0
 44       7478         20          0          2          0          0          0          0          0
 45       7472         26          0          2          0          0          0          0          0
 46       7470         28          0          2          0          0          0          0          0
 47       7466         32          0          2          0          0          0          0          0
 48       7463         35          0          2          0          0          0          0          0
 49       7455         43          0          2          0          0          0          0          0
 50       7446         52          0          2          0          0          0          2          0
 51       7440         57          0          3          0          0          0          2          0
 52       7437         60          0          3          0          0          0          2          0
 53       7432         65          0          3          0          0          0          2          0
 54       7426         71          0          3          0          0          0          2          0
 55       7417         80          0          3          0          0          0          3          0
 56       7415         82          0          3          0          0          0          3          0
 57       7414         83          0          3          0          0          0          3          0
 58       7409         88          0          3          0          0          0          3          0
 59       7402         93          0          5          0          0          0          3          0
 60       7400         94          0          6          0          0          0          3          0
 61       7392        102          0          6          0          0          0          3          0
 62       7391        101          0          8          0          0          0          2          0
 63       7386        106          0          8          0          0          0          2          0
 64       7382        105          0         13          0          0          0          2          0
 65       7378        107          0         15          0          0          0          3          0
 66       7377        104          0         19          0          0          0          4          0
 67       7377        104          0         19          0          0          0          4          0
 68       7375        102          0         23          0          0          0          5          0
 69       7371        101          0         28          0          0          0          6          0
 70       7367        101          0         32          0          0          0          7          0
 71       7364        102          0         34          0          0          0          7          0
 72       7360        102          0         38          0          0          0          7          0
 73       7359        102          0         39          0          0          0          7          0
 74       7356        102          0         42          0          0          0          6          0
 75       7354        100          0         46          0          0          0          6          0
 76       7351         95          0         54          0          0          0          6          0
 77       7346         93          0         61          0          0          0          5          0
 78       7345         91          0         64          0          0          0          7          0
 79       7343         86          0         71          0          0          0          5          0
 80       7343         80          0         77          0          0          0          5          0
 81       7343         76          0         81          0          0          0          5          0
 82       7340         72          0         88          0          0          0          5          0
 83       7335         76          0         89          0          0          0          5          0
 84       7334         76          0         90          0          0          0          5          0
 85       7333         74          0         93          0          0          0          5          0
 86       7333         68          0         99          0          0          0          4          0
 87       7332         66          0        102          0          0          0          4          0
 88       7330         66          0        104          0          0          0          4          0
 89       7328         64          0        108          0          0          0          3          0
 90       7326         61          0        113          0          0          0          3          0
 91       7325         57          0        118          0          0          0          3          0
 92       7323         55          0        122          0          0          0          3          0
 93       7323         54          0        123          0          0          0          3          0
 94       7322         52          0        126          0          0          0          3          0
 95       7320         52          0        128          0          0          0          3          0
 96       7320         50          0        130          0          0          0          3          0
 97       7319         47          0        134          0          0          0          2          0
 98       7316         46          0        138          0          0          0          2          0
 99       7316         44          0        140          0          0          0          2          0
100       7316         44          0        140          0          0          0          2          0
101       7316         41          0        143          0          0          0          2          0
102       7316         39          0        145          0          0          0          1          0
103       7316         35          0        149          0          0          0          1          0
104       7315         35          0        150          0          0          0          1          0
105       7315         33          0        152          0          0          0          1          0
106       7315         29          0        156          0          0          0          1          0
107       7315         24          0        161          0          0          0          1          0
108       7315         21          0        164          0          0          0          1          0
109       7315         19          0        166          0          0          0          1          0
110       7314         18          0        168          0          0          0          1          0
111       7312         20          0        168          0          0          0          1          0
112       7312         20          0        168          0          0          0          1          0
113       7312         17          0        171          0          0          0          1          0
114       7312         14          0        174          0          0          0          0          0
115       7312         14          0        174          0          0          0          0          0
116       7312         14          0        174          0          0          0          0          0
117       7312         14          0        174          0          0          0          0          0
118       7312         13          0        175          0          0          0          0          0
119       7312         12          0        176          0          0          0          0          0
120       7312         11          0        177          0          0          0          0          0
121       7310         12          0        178          0          0          0          0          0
122       7310         12          0        178          0          0          0          0          0
123       7310         12          0        178          0          0          0          0          0
124       7309         13          0        178          0          0          0          0          0
125       7309         12          0        179          0          0          0          0          0
126       7309         10          0        181          0          0          0          0          0
127       7309         10          0        181          0          0          0          0          0
128       7307         12          0        181          0          0          0          0          0
129       7307          9          0        184          0          0          0          0          0
130       7307          9          0        184          0          0          0          0          0
131       7307          9          0        184          0          0          0          0          0
132       7307          8          0        185          0          0          0          0          0
133       7307          8          0        185          0          0          0          0          0
134       7307          7          0        186          0          0          0          0          0
135       7307          7          0        186          0          0          0          0          0
136       7307          6          0        187          0          0          0          0          0
137       7307          6          0        187          0          0          0          0          0
138       7307          6          0        187          0          0          0          0          0
139       7307          5          0        188          0          0          0          0          0
140       7307          4          0        189          0          0          0          0          0
141       7307          4          0        189          0          0          0          0          0
142       7307          4          0        189          0          0          0          0          0
143       7307          4          0        189          0          0          0          0          0
144       7307          4          0        189          0          0          0          0          0
145       7307          4          0        189          0          0          0          0          0
146       7306          5          0        189          0          0          0          0          0
147       7306          5          0        189          0          0          0          0          0
148       7306          5          0        189          0          0          0          0          0
149       7306          5          0        189          0          0          0          0          0
150       7306          5          0        189          0          0          0          0          0
--- ---------- ---------- ---------- ---------- ---------- ---------- ---------- ---------- ----------

Tipo 2
Día     Sanos  Infectados Importados    Curados Desinmuniz    Muertos Inf.Indire   Enfermos Hospitaliz
--- ---------- ---------- ---------- ---------- ---------- ---------- ---------- ---------- ----------
  1      30994          6          0          0          0          0          0          0          0
  2      30994          6          0          0          0          0          0          0          0
  3      30994          6          0          0          0          0          0          0          0
  4      30990         10          0          0          0          0          0          0          0
  5      30986         14          0          0          0          0          0          0          0
  6      30984         16          0          0          0          0          0          0          0
  7      30982         18          0          0          0          0          0          0          0
  8      30972         28          0          0          0          0          0          0          0
  9      30958         42          0          0          0          0          0          0          0
 10      30947         53          0          0          0          0          0          0          0
 11      30929         71          0          0          0          0          0          2          2
 12      30907         93          0          0          0          0          0          2          2
 13      30873        126          0          1          0          0          0          3          2
 14      30843        156          0          1          0          0          0          5          2
 15      30808        191          0          1          0          0          0          8          4
 16      30774        225          0          1          0          0          0         12          4
 17      30737        262          0          1          0          0          0         13          4
 18      30688        310          0          2          0          0          0         20          4
 19      30635        362          0          3          0          0          0         29          5
 20      30571        425          0          4          0          0          0         39          6
 21      30491        504          0          5          0          0          0         52          6
 22      30401        589          0         10          0          0          0         61          8
 23      30306        683          0         11          0          0          0         74          8
 24      30199        788          0         13          0          0          0         86          9
 25      30052        933          0         15          0          0          0         99         10
 26      29907       1076          0         17          0          0          0        114         12
 27      29747       1229          0         24          0          0          0        130         13
 28      29552       1420          0         28          0          0          0        157         17
 29      29319       1647          0         34          0          0          0        182         21
 30      29077       1881          0         42          0          0          0        212         24
 31      28802       2146          0         52          0          0          0        240         25
 32      28495       2439          0         66          0          0          0        282         26
 33      28116       2807          0         77          0          0          0        337         32
 34      27689       3216          0         95          0          0          0        387         36
 35      27162       3723          0        115          0          0          0        443         39
 36      26654       4207          0        139          0          0          0        511         42
 37      26036       4799          0        165          0          0          0        571         46
 38      25341       5464          0        195          0          0          0        655         57
 39      24639       6130          0        231          0          0          0        746         65
 40      23870       6872          0        258          0          0          0        875         76
 41      23068       7633          0        299          0          0          0       1005         86
 42      22304       8347          0        349          0          0          0       1184        101
 43      21520       9069          0        411          0          0          0       1349        113
 44      20727       9788          0        485          0          0          0       1535        128
 45      20039      10387          0        574          0          0          0       1746        154
 46      19364      10968          0        668          0          0          0       1924        166
 47      18704      11527          0        768          0          1          0       2159        193
 48      18144      11973          0        882          0          1          0       2402        216
 49      17616      12381          0       1000          0          3          0       2605        245
 50      17183      12664          0       1150          0          3          0       2839        268
 51      16789      12900          0       1308          0          3          0       3074        295
 52      16423      13047          0       1525          0          5          0       3232        303
 53      16085      13164          0       1746          0          5          0       3399        330
 54      15830      13165          0       1999          0          6          0       3548        351
 55      15618      13113          0       2263          0          6          0       3670        368
 56      15427      12976          0       2589          0          8          0       3753        373
 57      15242      12862          0       2887          0          9          0       3803        380
 58      15077      12651          0       3260          0         12          0       3808        379
 59      14916      12417          0       3654          0         13          0       3819        378
 60      14767      12127          0       4091          0         15          0       3778        375
 61      14627      11846          0       4512          0         15          0       3729        374
 62      14484      11490          0       5011          0         15          0       3630        367
 63      14352      11121          0       5511          0         16          0       3528        355
 64      14231      10724          0       6026          0         19          0       3408        345
 65      14111      10266          0       6604          0         19          0       3290        339
 66      13994       9772          0       7213          0         21          0       3124        332
 67      13874       9282          0       7820          0         24          0       2983        316
 68      13766       8787          0       8423          0         24          0       2818        307
 69      13664       8213          0       9096          0         27          0       2636        297
 70      13589       7699          0       9682          0         30          0       2489        282
 71      13512       7155          0      10302          0         31          0       2320        259
 72      13416       6672          0      10879          0         33          0       2166        244
 73      13351       6177          0      11437          0         35          0       2020        226
 74      13283       5639          0      12040          0         38          0       1850        207
 75      13227       5158          0      12575          0         40          0       1690        200
 76      13163       4724          0      13072          0         41          0       1542        188
 77      13104       4305          0      13548          0         43          0       1378        162
 78      13054       3916          0      13985          0         45          0       1252        149
 79      12996       3576          0      14381          0         47          0       1135        132
 80      12955       3268          0      14727          0         50          0       1027        122
 81      12923       3022          0      15004          0         51          0        942        109
 82      12892       2792          0      15265          0         51          0        876        100
 83      12863       2574          0      15509          0         54          0        802         92
 84      12842       2370          0      15734          0         54          0        742         83
 85      12805       2227          0      15913          0         55          0        698         77
 86      12774       2099          0      16072          0         55          0        649         69
 87      12748       1970          0      16227          0         55          0        607         66
 88      12728       1834          0      16383          0         55          0        562         58
 89      12704       1716          0      16524          0         56          0        518         54
 90      12683       1586          0      16675          0         56          0        482         52
 91      12673       1471          0      16800          0         56          0        444         47
 92      12659       1374          0      16910          0         57          0        427         45
 93      12646       1277          0      17020          0         57          0        402         42
 94      12630       1196          0      17117          0         57          0        371         41
 95      12612       1133          0      17197          0         58          0        354         38
 96      12598       1051          0      17293          0         58          0        328         33
 97      12587        967          0      17388          0         58          0        307         31
 98      12575        905          0      17460          0         60          0        291         28
 99      12569        834          0      17537          0         60          0        276         28
100      12563        776          0      17601          0         60          0        257         27
101      12555        720          0      17665          0         60          0        237         27
102      12550        656          0      17734          0         60          0        220         26
103      12543        597          0      17799          0         61          0        199         25
104      12540        562          0      17837          0         61          0        186         23
105      12532        529          0      17878          0         61          0        183         23
106      12528        490          0      17921          0         61          0        169         22
107      12525        443          0      17970          0         62          0        150         18
108      12520        407          0      18011          0         62          0        139         17
109      12512        379          0      18047          0         62          0        125         16
110      12506        345          0      18087          0         62          0        115         14
111      12503        314          0      18121          0         62          0        105         14
112      12499        294          0      18145          0         62          0        104         14
113      12498        262          0      18178          0         62          0         94         11
114      12496        237          0      18205          0         62          0         81         10
115      12496        214          0      18228          0         62          0         76         11
116      12496        196          0      18246          0         62          0         72         10
117      12494        182          0      18262          0         62          0         68          9
118      12491        173          0      18274          0         62          0         65          8
119      12489        162          0      18287          0         62          0         59          6
120      12488        147          0      18303          0         62          0         50          5
121      12485        132          0      18321          0         62          0         44          4
122      12485        124          0      18329          0         62          0         42          4
123      12483        112          0      18343          0         62          0         35          4
124      12481        104          0      18353          0         62          0         31          3
125      12479         97          0      18362          0         62          0         30          3
126      12478         90          0      18370          0         62          0         27          1
127      12476         83          0      18379          0         62          0         24          0
128      12475         77          0      18386          0         62          0         22          0
129      12475         74          0      18389          0         62          0         21          0
130      12474         71          0      18393          0         62          0         23          1
131      12473         68          0      18397          0         62          0         23          1
132      12473         62          0      18403          0         62          0         22          1
133      12471         60          0      18407          0         62          0         21          1
134      12471         54          0      18413          0         62          0         17          1
135      12470         50          0      18418          0         62          0         16          1
136      12470         47          0      18421          0         62          0         14          1
137      12468         43          0      18427          0         62          0         10          1
138      12467         44          0      18427          0         62          0         11          1
139      12466         42          0      18430          0         62          0         10          1
140      12466         34          0      18438          0         62          0          8          1
141      12465         31          0      18442          0         62          0          8          1
142      12463         32          0      18443          0         62          0          8          1
143      12463         30          0      18445          0         62          0          7          1
144      12463         29          0      18446          0         62          0          8          1
145      12463         27          0      18448          0         62          0          7          1
146      12461         29          0      18448          0         62          0          7          1
147      12461         28          0      18449          0         62          0          7          1
148      12461         26          0      18451          0         62          0          8          1
149      12461         24          0      18453          0         62          0          7          1
150      12460         23          0      18455          0         62          0          7          1
--- ---------- ---------- ---------- ---------- ---------- ---------- ---------- ---------- ----------

Tipo 3
Día     Sanos  Infectados Importados    Curados Desinmuniz    Muertos Inf.Indire   Enfermos Hospitaliz
--- ---------- ---------- ---------- ---------- ---------- ---------- ---------- ---------- ----------
  1       2500          0          0          0          0          0          0          0          0
  2       2500          0          0          0          0          0          0          0          0
  3       2500          0          0          0          0          0          0          0          0
  4       2500          0          0          0          0          0          0          0          0
  5       2500          0          0          0          0          0          0          0          0
  6       2500          0          0          0          0          0          0          0          0
  7       2500          0          0          0          0          0          0          0          0
  8       2500          0          0          0          0          0          0          0          0
  9       2500          0          0          0          0          0          0          0          0
 10       2500          0          0          0          0          0          0          0          0
 11       2500          0          0          0          0          0          0          0          0
 12       2500          0          0          0          0          0          0          0          0
 13       2499          1          0          0          0          0          0          0          0
 14       2499          1          0          0          0          0          0          0          0
 15       2499          1          0          0          0          0          0          0          0
 16       2492          8          0          0          0          0          0          0          0
 17       2488         12          0          0          0          0          0          0          0
 18       2480         20          0          0          0          0          0          0          0
 19       2451         49          0          0          0          0          0          0          0
 20       2430         70          0          0          0          0          0          1          0
 21       2417         83          0          0          0          0          0          1          0
 22       2398        102          0          0          0          0          0          1          0
 23       2380        120          0          0          0          0          0          8          0
 24       2328        172          0          0          0          0          0         12          2
 25       2251        249          0          0          0          0          0         20          2
 26       2185        315          0          0          0          0          0         49          6
 27       2118        381          0          1          0          0          0         69         11
 28       1999        500          0          1          0          0          0         82         11
 29       1911        587          0          2          0          0          0        100         11
 30       1842        655          0          3          0          0          0        117         11
 31       1792        705          0          3          0          0          0        169         20
 32       1767        729          0          4          0          0          0        245         29
 33       1744        751          0          5          0          0          0        310         36
 34       1727        768          0          5          0          0          0        377         42
 35       1697        794          0          9          0          0          0        492         56
 36       1668        818          0         14          0          0          0        575         64
 37       1633        850          0         17          0          0          0        641         70
 38       1586        890          0         24          0          0          0        684         75
 39       1546        924          0         30          0          0          0        703         77
 40       1489        969          0         42          0          0          0        714         75
 41       1414       1037          0         49          0          0          0        724         75
 42       1364       1071          0         65          0          0          0        738         76
 43       1317       1101          0         80          0          2          0        750         78
 44       1284       1117          0         95          0          4          0        768         79
 45       1225       1153          0        117          0          5          0        792         85
 46       1172       1183          0        139          0          6          0        809         87
 47       1121       1207          0        165          0          7          0        839         92
 48       1067       1236          0        189          0          8          0        889        104
 49       1004       1266          0        220          0         10          0        906        104
 50        954       1278          0        256          0         12          0        915        103
 51        910       1283          0        293          0         14          0        909         99
 52        868       1280          0        338          0         14          0        923         99
 53        813       1292          0        378          0         17          0        933         99
 54        781       1277          0        425          0         17          0        937        102
 55        727       1270          0        484          0         19          0        930         97
 56        682       1258          0        536          0         24          0        936         94
 57        650       1234          0        592          0         24          0        930         92
 58        625       1204          0        643          0         28          0        919         92
 59        598       1171          0        701          0         30          0        901         95
 60        576       1137          0        754          0         33          0        900         95
 61        549       1110          0        803          0         38          0        878         95
 62        523       1097          0        839          0         41          0        893         97
 63        497       1085          0        874          0         44          0        900        100
 64        479       1072          0        901          0         48          0        901        105
 65        448       1064          0        937          0         51          0        887        104
 66        430       1040          0        978          0         52          0        872        104
 67        411       1014          0       1020          0         55          0        849        101
 68        397        978          0       1068          0         57          0        827         95
 69        386        938          0       1119          0         57          0        802         90
 70        370        909          0       1162          0         59          0        783         86
 71        356        870          0       1212          0         62          0        747         80
 72        349        823          0       1265          0         63          0        724         78
 73        340        787          0       1310          0         63          0        697         76
 74        331        748          0       1355          0         66          0        668         73
 75        320        722          0       1392          0         66          0        645         70
 76        313        676          0       1445          0         66          0        603         66
 77        307        639          0       1483          0         71          0        576         63
 78        301        602          0       1525          0         72          0        547         60
 79        296        563          0       1568          0         73          0        510         55
 80        292        513          0       1617          0         78          0        465         52
 81        287        471          0       1664          0         78          0        427         49
 82        284        433          0       1705          0         78          0        397         41
 83        283        400          0       1739          0         78          0        370         37
 84        280        362          0       1778          0         80          0        335         34
 85        278        340          0       1800          0         82          0        317         31
 86        276        311          0       1830          0         83          0        291         28
 87        275        281          0       1861          0         83          0        264         26
 88        271        257          0       1888          0         84          0        241         23
 89        270        242          0       1904          0         84          0        228         22
 90        269        229          0       1918          0         84          0        215         21
 91        266        209          0       1941          0         84          0        195         20
 92        265        191          0       1959          0         85          0        178         21
 93        263        173          0       1977          0         87          0        160         18
 94        262        159          0       1991          0         88          0        146         17
 95        261        146          0       2004          0         89          0        136         16
 96        260        132          0       2018          0         90          0        122         14
 97        260        122          0       2027          0         91          0        113         11
 98        259        108          0       2041          0         92          0        101          9
 99        259        101          0       2048          0         92          0         95          9
100        257         91          0       2060          0         92          0         85          9
101        257         81          0       2069          0         93          0         76          8
102        256         70          0       2080          0         94          0         65          6
103        254         64          0       2085          0         97          0         58          6
104        254         58          0       2091          0         97          0         52          4
105        254         52          0       2097          0         97          0         47          4
106        253         48          0       2101          0         98          0         42          4
107        253         39          0       2110          0         98          0         35          3
108        253         34          0       2115          0         98          0         30          3
109        253         32          0       2117          0         98          0         29          3
110        253         27          0       2122          0         98          0         26          3
111        252         26          0       2124          0         98          0         24          3
112        251         23          0       2128          0         98          0         20          3
113        251         21          0       2130          0         98          0         19          4
114        251         19          0       2132          0         98          0         17          4
115        251         19          0       2132          0         98          0         17          4
116        250         18          0       2134          0         98          0         15          3
117        250         16          0       2136          0         98          0         13          3
118        248         17          0       2137          0         98          0         13          3
119        248         17          0       2137          0         98          0         14          3
120        248         15          0       2139          0         98          0         12          3
121        248         14          0       2140          0         98          0         11          3
122        248         14          0       2140          0         98          0         11          3
123        247         15          0       2140          0         98          0         12          3
124        245         15          0       2142          0         98          0         10          2
125        245         15          0       2142          0         98          0         12          4
126        245         15          0       2142          0         98          0         12          4
127        245         11          0       2146          0         98          0          8          3
128        244         12          0       2146          0         98          0          8          3
129        244         11          0       2147          0         98          0          7          2
130        243         11          0       2148          0         98          0          7          2
131        243          9          0       2150          0         98          0          7          2
132        243          9          0       2150          0         98          0          7          2
133        243          9          0       2150          0         98          0          7          2
134        243          8          0       2151          0         98          0          6          2
135        243          8          0       2151          0         98          0          7          2
136        243          8          0       2151          0         98          0          7          2
137        243          8          0       2151          0         98          0          8          2
138        242          9          0       2151          0         98          0          8          2
139        242          8          0       2152          0         98          0          7          2
140        242          6          0       2154          0         98          0          5          1
141        241          7          0       2154          0         98          0          5          1
142        241          7          0       2154          0         98          0          5          1
143        241          6          0       2155          0         98          0          4          1
144        241          5          0       2156          0         98          0          3          1
145        241          5          0       2156          0         98          0          4          2
146        241          4          0       2157          0         98          0          3          2
147        241          4          0       2157          0         98          0          3          2
148        241          4          0       2157          0         98          0          4          2
149        241          3          0       2158          0         98          0          3          1
150        241          3          0       2158          0         98          0          3          1
--- ---------- ---------- ---------- ---------- ---------- ---------- ---------- ---------- ----------

Tipo 4
Día     Sanos  Infectados Importados    Curados Desinmuniz    Muertos Inf.Indire   Enfermos Hospitaliz
--- ---------- ---------- ---------- ---------- ---------- ---------- ---------- ---------- ----------
  1       6998          2          0          0          0          0          0          0          0
  2       6998          2          0          0          0          0          0          0          0
  3       6998          2          0          0          0          0          0          0          0
  4       6998          2          0          0          0          0          0          0          0
  5       6997          3          0          0          0          0          0          0          0
  6       6997          3          0          0          0          0          0          0          0
  7       6997          3          0          0          0          0          0          0          0
  8       6997          3          0          0          0          0          0          2          0
  9       6997          3          0          0          0          0          0          2          0
 10       6996          4          0          0          0          0          0          2          0
 11       6996          4          0          0          0          0          0          2          0
 12       6996          4          0          0          0          0          0          3          0
 13       6995          5          0          0          0          0          0          3          0
 14       6994          6          0          0          0          0          0          3          0
 15       6989         11          0          0          0          0          0          3          0
 16       6986         14          0          0          0          0          0          3          0
 17       6980         20          0          0          0          0          0          4          1
 18       6973         26          0          1          0          0          0          3          1
 19       6963         36          0          1          0          0          0          3          1
 20       6956         43          0          1          0          0          0          4          1
 21       6943         56          0          1          0          0          0          5          1
 22       6924         75          0          1          0          0          0         10          1
 23       6916         83          0          1          0          0          0         13          2
 24       6893        106          0          1          0          0          0         19          3
 25       6876        122          0          2          0          0          0         25          4
 26       6852        146          0          2          0          0          0         35          5
 27       6828        170          0          2          0          0          0         42          6
 28       6787        211          0          2          0          0          0         55         10
 29       6746        252          0          2          0          0          0         74         12
 30       6709        286          0          5          0          0          0         79         12
 31       6652        343          0          5          0          0          0        102         15
 32       6586        407          0          6          0          1          0        118         14
 33       6529        463          0          6          0          2          0        140         17
 34       6453        538          0          7          0          2          0        163         18
 35       6378        610          0         10          0          2          0        201         19
 36       6295        690          0         13          0          2          0        239         22
 37       6205        778          0         15          0          2          0        274         25
 38       6095        885          0         16          0          4          0        328         33
 39       5984        994          0         17          0          5          0        392         41
 40       5842       1133          0         19          0          6          0        446         43
 41       5701       1272          0         21          0          6          0        520         52
 42       5549       1415          0         28          0          8          0        586         57
 43       5409       1543          0         39          0          9          0        658         64
 44       5262       1682          0         45          0         11          0        739         77
 45       5098       1834          0         56          0         12          0        837         87
 46       4961       1958          0         65          0         16          0        935         95
 47       4796       2107          0         80          0         17          0       1062        110
 48       4657       2224          0         92          0         27          0       1180        117
 49       4514       2348          0        110          0         28          0       1313        132
 50       4351       2483          0        137          0         29          0       1425        142
 51       4220       2585          0        162          0         33          0       1544        151
 52       4082       2684          0        193          0         41          0       1668        157
 53       3935       2787          0        230          0         48          0       1762        165
 54       3823       2855          0        270          0         52          0       1884        188
 55       3687       2947          0        303          0         63          0       1979        201
 56       3569       3016          0        342          0         73          0       2071        213
 57       3447       3077          0        395          0         81          0       2173        219
 58       3333       3130          0        451          0         86          0       2243        220
 59       3237       3157          0        502          0        104          0       2312        226
 60       3114       3206          0        564          0        116          0       2385        228
 61       2994       3262          0        618          0        126          0       2433        231
 62       2910       3256          0        690          0        144          0       2479        229
 63       2823       3241          0        770          0        166          0       2496        232
 64       2749       3214          0        852          0        185          0       2516        232
 65       2680       3169          0        948          0        203          0       2516        226
 66       2609       3132          0       1040          0        219          0       2504        224
 67       2557       3061          0       1149          0        233          0       2504        232
 68       2498       3006          0       1243          0        253          0       2510        226
 69       2457       2923          0       1345          0        275          0       2470        228
 70       2412       2852          0       1438          0        298          0       2441        221
 71       2379       2750          0       1543          0        328          0       2380        222
 72       2348       2640          0       1665          0        347          0       2308        219
 73       2298       2507          0       1820          0        375          0       2196        204
 74       2272       2408          0       1920          0        400          0       2123        201
 75       2249       2306          0       2020          0        425          0       2057        193
 76       2221       2191          0       2132          0        456          0       1955        178
 77       2195       2081          0       2239          0        485          0       1864        169
 78       2176       1959          0       2354          0        511          0       1756        153
 79       2157       1848          0       2466          0        529          0       1657        148
 80       2142       1746          0       2560          0        552          0       1590        143
 81       2124       1614          0       2688          0        574          0       1466        135
 82       2115       1489          0       2793          0        603          0       1355        128
 83       2097       1403          0       2879          0        621          0       1279        125
 84       2091       1303          0       2961          0        645          0       1199        122
 85       2083       1204          0       3043          0        670          0       1111        109
 86       2074       1093          0       3142          0        691          0       1010         98
 87       2062       1023          0       3208          0        707          0        943         89
 88       2050        938          0       3283          0        729          0        864         80
 89       2044        856          0       3354          0        746          0        785         76
 90       2032        807          0       3405          0        756          0        742         72
 91       2026        717          0       3485          0        772          0        652         65
 92       2021        640          0       3560          0        779          0        578         63
 93       2019        574          0       3614          0        793          0        519         58
 94       2017        518          0       3660          0        805          0        473         55
 95       2005        493          0       3689          0        813          0        448         53
 96       1999        446          0       3733          0        822          0        401         46
 97       1996        405          0       3770          0        829          0        369         44
 98       1992        378          0       3796          0        834          0        344         39
 99       1989        350          0       3819          0        842          0        318         36
100       1986        322          0       3846          0        846          0        289         31
101       1982        299          0       3870          0        849          0        264         27
102       1980        276          0       3890          0        854          0        251         28
103       1977        259          0       3908          0        856          0        237         25
104       1969        233          0       3939          0        859          0        206         21
105       1966        217          0       3956          0        861          0        191         20
106       1963        208          0       3965          0        864          0        182         20
107       1963        188          0       3982          0        867          0        165         19
108       1963        159          0       4006          0        872          0        140         17
109       1961        146          0       4020          0        873          0        127         16
110       1960        135          0       4030          0        875          0        118         14
111       1959        129          0       4036          0        876          0        119         14
112       1958        115          0       4048          0        879          0        107         14
113       1956        108          0       4054          0        882          0        101         13
114       1953        100          0       4063          0        884          0         90          9
115       1952         97          0       4065          0        886          0         86          9
116       1951         90          0       4071          0        888          0         80          6
117       1950         82          0       4079          0        889          0         72          6
118       1949         75          0       4085          0        891          0         65          4
119       1949         70          0       4090          0        891          0         61          3
120       1949         67          0       4093          0        891          0         60          3
121       1949         59          0       4100          0        892          0         55          3
122       1948         53          0       4106          0        893          0         49          2
123       1948         50          0       4109          0        893          0         47          2
124       1947         49          0       4111          0        893          0         46          2
125       1946         47          0       4114          0        893          0         44          2
126       1946         39          0       4121          0        894          0         36          1
127       1945         39          0       4122          0        894          0         35          1
128       1944         37          0       4124          0        895          0         32          0
129       1944         34          0       4127          0        895          0         30          0
130       1944         34          0       4127          0        895          0         30          0
131       1944         31          0       4130          0        895          0         28          0
132       1943         28          0       4133          0        896          0         25          0
133       1943         27          0       4134          0        896          0         24          0
134       1942         25          0       4137          0        896          0         22          0
135       1942         20          0       4142          0        896          0         18          0
136       1942         18          0       4143          0        897          0         16          0
137       1942         16          0       4144          0        898          0         14          0
138       1941         16          0       4145          0        898          0         13          0
139       1941         15          0       4146          0        898          0         13          0
140       1941         13          0       4148          0        898          0         11          0
141       1941         12          0       4149          0        898          0         11          0
142       1940         10          0       4152          0        898          0          8          0
143       1940         10          0       4152          0        898          0          8          0
144       1940         10          0       4152          0        898          0          8          0
145       1939         10          0       4153          0        898          0          8          0
146       1939          9          0       4154          0        898          0          7          0
147       1938         10          0       4154          0        898          0          7          0
148       1938         10          0       4154          0        898          0          7          0
149       1938          8          0       4156          0        898          0          6          0
150       1938          7          0       4157          0        898          0          5          0
--- ---------- ---------- ---------- ---------- ---------- ---------- ---------- ---------- ----------

