20/04/2020 23:39:31

Cambio de condiciones el día 0
Fichero de grupos            C:\Contagio\Casos\grupos_gi_m.ggg
Número de clusters           125
Próximo cambio en            30 días

                        - Edad-      %     % Factor B    Días         %      Num.Pasos      %                          %      Individuos 
Grupo            Género Min Max   Gravedad   Contagio  Duración    Curación   Min   Max Individuos   Individuos     clusters    cluster  
---------------- ------ --- --- ---------- ---------- ---------- ---------- ----- ----- ---------- ------------ ------------ ------------
nene                  0   0   4     100,00       3,00      30,00     100,00    70    90       4,00            0          4,0           40
menor                 1   5  19     100,00       1,00      30,00     100,00    80   120      15,00            0         15,0           60
adulto                2  20  64     100,00      25,00      30,00      99,00    80   120      62,00            0         62,0          100
jubilado              3  65  69     100,00    5800,00      30,00      96,00    80   120       5,00            0          5,0           50
mayor                 4  70 150     100,00    2500,00      30,00      81,00    20    30      14,00            0         14,0           40
---------------- ------ --- --- ---------- ---------- ---------- ---------- ----- ----- ---------- ------------ ------------ ------------

Situación inicial

Cluster GID Grupo                Individuos     Sanos  Infectados    Curados Desinmuniz    Muertos
------- --- -------------------- ---------- ---------- ---------- ---------- ---------- ----------
      1   0 nene                         40         40          0          0          0          0
      2   0 nene                         40         40          0          0          0          0
      3   0 nene                         40         40          0          0          0          0
      4   0 nene                         40         40          0          0          0          0
      5   0 nene                         40         40          0          0          0          0
      6   1 menor                        60         60          0          0          0          0
      7   1 menor                        60         60          0          0          0          0
      8   1 menor                        60         60          0          0          0          0
      9   1 menor                        60         60          0          0          0          0
     10   1 menor                        60         59          1          0          0          0
     11   1 menor                        60         60          0          0          0          0
     12   1 menor                        60         60          0          0          0          0
     13   1 menor                        60         60          0          0          0          0
     14   1 menor                        60         60          0          0          0          0
     15   1 menor                        60         60          0          0          0          0
     16   1 menor                        60         60          0          0          0          0
     17   1 menor                        60         60          0          0          0          0
     18   1 menor                        60         60          0          0          0          0
     19   1 menor                        60         60          0          0          0          0
     20   1 menor                        60         60          0          0          0          0
     21   1 menor                        60         60          0          0          0          0
     22   1 menor                        60         60          0          0          0          0
     23   1 menor                        60         60          0          0          0          0
     24   2 adulto                      100        100          0          0          0          0
     25   2 adulto                      100        100          0          0          0          0
     26   2 adulto                      100        100          0          0          0          0
     27   2 adulto                      100        100          0          0          0          0
     28   2 adulto                      100        100          0          0          0          0
     29   2 adulto                      100        100          0          0          0          0
     30   2 adulto                      100        100          0          0          0          0
     31   2 adulto                      100        100          0          0          0          0
     32   2 adulto                      100        100          0          0          0          0
     33   2 adulto                      100        100          0          0          0          0
     34   2 adulto                      100        100          0          0          0          0
     35   2 adulto                      100        100          0          0          0          0
     36   2 adulto                      100        100          0          0          0          0
     37   2 adulto                      100        100          0          0          0          0
     38   2 adulto                      100        100          0          0          0          0
     39   2 adulto                      100        100          0          0          0          0
     40   2 adulto                      100        100          0          0          0          0
     41   2 adulto                      100        100          0          0          0          0
     42   2 adulto                      100        100          0          0          0          0
     43   2 adulto                      100        100          0          0          0          0
     44   2 adulto                      100        100          0          0          0          0
     45   2 adulto                      100        100          0          0          0          0
     46   2 adulto                      100        100          0          0          0          0
     47   2 adulto                      100        100          0          0          0          0
     48   2 adulto                      100        100          0          0          0          0
     49   2 adulto                      100        100          0          0          0          0
     50   2 adulto                      100         99          1          0          0          0
     51   2 adulto                      100        100          0          0          0          0
     52   2 adulto                      100        100          0          0          0          0
     53   2 adulto                      100        100          0          0          0          0
     54   2 adulto                      100        100          0          0          0          0
     55   2 adulto                      100        100          0          0          0          0
     56   2 adulto                      100        100          0          0          0          0
     57   2 adulto                      100        100          0          0          0          0
     58   2 adulto                      100        100          0          0          0          0
     59   2 adulto                      100        100          0          0          0          0
     60   2 adulto                      100        100          0          0          0          0
     61   2 adulto                      100        100          0          0          0          0
     62   2 adulto                      100        100          0          0          0          0
     63   2 adulto                      100        100          0          0          0          0
     64   2 adulto                      100        100          0          0          0          0
     65   2 adulto                      100        100          0          0          0          0
     66   2 adulto                      100        100          0          0          0          0
     67   2 adulto                      100        100          0          0          0          0
     68   2 adulto                      100        100          0          0          0          0
     69   2 adulto                      100        100          0          0          0          0
     70   2 adulto                      100        100          0          0          0          0
     71   2 adulto                      100        100          0          0          0          0
     72   2 adulto                      100        100          0          0          0          0
     73   2 adulto                      100        100          0          0          0          0
     74   2 adulto                      100        100          0          0          0          0
     75   2 adulto                      100        100          0          0          0          0
     76   2 adulto                      100        100          0          0          0          0
     77   2 adulto                      100        100          0          0          0          0
     78   2 adulto                      100        100          0          0          0          0
     79   2 adulto                      100        100          0          0          0          0
     80   2 adulto                      100        100          0          0          0          0
     81   2 adulto                      100        100          0          0          0          0
     82   2 adulto                      100        100          0          0          0          0
     83   2 adulto                      100        100          0          0          0          0
     84   2 adulto                      100        100          0          0          0          0
     85   2 adulto                      100        100          0          0          0          0
     86   2 adulto                      100        100          0          0          0          0
     87   2 adulto                      100        100          0          0          0          0
     88   2 adulto                      100        100          0          0          0          0
     89   2 adulto                      100        100          0          0          0          0
     90   2 adulto                      100        100          0          0          0          0
     91   2 adulto                      100        100          0          0          0          0
     92   2 adulto                      100        100          0          0          0          0
     93   2 adulto                      100        100          0          0          0          0
     94   2 adulto                      100        100          0          0          0          0
     95   2 adulto                      100        100          0          0          0          0
     96   2 adulto                      100        100          0          0          0          0
     97   2 adulto                      100        100          0          0          0          0
     98   2 adulto                      100        100          0          0          0          0
     99   2 adulto                      100        100          0          0          0          0
    100   2 adulto                      100        100          0          0          0          0
    101   3 jubilado                     50         50          0          0          0          0
    102   3 jubilado                     50         50          0          0          0          0
    103   3 jubilado                     50         50          0          0          0          0
    104   3 jubilado                     50         50          0          0          0          0
    105   3 jubilado                     50         50          0          0          0          0
    106   3 jubilado                     50         50          0          0          0          0
    107   4 mayor                        40         40          0          0          0          0
    108   4 mayor                        40         40          0          0          0          0
    109   4 mayor                        40         40          0          0          0          0
    110   4 mayor                        40         40          0          0          0          0
    111   4 mayor                        40         40          0          0          0          0
    112   4 mayor                        40         40          0          0          0          0
    113   4 mayor                        40         40          0          0          0          0
    114   4 mayor                        40         40          0          0          0          0
    115   4 mayor                        40         40          0          0          0          0
    116   4 mayor                        40         40          0          0          0          0
    117   4 mayor                        40         40          0          0          0          0
    118   4 mayor                        40         40          0          0          0          0
    119   4 mayor                        40         40          0          0          0          0
    120   4 mayor                        40         40          0          0          0          0
    121   4 mayor                        40         40          0          0          0          0
    122   4 mayor                        40         40          0          0          0          0
    123   4 mayor                        40         40          0          0          0          0
------- --- -------------------- ---------- ---------- ---------- ---------- ---------- ----------
                                       9960       9958          2          0          0          0

21/04/2020 02:21:43

Cambio de condiciones el día 30
Fichero de grupos            C:\Contagio\Casos\grupos_gi_m_m1.ggg
Número de clusters           50
Próximo cambio en            25 días

                        - Edad-      %     % Factor B    Días         %      Num.Pasos      %                          %      Individuos 
Grupo            Género Min Max   Gravedad   Contagio  Duración    Curación   Min   Max Individuos   Individuos     clusters    cluster  
---------------- ------ --- --- ---------- ---------- ---------- ---------- ----- ----- ---------- ------------ ------------ ------------
nene                  0   0   4     100,00       3,00      30,00     100,00    50    70       4,00        2.000          4,0           40
menor                 1   5  19     100,00       1,00      30,00     100,00    60    90      15,00        7.500         15,0           60
adulto                2  20  64     100,00      25,00      30,00      99,00    60    90      62,00       31.000         62,0          100
jubilado              3  65  69     100,00    5800,00      30,00      96,00    60    90       5,00        2.500          5,0           50
mayor                 4  70 150     100,00    2500,00      30,00      81,00    15    22      14,00        7.000         14,0           40
---------------- ------ --- --- ---------- ---------- ---------- ---------- ----- ----- ---------- ------------ ------------ ------------

                                                       -------------- Dentro y fuera ------------- -------- Dentro -----      %
Cluster GID Grupo                Individuos      Sanos Infectados    Curados Desinmuniz    Muertos   Intentos Infectados   Aciertos
------- --- -------------------- ---------- ---------- ---------- ---------- ---------- ---------- ---------- ---------- ----------
      1   0 nene                         40         40          0          0          0          0          0          0       0,00
      2   0 nene                         40         40          0          0          0          0          0          0       0,00
      3   1 menor                        60         60          0          0          0          0          0          0       0,00
      4   1 menor                        60         60          0          0          0          0          0          0       0,00
      5   1 menor                        60         60          0          0          0          0          0          0       0,00
      6   1 menor                        60         60          0          0          0          0          0          0       0,00
      7   1 menor                        60         59          1          0          0          0          0          0       0,00
      8   1 menor                        60         60          0          0          0          0          0          0       0,00
      9   1 menor                        60         60          0          0          0          0          0          0       0,00
     10   2 adulto                      100        100          0          0          0          0       3186          0       0,00
     11   2 adulto                      100         97          3          0          0          0          0          0       0,00
     12   2 adulto                      100        100          0          0          0          0          0          0       0,00
     13   2 adulto                      100         40         60          0          0          0          0          0       0,00
     14   2 adulto                      100        100          0          0          0          0          0          0       0,00
     15   2 adulto                      100        100          0          0          0          0          0          0       0,00
     16   2 adulto                      100        100          0          0          0          0          0          0       0,00
     17   2 adulto                      100          0         99          1          0          0          0          0       0,00
     18   2 adulto                      100        100          0          0          0          0          0          0       0,00
     19   2 adulto                      100        100          0          0          0          0          0          0       0,00
     20   2 adulto                      100         92          8          0          0          0          0          0       0,00
     21   2 adulto                      100        100          0          0          0          0          0          0       0,00
     22   2 adulto                      100        100          0          0          0          0          0          0       0,00
     23   2 adulto                      100        100          0          0          0          0          0          0       0,00
     24   2 adulto                      100        100          0          0          0          0          0          0       0,00
     25   2 adulto                      100        100          0          0          0          0        586          2       0,34
     26   2 adulto                      100          0         99          1          0          0          0          0       0,00
     27   2 adulto                      100        100          0          0          0          0       9067         58       0,64
     28   2 adulto                      100        100          0          0          0          0          0          0       0,00
     29   2 adulto                      100        100          0          0          0          0          0          0       0,00
     30   2 adulto                      100        100          0          0          0          0          0          0       0,00
     31   2 adulto                      100         99          1          0          0          0      12779         99       0,77
     32   2 adulto                      100         94          6          0          0          0          0          0       0,00
     33   2 adulto                      100        100          0          0          0          0          0          0       0,00
     34   2 adulto                      100        100          0          0          0          0        567          6       1,06
     35   2 adulto                      100        100          0          0          0          0          0          0       0,00
     36   2 adulto                      100          0         80         20          0          0          0          0       0,00
     37   2 adulto                      100        100          0          0          0          0          0          0       0,00
     38   2 adulto                      100        100          0          0          0          0          0          0       0,00
     39   2 adulto                      100         97          3          0          0          0          0          0       0,00
     40   2 adulto                      100        100          0          0          0          0      13088         99       0,76
     41   3 jubilado                     50          0         49          1          0          0          0          0       0,00
     42   3 jubilado                     50          0         50          0          0          0          0          0       0,00
     43   4 mayor                        40          3         37          0          0          0          0          0       0,00
     44   4 mayor                        40         38          2          0          0          0          0          0       0,00
     45   4 mayor                        40         40          0          0          0          0          0          0       0,00
     46   4 mayor                        40          0         40          0          0          0        585          5       0,85
     47   4 mayor                        40          0         40          0          0          0          0          0       0,00
     48   4 mayor                        40          0         40          0          0          0          0          0       0,00
     49   4 mayor                        40          0         38          2          0          0          0          0       0,00
------- --- -------------------- ---------- ---------- ---------- ---------- ---------- ---------- ---------- ---------- ----------
                                       3980       3299        656         25          0          0      39858        269       0,67

21/04/2020 04:08:05

Cambio de condiciones el día 55
Fichero de grupos            C:\Contagio\Casos\grupos_gi_m_m2.ggg
Número de clusters           25
Próximo cambio en            15 días

                        - Edad-      %     % Factor B    Días         %      Num.Pasos      %                          %      Individuos 
Grupo            Género Min Max   Gravedad   Contagio  Duración    Curación   Min   Max Individuos   Individuos     clusters    cluster  
---------------- ------ --- --- ---------- ---------- ---------- ---------- ----- ----- ---------- ------------ ------------ ------------
nene                  0   0   4     100,00       3,00      30,00     100,00    70    90       4,00        2.000          4,0           40
menor                 1   5  19     100,00       1,00      30,00     100,00    80   120      15,00        7.500         15,0           60
adulto                2  20  64     100,00      25,00      30,00      99,00    80   120      62,00       31.000         62,0          100
jubilado              3  65  69     100,00    5800,00      30,00      96,00    80   120       5,00        2.500          5,0           50
mayor                 4  70 150     100,00    2500,00      30,00      81,00    20    30      14,00        7.000         14,0           40
---------------- ------ --- --- ---------- ---------- ---------- ---------- ----- ----- ---------- ------------ ------------ ------------

                                                       -------------- Dentro y fuera ------------- -------- Dentro -----      %
Cluster GID Grupo                Individuos      Sanos Infectados    Curados Desinmuniz    Muertos   Intentos Infectados   Aciertos
------- --- -------------------- ---------- ---------- ---------- ---------- ---------- ---------- ---------- ---------- ----------
      1   0 nene                         40         40          0          0          0          0          0          0       0,00
      2   1 menor                        60         60          0          0          0          0          0          0       0,00
      3   1 menor                        60         60          0          0          0          0          0          0       0,00
      4   1 menor                        60         60          0          0          0          0          0          0       0,00
      5   2 adulto                      100         10         90          0          0          0          0          0       0,00
      6   2 adulto                      100          0         90         10          0          0          0          0       0,00
      7   2 adulto                      100          0         98          2          0          0        118          0       0,00
      8   2 adulto                      100          0         59         41          0          0          0          0       0,00
      9   2 adulto                      100         86         14          0          0          0          0          0       0,00
     10   2 adulto                      100        100          0          0          0          0      16879         88       0,52
     11   2 adulto                      100          0         99          1          0          0      16022         97       0,61
     12   2 adulto                      100          0          8         88          0          4      10919         98       0,90
     13   2 adulto                      100        100          0          0          0          0       6622         40       0,60
     14   2 adulto                      100         84         16          0          0          0       1293         13       1,01
     15   2 adulto                      100          0         81         19          0          0          0          0       0,00
     16   2 adulto                      100         67         33          0          0          0      13736         99       0,72
     17   2 adulto                      100          0         97          3          0          0          0          0       0,00
     18   2 adulto                      100         97          3          0          0          0          0          0       0,00
     19   2 adulto                      100          0         98          2          0          0       2385         13       0,55
     20   3 jubilado                     50          0          0         47          0          3      13382         92       0,69
     21   4 mayor                        40          0         24         15          0          1       4408         31       0,70
     22   4 mayor                        40          0         24         15          0          1      14732         99       0,67
     23   4 mayor                        40          0         36          3          0          1        394          2       0,51
------- --- -------------------- ---------- ---------- ---------- ---------- ---------- ---------- ---------- ---------- ----------
                                       1890        764        870        246          0         10     100890        672       0,67

21/04/2020 05:24:08

Cambio de condiciones el día 70
Fichero de grupos            C:\Contagio\Casos\grupos_gi_m_m1.ggg
Número de clusters           50
Próximo cambio en            15 días

                        - Edad-      %     % Factor B    Días         %      Num.Pasos      %                          %      Individuos 
Grupo            Género Min Max   Gravedad   Contagio  Duración    Curación   Min   Max Individuos   Individuos     clusters    cluster  
---------------- ------ --- --- ---------- ---------- ---------- ---------- ----- ----- ---------- ------------ ------------ ------------
nene                  0   0   4     100,00       3,00      30,00     100,00    50    70       4,00        2.000          4,0           40
menor                 1   5  19     100,00       1,00      30,00     100,00    60    90      15,00        7.500         15,0           60
adulto                2  20  64     100,00      25,00      30,00      99,00    60    90      62,00       31.000         62,0          100
jubilado              3  65  69     100,00    5800,00      30,00      96,00    60    90       5,00        2.500          5,0           50
mayor                 4  70 150     100,00    2500,00      30,00      81,00    15    22      14,00        7.000         14,0           40
---------------- ------ --- --- ---------- ---------- ---------- ---------- ----- ----- ---------- ------------ ------------ ------------

                                                       -------------- Dentro y fuera ------------- -------- Dentro -----      %
Cluster GID Grupo                Individuos      Sanos Infectados    Curados Desinmuniz    Muertos   Intentos Infectados   Aciertos
------- --- -------------------- ---------- ---------- ---------- ---------- ---------- ---------- ---------- ---------- ----------
      1   0 nene                         40         40          0          0          0          0          0          0       0,00
      2   0 nene                         40         40          0          0          0          0          0          0       0,00
      3   1 menor                        60         60          0          0          0          0          0          0       0,00
      4   1 menor                        60         60          0          0          0          0          0          0       0,00
      5   1 menor                        60         60          0          0          0          0       1339         10       0,75
      6   1 menor                        60         60          0          0          0          0          0          0       0,00
      7   1 menor                        60         59          0          1          0          0        118          0       0,00
      8   1 menor                        60         60          0          0          0          0          0          0       0,00
      9   1 menor                        60         59          1          0          0          0      10580         86       0,81
     10   2 adulto                      100          0         82         18          0          0      16879         88       0,52
     11   2 adulto                      100          0         13         86          0          1      16022         97       0,61
     12   2 adulto                      100          0         63         37          0          0      10919         98       0,90
     13   2 adulto                      100          0          0         98          0          2      17051        113       0,66
     14   2 adulto                      100          0         96          4          0          0      12816         97       0,76
     15   2 adulto                      100        100          0          0          0          0          0          0       0,00
     16   2 adulto                      100          0         65         34          0          1      22685        166       0,73
     17   2 adulto                      100          0          0         96          0          4          0          0       0,00
     18   2 adulto                      100         25         75          0          0          0      13724         97       0,71
     19   2 adulto                      100          0         94          6          0          0       2385         13       0,55
     20   2 adulto                      100          0          3         95          0          2      13382         92       0,69
     21   2 adulto                      100          0         94          6          0          0       4408         31       0,70
     22   2 adulto                      100          0         49         51          0          0      14732         99       0,67
     23   2 adulto                      100          0         97          3          0          0        394          2       0,51
     24   2 adulto                      100          0         77         23          0          0      13770         98       0,71
     25   2 adulto                      100         97          3          0          0          0        586          2       0,34
     26   2 adulto                      100          0          0        100          0          0          0          0       0,00
     27   2 adulto                      100         78         18          4          0          0      11748         79       0,67
     28   2 adulto                      100          0         61         39          0          0      13024         99       0,76
     29   2 adulto                      100         98          2          0          0          0          0          0       0,00
     30   2 adulto                      100          0         46         54          0          0      13338         98       0,73
     31   2 adulto                      100          0         19         80          0          1      28841        197       0,68
     32   2 adulto                      100          0          5         95          0          0      13637         94       0,69
     33   2 adulto                      100         99          1          0          0          0          0          0       0,00
     34   2 adulto                      100         97          3          0          0          0        963          7       0,73
     35   2 adulto                      100          0         84         16          0          0      13681         95       0,69
     36   2 adulto                      100          0          0        100          0          0          0          0       0,00
     37   2 adulto                      100         77         19          4          0          0       3297         22       0,67
     38   2 adulto                      100         99          1          0          0          0          0          0       0,00
     39   2 adulto                      100          0          7         92          0          1      13687         97       0,71
     40   2 adulto                      100          0         41         57          0          2      27043        198       0,73
     41   3 jubilado                     50          0          0         47          0          3          0          0       0,00
     42   3 jubilado                     50          0          0         48          0          2          0          0       0,00
     43   4 mayor                        40          0          0         35          0          5          4          3      75,00
     44   4 mayor                        40          0          0         34          0          6         51         38      74,51
     45   4 mayor                        40          0          0         28          0         12         58         39      67,24
     46   4 mayor                        40          0          0         32          0          8        585          5       0,85
     47   4 mayor                        40          0          0         34          0          6          0          0       0,00
     48   4 mayor                        40          0          0         35          0          5          0          0       0,00
     49   4 mayor                        40          0          0         32          0          8          0          0       0,00
------- --- -------------------- ---------- ---------- ---------- ---------- ---------- ---------- ---------- ---------- ----------
                                       3980       1268       1119       1524          0         69     311747       2260       0,72

21/04/2020 06:18:34

Cambio de condiciones el día 85
Fichero de grupos            C:\Contagio\Casos\grupos_gi_m.ggg
Número de clusters           125
No hay próximos cambios

                        - Edad-      %     % Factor B    Días         %      Num.Pasos      %                          %      Individuos 
Grupo            Género Min Max   Gravedad   Contagio  Duración    Curación   Min   Max Individuos   Individuos     clusters    cluster  
---------------- ------ --- --- ---------- ---------- ---------- ---------- ----- ----- ---------- ------------ ------------ ------------
nene                  0   0   4     100,00       3,00      30,00     100,00    70    90       4,00        2.000          4,0           40
menor                 1   5  19     100,00       1,00      30,00     100,00    80   120      15,00        7.500         15,0           60
adulto                2  20  64     100,00      25,00      30,00      99,00    80   120      62,00       31.000         62,0          100
jubilado              3  65  69     100,00    5800,00      30,00      96,00    80   120       5,00        2.500          5,0           50
mayor                 4  70 150     100,00    2500,00      30,00      81,00    20    30      14,00        7.000         14,0           40
---------------- ------ --- --- ---------- ---------- ---------- ---------- ----- ----- ---------- ------------ ------------ ------------

                                                       -------------- Dentro y fuera ------------- -------- Dentro -----      %
Cluster GID Grupo                Individuos      Sanos Infectados    Curados Desinmuniz    Muertos   Intentos Infectados   Aciertos
------- --- -------------------- ---------- ---------- ---------- ---------- ---------- ---------- ---------- ---------- ----------
      1   0 nene                         40         40          0          0          0          0          0          0       0,00
      2   0 nene                         40         40          0          0          0          0          0          0       0,00
      3   0 nene                         40         39          1          0          0          0        236          0       0,00
      4   0 nene                         40         40          0          0          0          0          0          0       0,00
      5   0 nene                         40         38          1          1          0          0       1339         10       0,75
      6   1 menor                        60         59          1          0          0          0          0          0       0,00
      7   1 menor                        60         60          0          0          0          0        118          0       0,00
      8   1 menor                        60         60          0          0          0          0          0          0       0,00
      9   1 menor                        60         60          0          0          0          0      12350         86       0,70
     10   1 menor                        60         59          0          1          0          0      16879         88       0,52
     11   1 menor                        60         60          0          0          0          0      16022         97       0,61
     12   1 menor                        60         59          1          0          0          0      10919         98       0,90
     13   1 menor                        60         60          0          0          0          0      17051        113       0,66
     14   1 menor                        60         60          0          0          0          0      12816         97       0,76
     15   1 menor                        60         60          0          0          0          0        393          3       0,76
     16   1 menor                        60         60          0          0          0          0      22685        166       0,73
     17   1 menor                        60         60          0          0          0          0          0          0       0,00
     18   1 menor                        60         59          1          0          0          0      18381        122       0,66
     19   1 menor                        60         59          1          0          0          0       2385         13       0,55
     20   1 menor                        60         60          0          0          0          0      13382         92       0,69
     21   1 menor                        60         60          0          0          0          0       4408         31       0,70
     22   1 menor                        60         60          0          0          0          0      14732         99       0,67
     23   1 menor                        60         60          0          0          0          0        394          2       0,51
     24   2 adulto                      100          0          5         94          0          1      13770         98       0,71
     25   2 adulto                      100          0          0         99          0          1      17305         97       0,56
     26   2 adulto                      100          0          0         99          0          1          0          0       0,00
     27   2 adulto                      100          0          0         98          0          2      31700        157       0,50
     28   2 adulto                      100          0         54         46          0          0      13024         99       0,76
     29   2 adulto                      100         96          4          0          0          0      15807         96       0,61
     30   2 adulto                      100          0          0         99          0          1      13338         98       0,73
     31   2 adulto                      100          0          0         96          0          4      28841        197       0,68
     32   2 adulto                      100          0         90         10          0          0      13637         94       0,69
     33   2 adulto                      100          0         42         58          0          0      14541         97       0,67
     34   2 adulto                      100          0          0         98          0          2      17298        102       0,59
     35   2 adulto                      100          0         36         64          0          0      13681         95       0,69
     36   2 adulto                      100          0          0        100          0          0          0          0       0,00
     37   2 adulto                      100          0         69         31          0          0      28752         99       0,34
     38   2 adulto                      100          0          0         99          0          1      14299         98       0,69
     39   2 adulto                      100          1         99          0          0          0      13687         97       0,71
     40   2 adulto                      100          0          0        100          0          0      27043        198       0,73
     41   2 adulto                      100          0         81         19          0          0          0          0       0,00
     42   2 adulto                      100          0          0         99          0          1          0          0       0,00
     43   2 adulto                      100          1         99          0          0          0          4          3      75,00
     44   2 adulto                      100          0          0         99          0          1         51         38      74,51
     45   2 adulto                      100          0          0         99          0          1         58         39      67,24
     46   2 adulto                      100          0          0        100          0          0        585          5       0,85
     47   2 adulto                      100          1         98          1          0          0          0          0       0,00
     48   2 adulto                      100          1         98          1          0          0          0          0       0,00
     49   2 adulto                      100          0          0         99          0          1          0          0       0,00
     50   2 adulto                      100          0          0        100          0          0      12026         99       0,82
     51   2 adulto                      100          0         76         24          0          0          0          0       0,00
     52   2 adulto                      100          0         99          1          0          0          0          0       0,00
     53   2 adulto                      100          0          0         99          0          1        390          2       0,51
     54   2 adulto                      100          0          0         98          0          2          0          0       0,00
     55   2 adulto                      100         95          1          4          0          0          0          0       0,00
     56   2 adulto                      100         95          3          2          0          0          0          0       0,00
     57   2 adulto                      100         95          1          4          0          0          0          0       0,00
     58   2 adulto                      100         95          2          3          0          0          0          0       0,00
     59   2 adulto                      100         97          1          2          0          0          0          0       0,00
     60   2 adulto                      100         87          2         11          0          0       1883          7       0,37
     61   2 adulto                      100         96          2          2          0          0          0          0       0,00
     62   2 adulto                      100         94          1          5          0          0        195          1       0,51
     63   2 adulto                      100         94          3          3          0          0          0          0       0,00
     64   2 adulto                      100         95          2          3          0          0          0          0       0,00
     65   2 adulto                      100         94          2          4          0          0          0          0       0,00
     66   2 adulto                      100         94          4          2          0          0          0          0       0,00
     67   2 adulto                      100         93          4          3          0          0          0          0       0,00
     68   2 adulto                      100         97          0          3          0          0          0          0       0,00
     69   2 adulto                      100         97          2          1          0          0          0          0       0,00
     70   2 adulto                      100         46          1         53          0          0       6236         52       0,83
     71   2 adulto                      100         95          2          3          0          0          0          0       0,00
     72   2 adulto                      100         97          3          0          0          0          0          0       0,00
     73   2 adulto                      100         91          2          7          0          0        961          5       0,52
     74   2 adulto                      100         97          1          2          0          0        197          1       0,51
     75   2 adulto                      100         96          1          3          0          0          0          0       0,00
     76   2 adulto                      100         97          0          3          0          0          0          0       0,00
     77   2 adulto                      100         69          1         30          0          0       2717         27       0,99
     78   2 adulto                      100         96          0          4          0          0        198          2       1,01
     79   2 adulto                      100         89          2          9          0          0       1163          6       0,52
     80   2 adulto                      100         96          3          1          0          0          0          0       0,00
     81   2 adulto                      100         93          6          1          0          0          0          0       0,00
     82   2 adulto                      100         90          4          6          0          0        392          3       0,77
     83   2 adulto                      100         96          2          2          0          0          0          0       0,00
     84   2 adulto                      100         89          1         10          0          0        576          7       1,22
     85   2 adulto                      100         94          3          3          0          0          0          0       0,00
     86   2 adulto                      100         98          0          2          0          0          0          0       0,00
     87   2 adulto                      100         96          0          4          0          0          0          0       0,00
     88   2 adulto                      100         97          2          1          0          0          0          0       0,00
     89   2 adulto                      100         94          2          4          0          0          0          0       0,00
     90   2 adulto                      100         98          2          0          0          0          0          0       0,00
     91   2 adulto                      100         93          1          6          0          0          0          0       0,00
     92   2 adulto                      100         87          3         10          0          0       1147          7       0,61
     93   2 adulto                      100         98          0          2          0          0          0          0       0,00
     94   2 adulto                      100         91          2          7          0          0        386          3       0,78
     95   2 adulto                      100         96          1          3          0          0          0          0       0,00
     96   2 adulto                      100         88          1         11          0          0        768          5       0,65
     97   2 adulto                      100         98          0          2          0          0          0          0       0,00
     98   2 adulto                      100         97          1          2          0          0          0          0       0,00
     99   2 adulto                      100         95          3          2          0          0          0          0       0,00
    100   2 adulto                      100         97          1          2          0          0          0          0       0,00
    101   3 jubilado                     50          0          0         47          0          3         48         48     100,00
    102   3 jubilado                     50          0          0         48          0          2         47         47     100,00
    103   3 jubilado                     50         22         10         17          0          1          0          0       0,00
    104   3 jubilado                     50          0          0         48          0          2         49         49     100,00
    105   3 jubilado                     50          0          0         47          0          3         48         48     100,00
    106   3 jubilado                     50          0          0         49          0          1         48         48     100,00
    107   4 mayor                        40          0          0         35          0          5         49         36      73,47
    108   4 mayor                        40          0          0         34          0          6          0          0       0,00
    109   4 mayor                        40          0          0         28          0         12          0          0       0,00
    110   4 mayor                        40          0          0         32          0          8         54         39      72,22
    111   4 mayor                        40          0          0         34          0          6         54         38      70,37
    112   4 mayor                        40          0          0         35          0          5         61         38      62,30
    113   4 mayor                        40          0          0         32          0          8         56         39      69,64
    114   4 mayor                        40          0          0         31          0          9         51         39      76,47
    115   4 mayor                        40          0          0         35          0          5         46         39      84,78
    116   4 mayor                        40         25          8          6          0          1          0          0       0,00
    117   4 mayor                        40          0          0         32          0          8         52         38      73,08
    118   4 mayor                        40          0          0         31          0          9         47         39      82,98
    119   4 mayor                        40          0          0         29          0         11         53         38      71,70
    120   4 mayor                        40          0          0         36          0          4         46         39      84,78
    121   4 mayor                        40          0          0         32          0          8         51         39      76,47
    122   4 mayor                        40          0          0         30          0         10         47         38      80,85
    123   4 mayor                        40         30          7          3          0          0          0          0       0,00
------- --- -------------------- ---------- ---------- ---------- ---------- ---------- ---------- ---------- ---------- ----------
                                       9960       5721       1062       3030          0        147     472053       3890       0,82

Situación final

                                                       -------------- Dentro y fuera ------------- -------- Dentro -----      %
Cluster GID Grupo                Individuos      Sanos Infectados    Curados Desinmuniz    Muertos   Intentos Infectados   Aciertos
------- --- -------------------- ---------- ---------- ---------- ---------- ---------- ---------- ---------- ---------- ----------
      1   0 nene                         40         40          0          0          0          0          0          0       0,00
      2   0 nene                         40         38          0          2          0          0       4183          1       0,02
      3   0 nene                         40         39          0          1          0          0        548          0       0,00
      4   0 nene                         40         40          0          0          0          0          0          0       0,00
      5   0 nene                         40         38          0          2          0          0       1415         10       0,71
      6   1 menor                        60         59          0          1          0          0       3186          0       0,00
      7   1 menor                        60         60          0          0          0          0        118          0       0,00
      8   1 menor                        60         60          0          0          0          0          0          0       0,00
      9   1 menor                        60         60          0          0          0          0      12350         86       0,70
     10   1 menor                        60         53          0          7          0          0      32877         91       0,28
     11   1 menor                        60         60          0          0          0          0      16022         97       0,61
     12   1 menor                        60         59          0          1          0          0      11981         98       0,82
     13   1 menor                        60         60          0          0          0          0      17051        113       0,66
     14   1 menor                        60         59          0          1          0          0      15294         97       0,63
     15   1 menor                        60         60          0          0          0          0        393          3       0,76
     16   1 menor                        60         59          0          1          0          0      26107        166       0,64
     17   1 menor                        60         60          0          0          0          0          0          0       0,00
     18   1 menor                        60         59          0          1          0          0      19325        122       0,63
     19   1 menor                        60         59          0          1          0          0       2975         13       0,44
     20   1 menor                        60         59          0          1          0          0      15506         92       0,59
     21   1 menor                        60         60          0          0          0          0       4408         31       0,70
     22   1 menor                        60         60          0          0          0          0      14732         99       0,67
     23   1 menor                        60         60          0          0          0          0        394          2       0,51
     24   2 adulto                      100          0          0         99          0          1      13770         98       0,71
     25   2 adulto                      100          0          0         99          0          1      17305         97       0,56
     26   2 adulto                      100          0          0         99          0          1          0          0       0,00
     27   2 adulto                      100          0          0         98          0          2      31700        157       0,50
     28   2 adulto                      100          0          0        100          0          0      13024         99       0,76
     29   2 adulto                      100          0          0         99          0          1      31375        192       0,61
     30   2 adulto                      100          0          0         99          0          1      13338         98       0,73
     31   2 adulto                      100          0          0         96          0          4      28841        197       0,68
     32   2 adulto                      100          0          0         98          0          2      13637         94       0,69
     33   2 adulto                      100          0          0        100          0          0      14541         97       0,67
     34   2 adulto                      100          0          0         98          0          2      17298        102       0,59
     35   2 adulto                      100          0          0         99          0          1      13681         95       0,69
     36   2 adulto                      100          0          0        100          0          0          0          0       0,00
     37   2 adulto                      100          0          0        100          0          0      28752         99       0,34
     38   2 adulto                      100          0          0         99          0          1      14299         98       0,69
     39   2 adulto                      100          0          0         98          0          2      13695         98       0,72
     40   2 adulto                      100          0          0        100          0          0      27043        198       0,73
     41   2 adulto                      100          0          0         99          0          1          0          0       0,00
     42   2 adulto                      100          0          0         99          0          1          0          0       0,00
     43   2 adulto                      100          0          0        100          0          0         45          4       8,89
     44   2 adulto                      100          0          0         99          0          1         51         38      74,51
     45   2 adulto                      100          0          0         99          0          1         58         39      67,24
     46   2 adulto                      100          0          0        100          0          0        585          5       0,85
     47   2 adulto                      100          0          0        100          0          0        497          1       0,20
     48   2 adulto                      100          0          0        100          0          0        282          1       0,35
     49   2 adulto                      100          0          0         99          0          1          0          0       0,00
     50   2 adulto                      100          0          0        100          0          0      12026         99       0,82
     51   2 adulto                      100          0          0         98          0          2          0          0       0,00
     52   2 adulto                      100          0          0        100          0          0          0          0       0,00
     53   2 adulto                      100          0          0         99          0          1        390          2       0,51
     54   2 adulto                      100          0          0         98          0          2          0          0       0,00
     55   2 adulto                      100          0          0         99          0          1      13987         95       0,68
     56   2 adulto                      100          0          0         99          0          1      15624         94       0,60
     57   2 adulto                      100          0          0         98          0          2      13230         94       0,71
     58   2 adulto                      100          0          0        100          0          0      14601         94       0,64
     59   2 adulto                      100          0          0        100          0          0      14204         94       0,66
     60   2 adulto                      100          0          0        100          0          0      17312         93       0,54
     61   2 adulto                      100          0          0         99          0          1      13506         96       0,71
     62   2 adulto                      100          0          0         99          0          1      13674         94       0,69
     63   2 adulto                      100          0          0         99          0          1      17190         94       0,55
     64   2 adulto                      100          0          0        100          0          0      11917         93       0,78
     65   2 adulto                      100          0          0         99          0          1      13053         94       0,72
     66   2 adulto                      100          0          0         99          0          1      17385         93       0,53
     67   2 adulto                      100          0          0        100          0          0      16670         93       0,56
     68   2 adulto                      100          0          0        100          0          0      14014         94       0,67
     69   2 adulto                      100          0          0        100          0          0      14259         95       0,67
     70   2 adulto                      100          0          0         99          0          1      13288         96       0,72
     71   2 adulto                      100          0          0         99          0          1      15377         94       0,61
     72   2 adulto                      100          0          0         99          0          1      16388         96       0,59
     73   2 adulto                      100          0          0        100          0          0      19900         93       0,47
     74   2 adulto                      100          0          0         97          0          3      15561         96       0,62
     75   2 adulto                      100          0          0         97          0          3      13824         95       0,69
     76   2 adulto                      100          0          0         99          0          1      13289         94       0,71
     77   2 adulto                      100          0          0        100          0          0      13257         93       0,70
     78   2 adulto                      100          0          0        100          0          0      11660         97       0,83
     79   2 adulto                      100          0          0        100          0          0      13841         94       0,68
     80   2 adulto                      100          0          0        100          0          0      19768         96       0,49
     81   2 adulto                      100          0          0        100          0          0      19304         93       0,48
     82   2 adulto                      100          0          0        100          0          0      15247         93       0,61
     83   2 adulto                      100          0          0        100          0          0      17822         95       0,53
     84   2 adulto                      100          0          0         99          0          1      16346         95       0,58
     85   2 adulto                      100          0          0         99          0          1      14577         94       0,64
     86   2 adulto                      100          0          0         99          0          1      12800         97       0,76
     87   2 adulto                      100          0          0         99          0          1      13887         95       0,68
     88   2 adulto                      100          0          0        100          0          0      13498         96       0,71
     89   2 adulto                      100          0          0        100          0          0      18874         90       0,48
     90   2 adulto                      100          0          0         99          0          1      16995         96       0,56
     91   2 adulto                      100          0          0         98          0          2      17328         93       0,54
     92   2 adulto                      100          0          0         99          0          1      17420         93       0,53
     93   2 adulto                      100          0          0         99          0          1      12964         97       0,75
     94   2 adulto                      100          0          0         99          0          1      13349         94       0,70
     95   2 adulto                      100          0          0         99          0          1      15332         94       0,61
     96   2 adulto                      100          0          0         99          0          1      13530         89       0,66
     97   2 adulto                      100          0          0         99          0          1      17015         97       0,57
     98   2 adulto                      100          0          0         99          0          1      13361         95       0,71
     99   2 adulto                      100          0          0         95          0          5      16291         93       0,57
    100   2 adulto                      100          0          0         98          0          2      15443         97       0,63
    101   3 jubilado                     50          0          0         47          0          3         48         48     100,00
    102   3 jubilado                     50          0          0         48          0          2         47         47     100,00
    103   3 jubilado                     50          0          0         48          0          2         36         22      61,11
    104   3 jubilado                     50          0          0         48          0          2         49         49     100,00
    105   3 jubilado                     50          0          0         47          0          3         48         48     100,00
    106   3 jubilado                     50          0          0         49          0          1         48         48     100,00
    107   4 mayor                        40          0          0         35          0          5         49         36      73,47
    108   4 mayor                        40          0          0         34          0          6          0          0       0,00
    109   4 mayor                        40          0          0         28          0         12          0          0       0,00
    110   4 mayor                        40          0          0         32          0          8         54         39      72,22
    111   4 mayor                        40          0          0         34          0          6         54         38      70,37
    112   4 mayor                        40          0          0         35          0          5         61         38      62,30
    113   4 mayor                        40          0          0         32          0          8         56         39      69,64
    114   4 mayor                        40          0          0         31          0          9         51         39      76,47
    115   4 mayor                        40          0          0         35          0          5         46         39      84,78
    116   4 mayor                        40          0          0         35          0          5        210         25      11,90
    117   4 mayor                        40          0          0         32          0          8         52         38      73,08
    118   4 mayor                        40          0          0         31          0          9         47         39      82,98
    119   4 mayor                        40          0          0         29          0         11         53         38      71,70
    120   4 mayor                        40          0          0         36          0          4         46         39      84,78
    121   4 mayor                        40          0          0         32          0          8         51         39      76,47
    122   4 mayor                        40          0          0         30          0         10         47         38      80,85
    123   4 mayor                        40          0          0         33          0          7        142         30      21,13
------- --- -------------------- ---------- ---------- ---------- ---------- ---------- ---------- ---------- ---------- ----------
                                       9960       1261          0       8491          0        208    1204555       8285       0,69

Grupo   0 nene
      0      1      2      3      4      5      6      7      8      9     10     11     12     13     14     15     16     17     18     19     20     21     22     23     24     25     26     27     28     29
 ------ ------ ------ ------ ------ ------ ------ ------ ------ ------ ------ ------ ------ ------ ------ ------ ------ ------ ------ ------ ------ ------ ------ ------ ------ ------ ------ ------ ------ ------
 0,0000 0,0000 0,0000 0,0001 0,0003 0,0006 0,0010 0,0016 0,0024 0,0034 0,0046 0,0062 0,0080 0,0102 0,0127 0,0156 0,0189 0,0227 0,0270 0,0317 0,0370 0,0428 0,0492 0,0563 0,0639 0,0723 0,0813 0,0910 0,1015 0,1128
Número infectados                                 27
Número intentos fin infección                    733
Número finales de infección                       27       3,68
Número finales curacion                           27     100,00
Número finales muerte                              0       0,00
Total infecciones                                 13
Total infecciones por curados                     13
Total infecciones por muertos                      0
Total infectadores curados                        27
Total infectadores muertos                         0
Total pasos                               26.860.255
Total recorridos                             358.068
Total distancia recorrida                 16.445.133
Contactos de riesgo                           38.733
Máximo de contagios por 1 individuo                2
Mínimo de contagios por 1 individuo                0
Falso (R0) curados                            0,4815
Falso (R0) muertos                            0,0000

Grupo   1 menor
      0      1      2      3      4      5      6      7      8      9     10     11     12     13     14     15     16     17     18     19     20     21     22     23     24     25     26     27     28     29
 ------ ------ ------ ------ ------ ------ ------ ------ ------ ------ ------ ------ ------ ------ ------ ------ ------ ------ ------ ------ ------ ------ ------ ------ ------ ------ ------ ------ ------ ------
 0,0000 0,0000 0,0000 0,0001 0,0003 0,0006 0,0010 0,0016 0,0024 0,0034 0,0046 0,0062 0,0080 0,0102 0,0127 0,0156 0,0189 0,0227 0,0270 0,0317 0,0370 0,0428 0,0492 0,0563 0,0639 0,0723 0,0813 0,0910 0,1015 0,1128
Número infectados                                 46
Número intentos fin infección                  1.268
Número finales de infección                       46       3,63
Número finales curacion                           46     100,00
Número finales muerte                              0       0,00
Total infecciones                                 27
Total infecciones por curados                     27
Total infecciones por muertos                      0
Total infectadores curados                        46
Total infectadores muertos                         0
Total pasos                              126.562.204
Total recorridos                           1.347.036
Total distancia recorrida                 77.474.229
Contactos de riesgo                          175.391
Máximo de contagios por 1 individuo                3
Mínimo de contagios por 1 individuo                0
Falso (R0) curados                            0,5870
Falso (R0) muertos                            0,0000

Grupo   2 adulto
      0      1      2      3      4      5      6      7      8      9     10     11     12     13     14     15     16     17     18     19     20     21     22     23     24     25     26     27     28     29
 ------ ------ ------ ------ ------ ------ ------ ------ ------ ------ ------ ------ ------ ------ ------ ------ ------ ------ ------ ------ ------ ------ ------ ------ ------ ------ ------ ------ ------ ------
 0,0000 0,0000 0,0000 0,0001 0,0003 0,0006 0,0010 0,0016 0,0024 0,0034 0,0046 0,0062 0,0080 0,0102 0,0127 0,0156 0,0189 0,0227 0,0270 0,0317 0,0370 0,0428 0,0492 0,0563 0,0639 0,0723 0,0813 0,0910 0,1015 0,1128
Número infectados                             10.284
Número intentos fin infección                276.236
Número finales de infección                   10.260       3,71
Número finales curacion                       10.169      99,11
Número finales muerte                             91       0,89
Total infecciones                             13.831
Total infecciones por curados                 13.709
Total infecciones por muertos                    115
Total infectadores curados                    10.169
Total infectadores muertos                        91
Total pasos                              449.076.321
Total recorridos                           4.814.753
Total distancia recorrida                274.949.023
Contactos de riesgo                          486.139
Máximo de contagios por 1 individuo               19
Mínimo de contagios por 1 individuo                0
Falso (R0) curados                            1,3481
Falso (R0) muertos                            1,2637

Grupo   3 jubilado
      0      1      2      3      4      5      6      7      8      9     10     11     12     13     14     15     16     17     18     19     20     21     22     23     24     25     26     27     28     29
 ------ ------ ------ ------ ------ ------ ------ ------ ------ ------ ------ ------ ------ ------ ------ ------ ------ ------ ------ ------ ------ ------ ------ ------ ------ ------ ------ ------ ------ ------
 0,0000 0,0000 0,0000 0,0001 0,0003 0,0006 0,0010 0,0016 0,0024 0,0034 0,0046 0,0062 0,0080 0,0102 0,0127 0,0156 0,0189 0,0227 0,0270 0,0317 0,0370 0,0428 0,0492 0,0563 0,0639 0,0723 0,0813 0,0910 0,1015 0,1128
Número infectados                              2.328
Número intentos fin infección                 62.530
Número finales de infección                    2.322       3,71
Número finales curacion                        2.246      96,73
Número finales muerte                             76       3,27
Total infecciones                              1.899
Total infecciones por curados                  1.835
Total infecciones por muertos                     60
Total infectadores curados                     2.246
Total infectadores muertos                        76
Total pasos                               22.303.889
Total recorridos                             245.211
Total distancia recorrida                 13.649.018
Contactos de riesgo                            3.117
Máximo de contagios por 1 individuo               50
Mínimo de contagios por 1 individuo                0
Falso (R0) curados                            0,8170
Falso (R0) muertos                            0,7895

Grupo   4 mayor
      0      1      2      3      4      5      6      7      8      9     10     11     12     13     14     15     16     17     18     19     20     21     22     23     24     25     26     27     28     29
 ------ ------ ------ ------ ------ ------ ------ ------ ------ ------ ------ ------ ------ ------ ------ ------ ------ ------ ------ ------ ------ ------ ------ ------ ------ ------ ------ ------ ------ ------
 0,0000 0,0000 0,0000 0,0001 0,0003 0,0006 0,0010 0,0016 0,0024 0,0034 0,0046 0,0062 0,0080 0,0102 0,0127 0,0156 0,0189 0,0227 0,0270 0,0317 0,0370 0,0428 0,0492 0,0563 0,0639 0,0723 0,0813 0,0910 0,1015 0,1128
Número infectados                              5.195
Número intentos fin infección                138.896
Número finales de infección                    5.176       3,73
Número finales curacion                        4.229      81,70
Número finales muerte                            947      18,30
Total infecciones                              2.100
Total infecciones por curados                  1.710
Total infecciones por muertos                    387
Total infectadores curados                     4.229
Total infectadores muertos                       947
Total pasos                               19.012.954
Total recorridos                             842.511
Total distancia recorrida                 11.649.543
Contactos de riesgo                           12.015
Máximo de contagios por 1 individuo               41
Mínimo de contagios por 1 individuo                0
Falso (R0) curados                            0,4044
Falso (R0) muertos                            0,4087

