Tipo 0
Día     Sanos  Infectados Importados    Curados Desinmuniz    Muertos Inf.Indire   Enfermos Hospitaliz
--- ---------- ---------- ---------- ---------- ---------- ---------- ---------- ---------- ----------
  1       2000          0          0          0          0          0          0          0          0
  2       2000          0          0          0          0          0          0          0          0
  3       2000          0          0          0          0          0          0          0          0
  4       2000          0          0          0          0          0          0          0          0
  5       2000          0          0          0          0          0          0          0          0
  6       2000          0          0          0          0          0          0          0          0
  7       2000          0          0          0          0          0          0          0          0
  8       2000          0          0          0          0          0          0          0          0
  9       2000          0          0          0          0          0          0          0          0
 10       2000          0          0          0          0          0          0          0          0
 11       2000          0          0          0          0          0          0          0          0
 12       2000          0          0          0          0          0          0          0          0
 13       2000          0          0          0          0          0          0          0          0
 14       2000          0          0          0          0          0          0          0          0
 15       2000          0          0          0          0          0          0          0          0
 16       2000          0          0          0          0          0          0          0          0
 17       2000          0          0          0          0          0          0          0          0
 18       2000          0          0          0          0          0          0          0          0
 19       2000          0          0          0          0          0          0          0          0
 20       2000          0          0          0          0          0          0          0          0
 21       2000          0          0          0          0          0          0          0          0
 22       2000          0          0          0          0          0          0          0          0
 23       2000          0          0          0          0          0          0          0          0
 24       2000          0          0          0          0          0          0          0          0
 25       2000          0          0          0          0          0          0          0          0
 26       2000          0          0          0          0          0          0          0          0
 27       1999          1          0          0          0          0          0          0          0
 28       1999          1          0          0          0          0          0          0          0
 29       1999          1          0          0          0          0          0          0          0
 30       1998          2          0          0          0          0          0          0          0
 31       1998          2          0          0          0          0          0          0          0
 32       1998          2          0          0          0          0          0          0          0
 33       1998          2          0          0          0          0          0          0          0
 34       1997          3          0          0          0          0          0          1          0
 35       1997          3          0          0          0          0          0          1          0
 36       1997          3          0          0          0          0          0          1          0
 37       1996          4          0          0          0          0          0          2          0
 38       1996          4          0          0          0          0          0          2          0
 39       1995          5          0          0          0          0          0          2          0
 40       1994          6          0          0          0          0          0          2          0
 41       1994          6          0          0          0          0          0          3          0
 42       1994          6          0          0          0          0          0          3          0
 43       1993          7          0          0          0          0          0          3          0
 44       1993          7          0          0          0          0          0          4          1
 45       1993          7          0          0          0          0          0          4          1
 46       1993          7          0          0          0          0          0          5          1
 47       1991          9          0          0          0          0          0          6          1
 48       1991          9          0          0          0          0          0          6          1
 49       1991          9          0          0          0          0          0          6          1
 50       1990         10          0          0          0          0          0          7          1
 51       1990         10          0          0          0          0          0          7          1
 52       1990         10          0          0          0          0          0          7          1
 53       1990         10          0          0          0          0          0          7          1
 54       1990         10          0          0          0          0          0          9          1
 55       1989         10          0          1          0          0          0          8          1
 56       1989         10          0          1          0          0          0          8          1
 57       1989         10          0          1          0          0          0          9          1
 58       1988          9          0          3          0          0          0          7          1
 59       1987         10          0          3          0          0          0          7          1
 60       1987         10          0          3          0          0          0          7          1
 61       1986         10          0          4          0          0          0          6          0
 62       1986         10          0          4          0          0          0          7          0
 63       1986         10          0          4          0          0          0          7          0
 64       1986          8          0          6          0          0          0          5          0
 65       1985          8          0          7          0          0          0          5          0
 66       1985          8          0          7          0          0          0          6          0
 67       1985          8          0          7          0          0          0          6          0
 68       1985          8          0          7          0          0          0          7          0
 69       1984          7          0          9          0          0          0          5          0
 70       1984          7          0          9          0          0          0          5          0
 71       1984          7          0          9          0          0          0          5          0
 72       1984          7          0          9          0          0          0          6          0
 73       1984          7          0          9          0          0          0          6          0
 74       1984          7          0          9          0          0          0          6          0
 75       1984          7          0          9          0          0          0          6          0
 76       1984          7          0          9          0          0          0          7          0
 77       1984          6          0         10          0          0          0          6          0
 78       1983          6          0         11          0          0          0          5          0
 79       1983          6          0         11          0          0          0          5          0
 80       1983          6          0         11          0          0          0          5          0
 81       1983          6          0         11          0          0          0          5          0
 82       1983          5          0         12          0          0          0          4          0
 83       1983          5          0         12          0          0          0          4          0
 84       1983          5          0         12          0          0          0          4          0
 85       1983          5          0         12          0          0          0          5          0
 86       1983          4          0         13          0          0          0          4          0
 87       1983          4          0         13          0          0          0          4          0
 88       1983          4          0         13          0          0          0          4          0
 89       1983          3          0         14          0          0          0          3          0
 90       1982          4          0         14          0          0          0          3          0
 91       1982          4          0         14          0          0          0          3          0
 92       1982          4          0         14          0          0          0          3          0
 93       1981          5          0         14          0          0          0          3          0
 94       1981          5          0         14          0          0          0          3          0
 95       1980          5          0         15          0          0          0          2          0
 96       1980          4          0         16          0          0          0          1          0
 97       1980          4          0         16          0          0          0          2          0
 98       1979          5          0         16          0          0          0          2          0
 99       1979          5          0         16          0          0          0          2          0
100       1978          6          0         16          0          0          0          3          0
101       1978          6          0         16          0          0          0          3          0
102       1976          8          0         16          0          0          0          4          0
103       1976          8          0         16          0          0          0          4          0
104       1976          8          0         16          0          0          0          4          0
105       1976          8          0         16          0          0          0          5          0
106       1975          9          0         16          0          0          0          5          0
107       1975          7          0         18          0          0          0          4          0
108       1974          8          0         18          0          0          0          4          0
109       1974          8          0         18          0          0          0          6          0
110       1974          8          0         18          0          0          0          6          0
111       1973          9          0         18          0          0          0          6          0
112       1973          9          0         18          0          0          0          6          0
113       1973          9          0         18          0          0          0          7          0
114       1972         10          0         18          0          0          0          7          0
115       1972         10          0         18          0          0          0          8          0
116       1972          8          0         20          0          0          0          6          0
117       1972          8          0         20          0          0          0          6          0
118       1972          7          0         21          0          0          0          6          0
119       1972          7          0         21          0          0          0          6          0
120       1972          7          0         21          0          0          0          6          0
121       1971          8          0         21          0          0          0          7          0
122       1971          8          0         21          0          0          0          7          0
123       1971          8          0         21          0          0          0          7          0
124       1971          7          0         22          0          0          0          6          0
125       1971          7          0         22          0          0          0          6          0
126       1970          7          0         23          0          0          0          5          0
127       1970          7          0         23          0          0          0          5          0
128       1968          8          0         24          0          0          0          5          0
129       1968          7          0         25          0          0          0          4          0
130       1967          8          0         25          0          0          0          4          0
131       1967          8          0         25          0          0          0          4          0
132       1967          8          0         25          0          0          0          4          0
133       1967          8          0         25          0          0          0          5          0
134       1967          8          0         25          0          0          0          5          0
135       1966          9          0         25          0          0          0          7          0
136       1966          9          0         25          0          0          0          7          0
137       1966          8          0         26          0          0          0          7          0
138       1966          8          0         26          0          0          0          7          0
139       1966          7          0         27          0          0          0          6          0
140       1966          7          0         27          0          0          0          6          0
141       1966          7          0         27          0          0          0          6          0
142       1966          7          0         27          0          0          0          7          0
143       1966          6          0         28          0          0          0          6          0
144       1966          6          0         28          0          0          0          6          0
145       1966          6          0         28          0          0          0          6          0
146       1966          6          0         28          0          0          0          6          0
147       1966          6          0         28          0          0          0          6          0
148       1966          5          0         29          0          0          0          5          0
149       1966          5          0         29          0          0          0          5          0
150       1966          5          0         29          0          0          0          5          0
151       1966          5          0         29          0          0          0          5          0
152       1966          5          0         29          0          0          0          5          0
153       1966          5          0         29          0          0          0          5          0
154       1966          5          0         29          0          0          0          5          0
155       1966          5          0         29          0          0          0          5          0
156       1966          3          0         31          0          0          0          3          0
157       1966          3          0         31          0          0          0          3          0
158       1966          2          0         32          0          0          0          2          0
159       1966          1          0         33          0          0          0          1          0
160       1966          1          0         33          0          0          0          1          0
161       1966          1          0         33          0          0          0          1          0
162       1966          1          0         33          0          0          0          1          0
163       1966          1          0         33          0          0          0          1          0
164       1966          1          0         33          0          0          0          1          0
165       1966          1          0         33          0          0          0          1          0
166       1966          0          0         34          0          0          0          0          0
167       1966          0          0         34          0          0          0          0          0
168       1966          0          0         34          0          0          0          0          0
169       1966          0          0         34          0          0          0          0          0
170       1966          0          0         34          0          0          0          0          0
171       1966          0          0         34          0          0          0          0          0
172       1966          0          0         34          0          0          0          0          0
173       1966          0          0         34          0          0          0          0          0
174       1966          0          0         34          0          0          0          0          0
175       1966          0          0         34          0          0          0          0          0
176       1966          0          0         34          0          0          0          0          0
177       1966          0          0         34          0          0          0          0          0
178       1966          0          0         34          0          0          0          0          0
179       1966          0          0         34          0          0          0          0          0
180       1966          0          0         34          0          0          0          0          0
--- ---------- ---------- ---------- ---------- ---------- ---------- ---------- ---------- ----------

Tipo 1
Día     Sanos  Infectados Importados    Curados Desinmuniz    Muertos Inf.Indire   Enfermos Hospitaliz
--- ---------- ---------- ---------- ---------- ---------- ---------- ---------- ---------- ----------
  1       7497          3          0          0          0          0          0          0          0
  2       7497          3          0          0          0          0          0          0          0
  3       7497          3          0          0          0          0          0          0          0
  4       7497          3          0          0          0          0          0          0          0
  5       7497          3          0          0          0          0          0          0          0
  6       7497          3          0          0          0          0          0          0          0
  7       7497          3          0          0          0          0          0          0          0
  8       7497          3          0          0          0          0          0          0          0
  9       7497          3          0          0          0          0          0          0          0
 10       7497          3          0          0          0          0          0          0          0
 11       7497          2          0          1          0          0          0          0          0
 12       7497          2          0          1          0          0          0          0          0
 13       7497          2          0          1          0          0          0          0          0
 14       7497          2          0          1          0          0          0          0          0
 15       7497          2          0          1          0          0          0          0          0
 16       7497          2          0          1          0          0          0          0          0
 17       7497          2          0          1          0          0          0          0          0
 18       7497          2          0          1          0          0          0          0          0
 19       7497          2          0          1          0          0          0          0          0
 20       7496          3          0          1          0          0          0          0          0
 21       7496          2          0          2          0          0          0          0          0
 22       7496          2          0          2          0          0          0          0          0
 23       7496          2          0          2          0          0          0          0          0
 24       7496          2          0          2          0          0          0          0          0
 25       7496          1          0          3          0          0          0          0          0
 26       7495          2          0          3          0          0          0          0          0
 27       7495          2          0          3          0          0          0          1          0
 28       7495          2          0          3          0          0          0          1          0
 29       7495          2          0          3          0          0          0          1          0
 30       7494          3          0          3          0          0          0          1          0
 31       7494          3          0          3          0          0          0          1          0
 32       7494          3          0          3          0          0          0          1          0
 33       7494          3          0          3          0          0          0          2          0
 34       7493          4          0          3          0          0          0          2          0
 35       7491          6          0          3          0          0          0          2          0
 36       7491          6          0          3          0          0          0          2          0
 37       7490          7          0          3          0          0          0          3          0
 38       7490          7          0          3          0          0          0          3          0
 39       7490          7          0          3          0          0          0          3          0
 40       7490          7          0          3          0          0          0          3          0
 41       7490          7          0          3          0          0          0          4          0
 42       7490          7          0          3          0          0          0          6          0
 43       7490          7          0          3          0          0          0          6          0
 44       7490          7          0          3          0          0          0          7          1
 45       7490          7          0          3          0          0          0          7          1
 46       7490          7          0          3          0          0          0          7          1
 47       7490          7          0          3          0          0          0          7          1
 48       7490          6          0          4          0          0          0          6          0
 49       7490          6          0          4          0          0          0          6          0
 50       7489          7          0          4          0          0          0          6          0
 51       7489          6          0          5          0          0          0          5          0
 52       7489          6          0          5          0          0          0          5          0
 53       7489          5          0          6          0          0          0          4          0
 54       7489          5          0          6          0          0          0          4          0
 55       7488          5          0          7          0          0          0          3          0
 56       7488          5          0          7          0          0          0          3          0
 57       7488          4          0          8          0          0          0          3          1
 58       7488          4          0          8          0          0          0          3          1
 59       7487          5          0          8          0          0          0          3          1
 60       7486          6          0          8          0          0          0          3          1
 61       7486          6          0          8          0          0          0          3          1
 62       7485          7          0          8          0          0          0          4          1
 63       7485          7          0          8          0          0          0          4          1
 64       7485          7          0          8          0          0          0          4          1
 65       7484          7          0          9          0          0          0          3          1
 66       7483          7          0         10          0          0          0          3          1
 67       7483          7          0         10          0          0          0          4          1
 68       7482          8          0         10          0          0          0          4          1
 69       7482          8          0         10          0          0          0          5          1
 70       7482          8          0         10          0          0          0          5          1
 71       7480         10          0         10          0          0          0          5          1
 72       7480         10          0         10          0          0          0          6          1
 73       7480         10          0         10          0          0          0          7          1
 74       7480         10          0         10          0          0          0          7          1
 75       7480         10          0         10          0          0          0          8          1
 76       7480          9          0         11          0          0          0          7          0
 77       7478         10          0         12          0          0          0          6          0
 78       7478         10          0         12          0          0          0          8          0
 79       7478         10          0         12          0          0          0          8          0
 80       7478          9          0         13          0          0          0          7          0
 81       7478          9          0         13          0          0          0          7          0
 82       7478          9          0         13          0          0          0          7          0
 83       7478          9          0         13          0          0          0          7          0
 84       7478          9          0         13          0          0          0          9          0
 85       7478          9          0         13          0          0          0          9          0
 86       7478          8          0         14          0          0          0          8          0
 87       7478          8          0         14          0          0          0          8          0
 88       7478          8          0         14          0          0          0          8          0
 89       7478          7          0         15          0          0          0          7          0
 90       7478          7          0         15          0          0          0          7          0
 91       7478          7          0         15          0          0          0          7          0
 92       7478          7          0         15          0          0          0          7          0
 93       7478          5          0         17          0          0          0          5          0
 94       7478          5          0         17          0          0          0          5          0
 95       7476          7          0         17          0          0          0          5          0
 96       7475          8          0         17          0          0          0          5          0
 97       7475          7          0         18          0          0          0          4          0
 98       7475          6          0         19          0          0          0          3          0
 99       7474          6          0         20          0          0          0          2          0
100       7473          6          0         21          0          0          0          1          0
101       7472          6          0         22          0          0          0          0          0
102       7472          6          0         22          0          0          0          2          0
103       7472          6          0         22          0          0          0          3          0
104       7472          6          0         22          0          0          0          3          0
105       7472          6          0         22          0          0          0          3          0
106       7472          6          0         22          0          0          0          4          0
107       7471          7          0         22          0          0          0          5          0
108       7470          8          0         22          0          0          0          6          0
109       7470          8          0         22          0          0          0          6          0
110       7470          7          0         23          0          0          0          5          0
111       7469          8          0         23          0          0          0          5          0
112       7469          8          0         23          0          0          0          5          0
113       7469          8          0         23          0          0          0          5          0
114       7469          8          0         23          0          0          0          6          0
115       7467         10          0         23          0          0          0          7          0
116       7465         11          0         24          0          0          0          6          0
117       7464         12          0         24          0          0          0          6          0
118       7464         11          0         25          0          0          0          6          0
119       7462         13          0         25          0          0          0          6          0
120       7462         13          0         25          0          0          0          6          0
121       7462         13          0         25          0          0          0          6          0
122       7461         13          0         26          0          0          0          7          0
123       7461         13          0         26          0          0          0          9          0
124       7461         12          0         27          0          0          0          9          0
125       7461         12          0         27          0          0          0          9          0
126       7460         13          0         27          0          0          0         11          1
127       7460         12          0         28          0          0          0         10          1
128       7460         12          0         28          0          0          0         10          1
129       7460         12          0         28          0          0          0         11          1
130       7460         11          0         29          0          0          0         10          1
131       7460         11          0         29          0          0          0         10          1
132       7459         11          0         30          0          0          0          9          1
133       7459         11          0         30          0          0          0         10          1
134       7459         11          0         30          0          0          0         10          1
135       7459         11          0         30          0          0          0         10          1
136       7459         10          0         31          0          0          0          9          1
137       7459          9          0         32          0          0          0          8          1
138       7459          9          0         32          0          0          0          8          1
139       7459          8          0         33          0          0          0          8          1
140       7458          9          0         33          0          0          0          8          1
141       7457         10          0         33          0          0          0          8          1
142       7457         10          0         33          0          0          0          8          1
143       7457          8          0         35          0          0          0          6          1
144       7456          9          0         35          0          0          0          6          1
145       7456          9          0         35          0          0          0          6          1
146       7456          7          0         37          0          0          0          4          1
147       7456          7          0         37          0          0          0          5          1
148       7456          7          0         37          0          0          0          6          1
149       7456          7          0         37          0          0          0          6          1
150       7456          6          0         38          0          0          0          5          0
151       7456          6          0         38          0          0          0          6          0
152       7456          5          0         39          0          0          0          5          0
153       7456          5          0         39          0          0          0          5          0
154       7455          6          0         39          0          0          0          5          0
155       7455          6          0         39          0          0          0          5          0
156       7455          6          0         39          0          0          0          5          0
157       7455          5          0         40          0          0          0          4          0
158       7455          5          0         40          0          0          0          4          0
159       7455          5          0         40          0          0          0          4          0
160       7455          5          0         40          0          0          0          4          0
161       7455          4          0         41          0          0          0          4          0
162       7455          4          0         41          0          0          0          4          0
163       7455          3          0         42          0          0          0          3          0
164       7455          3          0         42          0          0          0          3          0
165       7455          3          0         42          0          0          0          3          0
166       7455          3          0         42          0          0          0          3          0
167       7455          2          0         43          0          0          0          2          0
168       7455          2          0         43          0          0          0          2          0
169       7455          2          0         43          0          0          0          2          0
170       7455          2          0         43          0          0          0          2          0
171       7455          2          0         43          0          0          0          2          0
172       7455          2          0         43          0          0          0          2          0
173       7455          2          0         43          0          0          0          2          0
174       7455          1          0         44          0          0          0          1          0
175       7455          1          0         44          0          0          0          1          0
176       7455          1          0         44          0          0          0          1          0
177       7455          1          0         44          0          0          0          1          0
178       7455          1          0         44          0          0          0          1          0
179       7455          1          0         44          0          0          0          1          0
180       7455          0          0         45          0          0          0          0          0
--- ---------- ---------- ---------- ---------- ---------- ---------- ---------- ---------- ----------

Tipo 2
Día     Sanos  Infectados Importados    Curados Desinmuniz    Muertos Inf.Indire   Enfermos Hospitaliz
--- ---------- ---------- ---------- ---------- ---------- ---------- ---------- ---------- ----------
  1      30995          5          0          0          0          0          0          0          0
  2      30995          5          0          0          0          0          0          0          0
  3      30995          5          0          0          0          0          0          0          0
  4      30992          8          0          0          0          0          0          0          0
  5      30990         10          0          0          0          0          0          0          0
  6      30988         12          0          0          0          0          0          0          0
  7      30982         18          0          0          0          0          0          0          0
  8      30975         25          0          0          0          0          0          0          0
  9      30967         33          0          0          0          0          0          0          0
 10      30945         55          0          0          0          0          0          0          0
 11      30924         76          0          0          0          0          0          3          0
 12      30904         95          0          1          0          0          0          5          0
 13      30876        123          0          1          0          0          0          7          0
 14      30846        153          0          1          0          0          0         13          2
 15      30821        178          0          1          0          0          0         20          4
 16      30804        195          0          1          0          0          0         28          5
 17      30787        212          0          1          0          0          0         50          7
 18      30774        224          0          2          0          0          0         71          9
 19      30767        230          0          3          0          0          0         91         11
 20      30751        246          0          3          0          0          0        119         14
 21      30736        260          0          4          0          0          0        148         17
 22      30719        276          0          5          0          0          0        173         21
 23      30682        312          0          6          0          0          0        189         21
 24      30654        340          0          6          0          0          0        206         22
 25      30615        379          0          6          0          0          0        219         23
 26      30541        451          0          7          0          1          0        224         23
 27      30466        522          0         11          0          1          0        236         22
 28      30370        615          0         14          0          1          0        248         26
 29      30248        727          0         24          0          1          0        255         27
 30      30122        848          0         29          0          1          0        288         32
 31      30057        909          0         33          0          1          0        312         34
 32      29969        990          0         40          0          1          0        344         40
 33      29877       1069          0         53          0          1          0        407         48
 34      29769       1172          0         58          0          1          0        477         51
 35      29661       1272          0         66          0          1          0        566         60
 36      29549       1375          0         75          0          1          0        679         66
 37      29445       1466          0         88          0          1          0        789         75
 38      29336       1556          0        107          0          1          0        836         82
 39      29206       1669          0        124          0          1          0        908         88
 40      29093       1761          0        145          0          1          0        978         94
 41      28962       1869          0        168          0          1          0       1062        101
 42      28820       1979          0        199          0          2          0       1139        108
 43      28691       2089          0        218          0          2          0       1232        115
 44      28574       2178          0        246          0          2          0       1309        124
 45      28425       2289          0        284          0          2          0       1379        127
 46      28299       2378          0        320          0          3          0       1473        134
 47      28169       2461          0        367          0          3          0       1537        149
 48      28055       2538          0        403          0          4          0       1631        153
 49      27945       2615          0        436          0          4          0       1740        169
 50      27841       2677          0        478          0          4          0       1827        182
 51      27771       2686          0        539          0          4          0       1883        189
 52      27701       2701          0        593          0          5          0       1977        201
 53      27637       2696          0        661          0          6          0       2034        211
 54      27570       2687          0        737          0          6          0       2088        208
 55      27483       2692          0        819          0          6          0       2121        222
 56      27421       2675          0        898          0          6          0       2152        220
 57      27369       2634          0        989          0          8          0       2162        214
 58      27321       2583          0       1088          0          8          0       2133        208
 59      27272       2531          0       1188          0          9          0       2103        215
 60      27226       2471          0       1293          0         10          0       2060        210
 61      27183       2398          0       1408          0         11          0       2011        204
 62      27139       2343          0       1506          0         12          0       1999        204
 63      27095       2282          0       1609          0         14          0       1956        202
 64      27056       2223          0       1706          0         15          0       1910        198
 65      27011       2150          0       1822          0         17          0       1840        192
 66      26971       2074          0       1937          0         18          0       1774        185
 67      26941       1999          0       2042          0         18          0       1714        183
 68      26907       1938          0       2137          0         18          0       1662        182
 69      26881       1849          0       2251          0         19          0       1591        172
 70      26851       1779          0       2349          0         21          0       1535        171
 71      26827       1711          0       2440          0         22          0       1482        158
 72      26790       1619          0       2568          0         23          0       1398        150
 73      26756       1540          0       2680          0         24          0       1325        137
 74      26725       1472          0       2779          0         24          0       1256        127
 75      26669       1432          0       2874          0         25          0       1194        122
 76      26609       1376          0       2990          0         25          0       1104        112
 77      26560       1329          0       3086          0         25          0       1038        107
 78      26475       1309          0       3190          0         26          0        957        103
 79      26400       1299          0       3275          0         26          0        909         94
 80      26314       1303          0       3355          0         28          0        861         92
 81      26245       1304          0       3423          0         28          0        824         91
 82      26184       1303          0       3485          0         28          0        818         88
 83      26133       1289          0       3549          0         29          0        813         84
 84      26106       1256          0       3609          0         29          0        802         73
 85      26093       1213          0       3665          0         29          0        831         69
 86      26056       1191          0       3724          0         29          0        847         74
 87      26001       1202          0       3767          0         30          0        889         73
 88      25936       1209          0       3822          0         33          0        900         72
 89      25848       1264          0       3855          0         33          0        928         74
 90      25712       1352          0       3902          0         34          0        931         72
 91      25549       1467          0       3950          0         34          0        910         73
 92      25320       1655          0       3991          0         34          0        882         70
 93      24990       1945          0       4031          0         34          0        880         70
 94      24636       2252          0       4078          0         34          0        888         73
 95      24241       2597          0       4127          0         35          0        905         80
 96      23794       3004          0       4167          0         35          0        952         79
 97      23389       3363          0       4213          0         35          0       1042         93
 98      23048       3665          0       4252          0         35          0       1165        104
 99      22754       3923          0       4287          0         36          0       1358        128
100      22537       4091          0       4335          0         37          0       1638        151
101      22368       4210          0       4385          0         37          0       1944        168
102      22230       4299          0       4434          0         37          0       2291        211
103      22118       4355          0       4490          0         37          0       2681        256
104      22045       4396          0       4522          0         37          0       3053        294
105      21964       4416          0       4581          0         39          0       3332        322
106      21897       4395          0       4669          0         39          0       3539        346
107      21845       4365          0       4751          0         39          0       3675        359
108      21777       4340          0       4841          0         42          0       3749        379
109      21731       4289          0       4938          0         42          0       3790        385
110      21673       4237          0       5046          0         44          0       3792        391
111      21610       4199          0       5146          0         45          0       3764        394
112      21541       4160          0       5253          0         46          0       3737        395
113      21479       4112          0       5363          0         46          0       3694        392
114      21428       4057          0       5465          0         50          0       3640        385
115      21375       3982          0       5591          0         52          0       3580        383
116      21332       3887          0       5728          0         53          0       3488        373
117      21297       3767          0       5883          0         53          0       3391        365
118      21274       3640          0       6032          0         54          0       3304        355
119      21249       3495          0       6201          0         55          0       3203        345
120      21222       3333          0       6388          0         57          0       3076        329
121      21196       3143          0       6601          0         60          0       2911        303
122      21170       2929          0       6839          0         62          0       2724        294
123      21138       2720          0       7076          0         66          0       2526        266
124      21117       2480          0       7336          0         67          0       2300        244
125      21087       2259          0       7585          0         69          0       2072        222
126      21052       2023          0       7856          0         69          0       1826        203
127      21022       1780          0       8125          0         73          0       1580        178
128      21001       1562          0       8362          0         75          0       1367        155
129      20977       1382          0       8564          0         77          0       1189        135
130      20956       1238          0       8728          0         78          0       1056        117
131      20936       1135          0       8851          0         78          0        954        105
132      20922       1035          0       8964          0         79          0        870         84
133      20909        971          0       9040          0         80          0        828         84
134      20894        912          0       9113          0         81          0        784         79
135      20886        858          0       9173          0         83          0        743         77
136      20878        791          0       9247          0         84          0        692         72
137      20866        753          0       9297          0         84          0        663         67
138      20860        706          0       9350          0         84          0        630         61
139      20854        664          0       9397          0         85          0        596         58
140      20849        632          0       9434          0         85          0        572         57
141      20846        592          0       9477          0         85          0        544         50
142      20838        560          0       9516          0         86          0        512         47
143      20833        519          0       9559          0         89          0        474         46
144      20833        476          0       9601          0         90          0        443         40
145      20831        449          0       9629          0         91          0        420         39
146      20825        416          0       9668          0         91          0        387         35
147      20818        391          0       9700          0         91          0        360         33
148      20818        355          0       9736          0         91          0        327         30
149      20816        328          0       9765          0         91          0        306         29
150      20815        305          0       9789          0         91          0        287         30
151      20813        279          0       9816          0         92          0        259         28
152      20810        261          0       9837          0         92          0        240         25
153      20808        241          0       9859          0         92          0        224         23
154      20807        219          0       9882          0         92          0        208         21
155      20804        195          0       9908          0         93          0        181         20
156      20803        177          0       9927          0         93          0        164         16
157      20801        151          0       9954          0         94          0        137         12
158      20801        134          0       9971          0         94          0        123         12
159      20801        121          0       9984          0         94          0        112         10
160      20799        107          0      10000          0         94          0         98          9
161      20798         97          0      10011          0         94          0         88          8
162      20798         84          0      10024          0         94          0         78          6
163      20798         74          0      10034          0         94          0         69          6
164      20798         66          0      10042          0         94          0         63          5
165      20797         59          0      10050          0         94          0         55          5
166      20796         54          0      10056          0         94          0         49          4
167      20795         53          0      10058          0         94          0         49          4
168      20795         46          0      10065          0         94          0         43          3
169      20795         41          0      10070          0         94          0         38          3
170      20795         38          0      10073          0         94          0         35          3
171      20795         34          0      10077          0         94          0         31          3
172      20795         31          0      10080          0         94          0         29          3
173      20795         26          0      10084          0         95          0         25          3
174      20795         25          0      10085          0         95          0         25          3
175      20795         24          0      10086          0         95          0         24          3
176      20795         22          0      10088          0         95          0         22          3
177      20795         20          0      10090          0         95          0         20          2
178      20795         15          0      10095          0         95          0         15          1
179      20795         14          0      10096          0         95          0         14          1
180      20795         10          0      10100          0         95          0         10          1
--- ---------- ---------- ---------- ---------- ---------- ---------- ---------- ---------- ----------

Tipo 3
Día     Sanos  Infectados Importados    Curados Desinmuniz    Muertos Inf.Indire   Enfermos Hospitaliz
--- ---------- ---------- ---------- ---------- ---------- ---------- ---------- ---------- ----------
  1       2500          0          0          0          0          0          0          0          0
  2       2500          0          0          0          0          0          0          0          0
  3       2500          0          0          0          0          0          0          0          0
  4       2500          0          0          0          0          0          0          0          0
  5       2500          0          0          0          0          0          0          0          0
  6       2500          0          0          0          0          0          0          0          0
  7       2500          0          0          0          0          0          0          0          0
  8       2499          1          0          0          0          0          0          0          0
  9       2499          1          0          0          0          0          0          0          0
 10       2499          1          0          0          0          0          0          0          0
 11       2497          3          0          0          0          0          0          0          0
 12       2496          4          0          0          0          0          0          0          0
 13       2492          8          0          0          0          0          0          0          0
 14       2488         12          0          0          0          0          0          0          0
 15       2486         14          0          0          0          0          0          1          1
 16       2481         19          0          0          0          0          0          1          1
 17       2429         71          0          0          0          0          0          1          1
 18       2425         75          0          0          0          0          0          3          2
 19       2373        127          0          0          0          0          0          4          2
 20       2362        138          0          0          0          0          0          8          2
 21       2355        145          0          0          0          0          0         12          2
 22       2343        157          0          0          0          0          0         14          2
 23       2290        210          0          0          0          0          0         19          3
 24       2278        221          0          1          0          0          0         71          9
 25       2268        231          0          1          0          0          0         74          9
 26       2209        287          0          4          0          0          0        123         14
 27       2150        346          0          4          0          0          0        134         15
 28       2139        357          0          4          0          0          0        141         16
 29       2116        377          0          7          0          0          0        150         19
 30       2092        399          0          9          0          0          0        201         26
 31       2067        423          0         10          0          0          0        212         27
 32       2054        435          0         11          0          0          0        221         28
 33       1977        510          0         13          0          0          0        278         33
 34       1958        526          0         16          0          0          0        334         35
 35       1942        541          0         17          0          0          0        344         38
 36       1917        558          0         25          0          0          0        359         43
 37       1897        572          0         30          0          1          0        377         44
 38       1872        587          0         40          0          1          0        392         47
 39       1847        605          0         47          0          1          0        398         49
 40       1825        618          0         56          0          1          0        466         53
 41       1790        644          0         65          0          1          0        476         55
 42       1761        661          0         77          0          1          0        480         57
 43       1739        671          0         89          0          1          0        493         55
 44       1705        694          0        100          0          1          0        502         57
 45       1665        714          0        120          0          1          0        507         57
 46       1635        718          0        146          0          1          0        506         54
 47       1607        731          0        161          0          1          0        513         54
 48       1574        721          0        203          0          2          0        505         53
 49       1538        738          0        221          0          3          0        516         55
 50       1507        727          0        261          0          5          0        496         51
 51       1470        752          0        272          0          6          0        517         54
 52       1436        768          0        290          0          6          0        539         57
 53       1410        775          0        306          0          9          0        550         58
 54       1386        751          0        353          0         10          0        530         55
 55       1356        756          0        376          0         12          0        538         57
 56       1306        793          0        387          0         14          0        561         56
 57       1276        784          0        424          0         16          0        553         57
 58       1240        781          0        462          0         17          0        551         54
 59       1200        801          0        482          0         17          0        565         54
 60       1178        799          0        506          0         17          0        567         54
 61       1155        798          0        530          0         17          0        567         54
 62       1132        793          0        556          0         19          0        569         53
 63       1108        799          0        573          0         20          0        601         56
 64       1079        795          0        606          0         20          0        598         56
 65       1054        788          0        636          0         22          0        602         58
 66       1017        795          0        663          0         25          0        612         64
 67        984        789          0        697          0         30          0        595         64
 68        969        781          0        720          0         30          0        595         67
 69        946        779          0        743          0         32          0        593         69
 70        920        774          0        770          0         36          0        586         65
 71        910        749          0        805          0         36          0        580         63
 72        901        728          0        834          0         37          0        575         65
 73        892        706          0        864          0         38          0        581         67
 74        881        690          0        889          0         40          0        587         67
 75        870        670          0        920          0         40          0        571         65
 76        862        649          0        949          0         40          0        565         65
 77        854        618          0        986          0         42          0        552         59
 78        843        600          0       1013          0         44          0        533         56
 79        836        571          0       1046          0         47          0        506         53
 80        829        550          0       1074          0         47          0        487         49
 81        818        527          0       1108          0         47          0        464         47
 82        814        504          0       1134          0         48          0        448         47
 83        806        475          0       1170          0         49          0        419         44
 84        792        445          0       1212          0         51          0        383         42
 85        786        432          0       1231          0         51          0        375         41
 86        771        419          0       1258          0         52          0        354         38
 87        760        400          0       1285          0         55          0        331         37
 88        748        383          0       1314          0         55          0        313         34
 89        739        374          0       1332          0         55          0        299         32
 90        730        355          0       1358          0         57          0        279         29
 91        720        347          0       1375          0         58          0        275         29
 92        709        329          0       1403          0         59          0        252         26
 93        695        332          0       1413          0         60          0        256         27
 94        682        330          0       1428          0         60          0        252         25
 95        671        316          0       1453          0         60          0        239         22
 96        662        304          0       1474          0         60          0        228         20
 97        646        297          0       1497          0         60          0        214         16
 98        630        289          0       1519          0         62          0        199         13
 99        614        293          0       1530          0         63          0        198         14
100        594        297          0       1545          0         64          0        196         13
101        568        306          0       1562          0         64          0        192         13
102        546        322          0       1567          0         65          0        197         14
103        521        334          0       1580          0         65          0        193         14
104        496        354          0       1585          0         65          0        204         16
105        470        375          0       1590          0         65          0        215         17
106        449        388          0       1597          0         66          0        223         17
107        429        397          0       1608          0         66          0        232         16
108        408        411          0       1615          0         66          0        251         17
109        393        416          0       1624          0         67          0        263         18
110        379        422          0       1632          0         67          0        280         22
111        362        434          0       1636          0         68          0        300         25
112        350        433          0       1648          0         69          0        313         29
113        338        432          0       1661          0         69          0        321         29
114        322        437          0       1672          0         69          0        330         28
115        314        433          0       1683          0         70          0        339         29
116        303        437          0       1690          0         70          0        347         32
117        289        433          0       1707          0         71          0        343         35
118        279        428          0       1720          0         73          0        345         33
119        271        420          0       1734          0         75          0        341         36
120        264        411          0       1749          0         76          0        337         34
121        254        408          0       1762          0         76          0        340         34
122        248        399          0       1775          0         78          0        333         31
123        243        387          0       1792          0         78          0        327         33
124        232        381          0       1809          0         78          0        324         34
125        225        372          0       1824          0         79          0        318         33
126        221        359          0       1840          0         80          0        309         31
127        216        349          0       1854          0         81          0        301         32
128        210        332          0       1877          0         81          0        288         31
129        208        317          0       1894          0         81          0        277         31
130        207        295          0       1916          0         82          0        259         27
131        204        277          0       1937          0         82          0        249         26
132        200        263          0       1955          0         82          0        238         23
133        198        249          0       1971          0         82          0        226         24
134        198        230          0       1990          0         82          0        212         22
135        197        217          0       2004          0         82          0        204         19
136        195        194          0       2028          0         83          0        181         17
137        194        179          0       2043          0         84          0        166         16
138        191        169          0       2054          0         86          0        156         17
139        187        157          0       2068          0         88          0        144         17
140        185        151          0       2076          0         88          0        138         17
141        183        137          0       2092          0         88          0        122         14
142        183        118          0       2109          0         90          0        104         15
143        182        105          0       2123          0         90          0         92         14
144        181         98          0       2131          0         90          0         85         14
145        181         85          0       2143          0         91          0         75         11
146        180         84          0       2145          0         91          0         77         10
147        180         75          0       2154          0         91          0         70          8
148        180         68          0       2161          0         91          0         65          8
149        179         61          0       2168          0         92          0         57          7
150        179         52          0       2177          0         92          0         49          7
151        178         47          0       2182          0         93          0         44          7
152        177         41          0       2189          0         93          0         37          5
153        177         39          0       2191          0         93          0         36          5
154        175         36          0       2196          0         93          0         31          4
155        175         32          0       2200          0         93          0         27          4
156        174         33          0       2200          0         93          0         28          4
157        174         31          0       2202          0         93          0         26          3
158        174         30          0       2203          0         93          0         26          3
159        174         25          0       2208          0         93          0         22          2
160        174         24          0       2209          0         93          0         21          2
161        174         22          0       2211          0         93          0         21          1
162        174         19          0       2214          0         93          0         18          0
163        173         18          0       2216          0         93          0         17          0
164        172         17          0       2218          0         93          0         15          0
165        172         15          0       2220          0         93          0         13          0
166        172         14          0       2221          0         93          0         12          0
167        172         12          0       2223          0         93          0         10          0
168        172         12          0       2223          0         93          0         10          0
169        171         12          0       2224          0         93          0          9          0
170        171         11          0       2225          0         93          0          9          0
171        171         11          0       2225          0         93          0         10          1
172        171         10          0       2226          0         93          0          9          1
173        171         10          0       2226          0         93          0          9          1
174        171          9          0       2227          0         93          0          8          1
175        171          8          0       2228          0         93          0          7          1
176        171          7          0       2229          0         93          0          7          1
177        171          6          0       2230          0         93          0          6          1
178        171          5          0       2231          0         93          0          5          1
179        171          5          0       2231          0         93          0          5          1
180        171          5          0       2231          0         93          0          5          1
--- ---------- ---------- ---------- ---------- ---------- ---------- ---------- ---------- ----------

Tipo 4
Día     Sanos  Infectados Importados    Curados Desinmuniz    Muertos Inf.Indire   Enfermos Hospitaliz
--- ---------- ---------- ---------- ---------- ---------- ---------- ---------- ---------- ----------
  1       6998          2          0          0          0          0          0          0          0
  2       6998          2          0          0          0          0          0          0          0
  3       6998          2          0          0          0          0          0          0          0
  4       6998          2          0          0          0          0          0          0          0
  5       6998          2          0          0          0          0          0          0          0
  6       6996          4          0          0          0          0          0          0          0
  7       6996          4          0          0          0          0          0          0          0
  8       6996          4          0          0          0          0          0          0          0
  9       6996          4          0          0          0          0          0          0          0
 10       6996          4          0          0          0          0          0          0          0
 11       6995          5          0          0          0          0          0          0          0
 12       6994          6          0          0          0          0          0          0          0
 13       6991          9          0          0          0          0          0          2          0
 14       6985         15          0          0          0          0          0          2          0
 15       6981         19          0          0          0          0          0          2          0
 16       6942         58          0          0          0          0          0          2          0
 17       6934         66          0          0          0          0          0          2          0
 18       6891        109          0          0          0          0          0          3          0
 19       6881        118          0          1          0          0          0          4          0
 20       6840        159          0          1          0          0          0          7          2
 21       6817        182          0          1          0          0          0         13          2
 22       6804        195          0          1          0          0          0         17          2
 23       6791        208          0          1          0          0          0         56          6
 24       6701        297          0          2          0          0          0         63          6
 25       6649        349          0          2          0          0          0        106         15
 26       6559        437          0          3          0          1          0        114         15
 27       6535        460          0          4          0          1          0        154         16
 28       6476        519          0          4          0          1          0        177         20
 29       6375        617          0          7          0          1          0        188         22
 30       6334        657          0          8          0          1          0        199         22
 31       6273        715          0         10          0          2          0        286         27
 32       6230        752          0         16          0          2          0        333         31
 33       6198        780          0         19          0          3          0        419         32
 34       6123        851          0         22          0          4          0        439         31
 35       6084        889          0         23          0          4          0        497         35
 36       6030        935          0         30          0          5          0        590         48
 37       5986        969          0         38          0          7          0        621         51
 38       5941       1002          0         47          0         10          0        670         55
 39       5893       1041          0         56          0         10          0        704         62
 40       5847       1075          0         67          0         11          0        724         61
 41       5799       1111          0         77          0         13          0        787         68
 42       5754       1134          0         96          0         16          0        805         67
 43       5701       1161          0        119          0         19          0        833         70
 44       5653       1184          0        137          0         26          0        851         76
 45       5607       1208          0        154          0         31          0        874         74
 46       5547       1245          0        174          0         34          0        899         77
 47       5500       1248          0        206          0         46          0        901         76
 48       5437       1276          0        234          0         53          0        914         78
 49       5376       1292          0        272          0         60          0        914         78
 50       5318       1313          0        301          0         68          0        930         77
 51       5256       1324          0        345          0         75          0        927         72
 52       5191       1348          0        380          0         81          0        932         68
 53       5131       1364          0        416          0         89          0        948         73
 54       5073       1377          0        454          0         96          0        951         71
 55       5021       1371          0        499          0        109          0        956         72
 56       4961       1376          0        549          0        114          0        963         72
 57       4896       1376          0        602          0        126          0        955         77
 58       4839       1394          0        633          0        134          0        977         78
 59       4778       1405          0        671          0        146          0        992         82
 60       4710       1403          0        729          0        158          0        982         76
 61       4666       1407          0        764          0        163          0       1000         76
 62       4604       1427          0        798          0        171          0       1010         79
 63       4542       1435          0        840          0        183          0       1016         83
 64       4492       1437          0        880          0        191          0       1034         88
 65       4449       1422          0        922          0        207          0       1033         86
 66       4398       1419          0        968          0        215          0       1040         91
 67       4349       1422          0       1008          0        221          0       1064         91
 68       4314       1401          0       1055          0        230          0       1050         93
 69       4280       1384          0       1098          0        238          0       1061         96
 70       4245       1371          0       1139          0        245          0       1075         95
 71       4222       1346          0       1176          0        256          0       1076         95
 72       4188       1331          0       1218          0        263          0       1070         98
 73       4167       1308          0       1247          0        278          0       1077         96
 74       4144       1270          0       1301          0        285          0       1065         94
 75       4112       1243          0       1352          0        293          0       1041         90
 76       4089       1213          0       1392          0        306          0       1022         88
 77       4068       1163          0       1451          0        318          0        986         82
 78       4053       1127          0       1493          0        327          0        958         81
 79       4036       1089          0       1539          0        336          0        937         83
 80       4016       1043          0       1594          0        347          0        892         82
 81       3996       1019          0       1628          0        357          0        871         80
 82       3968        970          0       1686          0        376          0        827         75
 83       3948        933          0       1738          0        381          0        793         69
 84       3929        886          0       1792          0        393          0        747         68
 85       3901        862          0       1830          0        407          0        710         65
 86       3791        923          0       1869          0        417          0        678         62
 87       3756        915          0       1905          0        424          0        655         61
 88       3735        908          0       1928          0        429          0        647         59
 89       3710        891          0       1959          0        440          0        634         57
 90       3695        847          0       2007          0        451          0        595         52
 91       3670        812          0       2054          0        464          0        554         51
 92       3644        798          0       2084          0        474          0        541         55
 93       3618        779          0       2115          0        488          0        606         69
 94       3599        758          0       2148          0        495          0        601         66
 95       3578        742          0       2179          0        501          0        586         64
 96       3548        724          0       2220          0        508          0        563         59
 97       3495        746          0       2244          0        515          0        546         60
 98       3442        767          0       2270          0        521          0        539         62
 99       3371        814          0       2288          0        527          0        541         64
100       3298        860          0       2309          0        533          0        540         61
101       3231        894          0       2338          0        537          0        526         59
102       3154        943          0       2361          0        542          0        519         55
103       3087        980          0       2385          0        548          0        519         49
104       3029       1014          0       2403          0        554          0        549         51
105       2965       1048          0       2426          0        561          0        571         54
106       2903       1075          0       2456          0        566          0        607         52
107       2853       1099          0       2477          0        571          0        655         59
108       2802       1124          0       2497          0        577          0        696         67
109       2741       1160          0       2519          0        580          0        748         70
110       2695       1186          0       2537          0        582          0        794         75
111       2629       1222          0       2564          0        585          0        822         73
112       2593       1214          0       2600          0        593          0        842         73
113       2543       1241          0       2616          0        600          0        881         75
114       2511       1243          0       2641          0        605          0        901         75
115       2465       1253          0       2674          0        608          0        916         77
116       2431       1253          0       2699          0        617          0        943         82
117       2384       1239          0       2745          0        632          0        929         83
118       2348       1236          0       2777          0        639          0        956         90
119       2308       1245          0       2804          0        643          0        960         93
120       2283       1243          0       2829          0        645          0        983         95
121       2255       1233          0       2855          0        657          0        977         95
122       2229       1224          0       2880          0        667          0        988         98
123       2205       1208          0       2907          0        680          0        982         97
124       2188       1182          0       2942          0        688          0        986         96
125       2175       1157          0       2974          0        694          0        984         96
126       2158       1133          0       3008          0        701          0        983         98
127       2145       1098          0       3045          0        712          0        960         99
128       2136       1058          0       3088          0        718          0        939         95
129       2128       1012          0       3133          0        727          0        911         94
130       2115        966          0       3180          0        739          0        876         91
131       2107        906          0       3231          0        756          0        825         86
132       2094        846          0       3294          0        766          0        765         80
133       2082        797          0       3335          0        786          0        721         78
134       2076        741          0       3384          0        799          0        672         73
135       2067        696          0       3426          0        811          0        627         71
136       2058        642          0       3477          0        823          0        572         66
137       2052        603          0       3514          0        831          0        540         63
138       2045        560          0       3552          0        843          0        498         57
139       2037        516          0       3595          0        852          0        459         50
140       2033        483          0       3625          0        859          0        434         48
141       2030        451          0       3654          0        865          0        405         43
142       2022        426          0       3681          0        871          0        381         40
143       2015        393          0       3714          0        878          0        350         35
144       2011        365          0       3740          0        884          0        324         33
145       2005        338          0       3766          0        891          0        298         32
146       2005        303          0       3795          0        897          0        271         29
147       2005        268          0       3817          0        910          0        240         25
148       2001        248          0       3839          0        912          0        219         20
149       1998        233          0       3855          0        914          0        209         20
150       1998        211          0       3872          0        919          0        194         19
151       1995        199          0       3884          0        922          0        183         17
152       1992        182          0       3899          0        927          0        169         16
153       1990        165          0       3913          0        932          0        150         15
154       1987        156          0       3923          0        934          0        138         14
155       1984        147          0       3933          0        936          0        130         13
156       1983        139          0       3940          0        938          0        124         12
157       1980        137          0       3943          0        940          0        119         12
158       1978        128          0       3954          0        940          0        111         11
159       1976        121          0       3962          0        941          0        105         10
160       1975        113          0       3969          0        943          0         98          9
161       1974        105          0       3975          0        946          0         92          8
162       1973         97          0       3984          0        946          0         86          8
163       1973         84          0       3994          0        949          0         74          6
164       1972         79          0       3999          0        950          0         71          5
165       1971         71          0       4007          0        951          0         64          3
166       1971         62          0       4014          0        953          0         57          3
167       1971         53          0       4022          0        954          0         49          2
168       1971         47          0       4028          0        954          0         44          1
169       1971         46          0       4028          0        955          0         44          1
170       1971         41          0       4033          0        955          0         39          1
171       1971         38          0       4035          0        956          0         37          1
172       1971         36          0       4037          0        956          0         36          1
173       1970         31          0       4041          0        958          0         30          1
174       1970         27          0       4042          0        961          0         26          1
175       1969         24          0       4046          0        961          0         22          1
176       1969         24          0       4046          0        961          0         22          1
177       1969         23          0       4047          0        961          0         21          1
178       1969         20          0       4049          0        962          0         18          1
179       1969         18          0       4051          0        962          0         16          1
180       1969         18          0       4051          0        962          0         17          1
--- ---------- ---------- ---------- ---------- ---------- ---------- ---------- ---------- ----------

