Tipo 0
Día     Sanos  Infectados Importados    Curados Desinmuniz    Muertos Inf.Indire   Enfermos Hospitaliz
--- ---------- ---------- ---------- ---------- ---------- ---------- ---------- ---------- ----------
  1       1999          1          0          0          0          0          0          0          0
  2       1999          1          0          0          0          0          0          0          0
  3       1999          1          0          0          0          0          0          0          0
  4       1999          1          0          0          0          0          0          0          0
  5       1999          1          0          0          0          0          0          0          0
  6       1999          1          0          0          0          0          0          0          0
  7       1998          2          0          0          0          0          0          0          0
  8       1997          3          0          0          0          0          0          0          0
  9       1997          3          0          0          0          0          0          0          0
 10       1997          3          0          0          0          0          0          0          0
 11       1996          4          0          0          0          0          0          0          0
 12       1996          4          0          0          0          0          0          0          0
 13       1996          4          0          0          0          0          0          0          0
 14       1996          4          0          0          0          0          0          1          0
 15       1996          4          0          0          0          0          0          2          0
 16       1996          4          0          0          0          0          0          2          0
 17       1996          4          0          0          0          0          0          2          0
 18       1995          5          0          0          0          0          0          3          0
 19       1995          5          0          0          0          0          0          3          0
 20       1995          5          0          0          0          0          0          3          0
 21       1995          5          0          0          0          0          0          3          0
 22       1995          5          0          0          0          0          0          3          0
 23       1995          4          0          1          0          0          0          3          0
 24       1994          5          0          1          0          0          0          3          0
 25       1993          6          0          1          0          0          0          4          0
 26       1993          6          0          1          0          0          0          4          0
 27       1993          6          0          1          0          0          0          4          0
 28       1993          6          0          1          0          0          0          4          0
 29       1993          6          0          1          0          0          0          4          0
 30       1992          7          0          1          0          0          0          4          0
 31       1992          7          0          1          0          0          0          5          0
 32       1992          6          0          2          0          0          0          5          0
 33       1992          6          0          2          0          0          0          5          0
 34       1992          5          0          3          0          0          0          4          0
 35       1992          5          0          3          0          0          0          4          0
 36       1992          5          0          3          0          0          0          4          0
 37       1992          5          0          3          0          0          0          5          0
 38       1992          5          0          3          0          0          0          5          0
 39       1992          3          0          5          0          0          0          3          0
 40       1992          3          0          5          0          0          0          3          0
 41       1992          3          0          5          0          0          0          3          0
 42       1991          4          0          5          0          0          0          3          0
 43       1991          4          0          5          0          0          0          3          0
 44       1991          4          0          5          0          0          0          3          0
 45       1990          5          0          5          0          0          0          3          0
 46       1990          5          0          5          0          0          0          3          0
 47       1990          5          0          5          0          0          0          3          0
 48       1990          4          0          6          0          0          0          2          0
 49       1988          6          0          6          0          0          0          3          0
 50       1987          7          0          6          0          0          0          3          0
 51       1987          7          0          6          0          0          0          3          0
 52       1986          7          0          7          0          0          0          3          0
 53       1986          7          0          7          0          0          0          3          0
 54       1984          8          0          8          0          0          0          2          0
 55       1984          8          0          8          0          0          0          2          0
 56       1984          8          0          8          0          0          0          4          0
 57       1984          8          0          8          0          0          0          5          0
 58       1984          8          0          8          0          0          0          5          0
 59       1984          8          0          8          0          0          0          6          0
 60       1983          9          0          8          0          0          0          6          0
 61       1982         10          0          8          0          0          0          8          0
 62       1982         10          0          8          0          0          0          8          0
 63       1982         10          0          8          0          0          0          8          0
 64       1982         10          0          8          0          0          0          8          0
 65       1982         10          0          8          0          0          0          8          0
 66       1981         10          0          9          0          0          0          7          0
 67       1981         10          0          9          0          0          0          8          0
 68       1981         10          0          9          0          0          0          9          0
 69       1981          9          0         10          0          0          0          8          0
 70       1981          9          0         10          0          0          0          8          0
 71       1981          9          0         10          0          0          0          8          0
 72       1981          9          0         10          0          0          0          8          0
 73       1978         11          0         11          0          0          0          8          0
 74       1978         11          0         11          0          0          0          8          0
 75       1978         11          0         11          0          0          0          8          0
 76       1978         10          0         12          0          0          0          7          0
 77       1978         10          0         12          0          0          0          7          0
 78       1978         10          0         12          0          0          0          7          0
 79       1978          9          0         13          0          0          0          6          0
 80       1978          8          0         14          0          0          0          8          0
 81       1978          8          0         14          0          0          0          8          0
 82       1978          6          0         16          0          0          0          6          0
 83       1978          5          0         17          0          0          0          5          0
 84       1978          4          0         18          0          0          0          4          0
 85       1978          4          0         18          0          0          0          4          0
 86       1978          4          0         18          0          0          0          4          0
 87       1977          4          0         19          0          0          0          3          0
 88       1977          4          0         19          0          0          0          3          0
 89       1977          4          0         19          0          0          0          3          0
 90       1977          4          0         19          0          0          0          3          0
 91       1977          4          0         19          0          0          0          3          0
 92       1976          5          0         19          0          0          0          3          0
 93       1975          6          0         19          0          0          0          3          0
 94       1975          6          0         19          0          0          0          4          0
 95       1975          6          0         19          0          0          0          4          0
 96       1975          6          0         19          0          0          0          4          0
 97       1975          4          0         21          0          0          0          2          0
 98       1975          4          0         21          0          0          0          2          0
 99       1975          3          0         22          0          0          0          2          0
100       1975          3          0         22          0          0          0          3          0
101       1975          3          0         22          0          0          0          3          0
102       1974          4          0         22          0          0          0          3          0
103       1971          7          0         22          0          0          0          3          0
104       1970          8          0         22          0          0          0          3          0
105       1969          9          0         22          0          0          0          3          0
106       1968         10          0         22          0          0          0          3          0
107       1967         11          0         22          0          0          0          3          0
108       1967         11          0         22          0          0          0          3          0
109       1966         12          0         22          0          0          0          4          1
110       1964         14          0         22          0          0          0          7          1
111       1960         18          0         22          0          0          0          8          1
112       1960         18          0         22          0          0          0          9          1
113       1960         17          0         23          0          0          0          9          1
114       1960         16          0         24          0          0          0          9          1
115       1960         16          0         24          0          0          0          9          1
116       1960         16          0         24          0          0          0         10          1
117       1959         17          0         24          0          0          0         12          2
118       1959         16          0         25          0          0          0         15          2
119       1959         16          0         25          0          0          0         15          2
120       1959         16          0         25          0          0          0         15          2
121       1959         16          0         25          0          0          0         15          2
122       1959         15          0         26          0          0          0         14          2
123       1959         14          0         27          0          0          0         13          2
124       1959         13          0         28          0          0          0         13          1
125       1959         13          0         28          0          0          0         13          1
126       1959         13          0         28          0          0          0         13          1
127       1959         13          0         28          0          0          0         13          1
128       1959         12          0         29          0          0          0         12          1
129       1959         11          0         30          0          0          0         11          1
130       1959         11          0         30          0          0          0         11          1
131       1959         11          0         30          0          0          0         11          1
132       1959         11          0         30          0          0          0         11          1
133       1959         11          0         30          0          0          0         11          1
134       1959          8          0         33          0          0          0          8          1
135       1959          7          0         34          0          0          0          7          1
136       1959          6          0         35          0          0          0          6          1
137       1958          7          0         35          0          0          0          6          1
138       1958          6          0         36          0          0          0          5          1
139       1958          6          0         36          0          0          0          5          1
140       1958          6          0         36          0          0          0          5          1
141       1958          2          0         40          0          0          0          1          0
142       1958          2          0         40          0          0          0          1          0
143       1957          3          0         40          0          0          0          1          0
144       1957          3          0         40          0          0          0          2          0
145       1957          3          0         40          0          0          0          2          0
146       1957          3          0         40          0          0          0          2          0
147       1957          3          0         40          0          0          0          2          0
148       1957          2          0         41          0          0          0          1          0
149       1957          2          0         41          0          0          0          1          0
150       1957          2          0         41          0          0          0          2          1
151       1957          2          0         41          0          0          0          2          1
152       1957          2          0         41          0          0          0          2          1
153       1957          2          0         41          0          0          0          2          1
154       1957          2          0         41          0          0          0          2          1
155       1957          2          0         41          0          0          0          2          1
156       1957          2          0         41          0          0          0          2          1
157       1957          2          0         41          0          0          0          2          1
158       1957          2          0         41          0          0          0          2          1
159       1957          1          0         42          0          0          0          1          1
160       1957          1          0         42          0          0          0          1          1
161       1957          0          0         43          0          0          0          0          0
162       1957          0          0         43          0          0          0          0          0
163       1957          0          0         43          0          0          0          0          0
164       1957          0          0         43          0          0          0          0          0
165       1957          0          0         43          0          0          0          0          0
166       1957          0          0         43          0          0          0          0          0
167       1957          0          0         43          0          0          0          0          0
168       1957          0          0         43          0          0          0          0          0
169       1957          0          0         43          0          0          0          0          0
170       1957          0          0         43          0          0          0          0          0
171       1957          0          0         43          0          0          0          0          0
172       1957          0          0         43          0          0          0          0          0
173       1957          0          0         43          0          0          0          0          0
174       1957          0          0         43          0          0          0          0          0
175       1957          0          0         43          0          0          0          0          0
176       1957          0          0         43          0          0          0          0          0
177       1957          0          0         43          0          0          0          0          0
178       1957          0          0         43          0          0          0          0          0
179       1957          0          0         43          0          0          0          0          0
180       1957          0          0         43          0          0          0          0          0
--- ---------- ---------- ---------- ---------- ---------- ---------- ---------- ---------- ----------

Tipo 1
Día     Sanos  Infectados Importados    Curados Desinmuniz    Muertos Inf.Indire   Enfermos Hospitaliz
--- ---------- ---------- ---------- ---------- ---------- ---------- ---------- ---------- ----------
  1       7500          0          0          0          0          0          0          0          0
  2       7500          0          0          0          0          0          0          0          0
  3       7500          0          0          0          0          0          0          0          0
  4       7500          0          0          0          0          0          0          0          0
  5       7500          0          0          0          0          0          0          0          0
  6       7500          0          0          0          0          0          0          0          0
  7       7500          0          0          0          0          0          0          0          0
  8       7500          0          0          0          0          0          0          0          0
  9       7500          0          0          0          0          0          0          0          0
 10       7500          0          0          0          0          0          0          0          0
 11       7500          0          0          0          0          0          0          0          0
 12       7500          0          0          0          0          0          0          0          0
 13       7500          0          0          0          0          0          0          0          0
 14       7500          0          0          0          0          0          0          0          0
 15       7500          0          0          0          0          0          0          0          0
 16       7500          0          0          0          0          0          0          0          0
 17       7500          0          0          0          0          0          0          0          0
 18       7500          0          0          0          0          0          0          0          0
 19       7499          1          0          0          0          0          0          0          0
 20       7499          1          0          0          0          0          0          0          0
 21       7499          1          0          0          0          0          0          0          0
 22       7498          2          0          0          0          0          0          0          0
 23       7497          3          0          0          0          0          0          0          0
 24       7497          3          0          0          0          0          0          0          0
 25       7497          3          0          0          0          0          0          0          0
 26       7497          3          0          0          0          0          0          1          0
 27       7497          3          0          0          0          0          0          1          0
 28       7497          3          0          0          0          0          0          1          0
 29       7496          4          0          0          0          0          0          2          0
 30       7496          4          0          0          0          0          0          3          0
 31       7496          4          0          0          0          0          0          3          0
 32       7495          4          0          1          0          0          0          2          0
 33       7494          5          0          1          0          0          0          2          0
 34       7494          5          0          1          0          0          0          2          0
 35       7494          5          0          1          0          0          0          2          0
 36       7494          5          0          1          0          0          0          3          0
 37       7494          5          0          1          0          0          0          3          0
 38       7494          4          0          2          0          0          0          2          0
 39       7492          6          0          2          0          0          0          3          0
 40       7492          6          0          2          0          0          0          4          0
 41       7491          7          0          2          0          0          0          4          0
 42       7491          7          0          2          0          0          0          4          0
 43       7491          7          0          2          0          0          0          4          0
 44       7491          7          0          2          0          0          0          4          0
 45       7491          6          0          3          0          0          0          3          0
 46       7489          8          0          3          0          0          0          5          0
 47       7488          9          0          3          0          0          0          5          0
 48       7488          9          0          3          0          0          0          6          0
 49       7487          9          0          4          0          0          0          5          0
 50       7487          9          0          4          0          0          0          5          0
 51       7486          9          0          5          0          0          0          4          0
 52       7486          9          0          5          0          0          0          4          0
 53       7485         10          0          5          0          0          0          6          0
 54       7483         12          0          5          0          0          0          7          0
 55       7483         12          0          5          0          0          0          7          0
 56       7481         14          0          5          0          0          0          8          1
 57       7481         14          0          5          0          0          0          8          1
 58       7481         13          0          6          0          0          0          8          1
 59       7481         13          0          6          0          0          0          8          1
 60       7481         13          0          6          0          0          0          9          1
 61       7481         13          0          6          0          0          0         11          3
 62       7480         14          0          6          0          0          0         11          3
 63       7480         14          0          6          0          0          0         13          4
 64       7478         14          0          8          0          0          0         11          4
 65       7478         13          0          9          0          0          0         10          4
 66       7478         13          0          9          0          0          0         10          4
 67       7478         11          0         11          0          0          0          8          4
 68       7478         11          0         11          0          0          0          8          4
 69       7476         13          0         11          0          0          0          9          4
 70       7476         12          0         12          0          0          0          8          4
 71       7476         12          0         12          0          0          0         10          4
 72       7475         12          0         13          0          0          0          9          4
 73       7475         12          0         13          0          0          0          9          4
 74       7474         13          0         13          0          0          0          9          4
 75       7474         13          0         13          0          0          0          9          4
 76       7473         14          0         13          0          0          0         11          4
 77       7473         14          0         13          0          0          0         11          4
 78       7473         14          0         13          0          0          0         11          4
 79       7473         13          0         14          0          0          0         11          5
 80       7473         12          0         15          0          0          0         10          4
 81       7473         11          0         16          0          0          0         10          3
 82       7473         10          0         17          0          0          0          9          3
 83       7473          9          0         18          0          0          0          9          2
 84       7473          9          0         18          0          0          0          9          2
 85       7473          8          0         19          0          0          0          8          1
 86       7473          8          0         19          0          0          0          8          1
 87       7473          8          0         19          0          0          0          8          1
 88       7472          9          0         19          0          0          0          8          1
 89       7471         10          0         19          0          0          0          8          1
 90       7471         10          0         19          0          0          0          8          1
 91       7471          9          0         20          0          0          0          7          1
 92       7471          8          0         21          0          0          0          6          1
 93       7471          7          0         22          0          0          0          5          1
 94       7471          7          0         22          0          0          0          5          1
 95       7471          7          0         22          0          0          0          6          1
 96       7471          6          0         23          0          0          0          6          1
 97       7471          4          0         25          0          0          0          4          0
 98       7470          5          0         25          0          0          0          4          0
 99       7470          5          0         25          0          0          0          4          0
100       7470          5          0         25          0          0          0          4          0
101       7470          5          0         25          0          0          0          4          0
102       7470          5          0         25          0          0          0          4          0
103       7470          4          0         26          0          0          0          3          0
104       7470          4          0         26          0          0          0          3          0
105       7470          4          0         26          0          0          0          4          0
106       7469          5          0         26          0          0          0          4          0
107       7469          4          0         27          0          0          0          3          0
108       7469          4          0         27          0          0          0          3          0
109       7469          4          0         27          0          0          0          3          0
110       7468          5          0         27          0          0          0          3          0
111       7468          5          0         27          0          0          0          3          0
112       7468          5          0         27          0          0          0          3          0
113       7467          5          0         28          0          0          0          3          0
114       7467          5          0         28          0          0          0          3          0
115       7467          5          0         28          0          0          0          3          0
116       7467          5          0         28          0          0          0          3          0
117       7467          4          0         29          0          0          0          3          0
118       7467          4          0         29          0          0          0          3          0
119       7465          6          0         29          0          0          0          3          0
120       7465          6          0         29          0          0          0          4          0
121       7465          6          0         29          0          0          0          4          0
122       7465          6          0         29          0          0          0          4          0
123       7464          7          0         29          0          0          0          4          0
124       7464          7          0         29          0          0          0          4          0
125       7464          7          0         29          0          0          0          4          0
126       7464          7          0         29          0          0          0          6          1
127       7464          7          0         29          0          0          0          6          1
128       7464          6          0         30          0          0          0          5          1
129       7464          5          0         31          0          0          0          4          1
130       7464          5          0         31          0          0          0          5          1
131       7464          5          0         31          0          0          0          5          1
132       7464          4          0         32          0          0          0          4          0
133       7464          4          0         32          0          0          0          4          0
134       7463          5          0         32          0          0          0          4          0
135       7463          5          0         32          0          0          0          4          0
136       7463          4          0         33          0          0          0          3          0
137       7463          4          0         33          0          0          0          3          0
138       7463          4          0         33          0          0          0          3          0
139       7462          5          0         33          0          0          0          3          0
140       7462          5          0         33          0          0          0          3          0
141       7462          5          0         33          0          0          0          4          0
142       7462          5          0         33          0          0          0          4          0
143       7462          5          0         33          0          0          0          4          0
144       7462          4          0         34          0          0          0          3          0
145       7462          4          0         34          0          0          0          3          0
146       7462          4          0         34          0          0          0          4          0
147       7462          3          0         35          0          0          0          3          0
148       7462          3          0         35          0          0          0          3          0
149       7462          3          0         35          0          0          0          3          0
150       7462          2          0         36          0          0          0          2          0
151       7462          2          0         36          0          0          0          2          0
152       7462          2          0         36          0          0          0          2          0
153       7462          2          0         36          0          0          0          2          0
154       7462          1          0         37          0          0          0          1          0
155       7462          1          0         37          0          0          0          1          0
156       7462          1          0         37          0          0          0          1          0
157       7461          2          0         37          0          0          0          1          0
158       7461          2          0         37          0          0          0          1          0
159       7461          2          0         37          0          0          0          1          0
160       7460          3          0         37          0          0          0          1          0
161       7460          2          0         38          0          0          0          0          0
162       7460          2          0         38          0          0          0          0          0
163       7460          2          0         38          0          0          0          0          0
164       7460          2          0         38          0          0          0          1          0
165       7460          2          0         38          0          0          0          1          0
166       7460          2          0         38          0          0          0          1          0
167       7460          2          0         38          0          0          0          2          0
168       7460          2          0         38          0          0          0          2          0
169       7460          2          0         38          0          0          0          2          0
170       7460          2          0         38          0          0          0          2          0
171       7460          2          0         38          0          0          0          2          0
172       7460          2          0         38          0          0          0          2          0
173       7460          2          0         38          0          0          0          2          0
174       7460          2          0         38          0          0          0          2          0
175       7460          2          0         38          0          0          0          2          0
176       7460          2          0         38          0          0          0          2          0
177       7460          2          0         38          0          0          0          2          0
178       7460          2          0         38          0          0          0          2          0
179       7460          2          0         38          0          0          0          2          0
180       7460          1          0         39          0          0          0          1          0
--- ---------- ---------- ---------- ---------- ---------- ---------- ---------- ---------- ----------

Tipo 2
Día     Sanos  Infectados Importados    Curados Desinmuniz    Muertos Inf.Indire   Enfermos Hospitaliz
--- ---------- ---------- ---------- ---------- ---------- ---------- ---------- ---------- ----------
  1      30993          7          0          0          0          0          0          0          0
  2      30993          7          0          0          0          0          0          0          0
  3      30993          7          0          0          0          0          0          0          0
  4      30990         10          0          0          0          0          0          0          0
  5      30986         14          0          0          0          0          0          0          0
  6      30983         17          0          0          0          0          0          0          0
  7      30968         32          0          0          0          0          0          0          0
  8      30962         38          0          0          0          0          0          0          0
  9      30951         49          0          0          0          0          0          0          0
 10      30919         81          0          0          0          0          0          0          0
 11      30893        107          0          0          0          0          0          3          0
 12      30866        134          0          0          0          0          0          7          1
 13      30836        164          0          0          0          0          0         10          1
 14      30807        193          0          0          0          0          0         25          4
 15      30781        219          0          0          0          0          0         31          5
 16      30760        240          0          0          0          0          0         42          6
 17      30738        262          0          0          0          0          0         74         10
 18      30702        298          0          0          0          0          0        100         14
 19      30655        345          0          0          0          0          0        127         18
 20      30598        402          0          0          0          0          0        157         22
 21      30515        485          0          0          0          0          0        186         25
 22      30419        579          0          2          0          0          0        210         31
 23      30314        682          0          4          0          0          0        229         35
 24      30201        793          0          6          0          0          0        249         37
 25      30080        908          0         12          0          0          0        280         42
 26      29960       1023          0         17          0          0          0        323         48
 27      29820       1158          0         22          0          0          0        376         55
 28      29669       1305          0         26          0          0          0        455         64
 29      29496       1474          0         30          0          0          0        548         70
 30      29315       1647          0         38          0          0          0        646         79
 31      29196       1755          0         49          0          0          0        750         90
 32      29063       1869          0         68          0          0          0        854        105
 33      28924       1999          0         77          0          0          0        964        109
 34      28795       2113          0         91          0          1          0       1089        119
 35      28664       2230          0        105          0          1          0       1225        133
 36      28528       2345          0        126          0          1          0       1377        150
 37      28407       2445          0        147          0          1          0       1537        161
 38      28274       2546          0        179          0          1          0       1625        171
 39      28148       2636          0        215          0          1          0       1722        184
 40      27988       2757          0        254          0          1          0       1823        191
 41      27859       2840          0        299          0          2          0       1905        196
 42      27711       2930          0        356          0          3          0       1977        202
 43      27587       2998          0        412          0          3          0       2057        209
 44      27453       3077          0        467          0          3          0       2124        214
 45      27303       3163          0        531          0          3          0       2193        214
 46      27135       3273          0        588          0          4          0       2261        220
 47      26982       3369          0        645          0          4          0       2363        228
 48      26841       3448          0        707          0          4          0       2431        235
 49      26699       3504          0        793          0          4          0       2493        241
 50      26553       3554          0        889          0          4          0       2521        244
 51      26440       3566          0        988          0          6          0       2555        248
 52      26340       3536          0       1118          0          6          0       2573        254
 53      26237       3517          0       1239          0          7          0       2620        253
 54      26169       3462          0       1362          0          7          0       2649        257
 55      26110       3389          0       1492          0          9          0       2658        267
 56      26036       3321          0       1634          0          9          0       2659        271
 57      25983       3239          0       1768          0         10          0       2670        271
 58      25927       3138          0       1923          0         12          0       2626        274
 59      25888       3031          0       2066          0         15          0       2579        268
 60      25855       2931          0       2197          0         17          0       2549        255
 61      25826       2801          0       2355          0         18          0       2458        242
 62      25774       2743          0       2465          0         18          0       2407        240
 63      25742       2640          0       2600          0         18          0       2346        237
 64      25716       2517          0       2747          0         20          0       2252        228
 65      25680       2435          0       2862          0         23          0       2190        221
 66      25638       2348          0       2989          0         25          0       2100        211
 67      25609       2237          0       3128          0         26          0       1992        198
 68      25586       2158          0       3230          0         26          0       1919        190
 69      25562       2046          0       3365          0         27          0       1834        185
 70      25540       1953          0       3479          0         28          0       1751        182
 71      25515       1849          0       3604          0         32          0       1648        167
 72      25491       1735          0       3739          0         35          0       1546        155
 73      25473       1610          0       3882          0         35          0       1445        140
 74      25447       1531          0       3986          0         36          0       1369        129
 75      25420       1430          0       4114          0         36          0       1264        121
 76      25394       1335          0       4233          0         38          0       1167        116
 77      25377       1226          0       4359          0         38          0       1064        106
 78      25348       1154          0       4457          0         41          0        988        100
 79      25323       1079          0       4555          0         43          0        911         90
 80      25302        994          0       4659          0         45          0        823         75
 81      25281        923          0       4750          0         46          0        757         74
 82      25261        868          0       4825          0         46          0        709         65
 83      25250        821          0       4883          0         46          0        677         61
 84      25242        771          0       4940          0         47          0        636         59
 85      25235        716          0       5000          0         49          0        603         56
 86      25174        729          0       5047          0         50          0        580         55
 87      25134        715          0       5101          0         50          0        547         53
 88      25106        704          0       5140          0         50          0        529         53
 89      25010        753          0       5187          0         50          0        502         52
 90      24878        845          0       5227          0         50          0        473         47
 91      24744        949          0       5257          0         50          0        451         45
 92      24524       1147          0       5279          0         50          0        436         42
 93      24259       1374          0       5315          0         52          0        459         48
 94      23981       1618          0       5347          0         54          0        465         50
 95      23644       1934          0       5368          0         54          0        472         51
 96      23307       2235          0       5403          0         55          0        532         58
 97      23007       2500          0       5438          0         55          0        629         69
 98      22759       2722          0       5464          0         55          0        737         84
 99      22523       2937          0       5485          0         55          0        936        101
100      22369       3063          0       5513          0         55          0       1173        133
101      22279       3126          0       5540          0         55          0       1424        156
102      22184       3199          0       5562          0         55          0       1739        190
103      22124       3217          0       5604          0         55          0       2034        226
104      22048       3256          0       5640          0         56          0       2297        251
105      21964       3307          0       5673          0         56          0       2512        260
106      21880       3354          0       5710          0         56          0       2711        284
107      21814       3382          0       5748          0         56          0       2827        296
108      21737       3412          0       5795          0         56          0       2870        306
109      21662       3427          0       5855          0         56          0       2906        311
110      21607       3417          0       5919          0         57          0       2901        308
111      21556       3408          0       5977          0         59          0       2916        309
112      21503       3382          0       6053          0         62          0       2922        304
113      21459       3346          0       6132          0         63          0       2925        310
114      21429       3281          0       6226          0         64          0       2896        302
115      21402       3202          0       6331          0         65          0       2867        307
116      21364       3126          0       6444          0         66          0       2828        302
117      21330       3030          0       6574          0         66          0       2753        281
118      21300       2904          0       6730          0         66          0       2648        268
119      21275       2796          0       6863          0         66          0       2568        259
120      21246       2675          0       7011          0         68          0       2462        254
121      21225       2518          0       7186          0         71          0       2314        235
122      21197       2350          0       7375          0         78          0       2145        208
123      21157       2190          0       7575          0         78          0       1983        192
124      21141       1991          0       7787          0         81          0       1802        171
125      21120       1805          0       7994          0         81          0       1625        156
126      21103       1629          0       8186          0         82          0       1457        140
127      21084       1451          0       8379          0         86          0       1289        124
128      21061       1297          0       8552          0         90          0       1133        111
129      21045       1166          0       8698          0         91          0       1014         98
130      21033       1051          0       8825          0         91          0        927         85
131      21009        984          0       8914          0         93          0        852         81
132      20992        930          0       8985          0         93          0        802         69
133      20969        865          0       9073          0         93          0        731         64
134      20950        820          0       9137          0         93          0        686         60
135      20942        778          0       9186          0         94          0        659         58
136      20928        723          0       9254          0         95          0        606         58
137      20914        679          0       9310          0         97          0        560         51
138      20904        640          0       9357          0         99          0        535         51
139      20901        599          0       9400          0        100          0        508         43
140      20897        558          0       9445          0        100          0        486         42
141      20895        516          0       9489          0        100          0        461         41
142      20889        490          0       9521          0        100          0        437         39
143      20884        458          0       9558          0        100          0        414         36
144      20879        429          0       9592          0        100          0        394         34
145      20877        400          0       9623          0        100          0        373         34
146      20875        376          0       9648          0        101          0        350         31
147      20874        354          0       9671          0        101          0        331         31
148      20868        322          0       9708          0        102          0        295         25
149      20866        303          0       9729          0        102          0        280         22
150      20866        282          0       9750          0        102          0        264         21
151      20864        260          0       9774          0        102          0        245         19
152      20862        247          0       9789          0        102          0        232         19
153      20858        232          0       9808          0        102          0        215         19
154      20855        217          0       9825          0        103          0        198         17
155      20853        204          0       9840          0        103          0        189         16
156      20852        187          0       9858          0        103          0        173         15
157      20852        172          0       9873          0        103          0        158         14
158      20851        150          0       9896          0        103          0        137         13
159      20851        136          0       9910          0        103          0        125         12
160      20851        121          0       9925          0        103          0        114         12
161      20851        111          0       9935          0        103          0        107         12
162      20850         97          0       9950          0        103          0         94         11
163      20849         84          0       9964          0        103          0         81         10
164      20848         72          0       9977          0        103          0         68          8
165      20847         54          0       9996          0        103          0         50          4
166      20846         53          0       9998          0        103          0         48          3
167      20845         43          0      10009          0        103          0         37          1
168      20844         40          0      10013          0        103          0         33          1
169      20844         35          0      10018          0        103          0         29          1
170      20844         35          0      10018          0        103          0         30          1
171      20840         36          0      10021          0        103          0         28          1
172      20839         33          0      10025          0        103          0         25          1
173      20839         30          0      10028          0        103          0         23          1
174      20839         29          0      10029          0        103          0         23          1
175      20839         27          0      10031          0        103          0         22          1
176      20839         24          0      10034          0        103          0         19          1
177      20839         23          0      10035          0        103          0         18          1
178      20839         21          0      10037          0        103          0         20          2
179      20839         17          0      10041          0        103          0         17          1
180      20838         17          0      10042          0        103          0         16          1
--- ---------- ---------- ---------- ---------- ---------- ---------- ---------- ---------- ----------

Tipo 3
Día     Sanos  Infectados Importados    Curados Desinmuniz    Muertos Inf.Indire   Enfermos Hospitaliz
--- ---------- ---------- ---------- ---------- ---------- ---------- ---------- ---------- ----------
  1       2500          0          0          0          0          0          0          0          0
  2       2500          0          0          0          0          0          0          0          0
  3       2500          0          0          0          0          0          0          0          0
  4       2500          0          0          0          0          0          0          0          0
  5       2500          0          0          0          0          0          0          0          0
  6       2500          0          0          0          0          0          0          0          0
  7       2499          1          0          0          0          0          0          0          0
  8       2499          1          0          0          0          0          0          0          0
  9       2499          1          0          0          0          0          0          0          0
 10       2498          2          0          0          0          0          0          0          0
 11       2497          3          0          0          0          0          0          0          0
 12       2494          6          0          0          0          0          0          0          0
 13       2487         13          0          0          0          0          0          0          0
 14       2485         15          0          0          0          0          0          1          0
 15       2485         15          0          0          0          0          0          1          0
 16       2430         70          0          0          0          0          0          1          0
 17       2422         78          0          0          0          0          0          2          0
 18       2415         85          0          0          0          0          0          3          0
 19       2355        145          0          0          0          0          0          6          1
 20       2350        150          0          0          0          0          0         13          1
 21       2340        160          0          0          0          0          0         15          1
 22       2280        220          0          0          0          0          0         15          1
 23       2263        237          0          0          0          0          0         70          8
 24       2150        349          0          1          0          0          0         77         10
 25       2128        371          0          1          0          0          0         84         11
 26       2104        394          0          2          0          0          0        143         14
 27       2071        426          0          3          0          0          0        147         14
 28       2045        452          0          3          0          0          0        157         16
 29       2020        475          0          5          0          0          0        215         22
 30       1979        514          0          7          0          0          0        230         24
 31       1949        540          0         10          0          1          0        339         40
 32       1912        573          0         14          0          1          0        357         39
 33       1889        595          0         15          0          1          0        380         41
 34       1852        631          0         16          0          1          0        413         48
 35       1816        659          0         24          0          1          0        431         49
 36       1782        691          0         25          0          2          0        453         51
 37       1753        711          0         34          0          2          0        485         53
 38       1706        750          0         41          0          3          0        507         56
 39       1665        780          0         51          0          4          0        533         55
 40       1622        813          0         61          0          4          0        546         57
 41       1584        832          0         79          0          5          0        564         61
 42       1546        854          0         95          0          5          0        584         66
 43       1511        874          0        110          0          5          0        603         69
 44       1473        885          0        137          0          5          0        605         71
 45       1442        892          0        161          0          5          0        628         70
 46       1409        911          0        174          0          6          0        655         72
 47       1369        909          0        216          0          6          0        656         69
 48       1335        922          0        237          0          6          0        673         68
 49       1307        926          0        259          0          8          0        687         73
 50       1257        934          0        297          0         12          0        680         73
 51       1219        941          0        327          0         13          0        687         70
 52       1183        959          0        343          0         15          0        700         71
 53       1149        948          0        385          0         18          0        688         70
 54       1118        951          0        410          0         21          0        700         69
 55       1079        913          0        485          0         23          0        657         72
 56       1054        904          0        516          0         26          0        651         71
 57       1018        915          0        540          0         27          0        676         71
 58        990        905          0        578          0         27          0        676         71
 59        969        896          0        606          0         29          0        682         69
 60        933        903          0        634          0         30          0        687         70
 61        908        891          0        670          0         31          0        681         71
 62        884        879          0        705          0         32          0        684         76
 63        859        874          0        735          0         32          0        679         80
 64        842        851          0        775          0         32          0        675         74
 65        822        826          0        818          0         34          0        659         71
 66        806        806          0        851          0         37          0        643         69
 67        786        795          0        880          0         39          0        649         69
 68        763        785          0        912          0         40          0        640         69
 69        752        756          0        950          0         42          0        624         65
 70        734        735          0        989          0         42          0        611         59
 71        719        717          0       1020          0         44          0        594         60
 72        704        700          0       1052          0         44          0        582         59
 73        693        672          0       1089          0         46          0        559         54
 74        685        645          0       1124          0         46          0        544         51
 75        677        615          0       1160          0         48          0        529         51
 76        668        587          0       1197          0         48          0        503         45
 77        658        559          0       1235          0         48          0        483         42
 78        654        537          0       1260          0         49          0        472         41
 79        650        511          0       1290          0         49          0        457         35
 80        640        493          0       1315          0         52          0        440         39
 81        635        457          0       1355          0         53          0        407         38
 82        632        435          0       1378          0         55          0        390         36
 83        626        401          0       1416          0         57          0        359         34
 84        624        376          0       1443          0         57          0        342         35
 85        623        345          0       1473          0         59          0        314         35
 86        603        340          0       1498          0         59          0        293         32
 87        601        324          0       1516          0         59          0        285         28
 88        599        304          0       1538          0         59          0        268         26
 89        594        285          0       1562          0         59          0        247         24
 90        586        273          0       1582          0         59          0        233         24
 91        578        254          0       1608          0         60          0        208         23
 92        576        231          0       1632          0         61          0        184         21
 93        572        221          0       1646          0         61          0        190         23
 94        569        207          0       1661          0         63          0        175         21
 95        565        202          0       1670          0         63          0        168         20
 96        562        193          0       1682          0         63          0        161         18
 97        541        200          0       1694          0         65          0        155         18
 98        532        194          0       1709          0         65          0        148         17
 99        513        197          0       1725          0         65          0        134         17
100        497        203          0       1735          0         65          0        128         16
101        483        203          0       1749          0         65          0        117         13
102        470        204          0       1760          0         66          0        109         13
103        451        214          0       1769          0         66          0        103         14
104        433        227          0       1774          0         66          0        119         17
105        418        236          0       1780          0         66          0        122         17
106        406        242          0       1786          0         66          0        135         16
107        395        246          0       1793          0         66          0        144         18
108        383        253          0       1798          0         66          0        153         19
109        374        257          0       1803          0         66          0        161         21
110        363        260          0       1811          0         66          0        172         26
111        355        261          0       1816          0         68          0        183         27
112        344        269          0       1819          0         68          0        195         31
113        336        267          0       1829          0         68          0        197         29
114        330        265          0       1837          0         68          0        200         28
115        316        272          0       1844          0         68          0        205         28
116        305        272          0       1855          0         68          0        203         25
117        298        264          0       1870          0         68          0        199         24
118        291        267          0       1874          0         68          0        203         25
119        281        275          0       1875          0         69          0        212         28
120        279        271          0       1881          0         69          0        214         27
121        273        266          0       1892          0         69          0        209         27
122        265        262          0       1904          0         69          0        211         27
123        256        264          0       1911          0         69          0        215         29
124        252        258          0       1921          0         69          0        212         32
125        249        246          0       1935          0         70          0        204         30
126        247        239          0       1944          0         70          0        205         29
127        244        234          0       1951          0         71          0        199         26
128        242        229          0       1957          0         72          0        198         27
129        238        219          0       1970          0         73          0        192         28
130        238        206          0       1982          0         74          0        188         26
131        234        194          0       1996          0         76          0        176         22
132        232        183          0       2009          0         76          0        166         20
133        231        177          0       2016          0         76          0        161         19
134        228        165          0       2031          0         76          0        149         16
135        228        155          0       2041          0         76          0        141         15
136        228        139          0       2057          0         76          0        129         10
137        228        129          0       2066          0         77          0        119          9
138        225        123          0       2075          0         77          0        114         10
139        223        115          0       2084          0         78          0        106         10
140        222        110          0       2090          0         78          0        101         10
141        220        105          0       2097          0         78          0         97          9
142        220         98          0       2104          0         78          0         90          8
143        219         89          0       2113          0         79          0         80          4
144        219         84          0       2118          0         79          0         75          4
145        216         80          0       2125          0         79          0         71          4
146        214         70          0       2135          0         81          0         61          4
147        213         68          0       2138          0         81          0         59          4
148        211         64          0       2144          0         81          0         55          3
149        208         63          0       2148          0         81          0         51          3
150        206         57          0       2156          0         81          0         44          3
151        206         52          0       2161          0         81          0         39          2
152        205         47          0       2167          0         81          0         36          3
153        205         40          0       2173          0         82          0         31          2
154        204         34          0       2180          0         82          0         25          2
155        204         31          0       2183          0         82          0         24          2
156        204         30          0       2184          0         82          0         26          1
157        204         29          0       2185          0         82          0         27          1
158        203         30          0       2185          0         82          0         27          1
159        202         31          0       2185          0         82          0         28          1
160        202         29          0       2187          0         82          0         26          0
161        202         26          0       2190          0         82          0         24          0
162        202         24          0       2192          0         82          0         22          0
163        201         23          0       2194          0         82          0         20          0
164        201         23          0       2194          0         82          0         20          0
165        201         23          0       2194          0         82          0         21          0
166        201         23          0       2194          0         82          0         22          0
167        201         19          0       2198          0         82          0         18          0
168        201         18          0       2199          0         82          0         17          0
169        201         16          0       2201          0         82          0         15          0
170        201         13          0       2204          0         82          0         13          0
171        200         12          0       2206          0         82          0         11          0
172        200         11          0       2206          0         83          0         10          0
173        200         10          0       2207          0         83          0          9          0
174        200         10          0       2207          0         83          0          9          0
175        200         10          0       2207          0         83          0          9          0
176        200          9          0       2208          0         83          0          8          0
177        200          9          0       2208          0         83          0          8          0
178        199          9          0       2209          0         83          0          8          0
179        199          8          0       2210          0         83          0          7          0
180        199          6          0       2212          0         83          0          5          0
--- ---------- ---------- ---------- ---------- ---------- ---------- ---------- ---------- ----------

Tipo 4
Día     Sanos  Infectados Importados    Curados Desinmuniz    Muertos Inf.Indire   Enfermos Hospitaliz
--- ---------- ---------- ---------- ---------- ---------- ---------- ---------- ---------- ----------
  1       6998          2          0          0          0          0          0          0          0
  2       6998          2          0          0          0          0          0          0          0
  3       6998          2          0          0          0          0          0          0          0
  4       6998          2          0          0          0          0          0          0          0
  5       6998          2          0          0          0          0          0          0          0
  6       6998          2          0          0          0          0          0          0          0
  7       6998          2          0          0          0          0          0          0          0
  8       6997          3          0          0          0          0          0          0          0
  9       6997          3          0          0          0          0          0          0          0
 10       6993          7          0          0          0          0          0          0          0
 11       6993          7          0          0          0          0          0          0          0
 12       6993          7          0          0          0          0          0          0          0
 13       6951         49          0          0          0          0          0          0          0
 14       6943         57          0          0          0          0          0          0          0
 15       6939         61          0          0          0          0          0          1          0
 16       6927         73          0          0          0          0          0          1          0
 17       6916         84          0          0          0          0          0          5          0
 18       6906         94          0          0          0          0          0          5          0
 19       6787        213          0          0          0          0          0          5          0
 20       6764        236          0          0          0          0          0         47          4
 21       6755        245          0          0          0          0          0         55          5
 22       6665        335          0          0          0          0          0         59          7
 23       6610        390          0          0          0          0          0         71          7
 24       6586        414          0          0          0          0          0         82          9
 25       6551        448          0          1          0          0          0         92          9
 26       6479        518          0          3          0          0          0        209         20
 27       6399        596          0          5          0          0          0        230         20
 28       6281        711          0          8          0          0          0        236         21
 29       6219        772          0          8          0          1          0        325         28
 30       6084        904          0         11          0          1          0        377         31
 31       6048        934          0         16          0          2          0        396         37
 32       5952       1025          0         20          0          3          0        426         41
 33       5885       1085          0         27          0          3          0        492         45
 34       5791       1171          0         34          0          4          0        563         53
 35       5733       1226          0         37          0          4          0        678         60
 36       5693       1259          0         44          0          4          0        733         69
 37       5639       1302          0         52          0          7          0        857         88
 38       5573       1356          0         62          0          9          0        881         95
 39       5522       1391          0         73          0         14          0        961        105
 40       5453       1446          0         86          0         15          0       1015        109
 41       5405       1468          0        106          0         21          0       1083        113
 42       5349       1504          0        122          0         25          0       1121        118
 43       5285       1543          0        144          0         28          0       1136        118
 44       5225       1558          0        176          0         41          0       1144        122
 45       5143       1596          0        213          0         48          0       1167        126
 46       5067       1639          0        239          0         55          0       1185        128
 47       5001       1659          0        278          0         62          0       1208        133
 48       4931       1692          0        311          0         66          0       1218        133
 49       4876       1697          0        344          0         83          0       1224        133
 50       4806       1688          0        412          0         94          0       1209        129
 51       4736       1711          0        453          0        100          0       1223        129
 52       4681       1711          0        497          0        111          0       1249        131
 53       4613       1706          0        560          0        121          0       1252        135
 54       4550       1711          0        609          0        130          0       1260        140
 55       4486       1738          0        640          0        136          0       1293        139
 56       4398       1758          0        697          0        147          0       1280        135
 57       4337       1763          0        748          0        152          0       1294        136
 58       4261       1765          0        810          0        164          0       1290        134
 59       4206       1733          0        881          0        180          0       1258        136
 60       4139       1737          0        934          0        190          0       1263        136
 61       4084       1703          0       1007          0        206          0       1237        128
 62       4018       1708          0       1048          0        226          0       1240        117
 63       3968       1695          0       1104          0        233          0       1265        123
 64       3907       1679          0       1164          0        250          0       1249        116
 65       3852       1668          0       1215          0        265          0       1259        120
 66       3809       1650          0       1265          0        276          0       1253        118
 67       3765       1629          0       1316          0        290          0       1255        118
 68       3726       1592          0       1377          0        305          0       1234        116
 69       3688       1577          0       1415          0        320          0       1247        116
 70       3655       1545          0       1462          0        338          0       1233        113
 71       3624       1506          0       1517          0        353          0       1223        115
 72       3604       1457          0       1570          0        369          0       1209        109
 73       3578       1424          0       1620          0        378          0       1193        109
 74       3555       1376          0       1675          0        394          0       1166        105
 75       3531       1342          0       1719          0        408          0       1147        106
 76       3514       1291          0       1768          0        427          0       1117        103
 77       3494       1243          0       1822          0        441          0       1082        101
 78       3478       1184          0       1878          0        460          0       1038        100
 79       3467       1130          0       1929          0        474          0        993        100
 80       3458       1083          0       1969          0        490          0        963         99
 81       3443       1028          0       2022          0        507          0        916         93
 82       3428        986          0       2071          0        515          0        884         91
 83       3415        937          0       2116          0        532          0        839         91
 84       3397        880          0       2175          0        548          0        783         84
 85       3390        832          0       2215          0        563          0        745         85
 86       3335        836          0       2257          0        572          0        704         82
 87       3323        776          0       2312          0        589          0        641         76
 88       3310        736          0       2354          0        600          0        603         71
 89       3295        700          0       2397          0        608          0        567         65
 90       3284        657          0       2437          0        622          0        526         61
 91       3267        622          0       2478          0        633          0        492         55
 92       3253        593          0       2512          0        642          0        456         52
 93       3237        570          0       2546          0        647          0        472         55
 94       3226        531          0       2580          0        663          0        434         54
 95       3207        516          0       2611          0        666          0        413         53
 96       3182        504          0       2641          0        673          0        391         51
 97       3153        504          0       2665          0        678          0        373         45
 98       3119        514          0       2680          0        687          0        366         48
 99       3080        520          0       2706          0        694          0        347         46
100       3035        533          0       2734          0        698          0        331         44
101       2982        568          0       2750          0        700          0        324         45
102       2933        594          0       2768          0        705          0        321         42
103       2894        612          0       2788          0        706          0        325         39
104       2847        639          0       2806          0        708          0        334         37
105       2813        653          0       2823          0        711          0        348         39
106       2776        675          0       2837          0        712          0        372         42
107       2738        695          0       2853          0        714          0        400         46
108       2688        728          0       2868          0        716          0        434         49
109       2646        755          0       2880          0        719          0        468         47
110       2609        774          0       2897          0        720          0        489         46
111       2578        791          0       2908          0        723          0        522         49
112       2542        800          0       2931          0        727          0        529         50
113       2504        819          0       2944          0        733          0        547         52
114       2474        834          0       2955          0        737          0        571         58
115       2435        850          0       2974          0        741          0        598         61
116       2393        875          0       2989          0        743          0        622         61
117       2369        864          0       3014          0        753          0        624         60
118       2343        868          0       3033          0        756          0        633         57
119       2302        887          0       3050          0        761          0        647         62
120       2268        901          0       3063          0        768          0        665         62
121       2245        907          0       3077          0        771          0        678         60
122       2222        909          0       3095          0        774          0        697         61
123       2207        896          0       3119          0        778          0        711         65
124       2187        886          0       3144          0        783          0        704         66
125       2168        874          0       3171          0        787          0        699         66
126       2154        863          0       3191          0        792          0        715         69
127       2146        828          0       3227          0        799          0        706         68
128       2134        806          0       3253          0        807          0        695         67
129       2115        789          0       3281          0        815          0        682         66
130       2105        763          0       3310          0        822          0        661         65
131       2091        729          0       3348          0        832          0        633         63
132       2072        707          0       3380          0        841          0        611         57
133       2058        684          0       3405          0        853          0        588         54
134       2050        656          0       3435          0        859          0        560         54
135       2043        617          0       3470          0        870          0        526         50
136       2031        605          0       3493          0        871          0        521         47
137       2028        573          0       3523          0        876          0        496         46
138       2018        565          0       3538          0        879          0        492         44
139       2010        525          0       3583          0        882          0        463         39
140       2003        495          0       3613          0        889          0        440         38
141       2001        458          0       3638          0        903          0        409         35
142       1999        431          0       3660          0        910          0        387         34
143       1994        408          0       3684          0        914          0        371         32
144       1992        380          0       3709          0        919          0        344         30
145       1986        359          0       3731          0        924          0        327         25
146       1984        325          0       3761          0        930          0        299         22
147       1977        304          0       3784          0        935          0        278         20
148       1972        291          0       3799          0        938          0        262         18
149       1971        266          0       3820          0        943          0        238         18
150       1968        241          0       3841          0        950          0        215         14
151       1966        219          0       3863          0        952          0        193         13
152       1965        202          0       3879          0        954          0        181         13
153       1963        185          0       3894          0        958          0        164          9
154       1961        176          0       3904          0        959          0        160         11
155       1960        165          0       3916          0        959          0        153         12
156       1960        150          0       3928          0        962          0        139         10
157       1959        139          0       3936          0        966          0        130         10
158       1957        131          0       3946          0        966          0        122         10
159       1952        123          0       3957          0        968          0        110          9
160       1952        110          0       3967          0        971          0         99          9
161       1950        106          0       3973          0        971          0         95          9
162       1950         91          0       3984          0        975          0         81          9
163       1949         83          0       3992          0        976          0         72          8
164       1948         75          0       3999          0        978          0         64          8
165       1946         75          0       4001          0        978          0         64          8
166       1946         68          0       4007          0        979          0         62          8
167       1945         59          0       4014          0        982          0         52          6
168       1945         55          0       4017          0        983          0         50          6
169       1945         51          0       4020          0        984          0         46          5
170       1945         48          0       4022          0        985          0         44          5
171       1944         45          0       4025          0        986          0         41          4
172       1943         45          0       4026          0        986          0         42          3
173       1943         37          0       4031          0        989          0         34          2
174       1943         33          0       4035          0        989          0         31          2
175       1943         29          0       4038          0        990          0         27          2
176       1943         28          0       4038          0        991          0         26          2
177       1943         28          0       4038          0        991          0         26          2
178       1943         22          0       4044          0        991          0         21          1
179       1942         20          0       4046          0        992          0         19          1
180       1942         20          0       4046          0        992          0         19          1
--- ---------- ---------- ---------- ---------- ---------- ---------- ---------- ---------- ----------

