03/05/2020 13:02:22

Cambio de condiciones el día 0
Fichero de grupos            C:\Contagio\Casos\grupos.ggg
Número de clusters           200
Próximo cambio en            40 días

                        - Edad-      %     % Factor B    Días         %      Num.Pasos      %                          %      Individuos 
Grupo            Género Min Max   Gravedad   Contagio  Duración    Curación   Min   Max Individuos   Individuos     clusters    cluster  
---------------- ------ --- --- ---------- ---------- ---------- ---------- ----- ----- ---------- ------------ ------------ ------------
nene                  0   0   4      10,00      10,00      30,00      99,55    80   120       4,00            0          4,0           40
menor                 1   5  19       4,00       4,00      30,00     100,00    80   120      15,00            0         15,0           70
adulto                2  20  64      35,00     100,00      30,00      99,22    80   120      62,00            0         62,0          100
jubilado              3  65  69     100,00     800,00      30,00      95,38    80   120       5,00            0          5,0           70
mayor                 4  70 150     100,00     800,00      30,00      81,86    10    20      14,00            0         14,0           20
---------------- ------ --- --- ---------- ---------- ---------- ---------- ----- ----- ---------- ------------ ------------ ------------

Situación inicial

Cluster GID Grupo                Individuos     Sanos  Infectados    Curados Desinmuniz    Muertos
------- --- -------------------- ---------- ---------- ---------- ---------- ---------- ----------
      1   0 nene                         40         40          0          0          0          0
      2   0 nene                         40         40          0          0          0          0
      3   0 nene                         40         40          0          0          0          0
      4   0 nene                         40         40          0          0          0          0
      5   0 nene                         40         40          0          0          0          0
      6   0 nene                         40         40          0          0          0          0
      7   0 nene                         40         40          0          0          0          0
      8   0 nene                         40         40          0          0          0          0
      9   1 menor                        70         70          0          0          0          0
     10   1 menor                        70         70          0          0          0          0
     11   1 menor                        70         70          0          0          0          0
     12   1 menor                        70         70          0          0          0          0
     13   1 menor                        70         70          0          0          0          0
     14   1 menor                        70         70          0          0          0          0
     15   1 menor                        70         70          0          0          0          0
     16   1 menor                        70         70          0          0          0          0
     17   1 menor                        70         70          0          0          0          0
     18   1 menor                        70         70          0          0          0          0
     19   1 menor                        70         70          0          0          0          0
     20   1 menor                        70         70          0          0          0          0
     21   1 menor                        70         70          0          0          0          0
     22   1 menor                        70         70          0          0          0          0
     23   1 menor                        70         70          0          0          0          0
     24   1 menor                        70         70          0          0          0          0
     25   1 menor                        70         70          0          0          0          0
     26   1 menor                        70         70          0          0          0          0
     27   1 menor                        70         70          0          0          0          0
     28   1 menor                        70         70          0          0          0          0
     29   1 menor                        70         70          0          0          0          0
     30   1 menor                        70         70          0          0          0          0
     31   1 menor                        70         70          0          0          0          0
     32   1 menor                        70         70          0          0          0          0
     33   1 menor                        70         70          0          0          0          0
     34   1 menor                        70         70          0          0          0          0
     35   1 menor                        70         70          0          0          0          0
     36   1 menor                        70         70          0          0          0          0
     37   1 menor                        70         70          0          0          0          0
     38   1 menor                        70         70          0          0          0          0
     39   2 adulto                      100        100          0          0          0          0
     40   2 adulto                      100        100          0          0          0          0
     41   2 adulto                      100        100          0          0          0          0
     42   2 adulto                      100        100          0          0          0          0
     43   2 adulto                      100        100          0          0          0          0
     44   2 adulto                      100        100          0          0          0          0
     45   2 adulto                      100        100          0          0          0          0
     46   2 adulto                      100        100          0          0          0          0
     47   2 adulto                      100        100          0          0          0          0
     48   2 adulto                      100        100          0          0          0          0
     49   2 adulto                      100        100          0          0          0          0
     50   2 adulto                      100        100          0          0          0          0
     51   2 adulto                      100        100          0          0          0          0
     52   2 adulto                      100        100          0          0          0          0
     53   2 adulto                      100        100          0          0          0          0
     54   2 adulto                      100        100          0          0          0          0
     55   2 adulto                      100        100          0          0          0          0
     56   2 adulto                      100        100          0          0          0          0
     57   2 adulto                      100        100          0          0          0          0
     58   2 adulto                      100        100          0          0          0          0
     59   2 adulto                      100        100          0          0          0          0
     60   2 adulto                      100        100          0          0          0          0
     61   2 adulto                      100        100          0          0          0          0
     62   2 adulto                      100         99          1          0          0          0
     63   2 adulto                      100        100          0          0          0          0
     64   2 adulto                      100        100          0          0          0          0
     65   2 adulto                      100        100          0          0          0          0
     66   2 adulto                      100        100          0          0          0          0
     67   2 adulto                      100        100          0          0          0          0
     68   2 adulto                      100        100          0          0          0          0
     69   2 adulto                      100        100          0          0          0          0
     70   2 adulto                      100        100          0          0          0          0
     71   2 adulto                      100        100          0          0          0          0
     72   2 adulto                      100        100          0          0          0          0
     73   2 adulto                      100        100          0          0          0          0
     74   2 adulto                      100        100          0          0          0          0
     75   2 adulto                      100        100          0          0          0          0
     76   2 adulto                      100        100          0          0          0          0
     77   2 adulto                      100        100          0          0          0          0
     78   2 adulto                      100        100          0          0          0          0
     79   2 adulto                      100        100          0          0          0          0
     80   2 adulto                      100        100          0          0          0          0
     81   2 adulto                      100        100          0          0          0          0
     82   2 adulto                      100        100          0          0          0          0
     83   2 adulto                      100        100          0          0          0          0
     84   2 adulto                      100        100          0          0          0          0
     85   2 adulto                      100        100          0          0          0          0
     86   2 adulto                      100        100          0          0          0          0
     87   2 adulto                      100        100          0          0          0          0
     88   2 adulto                      100        100          0          0          0          0
     89   2 adulto                      100        100          0          0          0          0
     90   2 adulto                      100         99          1          0          0          0
     91   2 adulto                      100        100          0          0          0          0
     92   2 adulto                      100        100          0          0          0          0
     93   2 adulto                      100        100          0          0          0          0
     94   2 adulto                      100        100          0          0          0          0
     95   2 adulto                      100        100          0          0          0          0
     96   2 adulto                      100        100          0          0          0          0
     97   2 adulto                      100        100          0          0          0          0
     98   2 adulto                      100        100          0          0          0          0
     99   2 adulto                      100        100          0          0          0          0
    100   2 adulto                      100        100          0          0          0          0
    101   2 adulto                      100        100          0          0          0          0
    102   2 adulto                      100        100          0          0          0          0
    103   2 adulto                      100        100          0          0          0          0
    104   2 adulto                      100        100          0          0          0          0
    105   2 adulto                      100        100          0          0          0          0
    106   2 adulto                      100         99          1          0          0          0
    107   2 adulto                      100        100          0          0          0          0
    108   2 adulto                      100        100          0          0          0          0
    109   2 adulto                      100        100          0          0          0          0
    110   2 adulto                      100        100          0          0          0          0
    111   2 adulto                      100        100          0          0          0          0
    112   2 adulto                      100        100          0          0          0          0
    113   2 adulto                      100        100          0          0          0          0
    114   2 adulto                      100        100          0          0          0          0
    115   2 adulto                      100        100          0          0          0          0
    116   2 adulto                      100        100          0          0          0          0
    117   2 adulto                      100        100          0          0          0          0
    118   2 adulto                      100        100          0          0          0          0
    119   2 adulto                      100        100          0          0          0          0
    120   2 adulto                      100        100          0          0          0          0
    121   2 adulto                      100        100          0          0          0          0
    122   2 adulto                      100        100          0          0          0          0
    123   2 adulto                      100        100          0          0          0          0
    124   2 adulto                      100        100          0          0          0          0
    125   2 adulto                      100        100          0          0          0          0
    126   2 adulto                      100        100          0          0          0          0
    127   2 adulto                      100        100          0          0          0          0
    128   2 adulto                      100        100          0          0          0          0
    129   2 adulto                      100        100          0          0          0          0
    130   2 adulto                      100        100          0          0          0          0
    131   2 adulto                      100        100          0          0          0          0
    132   2 adulto                      100        100          0          0          0          0
    133   2 adulto                      100        100          0          0          0          0
    134   2 adulto                      100        100          0          0          0          0
    135   2 adulto                      100        100          0          0          0          0
    136   2 adulto                      100        100          0          0          0          0
    137   2 adulto                      100        100          0          0          0          0
    138   2 adulto                      100        100          0          0          0          0
    139   2 adulto                      100        100          0          0          0          0
    140   2 adulto                      100        100          0          0          0          0
    141   2 adulto                      100        100          0          0          0          0
    142   2 adulto                      100        100          0          0          0          0
    143   2 adulto                      100        100          0          0          0          0
    144   2 adulto                      100        100          0          0          0          0
    145   2 adulto                      100        100          0          0          0          0
    146   2 adulto                      100        100          0          0          0          0
    147   2 adulto                      100        100          0          0          0          0
    148   2 adulto                      100        100          0          0          0          0
    149   2 adulto                      100        100          0          0          0          0
    150   2 adulto                      100        100          0          0          0          0
    151   2 adulto                      100        100          0          0          0          0
    152   2 adulto                      100        100          0          0          0          0
    153   2 adulto                      100        100          0          0          0          0
    154   2 adulto                      100        100          0          0          0          0
    155   2 adulto                      100        100          0          0          0          0
    156   2 adulto                      100        100          0          0          0          0
    157   2 adulto                      100        100          0          0          0          0
    158   2 adulto                      100        100          0          0          0          0
    159   2 adulto                      100        100          0          0          0          0
    160   2 adulto                      100        100          0          0          0          0
    161   2 adulto                      100        100          0          0          0          0
    162   2 adulto                      100        100          0          0          0          0
    163   3 jubilado                     70         70          0          0          0          0
    164   3 jubilado                     70         70          0          0          0          0
    165   3 jubilado                     70         70          0          0          0          0
    166   3 jubilado                     70         70          0          0          0          0
    167   3 jubilado                     70         70          0          0          0          0
    168   3 jubilado                     70         70          0          0          0          0
    169   3 jubilado                     70         70          0          0          0          0
    170   3 jubilado                     70         70          0          0          0          0
    171   3 jubilado                     70         70          0          0          0          0
    172   3 jubilado                     70         70          0          0          0          0
    173   4 mayor                        20         20          0          0          0          0
    174   4 mayor                        20         20          0          0          0          0
    175   4 mayor                        20         20          0          0          0          0
    176   4 mayor                        20         20          0          0          0          0
    177   4 mayor                        20         20          0          0          0          0
    178   4 mayor                        20         20          0          0          0          0
    179   4 mayor                        20         20          0          0          0          0
    180   4 mayor                        20         20          0          0          0          0
    181   4 mayor                        20         20          0          0          0          0
    182   4 mayor                        20         20          0          0          0          0
    183   4 mayor                        20         20          0          0          0          0
    184   4 mayor                        20         20          0          0          0          0
    185   4 mayor                        20         20          0          0          0          0
    186   4 mayor                        20         20          0          0          0          0
    187   4 mayor                        20         20          0          0          0          0
    188   4 mayor                        20         20          0          0          0          0
    189   4 mayor                        20         20          0          0          0          0
    190   4 mayor                        20         20          0          0          0          0
    191   4 mayor                        20         20          0          0          0          0
    192   4 mayor                        20         20          0          0          0          0
    193   4 mayor                        20         20          0          0          0          0
    194   4 mayor                        20         20          0          0          0          0
    195   4 mayor                        20         20          0          0          0          0
    196   4 mayor                        20         20          0          0          0          0
    197   4 mayor                        20         20          0          0          0          0
    198   4 mayor                        20         20          0          0          0          0
    199   4 mayor                        20         20          0          0          0          0
    200   4 mayor                        20         20          0          0          0          0
------- --- -------------------- ---------- ---------- ---------- ---------- ---------- ----------
                                      16080      16077          3          0          0          0

03/05/2020 13:13:38

Cambio de condiciones el día 40
Fichero de grupos            C:\Contagio\Casos\grupos_R1.ggg
Número de clusters           100
Próximo cambio en            25 días

                        - Edad-      %     % Factor B    Días         %      Num.Pasos      %                          %      Individuos 
Grupo            Género Min Max   Gravedad   Contagio  Duración    Curación   Min   Max Individuos   Individuos     clusters    cluster  
---------------- ------ --- --- ---------- ---------- ---------- ---------- ----- ----- ---------- ------------ ------------ ------------
nene                  0   0   4      10,00      10,00      30,00      99,55    60    90       4,00        2.000          4,0           40
menor                 1   5  19       4,00       4,00      30,00     100,00    60    90      15,00        7.500         15,0           70
adulto                2  20  64      35,00     100,00      30,00      99,22    60    90      62,00       31.000         62,0          100
jubilado              3  65  69     100,00     800,00      30,00      95,38    60    90       5,00        2.500          5,0           70
mayor                 4  70 150     100,00     800,00      30,00      81,86     8    15      14,00        7.000         14,0           20
---------------- ------ --- --- ---------- ---------- ---------- ---------- ----- ----- ---------- ------------ ------------ ------------

                                                       -------------- Dentro y fuera ------------- -------- Dentro -----      %
Cluster GID Grupo                Individuos      Sanos Infectados    Curados Desinmuniz    Muertos   Intentos Infectados   Aciertos
------- --- -------------------- ---------- ---------- ---------- ---------- ---------- ---------- ---------- ---------- ----------
      1   0 nene                         40         40          0          0          0          0          0          0       0,00
      2   0 nene                         40         40          0          0          0          0          0          0       0,00
      3   0 nene                         40         40          0          0          0          0          0          0       0,00
      4   0 nene                         40         40          0          0          0          0          0          0       0,00
      5   1 menor                        70         70          0          0          0          0        192          1       0,52
      6   1 menor                        70         68          2          0          0          0          0          0       0,00
      7   1 menor                        70         70          0          0          0          0         78          0       0,00
      8   1 menor                        70         70          0          0          0          0          0          0       0,00
      9   1 menor                        70         70          0          0          0          0          0          0       0,00
     10   1 menor                        70         70          0          0          0          0       1098          1       0,09
     11   1 menor                        70         70          0          0          0          0          0          0       0,00
     12   1 menor                        70         70          0          0          0          0          0          0       0,00
     13   1 menor                        70         70          0          0          0          0          0          0       0,00
     14   1 menor                        70         70          0          0          0          0          0          0       0,00
     15   1 menor                        70         70          0          0          0          0          0          0       0,00
     16   1 menor                        70         70          0          0          0          0          0          0       0,00
     17   1 menor                        70         70          0          0          0          0          0          0       0,00
     18   1 menor                        70         70          0          0          0          0          0          0       0,00
     19   1 menor                        70         70          0          0          0          0          0          0       0,00
     20   2 adulto                      100          0        100          0          0          0          0          0       0,00
     21   2 adulto                      100         96          4          0          0          0          0          0       0,00
     22   2 adulto                      100          9         90          1          0          0          0          0       0,00
     23   2 adulto                      100         62         38          0          0          0          0          0       0,00
     24   2 adulto                      100         88         12          0          0          0          0          0       0,00
     25   2 adulto                      100          5         95          0          0          0          0          0       0,00
     26   2 adulto                      100          0         95          5          0          0          0          0       0,00
     27   2 adulto                      100         70         30          0          0          0          0          0       0,00
     28   2 adulto                      100         78         22          0          0          0          0          0       0,00
     29   2 adulto                      100          0         86         14          0          0          0          0       0,00
     30   2 adulto                      100         27         73          0          0          0          0          0       0,00
     31   2 adulto                      100         89         11          0          0          0          0          0       0,00
     32   2 adulto                      100         78         22          0          0          0          0          0       0,00
     33   2 adulto                      100         73         27          0          0          0          0          0       0,00
     34   2 adulto                      100         29         71          0          0          0          0          0       0,00
     35   2 adulto                      100         90         10          0          0          0          0          0       0,00
     36   2 adulto                      100          0         97          3          0          0        414          0       0,00
     37   2 adulto                      100         86         14          0          0          0          0          0       0,00
     38   2 adulto                      100          5         95          0          0          0          0          0       0,00
     39   2 adulto                      100         75         25          0          0          0      10209         97       0,95
     40   2 adulto                      100         80         20          0          0          0          0          0       0,00
     41   2 adulto                      100         92          8          0          0          0       9965         88       0,88
     42   2 adulto                      100         93          7          0          0          0       3885         37       0,95
     43   2 adulto                      100          0         67         33          0          0       1111          8       0,72
     44   2 adulto                      100          0         99          1          0          0       9925         89       0,90
     45   2 adulto                      100         62         38          0          0          0      11277         98       0,87
     46   2 adulto                      100         93          7          0          0          0       2697         25       0,93
     47   2 adulto                      100          0         99          1          0          0        961         17       1,77
     48   2 adulto                      100         78         22          0          0          0      10257         97       0,95
     49   2 adulto                      100         96          4          0          0          0       7412         64       0,86
     50   2 adulto                      100         89         11          0          0          0       1227          7       0,57
     51   2 adulto                      100          1         99          0          0          0       1192         15       1,26
     52   2 adulto                      100         60         40          0          0          0       2150         21       0,98
     53   2 adulto                      100         99          1          0          0          0       7445         66       0,89
     54   2 adulto                      100         83         17          0          0          0        556          4       0,72
     55   2 adulto                      100         94          6          0          0          0      11699         98       0,84
     56   2 adulto                      100         72         28          0          0          0       1378         10       0,73
     57   2 adulto                      100         89         11          0          0          0       8506         93       1,09
     58   2 adulto                      100         34         66          0          0          0       2725         20       0,73
     59   2 adulto                      100         27         73          0          0          0       1852         15       0,81
     60   2 adulto                      100         15         85          0          0          0        671          6       0,89
     61   2 adulto                      100         17         83          0          0          0        775          4       0,52
     62   2 adulto                      100          6         93          1          0          0       9216         99       1,07
     63   2 adulto                      100         92          8          0          0          0       8524         98       1,15
     64   2 adulto                      100          0         82         18          0          0       3677         34       0,92
     65   2 adulto                      100          4         94          2          0          0        192          4       2,08
     66   2 adulto                      100          1         97          2          0          0      11394         98       0,86
     67   2 adulto                      100         13         87          0          0          0       2233         19       0,85
     68   2 adulto                      100         18         82          0          0          0          0          0       0,00
     69   2 adulto                      100          0         97          3          0          0        754          7       0,93
     70   2 adulto                      100          3         96          1          0          0       9121         97       1,06
     71   2 adulto                      100          0         57         43          0          0       3726         37       0,99
     72   2 adulto                      100         91          9          0          0          0          0          0       0,00
     73   2 adulto                      100        100          0          0          0          0       1992         15       0,75
     74   2 adulto                      100         34         66          0          0          0        678          4       0,59
     75   2 adulto                      100          7         93          0          0          0       2816         27       0,96
     76   2 adulto                      100         93          7          0          0          0        759          7       0,92
     77   2 adulto                      100         99          1          0          0          0       5462         62       1,14
     78   2 adulto                      100         91          9          0          0          0       8000         71       0,89
     79   2 adulto                      100         45         55          0          0          0       7780         81       1,04
     80   2 adulto                      100         96          4          0          0          0       8032         78       0,97
     81   2 adulto                      100         85         15          0          0          0       9406         92       0,98
     82   3 jubilado                     70          0         65          5          0          0        189          4       2,12
     83   3 jubilado                     70          0         70          0          0          0       8758         99       1,13
     84   3 jubilado                     70          0         60          9          0          1      10238         94       0,92
     85   3 jubilado                     70          0         64          6          0          0      10161         97       0,95
     86   3 jubilado                     70          0         68          2          0          0       9879         85       0,86
     87   4 mayor                        20          6         14          0          0          0       8663         77       0,89
     88   4 mayor                        20          0         20          0          0          0       9129         97       1,06
     89   4 mayor                        20         15          5          0          0          0       9851         96       0,97
     90   4 mayor                        20         19          1          0          0          0      11311         99       0,88
     91   4 mayor                        20          0         19          1          0          0        660          4       0,61
     92   4 mayor                        20         20          0          0          0          0          0          0       0,00
     93   4 mayor                        20          0         20          0          0          0       5974         64       1,07
     94   4 mayor                        20          0         20          0          0          0       9983         89       0,89
     95   4 mayor                        20          0         20          0          0          0        294          6       2,04
     96   4 mayor                        20          0         20          0          0          0          0          0       0,00
     97   4 mayor                        20          0         19          0          0          1        572          6       1,05
     98   4 mayor                        20         20          0          0          0          0       4325         51       1,18
     99   4 mayor                        20          0         20          0          0          0          0          0       0,00
    100   4 mayor                        20          0         20          0          0          0       1410         10       0,71
------- --- -------------------- ---------- ---------- ---------- ---------- ---------- ---------- ---------- ---------- ----------
                                       8040       4400       3487        151          0          2     304816       2889       0,95

03/05/2020 13:31:34

Cambio de condiciones el día 65
Fichero de grupos            C:\Contagio\Casos\grupos_R2.ggg
Número de clusters           50
No hay próximos cambios

                        - Edad-      %     % Factor B    Días         %      Num.Pasos      %                          %      Individuos 
Grupo            Género Min Max   Gravedad   Contagio  Duración    Curación   Min   Max Individuos   Individuos     clusters    cluster  
---------------- ------ --- --- ---------- ---------- ---------- ---------- ----- ----- ---------- ------------ ------------ ------------
nene                  0   0   4      10,00      10,00      30,00      99,55    40    60       4,00        2.000          4,0           40
menor                 1   5  19       4,00       4,00      30,00     100,00    40    60      15,00        7.500         15,0           70
adulto                2  20  64      35,00     100,00      30,00      99,22    40    60      62,00       31.000         62,0          100
jubilado              3  65  69     100,00     800,00      30,00      95,38    40    60       5,00        2.500          5,0           70
mayor                 4  70 150     100,00     800,00      30,00      81,86     5    10      14,00        7.000         14,0           20
---------------- ------ --- --- ---------- ---------- ---------- ---------- ----- ----- ---------- ------------ ------------ ------------

                                                       -------------- Dentro y fuera ------------- -------- Dentro -----      %
Cluster GID Grupo                Individuos      Sanos Infectados    Curados Desinmuniz    Muertos   Intentos Infectados   Aciertos
------- --- -------------------- ---------- ---------- ---------- ---------- ---------- ---------- ---------- ---------- ----------
      1   0 nene                         40         38          2          0          0          0        573          1       0,17
      2   0 nene                         40         37          3          0          0          0        640          1       0,16
      3   1 menor                        70         70          0          0          0          0          0          0       0,00
      4   1 menor                        70         65          4          1          0          0          0          0       0,00
      5   1 menor                        70         68          2          0          0          0        192          1       0,52
      6   1 menor                        70         69          1          0          0          0       4307          3       0,07
      7   1 menor                        70         67          3          0          0          0       1710          0       0,00
      8   1 menor                        70         70          0          0          0          0        966          0       0,00
      9   1 menor                        70         70          0          0          0          0       2035          1       0,05
     10   2 adulto                      100          0         13         87          0          0       1098          1       0,09
     11   2 adulto                      100          0         82         18          0          0          0          0       0,00
     12   2 adulto                      100          0         21         79          0          0          0          0       0,00
     13   2 adulto                      100          0         67         33          0          0          0          0       0,00
     14   2 adulto                      100          0         81         19          0          0          0          0       0,00
     15   2 adulto                      100          0         31         68          0          1          0          0       0,00
     16   2 adulto                      100          0          3         97          0          0       2159          1       0,05
     17   2 adulto                      100          0         82         18          0          0       2051          0       0,00
     18   2 adulto                      100          0         68         32          0          0          0          0       0,00
     19   2 adulto                      100          0          0        100          0          0          0          0       0,00
     20   2 adulto                      100          0         44         55          0          1          0          0       0,00
     21   2 adulto                      100          0         79         21          0          0      10144         93       0,92
     22   2 adulto                      100          0         73         27          0          0        998          9       0,90
     23   2 adulto                      100          0         76         24          0          0       5391         60       1,11
     24   2 adulto                      100          0         44         56          0          0       9144         86       0,94
     25   2 adulto                      100          0         75         25          0          0        892          5       0,56
     26   2 adulto                      100          0         14         86          0          0          0          0       0,00
     27   2 adulto                      100          0         79         21          0          0       7731         69       0,89
     28   2 adulto                      100          0         41         58          0          1       7308         75       1,03
     29   2 adulto                      100          0         66         34          0          0          0          0       0,00
     30   2 adulto                      100          0         70         30          0          0       2948         27       0,92
     31   2 adulto                      100          0         83         17          0          0       9768         88       0,90
     32   2 adulto                      100          0         77         23          0          0       7546         77       1,02
     33   2 adulto                      100          0          0         99          0          1       7736         71       0,92
     34   2 adulto                      100          0          7         92          0          1       3382         29       0,86
     35   2 adulto                      100          0         67         33          0          0      10295         89       0,86
     36   2 adulto                      100          0         79         21          0          0        414          0       0,00
     37   2 adulto                      100          0         14         86          0          0       7238         81       1,12
     38   2 adulto                      100          0         62         38          0          0        534          5       0,94
     39   2 adulto                      100          0         86         14          0          0      18724        171       0,91
     40   2 adulto                      100          0         79         21          0          0       7467         80       1,07
     41   3 jubilado                     70          0          0         68          0          2      19103        180       0,94
     42   3 jubilado                     70          0          0         66          0          4      11298        129       1,14
     43   4 mayor                        20          0         11          5          0          4       1111          8       0,72
     44   4 mayor                        20          0          3         15          0          2       9925         89       0,90
     45   4 mayor                        20          0         15          4          0          1      17131        159       0,93
     46   4 mayor                        20          0         12          7          0          1      13199        113       0,86
     47   4 mayor                        20          0          1         14          0          5        961         17       1,77
     48   4 mayor                        20          0         16          4          0          0      16490        172       1,04
     49   4 mayor                        20          0          0         19          0          1      14748        155       1,05
------- --- -------------------- ---------- ---------- ---------- ---------- ---------- ---------- ---------- ---------- ----------
                                       3950        554       1736       1635          0         25     237357       2146       0,90

Situación final

                                                       -------------- Dentro y fuera ------------- -------- Dentro -----      %
Cluster GID Grupo                Individuos      Sanos Infectados    Curados Desinmuniz    Muertos   Intentos Infectados   Aciertos
------- --- -------------------- ---------- ---------- ---------- ---------- ---------- ---------- ---------- ---------- ----------
      1   0 nene                         40         35          0          5          0          0       4685          4       0,09
      2   0 nene                         40         36          0          4          0          0       3868          1       0,03
      3   1 menor                        70         70          0          0          0          0          0          0       0,00
      4   1 menor                        70         65          0          5          0          0       2600          0       0,00
      5   1 menor                        70         67          0          3          0          0       2959          2       0,07
      6   1 menor                        70         69          0          1          0          0       4583          3       0,07
      7   1 menor                        70         67          0          3          0          0       3519          0       0,00
      8   1 menor                        70         70          0          0          0          0        966          0       0,00
      9   1 menor                        70         70          0          0          0          0       2035          1       0,05
     10   2 adulto                      100          0          0         99          0          1       1098          1       0,09
     11   2 adulto                      100          0          0        100          0          0          0          0       0,00
     12   2 adulto                      100          0          0         99          0          1          0          0       0,00
     13   2 adulto                      100          0          0        100          0          0          0          0       0,00
     14   2 adulto                      100          0          0        100          0          0          0          0       0,00
     15   2 adulto                      100          0          0         99          0          1          0          0       0,00
     16   2 adulto                      100          0          0        100          0          0       2159          1       0,05
     17   2 adulto                      100          0          0        100          0          0       2051          0       0,00
     18   2 adulto                      100          0          0         99          0          1          0          0       0,00
     19   2 adulto                      100          0          0        100          0          0          0          0       0,00
     20   2 adulto                      100          0          0         99          0          1          0          0       0,00
     21   2 adulto                      100          0          0         99          0          1      10144         93       0,92
     22   2 adulto                      100          0          0        100          0          0        998          9       0,90
     23   2 adulto                      100          0          0         99          0          1       5391         60       1,11
     24   2 adulto                      100          0          0        100          0          0       9144         86       0,94
     25   2 adulto                      100          0          0        100          0          0        892          5       0,56
     26   2 adulto                      100          0          0        100          0          0          0          0       0,00
     27   2 adulto                      100          0          0        100          0          0       7731         69       0,89
     28   2 adulto                      100          0          0         99          0          1       7308         75       1,03
     29   2 adulto                      100          0          0         99          0          1          0          0       0,00
     30   2 adulto                      100          0          0        100          0          0       2948         27       0,92
     31   2 adulto                      100          0          0        100          0          0       9768         88       0,90
     32   2 adulto                      100          0          0        100          0          0       7546         77       1,02
     33   2 adulto                      100          0          0         99          0          1       7736         71       0,92
     34   2 adulto                      100          0          0         99          0          1       3382         29       0,86
     35   2 adulto                      100          0          0        100          0          0      10295         89       0,86
     36   2 adulto                      100          0          0        100          0          0        414          0       0,00
     37   2 adulto                      100          0          0        100          0          0       7238         81       1,12
     38   2 adulto                      100          0          0        100          0          0        534          5       0,94
     39   2 adulto                      100          0          0        100          0          0      18724        171       0,91
     40   2 adulto                      100          0          0        100          0          0       7467         80       1,07
     41   3 jubilado                     70          0          0         68          0          2      19103        180       0,94
     42   3 jubilado                     70          0          0         66          0          4      11298        129       1,14
     43   4 mayor                        20          0          0         13          0          7       1111          8       0,72
     44   4 mayor                        20          0          0         17          0          3       9925         89       0,90
     45   4 mayor                        20          0          0         18          0          2      17131        159       0,93
     46   4 mayor                        20          0          0         18          0          2      13199        113       0,86
     47   4 mayor                        20          0          0         14          0          6        961         17       1,77
     48   4 mayor                        20          0          0         20          0          0      16490        172       1,04
     49   4 mayor                        20          0          0         19          0          1      14748        155       1,05
------- --- -------------------- ---------- ---------- ---------- ---------- ---------- ---------- ---------- ---------- ----------
                                       3950        549          0       3363          0         38     252149       2150       0,85

Grupo   0 nene
      0      1      2      3      4      5      6      7      8      9     10     11     12     13     14     15     16     17     18     19     20     21     22     23     24     25     26     27     28     29
 ------ ------ ------ ------ ------ ------ ------ ------ ------ ------ ------ ------ ------ ------ ------ ------ ------ ------ ------ ------ ------ ------ ------ ------ ------ ------ ------ ------ ------ ------
 0,0000 0,0000 0,0000 0,0001 0,0003 0,0006 0,0010 0,0016 0,0024 0,0034 0,0046 0,0062 0,0080 0,0102 0,0127 0,0156 0,0189 0,0227 0,0270 0,0317 0,0370 0,0428 0,0492 0,0563 0,0639 0,0723 0,0813 0,0910 0,1015 0,1128
      0      1      2      3      4      5      6      7      8      9     10     11     12     13     14     15     16     17     18     19     20     21     22     23     24     25     26     27     28     29
 ------ ------ ------ ------ ------ ------ ------ ------ ------ ------ ------ ------ ------ ------ ------ ------ ------ ------ ------ ------ ------ ------ ------ ------ ------ ------ ------ ------ ------ ------
 0,0000 0,0000 0,0000 0,0001 0,0003 0,0006 0,0010 0,0016 0,0024 0,0034 0,0046 0,0062 0,0080 0,0102 0,0127 0,0156 0,0189 0,0227 0,0270 0,0317 0,0370 0,0428 0,0492 0,0563 0,0639 0,0723 0,0813 0,0910 0,1015 0,1128
Número infectados                                 72
Número intentos fin infección                  1.981
Número finales de infección                       72       3,63
Número finales curacion                           72     100,00
Número finales muerte                              0       0,00
Total infecciones                                 44
Total infecciones por curados                     44
Total infecciones por muertos                      0
Total infectadores curados                        72
Total infectadores muertos                         0
Total pasos                               19.855.444
Total recorridos                             295.003
Total distancia recorrida                 12.154.580
Contactos de riesgo                           17.983
Máximo de contagios por 1 individuo                3
Mínimo de contagios por 1 individuo                0
Falso (R0) curados                            0,6111
Falso (R0) muertos                            0,0000

Grupo   1 menor
      0      1      2      3      4      5      6      7      8      9     10     11     12     13     14     15     16     17     18     19     20     21     22     23     24     25     26     27     28     29
 ------ ------ ------ ------ ------ ------ ------ ------ ------ ------ ------ ------ ------ ------ ------ ------ ------ ------ ------ ------ ------ ------ ------ ------ ------ ------ ------ ------ ------ ------
 0,0000 0,0000 0,0000 0,0001 0,0003 0,0006 0,0010 0,0016 0,0024 0,0034 0,0046 0,0062 0,0080 0,0102 0,0127 0,0156 0,0189 0,0227 0,0270 0,0317 0,0370 0,0428 0,0492 0,0563 0,0639 0,0723 0,0813 0,0910 0,1015 0,1128
      0      1      2      3      4      5      6      7      8      9     10     11     12     13     14     15     16     17     18     19     20     21     22     23     24     25     26     27     28     29
 ------ ------ ------ ------ ------ ------ ------ ------ ------ ------ ------ ------ ------ ------ ------ ------ ------ ------ ------ ------ ------ ------ ------ ------ ------ ------ ------ ------ ------ ------
 0,0000 0,0000 0,0000 0,0001 0,0003 0,0006 0,0010 0,0016 0,0024 0,0034 0,0046 0,0062 0,0080 0,0102 0,0127 0,0156 0,0189 0,0227 0,0270 0,0317 0,0370 0,0428 0,0492 0,0563 0,0639 0,0723 0,0813 0,0910 0,1015 0,1128
Número infectados                                 87
Número intentos fin infección                  2.342
Número finales de infección                       87       3,71
Número finales curacion                           87     100,00
Número finales muerte                              0       0,00
Total infecciones                                 53
Total infecciones por curados                     53
Total infecciones por muertos                      0
Total infectadores curados                        87
Total infectadores muertos                         0
Total pasos                               75.066.691
Total recorridos                           1.118.783
Total distancia recorrida                 45.947.020
Contactos de riesgo                           74.305
Máximo de contagios por 1 individuo                2
Mínimo de contagios por 1 individuo                0
Falso (R0) curados                            0,6092
Falso (R0) muertos                            0,0000

Grupo   2 adulto
      0      1      2      3      4      5      6      7      8      9     10     11     12     13     14     15     16     17     18     19     20     21     22     23     24     25     26     27     28     29
 ------ ------ ------ ------ ------ ------ ------ ------ ------ ------ ------ ------ ------ ------ ------ ------ ------ ------ ------ ------ ------ ------ ------ ------ ------ ------ ------ ------ ------ ------
 0,0000 0,0000 0,0000 0,0001 0,0003 0,0006 0,0010 0,0016 0,0024 0,0034 0,0046 0,0062 0,0080 0,0102 0,0127 0,0156 0,0189 0,0227 0,0270 0,0317 0,0370 0,0428 0,0492 0,0563 0,0639 0,0723 0,0813 0,0910 0,1015 0,1128
      0      1      2      3      4      5      6      7      8      9     10     11     12     13     14     15     16     17     18     19     20     21     22     23     24     25     26     27     28     29
 ------ ------ ------ ------ ------ ------ ------ ------ ------ ------ ------ ------ ------ ------ ------ ------ ------ ------ ------ ------ ------ ------ ------ ------ ------ ------ ------ ------ ------ ------
 0,0000 0,0000 0,0000 0,0001 0,0003 0,0006 0,0010 0,0016 0,0024 0,0034 0,0046 0,0062 0,0080 0,0102 0,0127 0,0156 0,0189 0,0227 0,0270 0,0317 0,0370 0,0428 0,0492 0,0563 0,0639 0,0723 0,0813 0,0910 0,1015 0,1128
Número infectados                             14.008
Número intentos fin infección                376.338
Número finales de infección                   14.004       3,72
Número finales curacion                       13.955      99,65
Número finales muerte                             49       0,35
Total infecciones                             17.390
Total infecciones por curados                 17.336
Total infecciones por muertos                     53
Total infectadores curados                    13.955
Total infectadores muertos                        49
Total pasos                              252.895.678
Total recorridos                           3.493.994
Total distancia recorrida                154.785.400
Contactos de riesgo                          164.755
Máximo de contagios por 1 individuo               18
Mínimo de contagios por 1 individuo                0
Falso (R0) curados                            1,2423
Falso (R0) muertos                            1,0816

Grupo   3 jubilado
      0      1      2      3      4      5      6      7      8      9     10     11     12     13     14     15     16     17     18     19     20     21     22     23     24     25     26     27     28     29
 ------ ------ ------ ------ ------ ------ ------ ------ ------ ------ ------ ------ ------ ------ ------ ------ ------ ------ ------ ------ ------ ------ ------ ------ ------ ------ ------ ------ ------ ------
 0,0000 0,0000 0,0000 0,0001 0,0003 0,0006 0,0010 0,0016 0,0024 0,0034 0,0046 0,0062 0,0080 0,0102 0,0127 0,0156 0,0189 0,0227 0,0270 0,0317 0,0370 0,0428 0,0492 0,0563 0,0639 0,0723 0,0813 0,0910 0,1015 0,1128
      0      1      2      3      4      5      6      7      8      9     10     11     12     13     14     15     16     17     18     19     20     21     22     23     24     25     26     27     28     29
 ------ ------ ------ ------ ------ ------ ------ ------ ------ ------ ------ ------ ------ ------ ------ ------ ------ ------ ------ ------ ------ ------ ------ ------ ------ ------ ------ ------ ------ ------
 0,0000 0,0000 0,0000 0,0001 0,0003 0,0006 0,0010 0,0016 0,0024 0,0034 0,0046 0,0062 0,0080 0,0102 0,0127 0,0156 0,0189 0,0227 0,0270 0,0317 0,0370 0,0428 0,0492 0,0563 0,0639 0,0723 0,0813 0,0910 0,1015 0,1128
Número infectados                              1.926
Número intentos fin infección                 51.464
Número finales de infección                    1.926       3,74
Número finales curacion                        1.825      94,76
Número finales muerte                            101       5,24
Total infecciones                              1.370
Total infecciones por curados                  1.293
Total infecciones por muertos                     77
Total infectadores curados                     1.825
Total infectadores muertos                       101
Total pasos                               16.713.101
Total recorridos                             211.598
Total distancia recorrida                 10.231.790
Contactos de riesgo                            5.364
Máximo de contagios por 1 individuo               27
Mínimo de contagios por 1 individuo                0
Falso (R0) curados                            0,7085
Falso (R0) muertos                            0,7624

Grupo   4 mayor
      0      1      2      3      4      5      6      7      8      9     10     11     12     13     14     15     16     17     18     19     20     21     22     23     24     25     26     27     28     29
 ------ ------ ------ ------ ------ ------ ------ ------ ------ ------ ------ ------ ------ ------ ------ ------ ------ ------ ------ ------ ------ ------ ------ ------ ------ ------ ------ ------ ------ ------
 0,0000 0,0000 0,0000 0,0001 0,0003 0,0006 0,0010 0,0016 0,0024 0,0034 0,0046 0,0062 0,0080 0,0102 0,0127 0,0156 0,0189 0,0227 0,0270 0,0317 0,0370 0,0428 0,0492 0,0563 0,0639 0,0723 0,0813 0,0910 0,1015 0,1128
      0      1      2      3      4      5      6      7      8      9     10     11     12     13     14     15     16     17     18     19     20     21     22     23     24     25     26     27     28     29
 ------ ------ ------ ------ ------ ------ ------ ------ ------ ------ ------ ------ ------ ------ ------ ------ ------ ------ ------ ------ ------ ------ ------ ------ ------ ------ ------ ------ ------ ------
 0,0000 0,0000 0,0000 0,0001 0,0003 0,0006 0,0010 0,0016 0,0024 0,0034 0,0046 0,0062 0,0080 0,0102 0,0127 0,0156 0,0189 0,0227 0,0270 0,0317 0,0370 0,0428 0,0492 0,0563 0,0639 0,0723 0,0813 0,0910 0,1015 0,1128
Número infectados                              3.883
Número intentos fin infección                104.956
Número finales de infección                    3.881       3,70
Número finales curacion                        3.178      81,89
Número finales muerte                            703      18,11
Total infecciones                              1.109
Total infecciones por curados                    909
Total infecciones por muertos                    200
Total infectadores curados                     3.178
Total infectadores muertos                       703
Total pasos                                8.011.181
Total recorridos                             750.779
Total distancia recorrida                  4.900.973
Contactos de riesgo                           14.886
Máximo de contagios por 1 individuo               10
Mínimo de contagios por 1 individuo                0
Falso (R0) curados                            0,2860
Falso (R0) muertos                            0,2845

