Tipo 0
Día     Sanos  Infectados Importados    Curados Desinmuniz    Muertos Inf.Indire   Enfermos Hospitaliz
--- ---------- ---------- ---------- ---------- ---------- ---------- ---------- ---------- ----------
  1        798          2          0          0          0          0          0          0          0
  2        798          2          0          0          0          0          0          0          0
  3        798          2          0          0          0          0          0          0          0
  4        798          2          0          0          0          0          0          0          0
  5        798          2          0          0          0          0          0          0          0
  6        798          2          0          0          0          0          0          0          0
  7        798          2          0          0          0          0          0          0          0
  8        798          2          0          0          0          0          0          0          0
  9        798          2          0          0          0          0          0          0          0
 10        798          2          0          0          0          0          0          0          0
 11        798          2          0          0          0          0          0          0          0
 12        798          2          0          0          0          0          0          0          0
 13        798          2          0          0          0          0          0          0          0
 14        798          2          0          0          0          0          0          0          0
 15        798          2          0          0          0          0          0          0          0
 16        798          1          0          1          0          0          0          0          0
 17        798          1          0          1          0          0          0          0          0
 18        798          1          0          1          0          0          0          0          0
 19        798          1          0          1          0          0          0          0          0
 20        798          1          0          1          0          0          0          0          0
 21        798          1          0          1          0          0          0          0          0
 22        798          1          0          1          0          0          0          0          0
 23        798          1          0          1          0          0          0          0          0
 24        798          1          0          1          0          0          0          0          0
 25        798          1          0          1          0          0          0          0          0
 26        798          1          0          1          0          0          0          0          0
 27        798          0          0          2          0          0          0          0          0
 28        798          0          0          2          0          0          0          0          0
 29        798          0          0          2          0          0          0          0          0
 30        798          0          0          2          0          0          0          0          0
 31        798          0          0          2          0          0          0          0          0
 32        798          0          0          2          0          0          0          0          0
 33        798          0          0          2          0          0          0          0          0
 34        798          0          0          2          0          0          0          0          0
 35        798          0          0          2          0          0          0          0          0
 36        798          0          0          2          0          0          0          0          0
 37        798          0          0          2          0          0          0          0          0
 38        798          0          0          2          0          0          0          0          0
 39        798          0          0          2          0          0          0          0          0
 40        798          0          0          2          0          0          0          0          0
 41        798          0          0          2          0          0          0          0          0
 42        798          0          0          2          0          0          0          0          0
 43        798          0          0          2          0          0          0          0          0
 44        798          0          0          2          0          0          0          0          0
 45        798          0          0          2          0          0          0          0          0
 46        798          0          0          2          0          0          0          0          0
 47        797          1          0          2          0          0          0          0          0
 48        797          1          0          2          0          0          0          0          0
 49        797          1          0          2          0          0          0          0          0
 50        797          1          0          2          0          0          0          0          0
 51        797          1          0          2          0          0          0          0          0
 52        797          1          0          2          0          0          0          0          0
 53        797          1          0          2          0          0          0          0          0
 54        797          1          0          2          0          0          0          1          0
 55        797          1          0          2          0          0          0          1          0
 56        797          1          0          2          0          0          0          1          0
 57        797          1          0          2          0          0          0          1          0
 58        797          1          0          2          0          0          0          1          0
 59        797          1          0          2          0          0          0          1          0
 60        797          1          0          2          0          0          0          1          0
 61        796          2          0          2          0          0          0          1          0
 62        796          2          0          2          0          0          0          1          0
 63        796          2          0          2          0          0          0          1          0
 64        796          2          0          2          0          0          0          1          0
 65        796          2          0          2          0          0          0          1          0
 66        796          2          0          2          0          0          0          1          0
 67        796          2          0          2          0          0          0          1          0
 68        796          2          0          2          0          0          0          2          0
 69        796          2          0          2          0          0          0          2          0
 70        796          2          0          2          0          0          0          2          0
 71        796          2          0          2          0          0          0          2          0
 72        796          2          0          2          0          0          0          2          0
 73        796          2          0          2          0          0          0          2          0
 74        796          2          0          2          0          0          0          2          0
 75        796          2          0          2          0          0          0          2          0
 76        796          2          0          2          0          0          0          2          0
 77        796          2          0          2          0          0          0          2          0
 78        796          1          0          3          0          0          0          1          0
 79        796          1          0          3          0          0          0          1          0
 80        796          1          0          3          0          0          0          1          0
 81        796          1          0          3          0          0          0          1          0
 82        796          1          0          3          0          0          0          1          0
 83        796          1          0          3          0          0          0          1          0
 84        796          1          0          3          0          0          0          1          0
 85        796          0          0          4          0          0          0          0          0
 86        796          0          0          4          0          0          0          0          0
 87        796          0          0          4          0          0          0          0          0
 88        796          0          0          4          0          0          0          0          0
 89        796          0          0          4          0          0          0          0          0
 90        796          0          0          4          0          0          0          0          0
 91        795          1          0          4          0          0          0          0          0
 92        795          1          0          4          0          0          0          0          0
 93        795          1          0          4          0          0          0          0          0
 94        795          1          0          4          0          0          0          0          0
 95        795          1          0          4          0          0          0          0          0
 96        795          1          0          4          0          0          0          0          0
 97        795          1          0          4          0          0          0          0          0
 98        794          2          0          4          0          0          0          1          0
 99        794          2          0          4          0          0          0          1          0
100        793          3          0          4          0          0          0          1          0
101        793          3          0          4          0          0          0          1          0
102        793          3          0          4          0          0          0          1          0
103        793          3          0          4          0          0          0          1          0
104        793          3          0          4          0          0          0          1          0
105        793          3          0          4          0          0          0          2          0
106        793          3          0          4          0          0          0          2          0
107        793          3          0          4          0          0          0          3          1
108        793          3          0          4          0          0          0          3          1
109        793          3          0          4          0          0          0          3          1
110        793          2          0          5          0          0          0          2          0
111        793          2          0          5          0          0          0          2          0
112        793          2          0          5          0          0          0          2          0
113        793          2          0          5          0          0          0          2          0
114        792          3          0          5          0          0          0          2          0
115        792          3          0          5          0          0          0          2          0
116        792          3          0          5          0          0          0          2          0
117        792          3          0          5          0          0          0          2          0
118        792          2          0          6          0          0          0          1          0
119        792          2          0          6          0          0          0          1          0
120        792          1          0          7          0          0          0          1          0
121        792          1          0          7          0          0          0          1          0
122        792          0          0          8          0          0          0          0          0
123        792          0          0          8          0          0          0          0          0
124        792          0          0          8          0          0          0          0          0
125        791          1          0          8          0          0          0          0          0
126        791          1          0          8          0          0          0          0          0
127        791          1          0          8          0          0          0          0          0
128        791          1          0          8          0          0          0          0          0
129        791          1          0          8          0          0          0          0          0
130        791          1          0          8          0          0          0          0          0
131        791          1          0          8          0          0          0          0          0
132        791          1          0          8          0          0          0          1          1
133        791          1          0          8          0          0          0          1          1
134        791          1          0          8          0          0          0          1          1
135        791          1          0          8          0          0          0          1          1
136        791          1          0          8          0          0          0          1          1
137        791          1          0          8          0          0          0          1          1
138        791          1          0          8          0          0          0          1          1
139        791          1          0          8          0          0          0          1          1
140        791          1          0          8          0          0          0          1          1
141        791          1          0          8          0          0          0          1          1
142        791          1          0          8          0          0          0          1          1
143        791          1          0          8          0          0          0          1          1
144        791          1          0          8          0          0          0          1          1
145        791          1          0          8          0          0          0          1          1
146        791          1          0          8          0          0          0          1          1
147        791          1          0          8          0          0          0          1          1
148        791          1          0          8          0          0          0          1          1
149        791          1          0          8          0          0          0          1          1
150        791          1          0          8          0          0          0          1          1
151        791          1          0          8          0          0          0          1          1
152        791          1          0          8          0          0          0          1          1
153        791          1          0          8          0          0          0          1          1
154        791          1          0          8          0          0          0          1          1
155        791          1          0          8          0          0          0          1          1
156        791          0          0          9          0          0          0          0          0
157        791          0          0          9          0          0          0          0          0
158        791          0          0          9          0          0          0          0          0
159        791          0          0          9          0          0          0          0          0
160        791          0          0          9          0          0          0          0          0
161        791          0          0          9          0          0          0          0          0
162        791          0          0          9          0          0          0          0          0
163        791          0          0          9          0          0          0          0          0
164        791          0          0          9          0          0          0          0          0
165        791          0          0          9          0          0          0          0          0
166        791          0          0          9          0          0          0          0          0
167        791          0          0          9          0          0          0          0          0
168        791          0          0          9          0          0          0          0          0
169        791          0          0          9          0          0          0          0          0
170        791          0          0          9          0          0          0          0          0
171        791          0          0          9          0          0          0          0          0
172        791          0          0          9          0          0          0          0          0
173        791          0          0          9          0          0          0          0          0
174        791          0          0          9          0          0          0          0          0
175        791          0          0          9          0          0          0          0          0
176        791          0          0          9          0          0          0          0          0
177        791          0          0          9          0          0          0          0          0
178        791          0          0          9          0          0          0          0          0
179        791          0          0          9          0          0          0          0          0
180        791          0          0          9          0          0          0          0          0
--- ---------- ---------- ---------- ---------- ---------- ---------- ---------- ---------- ----------

Tipo 1
Día     Sanos  Infectados Importados    Curados Desinmuniz    Muertos Inf.Indire   Enfermos Hospitaliz
--- ---------- ---------- ---------- ---------- ---------- ---------- ---------- ---------- ----------
  1       2999          1          0          0          0          0          0          0          0
  2       2999          1          0          0          0          0          0          0          0
  3       2999          1          0          0          0          0          0          0          0
  4       2999          1          0          0          0          0          0          0          0
  5       2999          1          0          0          0          0          0          0          0
  6       2999          1          0          0          0          0          0          0          0
  7       2999          1          0          0          0          0          0          0          0
  8       2999          1          0          0          0          0          0          0          0
  9       2999          1          0          0          0          0          0          0          0
 10       2999          1          0          0          0          0          0          0          0
 11       2999          1          0          0          0          0          0          0          0
 12       2999          1          0          0          0          0          0          0          0
 13       2999          1          0          0          0          0          0          0          0
 14       2999          0          0          1          0          0          0          0          0
 15       2999          0          0          1          0          0          0          0          0
 16       2999          0          0          1          0          0          0          0          0
 17       2999          0          0          1          0          0          0          0          0
 18       2999          0          0          1          0          0          0          0          0
 19       2999          0          0          1          0          0          0          0          0
 20       2999          0          0          1          0          0          0          0          0
 21       2998          1          0          1          0          0          0          0          0
 22       2997          2          0          1          0          0          0          0          0
 23       2997          2          0          1          0          0          0          0          0
 24       2997          2          0          1          0          0          0          0          0
 25       2996          3          0          1          0          0          0          0          0
 26       2996          3          0          1          0          0          0          0          0
 27       2996          3          0          1          0          0          0          0          0
 28       2996          3          0          1          0          0          0          1          0
 29       2996          3          0          1          0          0          0          2          0
 30       2995          4          0          1          0          0          0          2          0
 31       2995          4          0          1          0          0          0          2          0
 32       2995          4          0          1          0          0          0          3          1
 33       2995          4          0          1          0          0          0          3          1
 34       2994          5          0          1          0          0          0          3          1
 35       2994          5          0          1          0          0          0          3          1
 36       2994          5          0          1          0          0          0          3          1
 37       2994          5          0          1          0          0          0          4          1
 38       2994          5          0          1          0          0          0          4          1
 39       2993          6          0          1          0          0          0          4          1
 40       2993          6          0          1          0          0          0          4          1
 41       2993          6          0          1          0          0          0          5          1
 42       2993          5          0          2          0          0          0          4          1
 43       2992          6          0          2          0          0          0          4          1
 44       2991          7          0          2          0          0          0          4          1
 45       2991          7          0          2          0          0          0          4          1
 46       2991          7          0          2          0          0          0          5          1
 47       2991          7          0          2          0          0          0          5          1
 48       2991          6          0          3          0          0          0          4          1
 49       2990          7          0          3          0          0          0          4          1
 50       2990          7          0          3          0          0          0          5          1
 51       2990          7          0          3          0          0          0          6          1
 52       2990          7          0          3          0          0          0          6          1
 53       2989          8          0          3          0          0          0          6          1
 54       2989          8          0          3          0          0          0          6          1
 55       2989          7          0          4          0          0          0          5          1
 56       2988          7          0          5          0          0          0          5          1
 57       2988          7          0          5          0          0          0          5          1
 58       2987          8          0          5          0          0          0          5          1
 59       2986          9          0          5          0          0          0          5          1
 60       2986          9          0          5          0          0          0          6          1
 61       2985         10          0          5          0          0          0          6          1
 62       2985          9          0          6          0          0          0          5          1
 63       2985          9          0          6          0          0          0          6          1
 64       2985          9          0          6          0          0          0          6          1
 65       2985          9          0          6          0          0          0          7          1
 66       2984         10          0          6          0          0          0          8          1
 67       2984         10          0          6          0          0          0          8          1
 68       2983         10          0          7          0          0          0          8          1
 69       2983          7          0         10          0          0          0          5          0
 70       2983          7          0         10          0          0          0          5          0
 71       2983          6          0         11          0          0          0          4          0
 72       2983          6          0         11          0          0          0          4          0
 73       2983          6          0         11          0          0          0          5          0
 74       2983          6          0         11          0          0          0          5          0
 75       2983          6          0         11          0          0          0          6          0
 76       2981          8          0         11          0          0          0          6          0
 77       2981          8          0         11          0          0          0          6          0
 78       2981          8          0         11          0          0          0          6          0
 79       2980          9          0         11          0          0          0          6          0
 80       2978         11          0         11          0          0          0          6          0
 81       2978         11          0         11          0          0          0          6          0
 82       2976         11          0         13          0          0          0          4          0
 83       2974         13          0         13          0          0          0          6          0
 84       2974         13          0         13          0          0          0          6          0
 85       2974         12          0         14          0          0          0          5          0
 86       2974         12          0         14          0          0          0          6          0
 87       2973         13          0         14          0          0          0          8          0
 88       2973         13          0         14          0          0          0          8          0
 89       2973         12          0         15          0          0          0          9          1
 90       2971         13          0         16          0          0          0         10          1
 91       2969         15          0         16          0          0          0         10          1
 92       2968         15          0         17          0          0          0          9          1
 93       2968         15          0         17          0          0          0          9          1
 94       2968         15          0         17          0          0          0         10          1
 95       2968         14          0         18          0          0          0          9          1
 96       2967         15          0         18          0          0          0          9          1
 97       2966         16          0         18          0          0          0         11          1
 98       2963         18          0         19          0          0          0         12          1
 99       2958         23          0         19          0          0          0         13          1
100       2958         23          0         19          0          0          0         13          1
101       2955         24          0         21          0          0          0         11          0
102       2952         27          0         21          0          0          0         11          0
103       2950         29          0         21          0          0          0         12          0
104       2949         30          0         21          0          0          0         13          0
105       2949         30          0         21          0          0          0         16          1
106       2948         29          0         23          0          0          0         19          2
107       2948         28          0         24          0          0          0         18          2
108       2948         28          0         24          0          0          0         21          3
109       2947         29          0         24          0          0          0         24          3
110       2946         30          0         24          0          0          0         26          3
111       2946         27          0         27          0          0          0         24          3
112       2946         27          0         27          0          0          0         24          3
113       2946         26          0         28          0          0          0         24          3
114       2946         24          0         30          0          0          0         22          3
115       2944         26          0         30          0          0          0         22          3
116       2944         26          0         30          0          0          0         23          3
117       2944         25          0         31          0          0          0         23          3
118       2944         24          0         32          0          0          0         22          3
119       2944         24          0         32          0          0          0         22          3
120       2944         24          0         32          0          0          0         22          3
121       2944         23          0         33          0          0          0         21          3
122       2944         20          0         36          0          0          0         20          2
123       2944         19          0         37          0          0          0         19          2
124       2944         17          0         39          0          0          0         17          2
125       2942         16          0         42          0          0          0         14          2
126       2942         15          0         43          0          0          0         13          2
127       2941         14          0         45          0          0          0         11          1
128       2941         13          0         46          0          0          0         10          1
129       2941         12          0         47          0          0          0          9          1
130       2941         10          0         49          0          0          0          7          1
131       2941         10          0         49          0          0          0          7          1
132       2941          8          0         51          0          0          0          7          1
133       2941          8          0         51          0          0          0          7          1
134       2941          7          0         52          0          0          0          7          1
135       2941          7          0         52          0          0          0          7          1
136       2941          6          0         53          0          0          0          6          1
137       2940          6          0         54          0          0          0          5          1
138       2940          6          0         54          0          0          0          5          1
139       2940          6          0         54          0          0          0          5          1
140       2940          6          0         54          0          0          0          5          1
141       2939          6          0         55          0          0          0          4          0
142       2939          6          0         55          0          0          0          4          0
143       2938          6          0         56          0          0          0          3          0
144       2937          7          0         56          0          0          0          4          0
145       2937          6          0         57          0          0          0          3          0
146       2937          6          0         57          0          0          0          3          0
147       2937          6          0         57          0          0          0          3          0
148       2937          6          0         57          0          0          0          4          0
149       2937          6          0         57          0          0          0          4          0
150       2937          6          0         57          0          0          0          5          0
151       2937          5          0         58          0          0          0          5          0
152       2937          5          0         58          0          0          0          5          0
153       2936          6          0         58          0          0          0          5          0
154       2936          6          0         58          0          0          0          5          0
155       2936          6          0         58          0          0          0          5          0
156       2936          6          0         58          0          0          0          5          0
157       2936          5          0         59          0          0          0          4          0
158       2935          6          0         59          0          0          0          4          0
159       2935          6          0         59          0          0          0          4          0
160       2935          6          0         59          0          0          0          5          0
161       2934          7          0         59          0          0          0          5          0
162       2933          8          0         59          0          0          0          5          0
163       2933          8          0         59          0          0          0          5          0
164       2933          8          0         59          0          0          0          5          0
165       2932          9          0         59          0          0          0          6          0
166       2932          9          0         59          0          0          0          6          0
167       2932          9          0         59          0          0          0          6          0
168       2931          8          0         61          0          0          0          5          0
169       2931          8          0         61          0          0          0          6          0
170       2931          8          0         61          0          0          0          6          0
171       2931          7          0         62          0          0          0          5          0
172       2931          6          0         63          0          0          0          5          0
173       2930          7          0         63          0          0          0          5          0
174       2929          8          0         63          0          0          0          5          0
175       2929          7          0         64          0          0          0          5          0
176       2929          7          0         64          0          0          0          5          0
177       2929          7          0         64          0          0          0          5          0
178       2929          7          0         64          0          0          0          5          0
179       2929          7          0         64          0          0          0          5          0
180       2928          8          0         64          0          0          0          6          0
--- ---------- ---------- ---------- ---------- ---------- ---------- ---------- ---------- ----------

Tipo 2
Día     Sanos  Infectados Importados    Curados Desinmuniz    Muertos Inf.Indire   Enfermos Hospitaliz
--- ---------- ---------- ---------- ---------- ---------- ---------- ---------- ---------- ----------
  1      12395          5          0          0          0          0          0          0          0
  2      12395          5          0          0          0          0          0          0          0
  3      12395          5          0          0          0          0          0          0          0
  4      12395          5          0          0          0          0          0          0          0
  5      12395          5          0          0          0          0          0          0          0
  6      12394          6          0          0          0          0          0          0          0
  7      12391          9          0          0          0          0          0          0          0
  8      12389         11          0          0          0          0          0          0          0
  9      12386         14          0          0          0          0          0          0          0
 10      12377         23          0          0          0          0          0          0          0
 11      12373         27          0          0          0          0          0          0          0
 12      12359         41          0          0          0          0          0          0          0
 13      12334         66          0          0          0          0          0          1          0
 14      12313         86          0          1          0          0          0          4          0
 15      12298        101          0          1          0          0          0          6          0
 16      12275        124          0          1          0          0          0          9          0
 17      12261        137          0          2          0          0          0         18          0
 18      12252        146          0          2          0          0          0         22          0
 19      12218        180          0          2          0          0          0         36          2
 20      12189        208          0          3          0          0          0         60          5
 21      12160        237          0          3          0          0          0         81          6
 22      12126        270          0          4          0          0          0         96          7
 23      12088        305          0          7          0          0          0        117          9
 24      12076        317          0          7          0          0          0        131         11
 25      12061        329          0         10          0          0          0        137         12
 26      12053        336          0         11          0          0          0        170         14
 27      12040        348          0         12          0          0          0        198         14
 28      12026        362          0         12          0          0          0        227         16
 29      12005        381          0         14          0          0          0        260         22
 30      11991        392          0         17          0          0          0        295         28
 31      11953        425          0         22          0          0          0        302         28
 32      11922        452          0         26          0          0          0        313         27
 33      11886        486          0         28          0          0          0        319         28
 34      11831        534          0         35          0          0          0        325         29
 35      11772        577          0         50          0          1          0        323         28
 36      11712        633          0         54          0          1          0        340         29
 37      11644        692          0         61          0          3          0        345         29
 38      11569        751          0         74          0          6          0        367         31
 39      11520        782          0         92          0          6          0        381         32
 40      11494        797          0        102          0          7          0        406         35
 41      11454        826          0        113          0          7          0        450         40
 42      11426        835          0        131          0          8          0        489         43
 43      11386        861          0        144          0          9          0        535         45
 44      11330        896          0        164          0         10          0        582         48
 45      11263        943          0        184          0         10          0        637         53
 46      11210        972          0        206          0         12          0        662         53
 47      11141       1011          0        235          0         13          0        658         53
 48      11066       1066          0        255          0         13          0        678         54
 49      11019       1090          0        278          0         13          0        683         54
 50      10980       1098          0        308          0         14          0        692         55
 51      10944       1116          0        326          0         14          0        731         60
 52      10915       1117          0        354          0         14          0        772         62
 53      10888       1117          0        380          0         15          0        797         65
 54      10860       1123          0        400          0         17          0        842         70
 55      10825       1132          0        426          0         17          0        891         79
 56      10791       1139          0        452          0         18          0        911         87
 57      10763       1136          0        483          0         18          0        919         90
 58      10734       1128          0        518          0         20          0        918         92
 59      10691       1132          0        556          0         21          0        908         96
 60      10665       1118          0        594          0         23          0        895         91
 61      10634       1114          0        628          0         24          0        888         90
 62      10611       1087          0        677          0         25          0        873         91
 63      10588       1065          0        722          0         25          0        862         95
 64      10568       1041          0        766          0         25          0        846         92
 65      10550       1009          0        814          0         27          0        825         86
 66      10536        968          0        869          0         27          0        813         82
 67      10518        944          0        911          0         27          0        797         86
 68      10505        896          0        971          0         28          0        767         86
 69      10497        848          0       1026          0         29          0        734         83
 70      10488        816          0       1062          0         34          0        716         80
 71      10476        782          0       1106          0         36          0        690         79
 72      10458        755          0       1151          0         36          0        663         79
 73      10444        731          0       1188          0         37          0        639         73
 74      10418        711          0       1233          0         38          0        611         70
 75      10395        688          0       1279          0         38          0        578         66
 76      10377        658          0       1326          0         39          0        538         60
 77      10345        647          0       1368          0         40          0        504         58
 78      10328        618          0       1414          0         40          0        470         56
 79      10304        598          0       1457          0         41          0        444         51
 80      10287        582          0       1490          0         41          0        425         48
 81      10273        555          0       1530          0         42          0        410         49
 82      10263        536          0       1559          0         42          0        404         47
 83      10258        514          0       1586          0         42          0        395         45
 84      10253        489          0       1616          0         42          0        397         45
 85      10252        462          0       1644          0         42          0        386         46
 86      10217        468          0       1673          0         42          0        381         42
 87      10188        464          0       1706          0         42          0        365         38
 88      10165        468          0       1725          0         42          0        360         36
 89      10100        515          0       1742          0         43          0        352         33
 90      10006        579          0       1772          0         43          0        327         31
 91       9876        691          0       1790          0         43          0        314         25
 92       9721        817          0       1819          0         43          0        286         22
 93       9488       1030          0       1839          0         43          0        301         26
 94       9271       1227          0       1859          0         43          0        310         28
 95       9078       1403          0       1876          0         43          0        316         28
 96       8902       1564          0       1890          0         44          0        366         32
 97       8791       1659          0       1906          0         44          0        444         41
 98       8710       1723          0       1922          0         45          0        558         53
 99       8643       1772          0       1940          0         45          0        695         70
100       8595       1809          0       1949          0         47          0        916         90
101       8558       1825          0       1968          0         49          0       1113        114
102       8523       1837          0       1991          0         49          0       1283        134
103       8483       1854          0       2014          0         49          0       1435        142
104       8461       1852          0       2038          0         49          0       1522        150
105       8435       1845          0       2070          0         50          0       1570        156
106       8410       1841          0       2099          0         50          0       1608        162
107       8398       1819          0       2133          0         50          0       1622        161
108       8379       1801          0       2170          0         50          0       1622        163
109       8364       1781          0       2205          0         50          0       1622        163
110       8352       1750          0       2246          0         52          0       1619        164
111       8337       1722          0       2289          0         52          0       1599        166
112       8324       1688          0       2334          0         54          0       1577        165
113       8314       1642          0       2389          0         55          0       1546        161
114       8299       1605          0       2440          0         56          0       1506        156
115       8288       1550          0       2503          0         59          0       1459        153
116       8277       1491          0       2571          0         61          0       1404        145
117       8266       1415          0       2656          0         63          0       1329        138
118       8262       1325          0       2749          0         64          0       1250        122
119       8250       1257          0       2828          0         65          0       1183        113
120       8234       1164          0       2936          0         66          0       1084        103
121       8224       1068          0       3040          0         68          0        993         94
122       8219        960          0       3153          0         68          0        891         86
123       8215        849          0       3265          0         71          0        787         76
124       8211        725          0       3390          0         74          0        670         65
125       8210        624          0       3492          0         74          0        572         57
126       8207        524          0       3591          0         78          0        481         46
127       8200        447          0       3675          0         78          0        413         40
128       8199        396          0       3725          0         80          0        371         35
129       8196        355          0       3769          0         80          0        332         29
130       8193        318          0       3807          0         82          0        296         27
131       8189        285          0       3842          0         84          0        263         26
132       8188        258          0       3870          0         84          0        236         22
133       8184        238          0       3894          0         84          0        215         21
134       8181        219          0       3916          0         84          0        200         19
135       8178        204          0       3934          0         84          0        183         17
136       8174        191          0       3951          0         84          0        169         15
137       8174        173          0       3969          0         84          0        154         14
138       8171        165          0       3979          0         85          0        147         12
139       8171        148          0       3996          0         85          0        131          9
140       8170        139          0       4006          0         85          0        125          7
141       8170        128          0       4017          0         85          0        117          6
142       8169        117          0       4029          0         85          0        108          6
143       8168        108          0       4039          0         85          0        102          7
144       8168        104          0       4043          0         85          0         98          7
145       8166         93          0       4056          0         85          0         88          7
146       8162         90          0       4063          0         85          0         81          6
147       8162         84          0       4069          0         85          0         76          6
148       8160         73          0       4082          0         85          0         63          3
149       8160         68          0       4087          0         85          0         59          2
150       8159         62          0       4094          0         85          0         53          2
151       8158         58          0       4099          0         85          0         48          1
152       8156         50          0       4109          0         85          0         40          2
153       8153         49          0       4113          0         85          0         40          2
154       8152         48          0       4115          0         85          0         38          2
155       8151         43          0       4121          0         85          0         34          2
156       8151         42          0       4122          0         85          0         33          2
157       8151         36          0       4127          0         86          0         28          2
158       8151         34          0       4129          0         86          0         27          2
159       8151         32          0       4130          0         87          0         27          2
160       8150         30          0       4133          0         87          0         27          2
161       8149         30          0       4134          0         87          0         27          2
162       8149         26          0       4138          0         87          0         24          2
163       8148         25          0       4140          0         87          0         22          2
164       8148         24          0       4141          0         87          0         21          2
165       8148         23          0       4142          0         87          0         20          1
166       8147         24          0       4142          0         87          0         20          1
167       8147         20          0       4146          0         87          0         17          0
168       8147         19          0       4147          0         87          0         17          0
169       8146         19          0       4148          0         87          0         16          0
170       8146         19          0       4148          0         87          0         17          0
171       8146         18          0       4149          0         87          0         16          0
172       8146         17          0       4150          0         87          0         15          0
173       8144         17          0       4152          0         87          0         14          0
174       8144         17          0       4152          0         87          0         14          0
175       8144         17          0       4152          0         87          0         14          0
176       8144         14          0       4155          0         87          0         12          0
177       8144         12          0       4157          0         87          0         10          0
178       8143         13          0       4157          0         87          0         10          0
179       8143         13          0       4157          0         87          0         10          0
180       8142         13          0       4158          0         87          0         11          0
--- ---------- ---------- ---------- ---------- ---------- ---------- ---------- ---------- ----------

Tipo 3
Día     Sanos  Infectados Importados    Curados Desinmuniz    Muertos Inf.Indire   Enfermos Hospitaliz
--- ---------- ---------- ---------- ---------- ---------- ---------- ---------- ---------- ----------
  1       1000          0          0          0          0          0          0          0          0
  2       1000          0          0          0          0          0          0          0          0
  3       1000          0          0          0          0          0          0          0          0
  4       1000          0          0          0          0          0          0          0          0
  5       1000          0          0          0          0          0          0          0          0
  6       1000          0          0          0          0          0          0          0          0
  7       1000          0          0          0          0          0          0          0          0
  8       1000          0          0          0          0          0          0          0          0
  9       1000          0          0          0          0          0          0          0          0
 10        999          1          0          0          0          0          0          0          0
 11        999          1          0          0          0          0          0          0          0
 12        999          1          0          0          0          0          0          0          0
 13        997          3          0          0          0          0          0          0          0
 14        997          3          0          0          0          0          0          0          0
 15        996          4          0          0          0          0          0          0          0
 16        995          5          0          0          0          0          0          0          0
 17        993          7          0          0          0          0          0          1          0
 18        941         59          0          0          0          0          0          1          0
 19        938         62          0          0          0          0          0          1          0
 20        937         63          0          0          0          0          0          3          0
 21        927         73          0          0          0          0          0          3          0
 22        921         79          0          0          0          0          0          4          0
 23        917         83          0          0          0          0          0          5          0
 24        860        140          0          0          0          0          0          7          0
 25        845        155          0          0          0          0          0         59          6
 26        834        166          0          0          0          0          0         62          6
 27        823        177          0          0          0          0          0         63          7
 28        813        187          0          0          0          0          0         73         10
 29        800        200          0          0          0          0          0         79         10
 30        791        209          0          0          0          0          0         83         10
 31        782        217          0          1          0          0          0        139         15
 32        772        225          0          3          0          0          0        152         17
 33        757        238          0          5          0          0          0        161         17
 34        749        245          0          6          0          0          0        171         18
 35        741        252          0          7          0          0          0        180         17
 36        733        259          0          8          0          0          0        192         18
 37        724        267          0          9          0          0          0        200         21
 38        709        278          0         13          0          0          0        205         23
 39        701        281          0         17          0          1          0        210         23
 40        693        288          0         17          0          2          0        224         23
 41        678        300          0         20          0          2          0        229         24
 42        667        303          0         27          0          3          0        229         23
 43        661        305          0         30          0          4          0        233         22
 44        650        304          0         40          0          6          0        230         23
 45        639        312          0         43          0          6          0        242         24
 46        628        311          0         53          0          8          0        238         24
 47        616        309          0         62          0         13          0        232         24
 48        599        316          0         71          0         14          0        237         25
 49        589        298          0         97          0         16          0        220         24
 50        574        305          0        104          0         17          0        218         23
 51        562        311          0        110          0         17          0        223         22
 52        550        305          0        120          0         25          0        216         20
 53        535        308          0        132          0         25          0        215         21
 54        525        307          0        140          0         28          0        216         21
 55        509        304          0        155          0         32          0        214         21
 56        497        297          0        172          0         34          0        205         20
 57        484        305          0        176          0         35          0        215         21
 58        478        299          0        183          0         40          0        215         20
 59        460        308          0        190          0         42          0        218         21
 60        447        308          0        202          0         43          0        220         22
 61        440        305          0        209          0         46          0        220         21
 62        430        299          0        223          0         48          0        220         18
 63        421        298          0        231          0         50          0        222         19
 64        409        301          0        239          0         51          0        226         19
 65        398        304          0        247          0         51          0        224         19
 66        391        300          0        258          0         51          0        231         19
 67        380        303          0        264          0         53          0        236         23
 68        372        297          0        274          0         57          0        229         22
 69        366        294          0        281          0         59          0        230         22
 70        364        288          0        289          0         59          0        231         23
 71        358        281          0        299          0         62          0        230         23
 72        354        269          0        313          0         64          0        225         25
 73        353        260          0        321          0         66          0        222         27
 74        350        253          0        330          0         67          0        223         30
 75        347        239          0        345          0         69          0        214         29
 76        345        229          0        355          0         71          0        208         27
 77        342        221          0        363          0         74          0        199         25
 78        341        207          0        375          0         77          0        190         23
 79        336        203          0        383          0         78          0        185         22
 80        333        193          0        394          0         80          0        173         20
 81        328        189          0        403          0         80          0        167         20
 82        324        177          0        417          0         82          0        154         18
 83        321        171          0        425          0         83          0        147         17
 84        318        161          0        433          0         88          0        137         17
 85        312        159          0        440          0         89          0        130         17
 86        310        150          0        450          0         90          0        124         17
 87        306        144          0        457          0         93          0        117         14
 88        301        134          0        470          0         95          0        107         12
 89        299        126          0        479          0         96          0        101         11
 90        296        114          0        492          0         98          0         89         11
 91        293        109          0        499          0         99          0         84          8
 92        289        106          0        506          0         99          0         83          8
 93        284        105          0        511          0        100          0         79          7
 94        281         98          0        521          0        100          0         73          6
 95        278         97          0        525          0        100          0         74          7
 96        269        103          0        528          0        100          0         73          7
 97        255        109          0        534          0        102          0         68          6
 98        247        111          0        540          0        102          0         65          6
 99        238        112          0        546          0        104          0         61          7
100        229        114          0        553          0        104          0         59          7
101        223        115          0        558          0        104          0         57          7
102        214        123          0        559          0        104          0         59          7
103        202        133          0        561          0        104          0         66          9
104        198        134          0        564          0        104          0         77          9
105        185        143          0        568          0        104          0         81          9
106        179        144          0        573          0        104          0         85          9
107        172        149          0        574          0        105          0         92          9
108        165        154          0        576          0        105          0         96          9
109        155        164          0        576          0        105          0        105         12
110        150        165          0        579          0        106          0        113         13
111        140        170          0        584          0        106          0        112         12
112        138        168          0        587          0        107          0        121         11
113        132        169          0        592          0        107          0        122         12
114        125        173          0        595          0        107          0        126         12
115        123        172          0        598          0        107          0        130         14
116        120        169          0        603          0        108          0        134         16
117        114        170          0        608          0        108          0        134         18
118        113        167          0        612          0        108          0        140         17
119        111        165          0        616          0        108          0        138         17
120        109        159          0        624          0        108          0        136         17
121        102        160          0        629          0        109          0        137         15
122        100        159          0        630          0        111          0        136         15
123         99        152          0        637          0        112          0        131         14
124         98        147          0        641          0        114          0        131         14
125         97        144          0        644          0        115          0        128         14
126         96        135          0        654          0        115          0        120         14
127         95        129          0        661          0        115          0        115         12
128         92        125          0        667          0        116          0        115         12
129         91        116          0        677          0        116          0        107         12
130         88        115          0        680          0        117          0        104         12
131         88        111          0        684          0        117          0        101         11
132         88        108          0        687          0        117          0         99         11
133         88         96          0        696          0        120          0         88          9
134         86         87          0        703          0        124          0         78          6
135         85         81          0        709          0        125          0         74          6
136         85         71          0        717          0        127          0         65          7
137         85         62          0        723          0        130          0         59          6
138         85         55          0        730          0        130          0         52          6
139         85         53          0        732          0        130          0         50          6
140         84         50          0        735          0        131          0         46          6
141         84         44          0        741          0        131          0         42          6
142         83         42          0        744          0        131          0         40          6
143         83         37          0        749          0        131          0         35          5
144         83         32          0        752          0        133          0         30          3
145         82         31          0        753          0        134          0         28          3
146         82         31          0        753          0        134          0         28          3
147         82         29          0        755          0        134          0         27          3
148         82         25          0        759          0        134          0         23          2
149         82         23          0        761          0        134          0         22          2
150         82         22          0        762          0        134          0         21          2
151         82         21          0        763          0        134          0         20          2
152         82         17          0        767          0        134          0         17          2
153         82         16          0        768          0        134          0         16          1
154         82         15          0        769          0        134          0         15          1
155         82         14          0        770          0        134          0         14          1
156         82         13          0        770          0        135          0         13          1
157         82         12          0        771          0        135          0         12          1
158         82         10          0        772          0        136          0         10          1
159         82          8          0        773          0        137          0          8          1
160         82          7          0        774          0        137          0          7          0
161         82          5          0        776          0        137          0          5          0
162         82          4          0        777          0        137          0          4          0
163         82          4          0        777          0        137          0          4          0
164         82          4          0        777          0        137          0          4          0
165         82          3          0        778          0        137          0          3          0
166         82          2          0        779          0        137          0          2          0
167         82          2          0        779          0        137          0          2          0
168         82          2          0        779          0        137          0          2          0
169         82          1          0        780          0        137          0          1          0
170         82          1          0        780          0        137          0          1          0
171         82          0          0        780          0        138          0          0          0
172         82          0          0        780          0        138          0          0          0
173         82          0          0        780          0        138          0          0          0
174         82          0          0        780          0        138          0          0          0
175         82          0          0        780          0        138          0          0          0
176         82          0          0        780          0        138          0          0          0
177         82          0          0        780          0        138          0          0          0
178         82          0          0        780          0        138          0          0          0
179         82          0          0        780          0        138          0          0          0
180         82          0          0        780          0        138          0          0          0
--- ---------- ---------- ---------- ---------- ---------- ---------- ---------- ---------- ----------

Tipo 4
Día     Sanos  Infectados Importados    Curados Desinmuniz    Muertos Inf.Indire   Enfermos Hospitaliz
--- ---------- ---------- ---------- ---------- ---------- ---------- ---------- ---------- ----------
  1       2798          2          0          0          0          0          0          0          0
  2       2798          2          0          0          0          0          0          0          0
  3       2798          2          0          0          0          0          0          0          0
  4       2798          2          0          0          0          0          0          0          0
  5       2798          2          0          0          0          0          0          0          0
  6       2798          2          0          0          0          0          0          0          0
  7       2797          3          0          0          0          0          0          0          0
  8       2797          3          0          0          0          0          0          0          0
  9       2796          4          0          0          0          0          0          0          0
 10       2796          4          0          0          0          0          0          0          0
 11       2796          4          0          0          0          0          0          0          0
 12       2796          4          0          0          0          0          0          0          0
 13       2791          9          0          0          0          0          0          0          0
 14       2788         12          0          0          0          0          0          1          0
 15       2786         14          0          0          0          0          0          1          0
 16       2782         18          0          0          0          0          0          2          0
 17       2779         21          0          0          0          0          0          2          0
 18       2778         22          0          0          0          0          0          2          0
 19       2773         27          0          0          0          0          0          2          0
 20       2763         37          0          0          0          0          0          7          1
 21       2754         46          0          0          0          0          0         10          2
 22       2746         54          0          0          0          0          0         12          3
 23       2740         60          0          0          0          0          0         16          3
 24       2701         99          0          0          0          0          0         19          3
 25       2679        121          0          0          0          0          0         20          3
 26       2629        170          0          1          0          0          0         24          3
 27       2616        183          0          1          0          0          0         34          5
 28       2560        239          0          1          0          0          0         43          7
 29       2500        298          0          2          0          0          0         50          7
 30       2480        317          0          3          0          0          0         55          8
 31       2466        330          0          3          0          1          0         93         10
 32       2455        339          0          5          0          1          0        115         11
 33       2444        350          0          5          0          1          0        165         15
 34       2400        393          0          6          0          1          0        177         16
 35       2390        401          0          8          0          1          0        231         19
 36       2366        425          0          8          0          1          0        291         27
 37       2354        435          0          8          0          3          0        309         29
 38       2338        449          0          8          0          5          0        321         29
 39       2323        463          0          9          0          5          0        331         32
 40       2300        484          0         11          0          5          0        340         35
 41       2282        499          0         11          0          8          0        381         39
 42       2258        517          0         13          0         12          0        385         39
 43       2240        528          0         19          0         13          0        402         39
 44       2219        539          0         23          0         19          0        404         39
 45       2191        556          0         29          0         24          0        409         41
 46       2176        558          0         37          0         29          0        411         44
 47       2155        564          0         50          0         31          0        419         43
 48       2139        565          0         57          0         39          0        422         43
 49       2121        570          0         66          0         43          0        433         46
 50       2101        577          0         75          0         47          0        438         47
 51       2079        575          0         93          0         53          0        435         45
 52       2053        582          0        106          0         59          0        444         46
 53       2021        600          0        117          0         62          0        445         45
 54       1995        604          0        133          0         68          0        444         46
 55       1976        583          0        158          0         83          0        420         45
 56       1952        579          0        177          0         92          0        410         47
 57       1932        568          0        195          0        105          0        399         45
 58       1899        567          0        221          0        113          0        387         43
 59       1867        571          0        240          0        122          0        385         44
 60       1849        560          0        260          0        131          0        388         44
 61       1821        569          0        274          0        136          0        395         45
 62       1803        571          0        285          0        141          0        398         46
 63       1779        573          0        303          0        145          0        400         42
 64       1762        572          0        317          0        149          0        402         43
 65       1748        556          0        339          0        157          0        405         48
 66       1729        559          0        350          0        162          0        421         47
 67       1710        556          0        367          0        167          0        417         47
 68       1696        553          0        375          0        176          0        428         51
 69       1678        551          0        388          0        183          0        426         50
 70       1667        540          0        404          0        189          0        428         47
 71       1649        542          0        416          0        193          0        429         46
 72       1640        532          0        430          0        198          0        424         47
 73       1632        514          0        449          0        205          0        417         48
 74       1625        495          0        466          0        214          0        410         42
 75       1619        479          0        482          0        220          0        402         39
 76       1609        466          0        496          0        229          0        397         38
 77       1602        461          0        503          0        234          0        396         36
 78       1596        447          0        518          0        239          0        394         37
 79       1588        432          0        536          0        244          0        380         37
 80       1585        415          0        548          0        252          0        368         37
 81       1578        403          0        563          0        256          0        356         36
 82       1565        398          0        571          0        266          0        344         35
 83       1552        378          0        589          0        281          0        321         30
 84       1542        365          0        602          0        291          0        305         31
 85       1536        344          0        616          0        304          0        284         30
 86       1490        370          0        634          0        306          0        272         28
 87       1478        352          0        653          0        317          0        245         26
 88       1465        342          0        668          0        325          0        229         27
 89       1453        339          0        677          0        331          0        227         25
 90       1443        332          0        688          0        337          0        223         25
 91       1435        322          0        702          0        341          0        215         21
 92       1426        314          0        714          0        346          0        204         17
 93       1411        314          0        725          0        350          0        235         17
 94       1390        314          0        739          0        357          0        226         18
 95       1379        313          0        748          0        360          0        227         17
 96       1360        317          0        759          0        364          0        224         14
 97       1329        336          0        768          0        367          0        223         15
 98       1293        361          0        779          0        367          0        219         16
 99       1265        374          0        790          0        371          0        213         14
100       1229        395          0        800          0        376          0        213         16
101       1209        405          0        808          0        378          0        224         18
102       1182        421          0        814          0        383          0        224         19
103       1151        441          0        822          0        386          0        232         20
104       1128        455          0        827          0        390          0        254         26
105       1104        468          0        834          0        394          0        279         30
106       1083        481          0        842          0        394          0        299         34
107       1070        483          0        850          0        397          0        324         39
108       1047        498          0        856          0        399          0        336         40
109       1032        502          0        861          0        405          0        352         41
110       1010        514          0        869          0        407          0        373         45
111        989        520          0        882          0        409          0        382         48
112        975        522          0        891          0        412          0        393         50
113        966        516          0        898          0        420          0        399         54
114        947        519          0        911          0        423          0        396         55
115        932        519          0        921          0        428          0        405         55
116        918        517          0        934          0        431          0        403         54
117        907        500          0        953          0        440          0        397         56
118        897        499          0        961          0        443          0        407         58
119        887        498          0        969          0        446          0        410         57
120        881        483          0        986          0        450          0        399         58
121        867        480          0       1000          0        453          0        401         54
122        859        461          0       1021          0        459          0        388         50
123        852        442          0       1038          0        468          0        376         48
124        842        429          0       1054          0        475          0        364         47
125        833        416          0       1065          0        486          0        352         45
126        829        394          0       1082          0        495          0        336         38
127        825        382          0       1092          0        501          0        326         33
128        821        356          0       1108          0        515          0        310         31
129        818        327          0       1131          0        524          0        286         26
130        813        307          0       1145          0        535          0        268         25
131        811        285          0       1157          0        547          0        254         24
132        809        270          0       1168          0        553          0        246         24
133        806        255          0       1182          0        557          0        232         23
134        803        246          0       1187          0        564          0        224         23
135        800        235          0       1195          0        570          0        214         21
136        799        220          0       1208          0        573          0        201         22
137        797        208          0       1218          0        577          0        192         21
138        796        197          0       1223          0        584          0        182         21
139        796        180          0       1236          0        588          0        167         18
140        795        164          0       1249          0        592          0        153         18
141        794        148          0       1259          0        599          0        139         15
142        794        138          0       1267          0        601          0        132         14
143        793        128          0       1273          0        606          0        122         14
144        792        122          0       1279          0        607          0        117         12
145        792        106          0       1290          0        612          0        102         12
146        790        100          0       1297          0        613          0         94         12
147        789         92          0       1305          0        614          0         86         12
148        788         88          0       1308          0        616          0         82         11
149        786         81          0       1317          0        616          0         73         11
150        785         71          0       1322          0        622          0         63          9
151        782         71          0       1325          0        622          0         61          9
152        782         64          0       1331          0        623          0         54          7
153        782         52          0       1338          0        628          0         44          5
154        782         46          0       1340          0        632          0         39          4
155        782         43          0       1341          0        634          0         37          3
156        779         43          0       1343          0        635          0         36          4
157        779         38          0       1346          0        637          0         32          4
158        779         35          0       1349          0        637          0         32          5
159        779         31          0       1353          0        637          0         28          4
160        778         31          0       1354          0        637          0         27          4
161        777         29          0       1357          0        637          0         24          4
162        777         26          0       1360          0        637          0         21          3
163        777         25          0       1361          0        637          0         23          3
164        777         23          0       1363          0        637          0         21          3
165        777         22          0       1363          0        638          0         20          3
166        777         19          0       1366          0        638          0         17          3
167        777         18          0       1367          0        638          0         17          3
168        777         16          0       1369          0        638          0         16          4
169        775         17          0       1370          0        638          0         15          4
170        775         17          0       1370          0        638          0         15          4
171        775         16          0       1370          0        639          0         14          4
172        775         16          0       1370          0        639          0         14          4
173        775         16          0       1370          0        639          0         14          4
174        775         15          0       1370          0        640          0         13          4
175        775         14          0       1370          0        641          0         12          4
176        775         13          0       1371          0        641          0         13          4
177        775         11          0       1373          0        641          0         11          3
178        775         10          0       1374          0        641          0         10          3
179        775          9          0       1375          0        641          0          9          3
180        775          7          0       1377          0        641          0          7          1
--- ---------- ---------- ---------- ---------- ---------- ---------- ---------- ---------- ----------

