Tipo 0
Día     Sanos  Infectados Importados    Curados Desinmuniz    Muertos Inf.Indire   Enfermos Hospitaliz
--- ---------- ---------- ---------- ---------- ---------- ---------- ---------- ---------- ----------
  1       2000          0          0          0          0          0          0          0          0
  2       2000          0          0          0          0          0          0          0          0
  3       2000          0          0          0          0          0          0          0          0
  4       2000          0          0          0          0          0          0          0          0
  5       2000          0          0          0          0          0          0          0          0
  6       2000          0          0          0          0          0          0          0          0
  7       2000          0          0          0          0          0          0          0          0
  8       2000          0          0          0          0          0          0          0          0
  9       2000          0          0          0          0          0          0          0          0
 10       2000          0          0          0          0          0          0          0          0
 11       2000          0          0          0          0          0          0          0          0
 12       2000          0          0          0          0          0          0          0          0
 13       2000          0          0          0          0          0          0          0          0
 14       2000          0          0          0          0          0          0          0          0
 15       1999          1          0          0          0          0          0          0          0
 16       1999          1          0          0          0          0          0          0          0
 17       1999          1          0          0          0          0          0          0          0
 18       1999          1          0          0          0          0          0          0          0
 19       1999          1          0          0          0          0          0          0          0
 20       1999          1          0          0          0          0          0          0          0
 21       1999          1          0          0          0          0          0          0          0
 22       1999          1          0          0          0          0          0          0          0
 23       1999          1          0          0          0          0          0          0          0
 24       1998          2          0          0          0          0          0          0          0
 25       1998          2          0          0          0          0          0          0          0
 26       1998          2          0          0          0          0          0          0          0
 27       1997          3          0          0          0          0          0          0          0
 28       1997          3          0          0          0          0          0          0          0
 29       1997          3          0          0          0          0          0          0          0
 30       1997          3          0          0          0          0          0          0          0
 31       1997          3          0          0          0          0          0          1          0
 32       1997          3          0          0          0          0          0          1          0
 33       1997          3          0          0          0          0          0          1          0
 34       1996          4          0          0          0          0          0          1          0
 35       1996          3          0          1          0          0          0          1          0
 36       1995          4          0          1          0          0          0          1          0
 37       1994          5          0          1          0          0          0          1          0
 38       1994          5          0          1          0          0          0          1          0
 39       1993          6          0          1          0          0          0          1          0
 40       1992          7          0          1          0          0          0          1          0
 41       1991          8          0          1          0          0          0          1          0
 42       1991          8          0          1          0          0          0          1          0
 43       1991          8          0          1          0          0          0          1          0
 44       1990          9          0          1          0          0          0          1          0
 45       1989         10          0          1          0          0          0          1          0
 46       1988         11          0          1          0          0          0          2          0
 47       1987         12          0          1          0          0          0          2          0
 48       1987         12          0          1          0          0          0          2          0
 49       1987         12          0          1          0          0          0          2          0
 50       1986         13          0          1          0          0          0          2          0
 51       1985         13          0          2          0          0          0          1          0
 52       1985         13          0          2          0          0          0          1          0
 53       1982         16          0          2          0          0          0          1          0
 54       1981         17          0          2          0          0          0          1          0
 55       1980         17          0          3          0          0          0          1          0
 56       1979         18          0          3          0          0          0          1          0
 57       1979         18          0          3          0          0          0          1          0
 58       1979         18          0          3          0          0          0          1          0
 59       1979         17          0          4          0          0          0          1          0
 60       1979         17          0          4          0          0          0          1          0
 61       1979         17          0          4          0          0          0          1          0
 62       1979         17          0          4          0          0          0          1          0
 63       1978         18          0          4          0          0          0          1          0
 64       1978         18          0          4          0          0          0          1          0
 65       1978         16          0          6          0          0          0          1          0
 66       1978         14          0          8          0          0          0          0          0
 67       1976         15          0          9          0          0          0          0          0
 68       1976         15          0          9          0          0          0          0          0
 69       1976         15          0          9          0          0          0          0          0
 70       1976         15          0          9          0          0          0          0          0
 71       1976         14          0         10          0          0          0          0          0
 72       1976         13          0         11          0          0          0          0          0
 73       1976         12          0         12          0          0          0          0          0
 74       1975         12          0         13          0          0          0          0          0
 75       1975         12          0         13          0          0          0          0          0
 76       1975         12          0         13          0          0          0          0          0
 77       1974         12          0         14          0          0          0          0          0
 78       1973         13          0         14          0          0          0          0          0
 79       1973         13          0         14          0          0          0          0          0
 80       1972         10          0         18          0          0          0          0          0
 81       1972          9          0         19          0          0          0          0          0
 82       1972          9          0         19          0          0          0          0          0
 83       1972          9          0         19          0          0          0          0          0
 84       1972          7          0         21          0          0          0          0          0
 85       1972          7          0         21          0          0          0          0          0
 86       1972          7          0         21          0          0          0          0          0
 87       1972          7          0         21          0          0          0          0          0
 88       1972          7          0         21          0          0          0          0          0
 89       1972          6          0         22          0          0          0          0          0
 90       1970          8          0         22          0          0          0          0          0
 91       1970          8          0         22          0          0          0          0          0
 92       1970          8          0         22          0          0          0          0          0
 93       1969          9          0         22          0          0          0          0          0
 94       1969          8          0         23          0          0          0          0          0
 95       1969          8          0         23          0          0          0          0          0
 96       1968          8          0         24          0          0          0          0          0
 97       1967          9          0         24          0          0          0          0          0
 98       1967          8          0         25          0          0          0          0          0
 99       1967          8          0         25          0          0          0          0          0
100       1965         10          0         25          0          0          0          0          0
101       1960         15          0         25          0          0          0          0          0
102       1959         15          0         26          0          0          0          0          0
103       1959         15          0         26          0          0          0          0          0
104       1958         16          0         26          0          0          0          0          0
105       1958         15          0         27          0          0          0          0          0
106       1956         17          0         27          0          0          0          0          0
107       1954         19          0         27          0          0          0          1          0
108       1953         20          0         27          0          0          0          1          0
109       1952         21          0         27          0          0          0          1          0
110       1950         22          0         28          0          0          0          1          0
111       1950         21          0         29          0          0          0          1          0
112       1948         21          0         31          0          0          0          1          0
113       1946         23          0         31          0          0          0          1          0
114       1946         21          0         33          0          0          0          1          0
115       1946         21          0         33          0          0          0          1          0
116       1946         21          0         33          0          0          0          1          0
117       1946         21          0         33          0          0          0          1          0
118       1944         23          0         33          0          0          0          1          0
119       1943         24          0         33          0          0          0          1          0
120       1943         22          0         35          0          0          0          1          0
121       1942         22          0         36          0          0          0          1          0
122       1942         21          0         37          0          0          0          1          0
123       1941         22          0         37          0          0          0          1          0
124       1941         22          0         37          0          0          0          1          0
125       1940         23          0         37          0          0          0          2          0
126       1939         24          0         37          0          0          0          2          0
127       1938         25          0         37          0          0          0          2          0
128       1937         26          0         37          0          0          0          2          0
129       1937         24          0         39          0          0          0          2          0
130       1937         24          0         39          0          0          0          2          0
131       1936         22          0         42          0          0          0          1          0
132       1935         20          0         45          0          0          0          1          0
133       1933         20          0         47          0          0          0          1          0
134       1933         20          0         47          0          0          0          1          0
135       1933         19          0         48          0          0          0          1          0
136       1933         18          0         49          0          0          0          1          0
137       1933         17          0         50          0          0          0          1          0
138       1933         15          0         52          0          0          0          2          0
139       1932         16          0         52          0          0          0          2          0
140       1932         16          0         52          0          0          0          2          0
141       1932         16          0         52          0          0          0          2          0
142       1932         14          0         54          0          0          0          2          0
143       1932         12          0         56          0          0          0          2          0
144       1932         11          0         57          0          0          0          2          0
145       1932         10          0         58          0          0          0          1          0
146       1932         10          0         58          0          0          0          1          0
147       1932         10          0         58          0          0          0          1          0
148       1932          8          0         60          0          0          0          0          0
149       1931          9          0         60          0          0          0          0          0
150       1931          8          0         61          0          0          0          0          0
--- ---------- ---------- ---------- ---------- ---------- ---------- ---------- ---------- ----------

Tipo 1
Día     Sanos  Infectados Importados    Curados Desinmuniz    Muertos Inf.Indire   Enfermos Hospitaliz
--- ---------- ---------- ---------- ---------- ---------- ---------- ---------- ---------- ----------
  1       7498          2          0          0          0          0          0          0          0
  2       7498          2          0          0          0          0          0          0          0
  3       7498          2          0          0          0          0          0          0          0
  4       7498          2          0          0          0          0          0          0          0
  5       7498          2          0          0          0          0          0          0          0
  6       7498          2          0          0          0          0          0          0          0
  7       7498          2          0          0          0          0          0          0          0
  8       7498          2          0          0          0          0          0          0          0
  9       7498          2          0          0          0          0          0          0          0
 10       7498          2          0          0          0          0          0          0          0
 11       7498          2          0          0          0          0          0          0          0
 12       7498          2          0          0          0          0          0          0          0
 13       7498          2          0          0          0          0          0          0          0
 14       7498          2          0          0          0          0          0          0          0
 15       7498          2          0          0          0          0          0          0          0
 16       7498          2          0          0          0          0          0          0          0
 17       7498          2          0          0          0          0          0          0          0
 18       7498          2          0          0          0          0          0          0          0
 19       7497          3          0          0          0          0          0          0          0
 20       7497          3          0          0          0          0          0          0          0
 21       7496          4          0          0          0          0          0          0          0
 22       7495          5          0          0          0          0          0          0          0
 23       7495          5          0          0          0          0          0          0          0
 24       7495          5          0          0          0          0          0          0          0
 25       7494          6          0          0          0          0          0          0          0
 26       7494          6          0          0          0          0          0          0          0
 27       7494          6          0          0          0          0          0          0          0
 28       7494          6          0          0          0          0          0          0          0
 29       7494          6          0          0          0          0          0          0          0
 30       7494          5          0          1          0          0          0          0          0
 31       7494          5          0          1          0          0          0          0          0
 32       7493          5          0          2          0          0          0          0          0
 33       7492          6          0          2          0          0          0          0          0
 34       7492          6          0          2          0          0          0          0          0
 35       7491          7          0          2          0          0          0          0          0
 36       7489          9          0          2          0          0          0          0          0
 37       7489          9          0          2          0          0          0          0          0
 38       7489          9          0          2          0          0          0          0          0
 39       7488         10          0          2          0          0          0          0          0
 40       7486         12          0          2          0          0          0          0          0
 41       7484         14          0          2          0          0          0          0          0
 42       7484         14          0          2          0          0          0          0          0
 43       7484         14          0          2          0          0          0          0          0
 44       7480         18          0          2          0          0          0          0          0
 45       7479         19          0          2          0          0          0          0          0
 46       7478         20          0          2          0          0          0          0          0
 47       7478         20          0          2          0          0          0          1          0
 48       7475         22          0          3          0          0          0          1          0
 49       7475         21          0          4          0          0          0          1          0
 50       7474         22          0          4          0          0          0          1          0
 51       7473         23          0          4          0          0          0          1          0
 52       7470         25          0          5          0          0          0          1          0
 53       7468         27          0          5          0          0          0          1          0
 54       7466         29          0          5          0          0          0          1          0
 55       7466         29          0          5          0          0          0          1          0
 56       7466         27          0          7          0          0          0          1          0
 57       7464         29          0          7          0          0          0          1          0
 58       7464         28          0          8          0          0          0          2          0
 59       7464         28          0          8          0          0          0          4          0
 60       7463         28          0          9          0          0          0          4          0
 61       7463         28          0          9          0          0          0          5          0
 62       7459         32          0          9          0          0          0          5          0
 63       7459         31          0         10          0          0          0          5          0
 64       7458         30          0         12          0          0          0          5          0
 65       7457         31          0         12          0          0          0          5          0
 66       7457         31          0         12          0          0          0          5          0
 67       7457         30          0         13          0          0          0          5          0
 68       7456         30          0         14          0          0          0          5          0
 69       7455         31          0         14          0          0          0          5          0
 70       7455         29          0         16          0          0          0          5          0
 71       7455         27          0         18          0          0          0          4          0
 72       7454         24          0         22          0          0          0          3          0
 73       7454         23          0         23          0          0          0          3          0
 74       7453         21          0         26          0          0          0          3          0
 75       7451         20          0         29          0          0          0          2          0
 76       7450         21          0         29          0          0          0          2          0
 77       7449         22          0         29          0          0          0          2          0
 78       7448         23          0         29          0          0          0          2          0
 79       7448         21          0         31          0          0          0          2          0
 80       7447         21          0         32          0          0          0          1          0
 81       7447         21          0         32          0          0          0          1          0
 82       7447         20          0         33          0          0          0          1          0
 83       7447         18          0         35          0          0          0          0          0
 84       7445         19          0         36          0          0          0          0          0
 85       7444         20          0         36          0          0          0          0          0
 86       7444         20          0         36          0          0          0          0          0
 87       7444         19          0         37          0          0          0          0          0
 88       7443         19          0         38          0          0          0          0          0
 89       7443         18          0         39          0          0          0          0          0
 90       7441         20          0         39          0          0          0          0          0
 91       7440         21          0         39          0          0          0          0          0
 92       7440         21          0         39          0          0          0          0          0
 93       7440         18          0         42          0          0          0          0          0
 94       7439         17          0         44          0          0          0          0          0
 95       7438         18          0         44          0          0          0          0          0
 96       7437         19          0         44          0          0          0          0          0
 97       7437         19          0         44          0          0          0          0          0
 98       7433         22          0         45          0          0          0          0          0
 99       7432         22          0         46          0          0          0          0          0
100       7431         22          0         47          0          0          0          0          0
101       7429         23          0         48          0          0          0          0          0
102       7425         27          0         48          0          0          0          0          0
103       7425         26          0         49          0          0          0          0          0
104       7423         26          0         51          0          0          0          0          0
105       7422         26          0         52          0          0          0          0          0
106       7420         27          0         53          0          0          0          0          0
107       7419         28          0         53          0          0          0          0          0
108       7418         27          0         55          0          0          0          0          0
109       7416         29          0         55          0          0          0          1          0
110       7414         30          0         56          0          0          0          1          0
111       7411         33          0         56          0          0          0          1          0
112       7404         38          0         58          0          0          0          1          0
113       7402         39          0         59          0          0          0          1          0
114       7401         40          0         59          0          0          0          1          0
115       7400         41          0         59          0          0          0          1          0
116       7400         40          0         60          0          0          0          1          0
117       7400         40          0         60          0          0          0          1          0
118       7399         41          0         60          0          0          0          1          0
119       7397         43          0         60          0          0          0          1          0
120       7396         42          0         62          0          0          0          1          0
121       7394         41          0         65          0          0          0          1          0
122       7394         40          0         66          0          0          0          1          0
123       7393         41          0         66          0          0          0          1          0
124       7393         41          0         66          0          0          0          1          0
125       7393         39          0         68          0          0          0          1          0
126       7391         39          0         70          0          0          0          1          0
127       7391         39          0         70          0          0          0          1          0
128       7388         42          0         70          0          0          0          1          0
129       7387         38          0         75          0          0          0          1          0
130       7385         40          0         75          0          0          0          2          0
131       7384         38          0         78          0          0          0          2          0
132       7384         36          0         80          0          0          0          2          0
133       7384         35          0         81          0          0          0          1          0
134       7384         34          0         82          0          0          0          1          0
135       7384         31          0         85          0          0          0          1          0
136       7382         32          0         86          0          0          0          1          0
137       7382         30          0         88          0          0          0          1          0
138       7381         29          0         90          0          0          0          1          0
139       7380         29          0         91          0          0          0          1          0
140       7378         30          0         92          0          0          0          1          0
141       7377         31          0         92          0          0          0          1          0
142       7377         28          0         95          0          0          0          1          0
143       7377         24          0         99          0          0          0          1          0
144       7376         25          0         99          0          0          0          1          0
145       7376         24          0        100          0          0          0          1          0
146       7376         23          0        101          0          0          0          1          0
147       7374         24          0        102          0          0          0          1          0
148       7374         24          0        102          0          0          0          1          0
149       7373         22          0        105          0          0          0          1          0
150       7373         21          0        106          0          0          0          1          0
--- ---------- ---------- ---------- ---------- ---------- ---------- ---------- ---------- ----------

Tipo 2
Día     Sanos  Infectados Importados    Curados Desinmuniz    Muertos Inf.Indire   Enfermos Hospitaliz
--- ---------- ---------- ---------- ---------- ---------- ---------- ---------- ---------- ----------
  1      30993          7          0          0          0          0          0          0          0
  2      30993          7          0          0          0          0          0          0          0
  3      30993          7          0          0          0          0          0          0          0
  4      30987         13          0          0          0          0          0          0          0
  5      30982         18          0          0          0          0          0          0          0
  6      30981         19          0          0          0          0          0          0          0
  7      30972         28          0          0          0          0          0          0          0
  8      30959         41          0          0          0          0          0          0          0
  9      30943         57          0          0          0          0          0          0          0
 10      30921         79          0          0          0          0          0          0          0
 11      30892        108          0          0          0          0          0          2          0
 12      30853        147          0          0          0          0          0          3          0
 13      30819        181          0          0          0          0          0          4          0
 14      30775        225          0          0          0          0          0          6          1
 15      30720        280          0          0          0          0          0         13          2
 16      30692        308          0          0          0          0          0         18          2
 17      30651        349          0          0          0          0          0         23          2
 18      30600        400          0          0          0          0          0         36          3
 19      30550        450          0          0          0          0          0         48          5
 20      30490        509          0          1          0          0          0         62          5
 21      30412        585          0          3          0          0          0         72          6
 22      30327        668          0          5          0          0          0         93          9
 23      30197        793          0         10          0          0          0        102          9
 24      30073        912          0         15          0          0          0        120          9
 25      29923       1062          0         15          0          0          0        139          9
 26      29744       1237          0         19          0          0          0        155         13
 27      29520       1451          0         29          0          0          0        166         13
 28      29296       1673          0         31          0          0          0        197         14
 29      29011       1951          0         38          0          0          0        230         24
 30      28705       2247          0         48          0          0          0        269         27
 31      28519       2422          0         59          0          0          0        295         29
 32      28290       2642          0         68          0          0          0        345         35
 33      28046       2869          0         85          0          0          0        394         40
 34      27784       3115          0        101          0          0          0        465         45
 35      27494       3380          0        126          0          0          0        537         57
 36      27178       3669          0        153          0          0          0        634         68
 37      26841       3981          0        178          0          0          0        728         74
 38      26494       4281          0        225          0          0          0        779         80
 39      26116       4608          0        276          0          0          0        833         84
 40      25766       4904          0        330          0          0          0        912         89
 41      25380       5241          0        379          0          0          0        980         97
 42      25001       5555          0        444          0          0          0       1054        107
 43      24614       5861          0        525          0          0          0       1131        113
 44      24253       6134          0        613          0          0          0       1227        128
 45      23895       6403          0        702          0          0          0       1315        139
 46      23564       6642          0        793          0          1          0       1411        148
 47      23246       6870          0        883          0          1          0       1488        156
 48      22979       7034          0        986          0          1          0       1586        165
 49      22726       7150          0       1123          0          1          0       1667        178
 50      22478       7276          0       1244          0          2          0       1767        183
 51      22272       7332          0       1393          0          3          0       1841        189
 52      22096       7341          0       1559          0          4          0       1896        189
 53      21876       7389          0       1731          0          4          0       1939        187
 54      21676       7386          0       1933          0          5          0       2000        190
 55      21510       7336          0       2149          0          5          0       2034        192
 56      21415       7201          0       2379          0          5          0       2039        203
 57      21322       7050          0       2622          0          6          0       2033        202
 58      21239       6867          0       2887          0          7          0       2007        199
 59      21157       6668          0       3167          0          8          0       1975        196
 60      21069       6448          0       3474          0          9          0       1944        194
 61      21003       6197          0       3790          0         10          0       1903        189
 62      20955       5983          0       4051          0         11          0       1867        185
 63      20905       5722          0       4362          0         11          0       1815        183
 64      20858       5475          0       4656          0         11          0       1756        180
 65      20814       5192          0       4981          0         13          0       1676        168
 66      20777       4928          0       5281          0         14          0       1600        159
 67      20734       4653          0       5598          0         15          0       1516        158
 68      20689       4401          0       5893          0         17          0       1430        146
 69      20659       4098          0       6224          0         19          0       1341        131
 70      20626       3828          0       6526          0         20          0       1248        122
 71      20534       3605          0       6841          0         20          0       1155        112
 72      20458       3363          0       7159          0         20          0       1054        101
 73      20407       3113          0       7458          0         22          0        961         89
 74      20342       2906          0       7730          0         22          0        874         77
 75      20288       2701          0       7989          0         22          0        791         70
 76      20250       2476          0       8252          0         22          0        719         67
 77      20212       2278          0       8487          0         23          0        655         58
 78      20174       2114          0       8688          0         24          0        622         59
 79      20150       1954          0       8872          0         24          0        588         60
 80      20134       1805          0       9037          0         24          0        554         53
 81      20107       1656          0       9213          0         24          0        507         50
 82      20080       1550          0       9345          0         25          0        489         51
 83      20058       1434          0       9483          0         25          0        454         47
 84      20033       1324          0       9617          0         26          0        425         44
 85      20010       1232          0       9732          0         26          0        384         44
 86      19857       1285          0       9832          0         26          0        356         41
 87      19728       1339          0       9907          0         26          0        333         39
 88      19615       1375          0       9984          0         26          0        314         37
 89      19395       1522          0      10057          0         26          0        293         33
 90      19146       1712          0      10116          0         26          0        281         31
 91      18823       1978          0      10172          0         27          0        266         29
 92      18456       2294          0      10223          0         27          0        262         28
 93      18023       2674          0      10276          0         27          0        302         32
 94      17587       3063          0      10323          0         27          0        332         32
 95      17130       3479          0      10364          0         27          0        361         33
 96      16715       3844          0      10414          0         27          0        422         41
 97      16323       4179          0      10471          0         27          0        498         47
 98      16027       4431          0      10515          0         27          0        596         55
 99      15806       4614          0      10553          0         27          0        718         74
100      15631       4737          0      10605          0         27          0        851         99
101      15490       4825          0      10658          0         27          0        991        116
102      15379       4859          0      10735          0         27          0       1137        130
103      15275       4889          0      10809          0         27          0       1263        142
104      15192       4911          0      10870          0         27          0       1389        158
105      15114       4915          0      10944          0         27          0       1469        161
106      15027       4924          0      11022          0         27          0       1513        167
107      14963       4900          0      11109          0         28          0       1541        170
108      14895       4884          0      11193          0         28          0       1553        170
109      14844       4855          0      11273          0         28          0       1562        171
110      14775       4824          0      11373          0         28          0       1561        175
111      14697       4786          0      11489          0         28          0       1555        169
112      14624       4734          0      11613          0         29          0       1528        168
113      14566       4650          0      11755          0         29          0       1502        165
114      14500       4573          0      11898          0         29          0       1467        161
115      14455       4463          0      12052          0         30          0       1446        157
116      14408       4304          0      12257          0         31          0       1385        149
117      14359       4087          0      12523          0         31          0       1320        145
118      14304       3906          0      12759          0         31          0       1271        147
119      14259       3721          0      12988          0         32          0       1215        144
120      14218       3516          0      13234          0         32          0       1143        138
121      14174       3278          0      13515          0         33          0       1058        122
122      14141       3042          0      13784          0         33          0        985        112
123      14104       2776          0      14087          0         33          0        890         98
124      14068       2545          0      14353          0         34          0        809         88
125      14045       2285          0      14634          0         36          0        719         79
126      14014       2050          0      14900          0         36          0        643         69
127      13987       1825          0      15151          0         37          0        570         62
128      13963       1622          0      15377          0         38          0        501         55
129      13947       1454          0      15560          0         39          0        445         52
130      13923       1366          0      15672          0         39          0        427         50
131      13906       1271          0      15784          0         39          0        392         48
132      13886       1200          0      15875          0         39          0        369         46
133      13874       1125          0      15962          0         39          0        342         43
134      13861       1063          0      16037          0         39          0        323         41
135      13846       1012          0      16103          0         39          0        302         40
136      13836        959          0      16166          0         39          0        285         39
137      13824        908          0      16228          0         40          0        271         39
138      13816        849          0      16294          0         41          0        260         39
139      13803        800          0      16356          0         41          0        250         34
140      13791        764          0      16404          0         41          0        234         33
141      13778        721          0      16460          0         41          0        209         29
142      13773        661          0      16524          0         42          0        189         27
143      13764        621          0      16573          0         42          0        184         26
144      13758        579          0      16621          0         42          0        176         23
145      13747        548          0      16663          0         42          0        161         24
146      13741        522          0      16695          0         42          0        153         23
147      13736        486          0      16736          0         42          0        146         22
148      13725        460          0      16773          0         42          0        140         21
149      13719        421          0      16817          0         43          0        124         18
150      13713        394          0      16850          0         43          0        115         20
--- ---------- ---------- ---------- ---------- ---------- ---------- ---------- ---------- ----------

Tipo 3
Día     Sanos  Infectados Importados    Curados Desinmuniz    Muertos Inf.Indire   Enfermos Hospitaliz
--- ---------- ---------- ---------- ---------- ---------- ---------- ---------- ---------- ----------
  1       2500          0          0          0          0          0          0          0          0
  2       2500          0          0          0          0          0          0          0          0
  3       2500          0          0          0          0          0          0          0          0
  4       2500          0          0          0          0          0          0          0          0
  5       2500          0          0          0          0          0          0          0          0
  6       2499          1          0          0          0          0          0          0          0
  7       2499          1          0          0          0          0          0          0          0
  8       2499          1          0          0          0          0          0          0          0
  9       2498          2          0          0          0          0          0          0          0
 10       2498          2          0          0          0          0          0          0          0
 11       2497          3          0          0          0          0          0          0          0
 12       2497          3          0          0          0          0          0          0          0
 13       2496          4          0          0          0          0          0          1          0
 14       2494          6          0          0          0          0          0          1          0
 15       2491          9          0          0          0          0          0          1          0
 16       2489         11          0          0          0          0          0          2          1
 17       2486         14          0          0          0          0          0          2          1
 18       2476         24          0          0          0          0          0          3          1
 19       2466         34          0          0          0          0          0          3          1
 20       2459         41          0          0          0          0          0          4          1
 21       2418         82          0          0          0          0          0          6          1
 22       2376        124          0          0          0          0          0          9          2
 23       2348        152          0          0          0          0          0         11          2
 24       2277        223          0          0          0          0          0         14          2
 25       2171        329          0          0          0          0          0         24          3
 26       2101        399          0          0          0          0          0         34          6
 27       2024        476          0          0          0          0          0         41          7
 28       1954        546          0          0          0          0          0         82         12
 29       1909        590          0          1          0          0          0        124         17
 30       1872        627          0          1          0          0          0        152         19
 31       1844        655          0          1          0          0          0        222         28
 32       1819        680          0          1          0          0          0        328         41
 33       1768        730          0          2          0          0          0        397         46
 34       1725        770          0          5          0          0          0        471         53
 35       1688        802          0         10          0          0          0        536         58
 36       1659        826          0         15          0          0          0        576         59
 37       1617        860          0         23          0          0          0        605         64
 38       1593        877          0         30          0          0          0        626         68
 39       1580        880          0         40          0          0          0        641         70
 40       1559        892          0         49          0          0          0        684         76
 41       1532        905          0         62          0          1          0        713         80
 42       1503        922          0         73          0          2          0        737         80
 43       1471        936          0         91          0          2          0        748         79
 44       1440        944          0        112          0          4          0        767         80
 45       1408        957          0        131          0          4          0        772         77
 46       1375        969          0        152          0          4          0        764         76
 47       1339        986          0        171          0          4          0        766         76
 48       1302       1000          0        193          0          5          0        770         79
 49       1273        999          0        222          0          6          0        769         81
 50       1245        991          0        257          0          7          0        765         78
 51       1225        973          0        293          0          9          0        759         79
 52       1194        950          0        342          0         14          0        736         73
 53       1174        929          0        381          0         16          0        728         71
 54       1141        911          0        430          0         18          0        713         73
 55       1113        881          0        485          0         21          0        692         74
 56       1093        836          0        545          0         26          0        656         72
 57       1071        805          0        596          0         28          0        631         70
 58       1060        763          0        647          0         30          0        598         67
 59       1046        736          0        683          0         35          0        588         65
 60       1035        702          0        727          0         36          0        563         61
 61       1024        675          0        763          0         38          0        558         60
 62       1011        657          0        793          0         39          0        555         57
 63       1003        634          0        821          0         42          0        544         56
 64        990        617          0        851          0         42          0        536         58
 65        977        595          0        884          0         44          0        512         54
 66        966        573          0        915          0         46          0        493         54
 67        958        561          0        934          0         47          0        484         53
 68        952        539          0        960          0         49          0        467         49
 69        943        517          0        990          0         50          0        450         50
 70        938        501          0       1011          0         50          0        437         46
 71        922        490          0       1037          0         51          0        422         42
 72        914        473          0       1062          0         51          0        410         41
 73        899        459          0       1090          0         52          0        392         37
 74        893        435          0       1119          0         53          0        370         37
 75        886        401          0       1158          0         55          0        335         32
 76        875        379          0       1191          0         55          0        311         31
 77        868        362          0       1215          0         55          0        292         28
 78        864        340          0       1240          0         56          0        282         27
 79        858        328          0       1256          0         58          0        272         26
 80        851        314          0       1276          0         59          0        266         23
 81        848        298          0       1293          0         61          0        253         21
 82        845        284          0       1309          0         62          0        243         22
 83        845        260          0       1332          0         63          0        230         20
 84        838        245          0       1352          0         65          0        215         20
 85        837        230          0       1367          0         66          0        203         20
 86        832        217          0       1383          0         68          0        191         19
 87        827        208          0       1397          0         68          0        184         20
 88        825        194          0       1412          0         69          0        171         16
 89        820        187          0       1421          0         72          0        162         16
 90        813        183          0       1431          0         73          0        151         15
 91        802        188          0       1437          0         73          0        152         14
 92        794        189          0       1443          0         74          0        146         13
 93        785        190          0       1451          0         74          0        143         13
 94        776        191          0       1459          0         74          0        140         13
 95        765        187          0       1474          0         74          0        127         11
 96        754        185          0       1487          0         74          0        119         11
 97        737        193          0       1495          0         75          0        117         11
 98        722        201          0       1502          0         75          0        121         10
 99        711        203          0       1511          0         75          0        120          9
100        697        211          0       1514          0         78          0        123          7
101        680        219          0       1523          0         78          0        123          8
102        650        237          0       1535          0         78          0        122          9
103        635        243          0       1544          0         78          0        124          9
104        618        249          0       1554          0         79          0        130          9
105        605        255          0       1560          0         80          0        138         10
106        586        268          0       1566          0         80          0        143          8
107        578        268          0       1574          0         80          0        149          8
108        566        273          0       1580          0         81          0        159          9
109        555        276          0       1588          0         81          0        181          9
110        540        285          0       1594          0         81          0        190          9
111        529        291          0       1599          0         81          0        202          9
112        519        298          0       1602          0         81          0        212         10
113        512        295          0       1612          0         81          0        221         13
114        500        299          0       1620          0         81          0        221         15
115        495        300          0       1623          0         82          0        229         15
116        484        301          0       1632          0         83          0        230         15
117        469        310          0       1638          0         83          0        239         15
118        461        309          0       1647          0         83          0        241         16
119        455        306          0       1655          0         84          0        242         16
120        444        308          0       1663          0         85          0        240         16
121        437        306          0       1670          0         87          0        243         17
122        431        299          0       1682          0         88          0        235         17
123        429        292          0       1691          0         88          0        237         22
124        421        286          0       1705          0         88          0        238         24
125        418        278          0       1716          0         88          0        235         23
126        418        264          0       1730          0         88          0        227         23
127        411        254          0       1745          0         90          0        221         23
128        409        243          0       1756          0         92          0        215         23
129        407        226          0       1775          0         92          0        202         21
130        405        220          0       1783          0         92          0        196         21
131        404        210          0       1794          0         92          0        193         22
132        401        202          0       1804          0         93          0        185         22
133        400        186          0       1820          0         94          0        168         20
134        395        184          0       1827          0         94          0        168         20
135        393        176          0       1836          0         95          0        160         20
136        389        172          0       1844          0         95          0        154         19
137        386        160          0       1858          0         96          0        141         17
138        383        149          0       1871          0         97          0        128         14
139        382        140          0       1881          0         97          0        121         14
140        380        137          0       1885          0         98          0        117         14
141        378        129          0       1894          0         99          0        112         15
142        378        122          0       1901          0         99          0        107         16
143        377        113          0       1911          0         99          0        101         14
144        375        110          0       1916          0         99          0         99         15
145        374        102          0       1924          0        100          0         93         13
146        373         95          0       1932          0        100          0         86         13
147        373         84          0       1942          0        101          0         77         12
148        372         74          0       1953          0        101          0         68         11
149        371         65          0       1962          0        102          0         58         10
150        370         59          0       1969          0        102          0         52          9
--- ---------- ---------- ---------- ---------- ---------- ---------- ---------- ---------- ----------

Tipo 4
Día     Sanos  Infectados Importados    Curados Desinmuniz    Muertos Inf.Indire   Enfermos Hospitaliz
--- ---------- ---------- ---------- ---------- ---------- ---------- ---------- ---------- ----------
  1       6999          1          0          0          0          0          0          0          0
  2       6999          1          0          0          0          0          0          0          0
  3       6999          1          0          0          0          0          0          0          0
  4       6999          1          0          0          0          0          0          0          0
  5       6999          1          0          0          0          0          0          0          0
  6       6998          2          0          0          0          0          0          0          0
  7       6998          2          0          0          0          0          0          0          0
  8       6997          3          0          0          0          0          0          1          0
  9       6996          4          0          0          0          0          0          1          0
 10       6996          4          0          0          0          0          0          1          0
 11       6996          4          0          0          0          0          0          1          0
 12       6995          5          0          0          0          0          0          1          0
 13       6991          9          0          0          0          0          0          2          0
 14       6988         12          0          0          0          0          0          2          0
 15       6984         16          0          0          0          0          0          3          0
 16       6976         24          0          0          0          0          0          4          0
 17       6972         28          0          0          0          0          0          4          0
 18       6967         33          0          0          0          0          0          4          0
 19       6957         43          0          0          0          0          0          5          1
 20       6948         51          0          1          0          0          0          8          1
 21       6941         58          0          1          0          0          0         11          1
 22       6919         80          0          1          0          0          0         15          1
 23       6905         94          0          1          0          0          0         23          1
 24       6889        110          0          1          0          0          0         27          1
 25       6867        132          0          1          0          0          0         32          3
 26       6830        169          0          1          0          0          0         42          4
 27       6789        210          0          1          0          0          0         51          6
 28       6746        252          0          2          0          0          0         57          6
 29       6689        309          0          2          0          0          0         79          6
 30       6637        360          0          2          0          1          0         92          8
 31       6604        391          0          3          0          2          0        106         10
 32       6560        435          0          3          0          2          0        128         10
 33       6496        499          0          3          0          2          0        165         11
 34       6441        553          0          4          0          2          0        205         17
 35       6376        615          0          7          0          2          0        246         25
 36       6328        661          0          9          0          2          0        301         29
 37       6264        719          0         14          0          3          0        347         34
 38       6200        779          0         18          0          3          0        376         36
 39       6125        851          0         20          0          4          0        417         41
 40       6064        903          0         26          0          7          0        471         44
 41       5979        979          0         35          0          7          0        517         48
 42       5899       1055          0         38          0          8          0        578         53
 43       5818       1126          0         46          0         10          0        617         58
 44       5739       1193          0         58          0         10          0        669         64
 45       5648       1273          0         67          0         12          0        721         72
 46       5559       1346          0         77          0         18          0        780         78
 47       5467       1420          0         91          0         22          0        823         84
 48       5382       1484          0        112          0         22          0        887         87
 49       5301       1549          0        126          0         24          0        951         92
 50       5213       1613          0        146          0         28          0       1008         99
 51       5124       1670          0        176          0         30          0       1055        101
 52       5035       1729          0        199          0         37          0       1116        107
 53       4963       1773          0        224          0         40          0       1177        109
 54       4881       1816          0        256          0         47          0       1230        118
 55       4812       1850          0        280          0         58          0       1280        125
 56       4763       1854          0        317          0         66          0       1316        133
 57       4722       1851          0        356          0         71          0       1360        137
 58       4666       1862          0        396          0         76          0       1404        138
 59       4628       1850          0        439          0         83          0       1443        138
 60       4595       1833          0        480          0         92          0       1465        142
 61       4545       1810          0        543          0        102          0       1474        146
 62       4506       1791          0        589          0        114          0       1485        147
 63       4474       1767          0        634          0        125          0       1478        148
 64       4440       1721          0        700          0        139          0       1439        144
 65       4402       1690          0        752          0        156          0       1426        143
 66       4375       1641          0        811          0        173          0       1388        141
 67       4352       1595          0        866          0        187          0       1352        139
 68       4324       1554          0        918          0        204          0       1333        136
 69       4304       1496          0        983          0        217          0       1294        131
 70       4283       1442          0       1045          0        230          0       1251        125
 71       4257       1374          0       1120          0        249          0       1191        124
 72       4232       1332          0       1179          0        257          0       1162        124
 73       4213       1269          0       1248          0        270          0       1107        119
 74       4191       1208          0       1313          0        288          0       1047        111
 75       4173       1152          0       1374          0        301          0       1001        107
 76       4160       1083          0       1439          0        318          0        939         94
 77       4139       1033          0       1499          0        329          0        889         93
 78       4118        976          0       1563          0        343          0        837         86
 79       4101        916          0       1633          0        350          0        785         83
 80       4082        867          0       1688          0        363          0        736         78
 81       4062        817          0       1747          0        374          0        689         73
 82       4049        763          0       1805          0        383          0        639         65
 83       4031        726          0       1850          0        393          0        597         64
 84       4018        696          0       1886          0        400          0        575         59
 85       4005        665          0       1925          0        405          0        552         58
 86       3992        629          0       1965          0        414          0        520         53
 87       3982        597          0       1998          0        423          0        497         55
 88       3970        576          0       2024          0        430          0        484         52
 89       3947        549          0       2066          0        438          0        447         49
 90       3922        549          0       2085          0        444          0        441         46
 91       3905        540          0       2107          0        448          0        428         47
 92       3883        522          0       2134          0        461          0        400         44
 93       3857        523          0       2157          0        463          0        388         40
 94       3824        524          0       2183          0        469          0        366         38
 95       3795        526          0       2205          0        474          0        351         37
 96       3758        535          0       2228          0        479          0        346         39
 97       3724        551          0       2240          0        485          0        353         40
 98       3679        582          0       2252          0        487          0        356         39
 99       3639        583          0       2281          0        497          0        339         40
100       3584        623          0       2294          0        499          0        350         44
101       3526        654          0       2317          0        503          0        356         45
102       3475        684          0       2335          0        506          0        364         45
103       3418        721          0       2349          0        512          0        381         46
104       3366        756          0       2363          0        515          0        398         59
105       3315        786          0       2383          0        516          0        422         59
106       3276        806          0       2400          0        518          0        443         62
107       3228        835          0       2416          0        521          0        479         62
108       3184        862          0       2430          0        524          0        520         66
109       3140        883          0       2446          0        531          0        549         69
110       3103        901          0       2463          0        533          0        587         68
111       3060        931          0       2474          0        535          0        625         65
112       3034        934          0       2492          0        540          0        653         68
113       2992        960          0       2505          0        543          0        676         69
114       2952        972          0       2528          0        548          0        697         73
115       2918        988          0       2544          0        550          0        723         75
116       2890        999          0       2555          0        556          0        749         79
117       2872        988          0       2575          0        565          0        757         77
118       2837       1000          0       2591          0        572          0        777         80
119       2815       1000          0       2609          0        576          0        781         81
120       2788        999          0       2630          0        583          0        795         81
121       2775        990          0       2648          0        587          0        813         84
122       2750        975          0       2682          0        593          0        807         87
123       2723        970          0       2708          0        599          0        803         85
124       2707        956          0       2733          0        604          0        791         82
125       2692        936          0       2762          0        610          0        791         80
126       2679        910          0       2794          0        617          0        774         78
127       2665        876          0       2832          0        627          0        753         77
128       2656        836          0       2870          0        638          0        717         70
129       2646        811          0       2901          0        642          0        707         65
130       2634        778          0       2937          0        651          0        689         62
131       2626        739          0       2973          0        662          0        658         60
132       2622        689          0       3016          0        673          0        619         57
133       2617        648          0       3055          0        680          0        586         53
134       2607        611          0       3094          0        688          0        553         51
135       2598        573          0       3136          0        693          0        515         52
136       2595        539          0       3165          0        701          0        488         50
137       2588        501          0       3202          0        709          0        455         48
138       2586        466          0       3235          0        713          0        426         47
139       2579        438          0       3263          0        720          0        395         46
140       2575        406          0       3290          0        729          0        365         40
141       2571        374          0       3319          0        736          0        338         34
142       2564        355          0       3336          0        745          0        321         30
143       2561        335          0       3353          0        751          0        301         27
144       2560        307          0       3373          0        760          0        279         25
145       2556        280          0       3401          0        763          0        250         22
146       2551        258          0       3424          0        767          0        230         19
147       2544        238          0       3450          0        768          0        207         19
148       2542        221          0       3465          0        772          0        193         19
149       2538        209          0       3480          0        773          0        183         19
150       2534        200          0       3491          0        775          0        173         19
--- ---------- ---------- ---------- ---------- ---------- ---------- ---------- ---------- ----------

