Tipo 0
Día     Sanos  Infectados Importados    Curados Desinmuniz    Muertos Inf.Indire   Enfermos Hospitaliz
--- ---------- ---------- ---------- ---------- ---------- ---------- ---------- ---------- ----------
  1       2000          0          0          0          0          0          0          0          0
  2       2000          0          0          0          0          0          0          0          0
  3       2000          0          0          0          0          0          0          0          0
  4       2000          0          0          0          0          0          0          0          0
  5       2000          0          0          0          0          0          0          0          0
  6       2000          0          0          0          0          0          0          0          0
  7       2000          0          0          0          0          0          0          0          0
  8       2000          0          0          0          0          0          0          0          0
  9       2000          0          0          0          0          0          0          0          0
 10       2000          0          0          0          0          0          0          0          0
 11       2000          0          0          0          0          0          0          0          0
 12       1999          1          0          0          0          0          0          0          0
 13       1999          1          0          0          0          0          0          0          0
 14       1998          2          0          0          0          0          0          0          0
 15       1998          2          0          0          0          0          0          0          0
 16       1998          2          0          0          0          0          0          0          0
 17       1998          2          0          0          0          0          0          0          0
 18       1998          2          0          0          0          0          0          0          0
 19       1997          3          0          0          0          0          0          0          0
 20       1997          3          0          0          0          0          0          0          0
 21       1996          4          0          0          0          0          0          0          0
 22       1994          6          0          0          0          0          0          0          0
 23       1989         11          0          0          0          0          0          0          0
 24       1981         19          0          0          0          0          0          0          0
 25       1976         24          0          0          0          0          0          0          0
 26       1969         31          0          0          0          0          0          0          0
 27       1958         42          0          0          0          0          0          0          0
 28       1947         53          0          0          0          0          0          0          0
 29       1926         74          0          0          0          0          0          0          0
 30       1892        108          0          0          0          0          0          0          0
 31       1858        142          0          0          0          0          0          0          0
 32       1813        186          0          1          0          0          0          0          0
 33       1768        231          0          1          0          0          0          0          0
 34       1719        279          0          2          0          0          0          0          0
 35       1675        323          0          2          0          0          0          0          0
 36       1632        364          0          4          0          0          0          0          0
 37       1585        411          0          4          0          0          0          0          0
 38       1533        463          0          4          0          0          0          0          0
 39       1490        503          0          7          0          0          0          0          0
 40       1463        529          0          8          0          0          0          0          0
 41       1427        561          0         12          0          0          0          0          0
 42       1382        605          0         13          0          0          0          1          0
 43       1343        641          0         16          0          0          0          1          0
 44       1319        664          0         17          0          0          0          1          0
 45       1271        707          0         22          0          0          0          1          0
 46       1231        742          0         27          0          0          0          1          0
 47       1189        780          0         31          0          0          0          1          0
 48       1160        801          0         39          0          0          0          1          0
 49       1127        819          0         54          0          0          0          1          0
 50       1095        845          0         60          0          0          0          1          0
 51       1056        871          0         73          0          0          0          1          0
 52       1033        886          0         81          0          0          0          1          0
 53       1003        893          0        104          0          0          0          1          0
 54        970        906          0        124          0          0          0          1          0
 55        941        917          0        142          0          0          0          1          0
 56        911        923          0        166          0          0          0          1          0
 57        891        921          0        188          0          0          0          1          0
 58        870        903          0        227          0          0          0          1          0
 59        847        895          0        258          0          0          0          1          0
 60        826        884          0        290          0          0          0          1          0
 61        802        872          0        326          0          0          0          1          0
 62        788        844          0        368          0          0          0          2          0
 63        766        826          0        408          0          0          0          2          0
 64        747        806          0        447          0          0          0          2          0
 65        726        782          0        492          0          0          0          2          0
 66        701        759          0        540          0          0          0          1          0
 67        690        727          0        583          0          0          0          1          0
 68        676        699          0        625          0          0          0          1          0
 69        657        680          0        663          0          0          0          1          0
 70        640        662          0        698          0          0          0          1          0
 71        630        640          0        730          0          0          0          1          0
 72        619        614          0        767          0          0          0          1          0
 73        607        595          0        798          0          0          0          1          0
 74        598        568          0        834          0          0          0          1          0
 75        587        551          0        862          0          0          0          1          0
 76        575        528          0        897          0          0          0          1          0
 77        562        505          0        933          0          0          0          2          1
 78        555        479          0        966          0          0          0          2          1
 79        544        460          0        996          0          0          0          2          1
 80        537        448          0       1015          0          0          0          2          1
 81        532        431          0       1037          0          0          0          2          1
 82        527        410          0       1063          0          0          0          2          1
 83        521        389          0       1090          0          0          0          2          1
 84        516        374          0       1110          0          0          0          2          1
 85        510        355          0       1135          0          0          0          2          1
 86        507        331          0       1162          0          0          0          1          1
 87        503        309          0       1188          0          0          0          1          1
 88        497        294          0       1209          0          0          0          1          1
 89        488        285          0       1227          0          0          0          1          1
 90        485        268          0       1247          0          0          0          1          1
 91        478        260          0       1262          0          0          0          1          1
 92        476        242          0       1282          0          0          0          1          1
 93        472        234          0       1294          0          0          0          1          1
 94        468        225          0       1307          0          0          0          1          1
 95        464        210          0       1326          0          0          0          1          1
 96        458        204          0       1338          0          0          0          1          1
 97        456        194          0       1350          0          0          0          1          1
 98        452        191          0       1357          0          0          0          1          1
 99        449        183          0       1368          0          0          0          1          1
100        446        178          0       1376          0          0          0          1          1
101        445        161          0       1394          0          0          0          0          0
102        444        152          0       1404          0          0          0          0          0
103        442        143          0       1415          0          0          0          0          0
104        441        132          0       1427          0          0          0          0          0
105        438        129          0       1433          0          0          0          0          0
106        436        118          0       1446          0          0          0          0          0
107        434        109          0       1457          0          0          0          0          0
108        434         99          0       1467          0          0          0          0          0
109        432         96          0       1472          0          0          0          0          0
110        430         90          0       1480          0          0          0          0          0
111        429         84          0       1487          0          0          0          0          0
112        427         78          0       1495          0          0          0          0          0
113        426         73          0       1501          0          0          0          0          0
114        425         70          0       1505          0          0          0          0          0
115        424         66          0       1510          0          0          0          0          0
116        422         63          0       1515          0          0          0          0          0
117        421         63          0       1516          0          0          0          0          0
118        420         59          0       1521          0          0          0          0          0
119        420         54          0       1526          0          0          0          0          0
120        420         49          0       1531          0          0          0          0          0
121        420         47          0       1533          0          0          0          0          0
122        420         41          0       1539          0          0          0          0          0
123        420         41          0       1539          0          0          0          0          0
124        419         39          0       1542          0          0          0          0          0
125        419         35          0       1546          0          0          0          0          0
126        419         30          0       1551          0          0          0          0          0
127        419         27          0       1554          0          0          0          0          0
128        419         27          0       1554          0          0          0          0          0
129        418         23          0       1559          0          0          0          0          0
130        416         24          0       1560          0          0          0          0          0
131        415         24          0       1561          0          0          0          0          0
132        414         24          0       1562          0          0          0          0          0
133        414         23          0       1563          0          0          0          0          0
134        413         23          0       1564          0          0          0          0          0
135        413         20          0       1567          0          0          0          0          0
136        413         19          0       1568          0          0          0          0          0
137        413         18          0       1569          0          0          0          0          0
138        412         17          0       1571          0          0          0          0          0
139        412         17          0       1571          0          0          0          0          0
140        411         15          0       1574          0          0          0          0          0
141        411         14          0       1575          0          0          0          0          0
142        411         13          0       1576          0          0          0          0          0
143        411         12          0       1577          0          0          0          0          0
144        411         11          0       1578          0          0          0          0          0
145        411         11          0       1578          0          0          0          0          0
146        411         10          0       1579          0          0          0          0          0
147        411          8          0       1581          0          0          0          0          0
148        411          8          0       1581          0          0          0          0          0
149        411          7          0       1582          0          0          0          0          0
150        411          7          0       1582          0          0          0          0          0
--- ---------- ---------- ---------- ---------- ---------- ---------- ---------- ---------- ----------

Tipo 1
Día     Sanos  Infectados Importados    Curados Desinmuniz    Muertos Inf.Indire   Enfermos Hospitaliz
--- ---------- ---------- ---------- ---------- ---------- ---------- ---------- ---------- ----------
  1       7497          3          0          0          0          0          0          0          0
  2       7497          3          0          0          0          0          0          0          0
  3       7497          3          0          0          0          0          0          0          0
  4       7495          5          0          0          0          0          0          0          0
  5       7493          7          0          0          0          0          0          0          0
  6       7493          7          0          0          0          0          0          0          0
  7       7489         11          0          0          0          0          0          0          0
  8       7479         21          0          0          0          0          0          0          0
  9       7476         24          0          0          0          0          0          0          0
 10       7459         41          0          0          0          0          0          0          0
 11       7438         62          0          0          0          0          0          0          0
 12       7426         74          0          0          0          0          0          0          0
 13       7419         81          0          0          0          0          0          0          0
 14       7408         92          0          0          0          0          0          0          0
 15       7403         97          0          0          0          0          0          0          0
 16       7392        108          0          0          0          0          0          0          0
 17       7377        123          0          0          0          0          0          0          0
 18       7359        141          0          0          0          0          0          0          0
 19       7320        179          0          1          0          0          0          0          0
 20       7290        209          0          1          0          0          0          0          0
 21       7266        233          0          1          0          0          0          0          0
 22       7245        252          0          3          0          0          0          0          0
 23       7218        279          0          3          0          0          0          0          0
 24       7193        304          0          3          0          0          0          0          0
 25       7158        339          0          3          0          0          0          0          0
 26       7108        387          0          5          0          0          0          0          0
 27       7042        450          0          8          0          0          0          0          0
 28       6950        540          0         10          0          0          0          0          0
 29       6845        643          0         12          0          0          0          0          0
 30       6726        755          0         19          0          0          0          0          0
 31       6585        895          0         20          0          0          0          0          0
 32       6432       1042          0         26          0          0          0          0          0
 33       6225       1242          0         33          0          0          0          0          0
 34       6030       1427          0         43          0          0          0          0          0
 35       5873       1576          0         51          0          0          0          0          0
 36       5730       1706          0         64          0          0          0          0          0
 37       5533       1890          0         77          0          0          0          0          0
 38       5391       2023          0         86          0          0          0          0          0
 39       5262       2129          0        109          0          0          0          0          0
 40       5126       2246          0        128          0          0          0          1          0
 41       4992       2362          0        146          0          0          0          1          0
 42       4870       2464          0        166          0          0          0          1          0
 43       4741       2569          0        190          0          0          0          1          0
 44       4613       2662          0        225          0          0          0          1          0
 45       4494       2746          0        260          0          0          0          1          0
 46       4387       2817          0        296          0          0          0          1          0
 47       4273       2885          0        342          0          0          0          1          0
 48       4159       2964          0        377          0          0          0          1          0
 49       4038       3027          0        435          0          0          0          1          0
 50       3921       3088          0        491          0          0          0          1          0
 51       3799       3143          0        558          0          0          0          1          0
 52       3672       3212          0        616          0          0          0          1          0
 53       3566       3245          0        689          0          0          0          1          0
 54       3465       3264          0        771          0          0          0          2          0
 55       3359       3276          0        865          0          0          0          2          0
 56       3246       3293          0        961          0          0          0          2          0
 57       3158       3277          0       1065          0          0          0          2          0
 58       3067       3254          0       1179          0          0          0          2          0
 59       2976       3229          0       1295          0          0          0          2          0
 60       2891       3168          0       1441          0          0          0          2          0
 61       2814       3101          0       1585          0          0          0          2          0
 62       2743       3024          0       1733          0          0          0          3          0
 63       2671       2946          0       1883          0          0          0          3          0
 64       2604       2831          0       2065          0          0          0          3          0
 65       2546       2743          0       2211          0          0          0          3          0
 66       2471       2687          0       2342          0          0          0          3          0
 67       2416       2629          0       2455          0          0          0          2          0
 68       2361       2524          0       2615          0          0          0          2          0
 69       2305       2466          0       2729          0          0          0          2          0
 70       2258       2374          0       2868          0          0          0          2          0
 71       2219       2290          0       2991          0          0          0          2          0
 72       2170       2221          0       3109          0          0          0          2          0
 73       2129       2152          0       3219          0          0          0          2          0
 74       2093       2082          0       3325          0          0          0          2          0
 75       2053       1996          0       3451          0          0          0          2          0
 76       2022       1933          0       3545          0          0          0          2          0
 77       1987       1872          0       3641          0          0          0          2          0
 78       1947       1810          0       3743          0          0          0          2          0
 79       1915       1723          0       3862          0          0          0          2          0
 80       1889       1648          0       3963          0          0          0          1          0
 81       1864       1572          0       4064          0          0          0          1          0
 82       1838       1488          0       4174          0          0          0          1          0
 83       1813       1400          0       4287          0          0          0          1          0
 84       1794       1317          0       4389          0          0          0          0          0
 85       1779       1254          0       4467          0          0          0          0          0
 86       1762       1198          0       4540          0          0          0          0          0
 87       1747       1130          0       4623          0          0          0          0          0
 88       1727       1073          0       4700          0          0          0          0          0
 89       1709       1025          0       4766          0          0          0          0          0
 90       1688        978          0       4834          0          0          0          0          0
 91       1676        922          0       4902          0          0          0          0          0
 92       1666        857          0       4977          0          0          0          0          0
 93       1655        803          0       5042          0          0          0          0          0
 94       1647        759          0       5094          0          0          0          0          0
 95       1643        704          0       5153          0          0          0          0          0
 96       1630        674          0       5196          0          0          0          0          0
 97       1619        633          0       5248          0          0          0          0          0
 98       1613        592          0       5295          0          0          0          0          0
 99       1605        556          0       5339          0          0          0          0          0
100       1595        520          0       5385          0          0          0          0          0
101       1587        487          0       5426          0          0          0          0          0
102       1579        457          0       5464          0          0          0          0          0
103       1571        432          0       5497          0          0          0          0          0
104       1564        409          0       5527          0          0          0          0          0
105       1554        391          0       5555          0          0          0          0          0
106       1545        371          0       5584          0          0          0          0          0
107       1540        351          0       5609          0          0          0          0          0
108       1534        336          0       5630          0          0          0          0          0
109       1532        306          0       5662          0          0          0          0          0
110       1527        284          0       5689          0          0          0          0          0
111       1523        274          0       5703          0          0          0          0          0
112       1520        257          0       5723          0          0          0          0          0
113       1514        244          0       5742          0          0          0          0          0
114       1511        229          0       5760          0          0          0          0          0
115       1511        201          0       5788          0          0          0          0          0
116       1506        193          0       5801          0          0          0          0          0
117       1501        184          0       5815          0          0          0          0          0
118       1499        178          0       5823          0          0          0          0          0
119       1496        168          0       5836          0          0          0          0          0
120       1493        160          0       5847          0          0          0          0          0
121       1492        150          0       5858          0          0          0          0          0
122       1489        144          0       5867          0          0          0          0          0
123       1488        134          0       5878          0          0          0          0          0
124       1483        130          0       5887          0          0          0          0          0
125       1482        117          0       5901          0          0          0          0          0
126       1479        113          0       5908          0          0          0          0          0
127       1478        107          0       5915          0          0          0          0          0
128       1478        102          0       5920          0          0          0          0          0
129       1477         99          0       5924          0          0          0          0          0
130       1475         91          0       5934          0          0          0          0          0
131       1473         88          0       5939          0          0          0          0          0
132       1467         86          0       5947          0          0          0          0          0
133       1466         82          0       5952          0          0          0          0          0
134       1463         81          0       5956          0          0          0          0          0
135       1461         77          0       5962          0          0          0          0          0
136       1461         68          0       5971          0          0          0          0          0
137       1458         68          0       5974          0          0          0          0          0
138       1455         67          0       5978          0          0          0          0          0
139       1455         62          0       5983          0          0          0          0          0
140       1455         61          0       5984          0          0          0          0          0
141       1454         58          0       5988          0          0          0          0          0
142       1454         55          0       5991          0          0          0          0          0
143       1453         54          0       5993          0          0          0          0          0
144       1452         49          0       5999          0          0          0          0          0
145       1452         48          0       6000          0          0          0          0          0
146       1449         47          0       6004          0          0          0          0          0
147       1449         43          0       6008          0          0          0          0          0
148       1448         41          0       6011          0          0          0          0          0
149       1447         41          0       6012          0          0          0          0          0
150       1447         35          0       6018          0          0          0          0          0
--- ---------- ---------- ---------- ---------- ---------- ---------- ---------- ---------- ----------

Tipo 2
Día     Sanos  Infectados Importados    Curados Desinmuniz    Muertos Inf.Indire   Enfermos Hospitaliz
--- ---------- ---------- ---------- ---------- ---------- ---------- ---------- ---------- ----------
  1      30994          6          0          0          0          0          0          0          0
  2      30994          6          0          0          0          0          0          0          0
  3      30994          6          0          0          0          0          0          0          0
  4      30991          9          0          0          0          0          0          0          0
  5      30987         13          0          0          0          0          0          0          0
  6      30983         17          0          0          0          0          0          0          0
  7      30971         29          0          0          0          0          0          0          0
  8      30947         53          0          0          0          0          0          0          0
  9      30920         80          0          0          0          0          0          0          0
 10      30904         96          0          0          0          0          0          0          0
 11      30885        115          0          0          0          0          0          0          0
 12      30873        127          0          0          0          0          0          0          0
 13      30852        148          0          0          0          0          0          0          0
 14      30841        158          0          1          0          0          0          3          2
 15      30803        195          0          2          0          0          0          4          3
 16      30724        274          0          2          0          0          0          4          3
 17      30654        344          0          2          0          0          0          4          3
 18      30549        448          0          3          0          0          0          5          3
 19      30406        590          0          4          0          0          0          6          3
 20      30267        728          0          5          0          0          0          7          2
 21      30066        925          0          9          0          0          0          8          3
 22      29794       1195          0         11          0          0          0          9          3
 23      29494       1492          0         14          0          0          0         13          4
 24      29153       1828          0         19          0          0          0         14          3
 25      28753       2226          0         21          0          0          0         21          5
 26      28335       2639          0         26          0          0          0         28          8
 27      27800       3169          0         31          0          0          0         39          8
 28      27131       3832          0         37          0          0          0         48         10
 29      26364       4587          0         49          0          0          0         61         10
 30      25573       5361          0         66          0          0          0         82         10
 31      24762       6159          0         79          0          0          0         98         12
 32      23896       7009          0         95          0          0          0        122         12
 33      23055       7832          0        113          0          0          0        138         15
 34      22356       8511          0        133          0          0          0        171         23
 35      21682       9151          0        167          0          0          0        208         26
 36      21135       9654          0        211          0          0          0        242         31
 37      20609      10126          0        265          0          0          0        279         38
 38      20071      10596          0        333          0          0          0        324         46
 39      19581      11024          0        395          0          0          0        365         48
 40      19091      11425          0        484          0          0          0        399         52
 41      18595      11812          0        593          0          0          0        428         53
 42      18139      12146          0        715          0          0          0        445         52
 43      17663      12470          0        867          0          0          0        472         56
 44      17215      12742          0       1043          0          0          0        492         57
 45      16742      13018          0       1240          0          0          0        520         61
 46      16263      13267          0       1470          0          0          0        528         59
 47      15816      13414          0       1770          0          0          0        545         59
 48      15342      13557          0       2101          0          0          0        562         61
 49      14888      13687          0       2425          0          0          0        571         66
 50      14438      13787          0       2775          0          0          0        572         65
 51      14005      13815          0       3180          0          0          0        569         67
 52      13589      13818          0       3593          0          0          0        565         65
 53      13170      13781          0       4049          0          0          0        558         62
 54      12792      13683          0       4524          0          1          0        567         62
 55      12403      13533          0       5063          0          1          0        555         56
 56      12045      13328          0       5626          0          1          0        548         60
 57      11625      13161          0       6213          0          1          0        537         61
 58      11261      12938          0       6800          0          1          0        523         54
 59      10949      12562          0       7488          0          1          0        508         47
 60      10635      12204          0       8160          0          1          0        492         46
 61      10363      11790          0       8845          0          2          0        479         43
 62      10113      11414          0       9471          0          2          0        468         43
 63       9854      10987          0      10157          0          2          0        461         43
 64       9627      10580          0      10791          0          2          0        463         41
 65       9399      10236          0      11363          0          2          0        463         42
 66       9162       9910          0      11926          0          2          0        447         42
 67       8935       9681          0      12382          0          2          0        438         44
 68       8729       9413          0      12856          0          2          0        422         44
 69       8534       9152          0      13312          0          2          0        407         45
 70       8344       8883          0      13771          0          2          0        395         43
 71       8189       8563          0      14246          0          2          0        375         45
 72       8021       8297          0      14680          0          2          0        360         46
 73       7869       7996          0      15133          0          2          0        355         46
 74       7721       7709          0      15568          0          2          0        340         43
 75       7576       7428          0      15994          0          2          0        329         44
 76       7440       7117          0      16441          0          2          0        315         42
 77       7316       6811          0      16871          0          2          0        304         41
 78       7210       6514          0      17274          0          2          0        288         39
 79       7089       6203          0      17706          0          2          0        277         36
 80       6985       5918          0      18095          0          2          0        269         32
 81       6875       5642          0      18481          0          2          0        272         33
 82       6777       5345          0      18876          0          2          0        254         32
 83       6689       5102          0      19206          0          3          0        238         31
 84       6610       4868          0      19518          0          4          0        225         28
 85       6527       4642          0      19827          0          4          0        216         26
 86       6446       4419          0      20131          0          4          0        206         25
 87       6380       4200          0      20416          0          4          0        189         23
 88       6315       3956          0      20725          0          4          0        182         21
 89       6250       3746          0      21000          0          4          0        167         19
 90       6197       3557          0      21242          0          4          0        155         17
 91       6148       3366          0      21482          0          4          0        151         16
 92       6091       3193          0      21712          0          4          0        138         13
 93       6043       3041          0      21912          0          4          0        134         12
 94       5986       2916          0      22094          0          4          0        121         11
 95       5936       2761          0      22298          0          5          0        115         10
 96       5899       2595          0      22500          0          6          0        113         11
 97       5864       2453          0      22676          0          7          0        107          9
 98       5832       2308          0      22853          0          7          0         97          9
 99       5800       2171          0      23022          0          7          0         92          8
100       5756       2050          0      23187          0          7          0         86          7
101       5726       1922          0      23345          0          7          0         81          5
102       5690       1820          0      23483          0          7          0         72          5
103       5664       1721          0      23608          0          7          0         71          5
104       5642       1630          0      23721          0          7          0         64          4
105       5616       1519          0      23858          0          7          0         58          4
106       5599       1420          0      23974          0          7          0         54          4
107       5576       1349          0      24068          0          7          0         52          4
108       5558       1278          0      24157          0          7          0         50          3
109       5542       1202          0      24249          0          7          0         47          3
110       5528       1126          0      24339          0          7          0         44          3
111       5515       1045          0      24433          0          7          0         45          3
112       5503        978          0      24512          0          7          0         47          3
113       5493        914          0      24586          0          7          0         44          3
114       5478        852          0      24662          0          8          0         38          3
115       5463        806          0      24723          0          8          0         38          3
116       5451        761          0      24780          0          8          0         39          3
117       5441        710          0      24841          0          8          0         41          3
118       5427        675          0      24890          0          8          0         39          2
119       5418        634          0      24940          0          8          0         38          2
120       5407        601          0      24984          0          8          0         34          1
121       5398        565          0      25029          0          8          0         32          1
122       5386        550          0      25056          0          8          0         31          1
123       5377        519          0      25096          0          8          0         29          1
124       5369        500          0      25123          0          8          0         27          1
125       5361        466          0      25165          0          8          0         26          1
126       5352        435          0      25205          0          8          0         25          1
127       5346        410          0      25236          0          8          0         23          1
128       5339        390          0      25263          0          8          0         23          1
129       5335        367          0      25290          0          8          0         23          1
130       5329        351          0      25312          0          8          0         21          1
131       5325        325          0      25342          0          8          0         21          1
132       5320        301          0      25371          0          8          0         21          1
133       5316        285          0      25391          0          8          0         20          0
134       5311        261          0      25420          0          8          0         16          0
135       5307        246          0      25439          0          8          0         14          0
136       5304        235          0      25453          0          8          0         14          0
137       5301        220          0      25471          0          8          0         12          0
138       5299        206          0      25487          0          8          0         11          0
139       5297        197          0      25498          0          8          0         10          0
140       5294        186          0      25512          0          8          0          9          0
141       5292        176          0      25524          0          8          0          7          0
142       5289        166          0      25537          0          8          0          5          0
143       5286        157          0      25549          0          8          0          5          0
144       5285        148          0      25559          0          8          0          6          0
145       5279        141          0      25572          0          8          0          6          0
146       5273        143          0      25576          0          8          0          6          0
147       5272        131          0      25589          0          8          0          6          0
148       5268        126          0      25598          0          8          0          5          0
149       5267        119          0      25606          0          8          0          5          0
150       5266        115          0      25611          0          8          0          5          0
--- ---------- ---------- ---------- ---------- ---------- ---------- ---------- ---------- ----------

Tipo 3
Día     Sanos  Infectados Importados    Curados Desinmuniz    Muertos Inf.Indire   Enfermos Hospitaliz
--- ---------- ---------- ---------- ---------- ---------- ---------- ---------- ---------- ----------
  1       2499          1          0          0          0          0          0          0          0
  2       2499          1          0          0          0          0          0          0          0
  3       2499          1          0          0          0          0          0          0          0
  4       2499          1          0          0          0          0          0          0          0
  5       2499          1          0          0          0          0          0          0          0
  6       2499          1          0          0          0          0          0          0          0
  7       2499          1          0          0          0          0          0          0          0
  8       2499          1          0          0          0          0          0          0          0
  9       2499          1          0          0          0          0          0          0          0
 10       2499          1          0          0          0          0          0          0          0
 11       2498          2          0          0          0          0          0          0          0
 12       2498          2          0          0          0          0          0          0          0
 13       2498          2          0          0          0          0          0          0          0
 14       2495          5          0          0          0          0          0          0          0
 15       2494          6          0          0          0          0          0          0          0
 16       2493          7          0          0          0          0          0          0          0
 17       2492          8          0          0          0          0          0          0          0
 18       2488         12          0          0          0          0          0          0          0
 19       2484         16          0          0          0          0          0          0          0
 20       2478         21          0          1          0          0          0          0          0
 21       2464         35          0          1          0          0          0          0          0
 22       2448         51          0          1          0          0          0          0          0
 23       2435         64          0          1          0          0          0          1          0
 24       2418         81          0          1          0          0          0          1          0
 25       2399        100          0          1          0          0          0          1          0
 26       2387        112          0          1          0          0          0          1          0
 27       2375        124          0          1          0          0          0          2          0
 28       2347        152          0          1          0          0          0          5          0
 29       2308        191          0          1          0          0          0          8          0
 30       2264        235          0          1          0          0          0         13          0
 31       2209        289          0          2          0          0          0         16          0
 32       2138        360          0          2          0          0          0         19          0
 33       2072        426          0          2          0          0          0         24          1
 34       2006        491          0          3          0          0          0         25          1
 35       1933        562          0          5          0          0          0         34          3
 36       1874        618          0          8          0          0          0         39          3
 37       1819        670          0         11          0          0          0         49          6
 38       1785        701          0         14          0          0          0         60          8
 39       1742        739          0         19          0          0          0         73          9
 40       1706        773          0         21          0          0          0         87         10
 41       1663        809          0         28          0          0          0         96         12
 42       1629        834          0         37          0          0          0        113         16
 43       1591        861          0         48          0          0          0        123         16
 44       1543        900          0         57          0          0          0        133         17
 45       1496        937          0         67          0          0          0        140         18
 46       1459        960          0         81          0          0          0        152         18
 47       1428        972          0        100          0          0          0        162         18
 48       1386       1001          0        113          0          0          0        168         19
 49       1337       1032          0        131          0          0          0        172         20
 50       1303       1052          0        144          0          1          0        178         19
 51       1266       1069          0        163          0          2          0        181         19
 52       1233       1083          0        182          0          2          0        181         19
 53       1199       1098          0        201          0          2          0        187         20
 54       1164       1102          0        232          0          2          0        187         21
 55       1130       1097          0        271          0          2          0        186         21
 56       1090       1106          0        302          0          2          0        188         21
 57       1057       1103          0        338          0          2          0        185         21
 58       1032       1096          0        369          0          3          0        185         21
 59       1001       1074          0        421          0          4          0        175         19
 60        973       1055          0        468          0          4          0        177         19
 61        947       1029          0        519          0          5          0        168         16
 62        916       1011          0        567          0          6          0        160         17
 63        889        987          0        618          0          6          0        152         17
 64        869        942          0        683          0          6          0        148         16
 65        850        905          0        739          0          6          0        146         15
 66        831        869          0        793          0          7          0        139         15
 67        814        837          0        842          0          7          0        137         14
 68        797        817          0        879          0          7          0        140         14
 69        781        788          0        923          0          8          0        135         12
 70        756        781          0        954          0          9          0        134         12
 71        743        762          0        986          0          9          0        130         11
 72        725        744          0       1022          0          9          0        130         10
 73        710        733          0       1048          0          9          0        128          9
 74        698        702          0       1090          0         10          0        122         10
 75        681        686          0       1122          0         11          0        119          9
 76        664        666          0       1158          0         12          0        113          9
 77        653        635          0       1200          0         12          0        111         10
 78        642        608          0       1237          0         13          0        108         10
 79        630        574          0       1282          0         14          0         97          8
 80        622        549          0       1315          0         14          0         94          6
 81        608        534          0       1344          0         14          0         87          6
 82        597        521          0       1368          0         14          0         85          7
 83        588        494          0       1403          0         15          0         80          7
 84        579        471          0       1435          0         15          0         71          8
 85        574        444          0       1467          0         15          0         70          8
 86        566        422          0       1497          0         15          0         71          9
 87        562        391          0       1531          0         16          0         66          9
 88        556        366          0       1562          0         16          0         64          8
 89        551        348          0       1585          0         16          0         62          8
 90        547        329          0       1608          0         16          0         59          8
 91        541        321          0       1621          0         17          0         54          8
 92        536        302          0       1645          0         17          0         51          8
 93        533        288          0       1662          0         17          0         49          8
 94        529        270          0       1682          0         19          0         47          8
 95        525        259          0       1697          0         19          0         46          7
 96        522        245          0       1714          0         19          0         46          7
 97        518        231          0       1732          0         19          0         47          7
 98        512        224          0       1745          0         19          0         43          6
 99        511        209          0       1761          0         19          0         40          6
100        510        203          0       1768          0         19          0         39          6
101        507        181          0       1792          0         20          0         33          5
102        504        172          0       1802          0         22          0         28          5
103        502        166          0       1810          0         22          0         26          5
104        501        154          0       1822          0         23          0         27          5
105        499        148          0       1830          0         23          0         25          3
106        497        138          0       1842          0         23          0         26          3
107        496        123          0       1858          0         23          0         23          2
108        496        118          0       1863          0         23          0         21          1
109        495        109          0       1873          0         23          0         21          1
110        494        104          0       1878          0         24          0         18          1
111        490         99          0       1887          0         24          0         17          0
112        489         89          0       1898          0         24          0         16          0
113        489         75          0       1912          0         24          0         15          0
114        489         71          0       1916          0         24          0         16          1
115        488         64          0       1924          0         24          0         15          1
116        488         62          0       1926          0         24          0         15          1
117        486         60          0       1930          0         24          0         15          1
118        486         58          0       1932          0         24          0         14          1
119        485         55          0       1936          0         24          0         14          1
120        483         53          0       1940          0         24          0         12          1
121        483         46          0       1947          0         24          0         10          1
122        482         42          0       1952          0         24          0          9          2
123        482         38          0       1956          0         24          0          9          2
124        481         34          0       1961          0         24          0          6          2
125        480         32          0       1964          0         24          0          5          2
126        480         29          0       1967          0         24          0          4          1
127        480         28          0       1968          0         24          0          4          1
128        480         27          0       1969          0         24          0          4          1
129        480         23          0       1973          0         24          0          4          1
130        479         23          0       1974          0         24          0          3          1
131        479         21          0       1976          0         24          0          3          1
132        478         21          0       1977          0         24          0          4          1
133        478         21          0       1977          0         24          0          4          1
134        478         20          0       1978          0         24          0          4          1
135        476         21          0       1979          0         24          0          4          1
136        476         20          0       1980          0         24          0          4          1
137        476         19          0       1980          0         25          0          3          1
138        476         16          0       1983          0         25          0          3          1
139        475         15          0       1985          0         25          0          3          1
140        475         15          0       1985          0         25          0          3          1
141        474         16          0       1985          0         25          0          3          1
142        473         15          0       1987          0         25          0          3          1
143        472         16          0       1987          0         25          0          3          1
144        472         16          0       1987          0         25          0          3          1
145        472         16          0       1987          0         25          0          3          1
146        472         14          0       1989          0         25          0          2          0
147        472         14          0       1989          0         25          0          2          0
148        472         13          0       1990          0         25          0          2          0
149        472         13          0       1990          0         25          0          2          0
150        472         12          0       1991          0         25          0          2          0
--- ---------- ---------- ---------- ---------- ---------- ---------- ---------- ---------- ----------

Tipo 4
Día     Sanos  Infectados Importados    Curados Desinmuniz    Muertos Inf.Indire   Enfermos Hospitaliz
--- ---------- ---------- ---------- ---------- ---------- ---------- ---------- ---------- ----------
  1       7000          0          0          0          0          0          0          0          0
  2       7000          0          0          0          0          0          0          0          0
  3       7000          0          0          0          0          0          0          0          0
  4       7000          0          0          0          0          0          0          0          0
  5       7000          0          0          0          0          0          0          0          0
  6       7000          0          0          0          0          0          0          0          0
  7       7000          0          0          0          0          0          0          0          0
  8       7000          0          0          0          0          0          0          0          0
  9       7000          0          0          0          0          0          0          0          0
 10       6998          2          0          0          0          0          0          0          0
 11       6997          3          0          0          0          0          0          0          0
 12       6997          3          0          0          0          0          0          0          0
 13       6996          4          0          0          0          0          0          0          0
 14       6994          6          0          0          0          0          0          0          0
 15       6992          8          0          0          0          0          0          0          0
 16       6989         11          0          0          0          0          0          0          0
 17       6983         17          0          0          0          0          0          1          0
 18       6979         21          0          0          0          0          0          1          0
 19       6972         28          0          0          0          0          0          1          0
 20       6965         35          0          0          0          0          0          1          0
 21       6958         42          0          0          0          0          0          1          0
 22       6949         51          0          0          0          0          0          1          0
 23       6939         61          0          0          0          0          0          1          0
 24       6927         73          0          0          0          0          0          2          0
 25       6905         95          0          0          0          0          0          4          0
 26       6882        118          0          0          0          0          0          6          0
 27       6851        149          0          0          0          0          0          6          0
 28       6818        181          0          1          0          0          0          8          1
 29       6790        209          0          1          0          0          0          9          1
 30       6748        251          0          1          0          0          0         12          2
 31       6701        298          0          1          0          0          0         12          2
 32       6647        351          0          2          0          0          0         15          3
 33       6581        416          0          3          0          0          0         21          4
 34       6510        484          0          6          0          0          0         27          5
 35       6420        573          0          7          0          0          0         34          5
 36       6323        668          0          9          0          0          0         38          6
 37       6222        766          0         12          0          0          0         50          9
 38       6125        859          0         16          0          0          0         59         10
 39       6017        965          0         18          0          0          0         73         12
 40       5903       1076          0         21          0          0          0         82         14
 41       5772       1204          0         24          0          0          0         93         17
 42       5652       1320          0         28          0          0          0        111         19
 43       5531       1433          0         35          0          1          0        132         22
 44       5417       1537          0         45          0          1          0        149         24
 45       5295       1648          0         56          0          1          0        171         27
 46       5180       1748          0         69          0          3          0        189         27
 47       5069       1841          0         87          0          3          0        211         30
 48       4945       1950          0        101          0          4          0        231         33
 49       4835       2042          0        117          0          6          0        245         34
 50       4733       2124          0        134          0          9          0        265         33
 51       4635       2202          0        153          0         10          0        281         32
 52       4534       2264          0        191          0         11          0        302         36
 53       4423       2336          0        229          0         12          0        317         38
 54       4321       2394          0        272          0         13          0        337         40
 55       4226       2443          0        316          0         15          0        355         40
 56       4149       2466          0        367          0         18          0        368         39
 57       4068       2496          0        417          0         19          0        374         37
 58       3979       2514          0        483          0         24          0        381         38
 59       3891       2535          0        547          0         27          0        387         39
 60       3815       2555          0        600          0         30          0        397         40
 61       3740       2555          0        673          0         32          0        417         42
 62       3665       2561          0        739          0         35          0        423         40
 63       3601       2547          0        814          0         38          0        418         40
 64       3541       2504          0        915          0         40          0        423         40
 65       3486       2485          0        984          0         45          0        418         36
 66       3441       2434          0       1077          0         48          0        412         34
 67       3374       2393          0       1180          0         53          0        407         36
 68       3315       2343          0       1285          0         57          0        400         36
 69       3274       2276          0       1385          0         65          0        391         36
 70       3216       2240          0       1476          0         68          0        383         36
 71       3164       2159          0       1601          0         76          0        361         36
 72       3117       2081          0       1717          0         85          0        336         32
 73       3080       1996          0       1836          0         88          0        322         31
 74       3038       1927          0       1944          0         91          0        316         32
 75       3004       1843          0       2060          0         93          0        318         33
 76       2969       1783          0       2153          0         95          0        309         30
 77       2934       1715          0       2253          0         98          0        299         30
 78       2897       1653          0       2352          0         98          0        292         31
 79       2866       1583          0       2449          0        102          0        289         33
 80       2827       1532          0       2538          0        103          0        282         34
 81       2801       1457          0       2633          0        109          0        264         35
 82       2769       1402          0       2712          0        117          0        252         35
 83       2746       1335          0       2800          0        119          0        244         32
 84       2719       1273          0       2886          0        122          0        234         30
 85       2699       1230          0       2946          0        125          0        224         30
 86       2673       1168          0       3031          0        128          0        214         29
 87       2649       1124          0       3097          0        130          0        216         30
 88       2632       1069          0       3164          0        135          0        209         32
 89       2614        996          0       3251          0        139          0        192         31
 90       2600        955          0       3305          0        140          0        183         31
 91       2583        903          0       3372          0        142          0        178         31
 92       2567        858          0       3430          0        145          0        167         31
 93       2550        822          0       3480          0        148          0        159         28
 94       2534        792          0       3523          0        151          0        152         28
 95       2515        756          0       3575          0        154          0        143         26
 96       2506        724          0       3615          0        155          0        139         27
 97       2495        695          0       3653          0        157          0        131         25
 98       2483        657          0       3702          0        158          0        126         26
 99       2477        615          0       3749          0        159          0        116         23
100       2470        592          0       3777          0        161          0        110         22
101       2461        564          0       3813          0        162          0        105         19
102       2451        531          0       3853          0        165          0        101         19
103       2440        507          0       3887          0        166          0         94         18
104       2433        492          0       3908          0        167          0         89         16
105       2425        463          0       3944          0        168          0         86         14
106       2420        446          0       3965          0        169          0         83         14
107       2409        425          0       3997          0        169          0         78         13
108       2398        410          0       4022          0        170          0         71         11
109       2386        384          0       4060          0        170          0         63          8
110       2381        357          0       4092          0        170          0         61          8
111       2378        332          0       4117          0        173          0         53          8
112       2375        311          0       4138          0        176          0         47          7
113       2372        286          0       4166          0        176          0         45          6
114       2371        270          0       4183          0        176          0         46          5
115       2365        254          0       4205          0        176          0         45          5
116       2360        243          0       4221          0        176          0         45          5
117       2355        226          0       4242          0        177          0         41          5
118       2352        208          0       4263          0        177          0         38          3
119       2351        198          0       4274          0        177          0         36          3
120       2350        188          0       4285          0        177          0         35          3
121       2349        178          0       4296          0        177          0         33          3
122       2346        165          0       4311          0        178          0         31          2
123       2343        154          0       4324          0        179          0         24          2
124       2339        146          0       4335          0        180          0         22          2
125       2338        136          0       4346          0        180          0         21          2
126       2335        131          0       4354          0        180          0         20          1
127       2334        122          0       4364          0        180          0         18          1
128       2332        115          0       4373          0        180          0         17          1
129       2331        107          0       4382          0        180          0         14          0
130       2329        105          0       4385          0        181          0         13          0
131       2327         99          0       4393          0        181          0         12          0
132       2324         93          0       4402          0        181          0          9          0
133       2323         85          0       4411          0        181          0          9          0
134       2321         79          0       4418          0        182          0          8          0
135       2316         73          0       4429          0        182          0          6          0
136       2316         66          0       4436          0        182          0          4          0
137       2316         63          0       4439          0        182          0          4          0
138       2316         59          0       4443          0        182          0          3          0
139       2316         54          0       4448          0        182          0          4          0
140       2315         51          0       4452          0        182          0          4          0
141       2315         45          0       4458          0        182          0          3          0
142       2315         44          0       4459          0        182          0          4          0
143       2315         39          0       4464          0        182          0          4          0
144       2312         40          0       4466          0        182          0          3          0
145       2311         40          0       4467          0        182          0          3          0
146       2310         37          0       4470          0        183          0          1          0
147       2309         35          0       4473          0        183          0          1          0
148       2309         35          0       4473          0        183          0          1          0
149       2307         34          0       4476          0        183          0          1          0
150       2306         35          0       4476          0        183          0          1          0
--- ---------- ---------- ---------- ---------- ---------- ---------- ---------- ---------- ----------

