--------------------------------------------------------------------------------------------------
Simulador de contagios. 2.1.0.7
19/04/2020 20:22:42
--------------------------------------------------------------------------------------------------
Carpeta 20_gi_m
Número de hilos                              30
Semilla población                         1.324
Semilla simulación                          651
Potencia para fin de infección             3,00

Número de individuos                     20.000
Radio                                     1.704
Probabilidad base de contagio              6,00 %
Probabilidad contagio clúster              6,00 %
Probabilidad base de recontagio            0,00 %
Días mínimos de inmunidad                     5
Días de carencia para contagiar               3
Días de incubación                            8
Probabilidad de enfermar                 100,00 %
Factor probab. contagio enfermo           25,00 %
Probabilidad de hospitalización           10,00 %
Factor prob. contagio hospitalizad         0,00 %
Densidad crítica de vecinos infect         1,00 %
Probabilidad contagio indirecta            0,00 %

Número de focos iniciales                    10
Número de inmunes iniciales                   0
Número de focos a importar                    0 cada 0 días, del grupo adulto
Radio de contacto                             1
Longitud media 10 pasos                       4

Número clusters objetivo                     50
Número clusters generados                    49 con        3.980 individuos,            0 infectados de inicio
Factor individuos por cluster              1,00

                        - Edad-      %     % Factor B    Días         %      Num.Pasos      %                          %      Individuos 
Grupo            Género Min Max   Gravedad   Contagio  Duración    Curación   Min   Max Individuos   Individuos     clusters    cluster  
---------------- ------ --- --- ---------- ---------- ---------- ---------- ----- ----- ---------- ------------ ------------ ------------
nene                  0   0   4     100,00       3,00      30,00     100,00    70    90       4,00          800        800,0            4
menor                 1   5  19     100,00       1,00      30,00     100,00    80   120      15,00        3.000       3000,0           15
adulto                2  20  64     100,00      25,00      30,00      99,00    80   120      62,00       12.400      12400,0           62
jubilado              3  65  69     100,00    5800,00      30,00      96,00    80   120       5,00        1.000       1000,0            5
mayor                 4  70 150     100,00    2500,00      30,00      81,00    20    30      14,00        2.800       2800,0           14
---------------- ------ --- --- ---------- ---------- ---------- ---------- ----- ----- ---------- ------------ ------------ ------------

Valores al final del día
                                                                       Recorrido  Contactos Media días            ------ Afectados ---- ----------  Clusters -----------                                  -----------------  GRAVES  ----------------
Día     Sanos  Infectados Importados    Curados Desinmuniz    Muertos     Ida     críticos  infectados         R0   Cercania   Clusters Infectados    Curados    Muertos  Indirecto   Enfermos Hospitaliz Infectados    Curados    Muertos         R0
--- ---------- ---------- ---------- ---------- ---------- ---------- ---------- ---------- ---------- ---------- ---------- ---------- ---------- ---------- ---------- ---------- ---------- ---------- ---------- ---------- ---------- ----------
  1      19990         10          0          0          0          0      54,15       0,00        0,0       0,00          0          0          0          0          0          0          0          0         10          0          0       0,00
  2      19990         10          0          0          0          0      53,96       0,00        0,0       0,00          0          0          0          0          0          0          0          0         10          0          0       0,00
  3      19990         10          0          0          0          0      53,97       0,00        0,0       0,00          0          0          0          0          0          0          0          0         10          0          0       0,00
  4      19989         11          0          0          0          0      53,98       0,24        0,0       0,00          1          0          0          0          0          0          0          0         11          0          0       0,00
  5      19988         12          0          0          0          0      54,01       0,89        0,0       0,00          2          0          0          0          0          0          0          0         12          0          0       0,00
  6      19987         13          0          0          0          0      54,01       1,30        0,0       0,00          3          0          0          0          0          0          0          0         13          0          0       0,00
  7      19985         15          0          0          0          0      54,01       1,11        0,0       0,00          5          0          0          0          0          0          0          0         15          0          0       0,00
  8      19985         15          0          0          0          0      54,05       1,19        0,0       0,00          5          0          0          0          0          0          0          0         15          0          0       0,00
  9      19984         16          0          0          0          0      54,05       1,38        0,0       0,00          6          0          0          0          0          0          0          0         16          0          0       0,00
 10      19981         19          0          0          0          0      54,03       1,27        0,0       0,00          9          0          0          0          0          0          0          0         19          0          0       0,00
 11      19981         19          0          0          0          0      53,99       1,26        0,0       0,00          9          0          0          0          0          0          1          0         19          0          0       0,00
 12      19980         20          0          0          0          0      53,96       1,25        0,0       0,00         10          0          0          0          0          0          2          0         20          0          0       0,00
 13      19979         21          0          0          0          0      53,98       1,18        0,0       0,00         10          1          1          0          0          0          3          0         21          0          0       0,00
 14      19977         23          0          0          0          0      53,98       1,11        0,0       0,00         10          3          3          0          0          0          5          1         23          0          0       0,00
 15      19974         25          0          1          0          0      53,96       1,17       14,0       2,00         11          5          5          0          0          0          5          1         26          0          0       0,00
 16      19971         28          0          1          0          0      53,97       1,11       14,0       2,00         12          7          7          0          0          0          6          1         29          0          0       0,00
 17      19968         31          0          1          0          0      53,98       1,08       14,0       2,00         13          9          9          0          0          0          9          1         32          0          0       0,00
 18      19958         41          0          1          0          0      53,99       1,13       14,0       2,00         15         17         17          0          0          0          9          1         42          0          0       0,00
 19      19945         54          0          1          0          0      53,98       1,09       14,0       2,00         17         28         28          0          0          0         10          1         55          0          0       0,00
 20      19891        108          0          1          0          0      53,99       0,96       14,0       2,00         21         78         78          0          0          0         11          1        109          0          0       0,00
 21      19878        120          0          2          0          0      53,99       0,87       12,5       4,50         22         90         90          0          0          0         12          1        121          1          0       7,00
 22      19866        132          0          2          0          0      53,98       0,83       12,5       4,50         23        101        101          0          0          0         15          1        133          1          0       7,00
 23      19845        151          0          4          0          0      53,98       1,04       16,3       2,75         27        118        118          0          0          0         17          1        153          2          0       4,50
 24      19818        177          0          5          0          0      53,98       1,24       17,6       2,80         36        136        136          0          0          0         20          1        180          2          0       4,50
 25      19789        206          0          5          0          0      53,99       1,30       17,6       2,80         45        156        156          0          0          0         30          2        209          2          0       4,50
 26      19755        239          0          6          0          0      53,99       1,26       18,8       2,33         54        181        181          0          0          0         43          3        243          2          0       4,50
 27      19648        345          0          7          0          0      53,99       1,18       19,9       2,29         64        278        278          0          0          0         97         11        350          2          0       4,50
 28      19560        433          0          7          0          0      53,98       1,15       19,9       2,29         75        355        355          0          0          0        110         14        438          2          0       4,50
 29      19509        480          0         11          0          0      53,98       1,20       21,8       1,73         89        392        392          0          0          0        120         16        487          4          0       2,50
 30      19442        545          0         13          0          0      53,98       1,28       20,2       2,15        105        443        442          1          0          0        139         18        552          6          0       3,17
 31      19371        614          0         15          0          0      54,00       1,33       19,7       2,40        142        477        475          2          0          0        164         23        621          8          0       3,38
 32      19313        667          0         19          0          1      54,00       1,34       21,3       1,95        156        521        518          2          1          0        191         25        677          9          1       2,70
 33      19210        768          0         21          0          1      54,00       1,39       20,5       1,86        197        583        578          4          1          0        223         29        778         11          1       2,42
 34      19131        846          0         22          0          1      54,01       1,40       19,9       1,78        234        625        620          4          1          0        329         44        856         12          1       2,23
 35      19069        904          0         26          0          1      54,00       1,43       19,4       1,70        267        654        647          6          1          0        413         53        914         16          1       2,00
 36      18989        981          0         29          0          1      54,00       1,46       19,0       1,63        314        687        677          9          1          0        461         57        991         19          1       1,85
 37      18891       1074          0         32          0          3      54,01       1,47       18,9       1,49        353        746        733         11          2          0        523         68       1084         22          3       1,60
 38      18796       1158          0         42          0          4      54,01       1,50       18,2       1,35        397        797        776         19          2          0        583         73       1168         32          4       1,39
 39      18683       1266          0         47          0          4      54,00       1,49       18,0       1,55        450        857        832         23          2          0        636         79       1276         37          4       1,63
 40      18551       1389          0         55          0          5      53,99       1,51       17,8       1,50        492        947        915         30          2          0        730         87       1399         45          5       1,56
 41      18399       1532          0         63          0          6      53,99       1,50       17,7       1,43        550       1041       1003         35          3          0        800         96       1542         53          6       1,47
 42      18171       1750          0         72          0          7      54,00       1,48       17,7       1,54        598       1221       1177         41          3          0        852        101       1760         62          7       1,59
 43      17999       1906          0         86          0          9      54,00       1,47       17,8       1,78        657       1334       1276         53          5          0        917        107       1916         76          9       1,85
 44      17766       2122          0         99          0         13      54,00       1,46       18,0       2,10        737       1487       1415         66          6          0        998        116       2132         89         13       2,19
 45      17522       2346          0        119          0         13      54,00       1,48       18,1       2,05        822       1646       1560         80          6          0       1073        119       2356        109         13       2,11
 46      17323       2516          0        146          0         15      54,00       1,47       18,5       2,17        899       1768       1657        103          8          0       1157        127       2526        136         15       2,23
 47      17102       2706          0        176          0         16      54,00       1,47       18,8       2,11       1008       1880       1746        125          9          0       1258        138       2716        166         16       2,16
 48      16893       2886          0        199          0         22      54,00       1,47       19,1       2,24       1114       1983       1826        143         14          0       1381        149       2896        189         22       2,29
 49      16698       3040          0        238          0         24      54,00       1,47       19,4       2,08       1221       2071       1885        170         16          0       1569        174       3050        228         24       2,12
 50      16513       3193          0        270          0         24      54,01       1,48       19,5       2,01       1325       2152       1941        195         16          0       1710        195       3203        260         24       2,04
 51      16338       3314          0        319          0         29      54,01       1,50       20,2       2,05       1421       2231       1981        230         20          0       1888        204       3324        309         29       2,08
 52      16165       3438          0        367          0         30      54,01       1,50       20,2       2,06       1530       2295       2005        269         21          0       2081        226       3448        357         30       2,08
 53      16030       3520          0        412          0         38      54,01       1,51       20,5       1,98       1618       2342       2016        302         24          0       2227        240       3530        402         38       2,00
 54      15884       3614          0        464          0         38      54,01       1,52       20,5       1,96       1709       2397       2030        343         24          0       2397        261       3624        454         38       1,97
 55      15735       3682          0        536          0         47      54,02       1,53       20,7       1,96       1799       2456       2031        397         28          0       2524        272       3692        526         47       1,97
 56      15586       3758          0        604          0         52      54,03       1,53       21,0       1,99       1908       2496       2021        445         30          0       2646        278       3768        594         52       2,00
 57      15434       3831          0        676          0         59      54,03       1,53       21,2       1,94       2000       2556       2031        494         31          0       2752        296       3841        666         59       1,95
 58      15294       3871          0        766          0         69      54,03       1,53       21,7       1,88       2075       2621       2020        562         39          0       2829        308       3881        756         69       1,88
 59      15143       3931          0        854          0         72      54,04       1,54       21,8       1,81       2155       2692       2029        624         39          0       2909        318       3941        844         72       1,81
 60      14981       4024          0        921          0         74      54,05       1,54       21,8       1,79       2234       2775       2062        672         41          0       2975        323       4034        911         74       1,79
 61      14814       4093          0       1017          0         76      54,05       1,53       21,9       1,76       2314       2862       2093        728         41          0       3023        338       4103       1007         76       1,76
 62      14637       4161          0       1125          0         77      54,06       1,53       22,1       1,72       2395       2958       2119        798         41          0       3063        341       4171       1115         77       1,72
 63      14468       4212          0       1233          0         87      54,07       1,53       22,2       1,71       2472       3050       2144        863         43          0       3094        340       4222       1223         87       1,72
 64      14319       4213          0       1373          0         95      54,07       1,52       22,4       1,65       2541       3130       2136        946         48          0       3098        335       4223       1363         95       1,65
 65      14171       4222          0       1504          0        103      54,07       1,52       22,4       1,64       2625       3194       2122       1022         50          0       3100        332       4232       1494        103       1,65
 66      14036       4225          0       1629          0        110      54,07       1,52       22,5       1,62       2703       3251       2111       1088         52          0       3118        339       4235       1619        110       1,62
 67      13935       4196          0       1752          0        117      54,08       1,53       22,6       1,60       2775       3280       2072       1153         55          0       3150        330       4206       1742        117       1,60
 68      13834       4156          0       1888          0        122      54,09       1,53       22,7       1,57       2836       3320       2030       1234         56          0       3176        338       4166       1878        122       1,57
 69      13745       4100          0       2026          0        129      54,09       1,53       22,8       1,53       2906       3339       1973       1309         57          0       3208        336       4110       2016        129       1,53
 70      13661       4022          0       2183          0        134      54,10       1,53       23,0       1,53       2973       3356       1898       1399         59          0       3215        336       4032       2173        134       1,54
 71      13594       3929          0       2329          0        148      54,11       1,53       23,1       1,53       3023       3373       1820       1490         63          0       3204        335       3939       2319        148       1,53
 72      13533       3801          0       2508          0        158      54,12       1,53       23,3       1,50       3078       3379       1704       1611         64          0       3163        333       3811       2498        158       1,50
 73      13475       3659          0       2698          0        168      54,13       1,53       23,6       1,47       3135       3380       1584       1725         71          0       3098        336       3669       2688        168       1,47
 74      13424       3520          0       2877          0        179      54,13       1,53       23,7       1,44       3185       3381       1471       1838         72          0       3011        325       3530       2867        179       1,44
 75      13385       3390          0       3031          0        194      54,14       1,54       23,8       1,41       3224       3381       1392       1917         72          0       2941        320       3400       3021        194       1,41
 76      13332       3262          0       3207          0        199      54,15       1,54       24,0       1,39       3276       3382       1289       2019         74          0       2849        300       3272       3197        199       1,39
 77      13293       3129          0       3365          0        213      54,16       1,54       24,1       1,36       3315       3382       1199       2106         77          0       2761        283       3139       3355        213       1,36
 78      13254       3007          0       3513          0        226      54,17       1,54       24,3       1,34       3354       3382       1133       2172         77          0       2667        272       3017       3503        226       1,34
 79      13218       2839          0       3703          0        240      54,19       1,54       24,4       1,31       3390       3382       1037       2268         77          0       2524        267       2849       3693        240       1,31
 80      13179       2709          0       3859          0        253      54,20       1,54       24,5       1,29       3429       3382        965       2340         77          0       2413        254       2719       3849        253       1,29
 81      13150       2569          0       4018          0        263      54,21       1,55       24,6       1,27       3458       3382        886       2419         77          0       2295        243       2579       4008        263       1,27
 82      13115       2461          0       4152          0        272      54,22       1,55       24,6       1,26       3493       3382        817       2486         79          0       2191        230       2471       4142        272       1,26
 83      13091       2312          0       4315          0        282      54,23       1,55       24,7       1,23       3517       3382        746       2557         79          0       2071        214       2322       4305        282       1,23
 84      13069       2192          0       4446          0        293      54,24       1,55       24,8       1,22       3539       3382        692       2611         79          0       1968        202       2202       4436        293       1,22
 85      13046       2078          0       4575          0        301      54,25       1,55       24,8       1,21       3562       3382        639       2663         80          0       1871        192       2088       4565        301       1,21
 86      13029       1958          0       4697          0        316      54,27       1,56       24,8       1,20       3579       3382        594       2708         80          0       1769        185       1968       4687        316       1,20
 87      13014       1851          0       4808          0        327      54,28       1,56       24,9       1,19       3594       3382        550       2752         80          0       1686        183       1861       4798        327       1,19
 88      12996       1723          0       4947          0        334      54,30       1,56       25,0       1,18       3612       3382        484       2818         80          0       1569        168       1733       4937        334       1,18
 89      12985       1608          0       5070          0        337      54,31       1,56       25,0       1,17       3623       3382        431       2870         81          0       1478        161       1618       5060        337       1,17
 90      12969       1486          0       5205          0        340      54,33       1,56       25,1       1,16       3639       3382        363       2938         81          0       1364        150       1496       5195        340       1,16
 91      12958       1380          0       5317          0        345      54,34       1,56       25,2       1,16       3650       3382        315       2986         81          0       1269        140       1390       5307        345       1,16
 92      12943       1265          0       5437          0        355      54,35       1,56       25,2       1,15       3665       3382        256       3044         82          0       1162        121       1275       5427        355       1,15
 93      12935       1154          0       5550          0        361      54,37       1,56       25,3       1,13       3673       3382        202       3097         83          0       1060        108       1164       5540        361       1,13
 94      12928       1059          0       5644          0        369      54,38       1,56       25,3       1,13       3680       3382        157       3142         83          0        973        101       1069       5634        369       1,13
 95      12920        976          0       5731          0        373      54,40       1,56       25,4       1,12       3688       3382        118       3181         83          0        900         90        986       5721        373       1,12
 96      12911        891          0       5820          0        378      54,41       1,56       25,4       1,11       3697       3382         84       3215         83          0        817         82        901       5810        378       1,11
 97      12906        806          0       5900          0        388      54,43       1,56       25,5       1,10       3702       3382         59       3240         83          0        743         69        816       5890        388       1,10
 98      12905        714          0       5981          0        400      54,44       1,56       25,5       1,08       3703       3382         44       3254         84          0        661         62        724       5971        400       1,08
 99      12899        645          0       6049          0        407      54,46       1,56       25,5       1,08       3709       3382         26       3272         84          0        601         54        655       6039        407       1,08
100      12891        591          0       6105          0        413      54,48       1,56       25,6       1,07       3717       3382         16       3282         84          0        547         50        601       6095        413       1,07
101      12889        536          0       6156          0        419      54,49       1,56       25,6       1,06       3719       3382         10       3288         84          0        497         46        546       6146        419       1,06
102      12883        494          0       6203          0        420      54,51       1,56       25,6       1,06       3725       3382          3       3295         84          0        457         44        504       6193        420       1,06
103      12879        453          0       6243          0        425      54,52       1,56       25,6       1,05       3729       3382          1       3296         85          0        421         38        463       6233        425       1,05
104      12878        410          0       6284          0        428      54,54       1,56       25,6       1,05       3730       3382          1       3296         85          0        382         37        420       6274        428       1,05
105      12872        378          0       6316          0        434      54,56       1,56       25,6       1,04       3736       3382          0       3297         85          0        345         33        388       6306        434       1,04
106      12867        347          0       6348          0        438      54,57       1,56       25,7       1,04       3741       3382          0       3297         85          0        315         27        357       6338        438       1,04
107      12864        308          0       6386          0        442      54,59       1,56       25,7       1,03       3744       3382          0       3297         85          0        281         23        318       6376        442       1,03
108      12859        291          0       6408          0        442      54,61       1,56       25,7       1,03       3749       3382          0       3297         85          0        261         21        301       6398        442       1,03
109      12858        262          0       6437          0        443      54,62       1,56       25,7       1,03       3750       3382          0       3297         85          0        237         20        272       6427        443       1,03
110      12858        232          0       6464          0        446      54,64       1,56       25,7       1,02       3750       3382          0       3297         85          0        211         19        242       6454        446       1,02
111      12853        222          0       6476          0        449      54,66       1,56       25,7       1,02       3755       3382          0       3297         85          0        197         19        232       6466        449       1,02
112      12850        202          0       6496          0        452      54,68       1,56       25,7       1,02       3758       3382          0       3297         85          0        180         17        212       6486        452       1,02
113      12847        188          0       6510          0        455      54,69       1,56       25,7       1,02       3761       3382          0       3297         85          0        168         13        198       6500        455       1,02
114      12846        167          0       6528          0        459      54,71       1,56       25,7       1,02       3762       3382          0       3297         85          0        149         11        177       6518        459       1,02
115      12844        154          0       6541          0        461      54,73       1,56       25,7       1,02       3764       3382          0       3297         85          0        139         12        164       6531        461       1,02
116      12841        146          0       6551          0        462      54,74       1,56       25,7       1,01       3767       3382          0       3297         85          0        129         12        156       6541        462       1,01
117      12839        138          0       6561          0        462      54,76       1,56       25,7       1,01       3769       3382          0       3297         85          0        119         12        148       6551        462       1,01
118      12835        130          0       6571          0        464      54,78       1,56       25,7       1,01       3773       3382          0       3297         85          0        112         12        140       6561        464       1,01
119      12833        122          0       6581          0        464      54,80       1,56       25,7       1,01       3775       3382          0       3297         85          0        105         12        132       6571        464       1,01
120      12830        112          0       6593          0        465      54,81       1,56       25,7       1,01       3778       3382          0       3297         85          0         95         11        122       6583        465       1,01
121      12829        101          0       6604          0        466      54,83       1,56       25,8       1,01       3779       3382          0       3297         85          0         84         10        111       6594        466       1,01
122      12829         92          0       6612          0        467      54,85       1,56       25,8       1,01       3779       3382          0       3297         85          0         77          9        102       6602        467       1,01
123      12827         82          0       6622          0        469      54,86       1,56       25,8       1,01       3781       3382          0       3297         85          0         68          8         92       6612        469       1,01
124      12826         76          0       6627          0        471      54,88       1,56       25,8       1,01       3782       3382          0       3297         85          0         63          6         86       6617        471       1,01
125      12826         72          0       6631          0        471      54,89       1,56       25,8       1,01       3782       3382          0       3297         85          0         63          5         82       6621        471       1,01
126      12826         66          0       6636          0        472      54,91       1,56       25,8       1,01       3782       3382          0       3297         85          0         59          4         76       6626        472       1,01
127      12825         61          0       6642          0        472      54,92       1,56       25,8       1,00       3783       3382          0       3297         85          0         56          3         71       6632        472       1,00
128      12825         56          0       6646          0        473      54,94       1,56       25,8       1,00       3783       3382          0       3297         85          0         52          3         66       6636        473       1,00
129      12824         55          0       6648          0        473      54,95       1,56       25,8       1,00       3784       3382          0       3297         85          0         50          3         65       6638        473       1,00
130      12824         52          0       6650          0        474      54,97       1,56       25,8       1,00       3784       3382          0       3297         85          0         49          4         62       6640        474       1,00
131      12824         49          0       6653          0        474      54,99       1,56       25,8       1,00       3784       3382          0       3297         85          0         47          4         59       6643        474       1,00
132      12823         45          0       6658          0        474      55,00       1,56       25,8       1,00       3785       3382          0       3297         85          0         42          4         55       6648        474       1,00
133      12822         43          0       6660          0        475      55,02       1,56       25,8       1,00       3786       3382          0       3297         85          0         39          3         53       6650        475       1,00
134      12822         38          0       6664          0        476      55,03       1,56       25,8       1,00       3786       3382          0       3297         85          0         35          3         48       6654        476       1,00
135      12822         37          0       6664          0        477      55,05       1,56       25,8       1,00       3786       3382          0       3297         85          0         34          3         47       6654        477       1,00
136      12822         33          0       6667          0        478      55,06       1,56       25,8       1,00       3786       3382          0       3297         85          0         31          2         43       6657        478       1,00
137      12822         29          0       6671          0        478      55,08       1,56       25,8       1,00       3786       3382          0       3297         85          0         27          2         39       6661        478       1,00
138      12822         27          0       6673          0        478      55,09       1,56       25,8       1,00       3786       3382          0       3297         85          0         25          2         37       6663        478       1,00
139      12822         25          0       6675          0        478      55,11       1,56       25,8       1,00       3786       3382          0       3297         85          0         24          3         35       6665        478       1,00
140      12822         25          0       6675          0        478      55,12       1,56       25,8       1,00       3786       3382          0       3297         85          0         25          3         35       6665        478       1,00
141      12821         26          0       6675          0        478      55,13       1,56       25,8       1,00       3787       3382          0       3297         85          0         25          3         36       6665        478       1,00
142      12820         23          0       6678          0        479      55,15       1,56       25,8       1,00       3788       3382          0       3297         85          0         21          3         33       6668        479       1,00
143      12820         18          0       6682          0        480      55,16       1,56       25,8       1,00       3788       3382          0       3297         85          0         16          3         28       6672        480       1,00
144      12820         17          0       6683          0        480      55,18       1,56       25,8       1,00       3788       3382          0       3297         85          0         15          3         27       6673        480       1,00
145      12819         14          0       6687          0        480      55,19       1,56       25,8       1,00       3789       3382          0       3297         85          0         11          2         24       6677        480       1,00
146      12819         13          0       6688          0        480      55,20       1,56       25,8       1,00       3789       3382          0       3297         85          0         10          1         23       6678        480       1,00
147      12819         13          0       6688          0        480      55,21       1,56       25,8       1,00       3789       3382          0       3297         85          0         10          1         23       6678        480       1,00
148      12819         13          0       6688          0        480      55,22       1,56       25,8       1,00       3789       3382          0       3297         85          0         11          1         23       6678        480       1,00
149      12819         11          0       6690          0        480      55,24       1,56       25,8       1,00       3789       3382          0       3297         85          0         10          1         21       6680        480       1,00
150      12819         10          0       6691          0        480      55,25       1,56       25,8       1,00       3789       3382          0       3297         85          0          9          1         20       6681        480       1,00
--- ---------- ---------- ---------- ---------- ---------- ---------- ---------- ---------- ---------- ---------- ---------- ---------- ---------- ---------- ---------- ---------- ---------- ---------- ---------- ---------- ---------- ----------
Día     Sanos  Infectados Importados    Curados Desinmuniz    Muertos     Ida     críticos  infectados         R0   Cercania   Clusters Infectados    Curados    Muertos  Indirecto   Enfermos Hospitaliz Infectados    Curados    Muertos         R0

Infectados importados                             10

Total pasos                              224.435.555
Total recorridos                           2.486.579
Total distancia recorrida                137.380.264
Contactos de riesgo                          289.211
Acumulador infectados                        185.054

Total días infectados (curados)              172.334      25,00
Total días infectados (muertos)               12.527      26,00
Total días infectados                        184.861      25,00

Simulados 150 días. 10421,4 s

