19/04/2020 20:22:42

Cambio de condiciones el día 0
Fichero de grupos            C:\Contagio\Casos\grupos_gi_m.ggg
Número de clusters           50
No hay próximos cambios

                        - Edad-      %     % Factor B    Días         %      Num.Pasos      %                          %      Individuos 
Grupo            Género Min Max   Gravedad   Contagio  Duración    Curación   Min   Max Individuos   Individuos     clusters    cluster  
---------------- ------ --- --- ---------- ---------- ---------- ---------- ----- ----- ---------- ------------ ------------ ------------
nene                  0   0   4     100,00       3,00      30,00     100,00    70    90       4,00            0          4,0           40
menor                 1   5  19     100,00       1,00      30,00     100,00    80   120      15,00            0         15,0           60
adulto                2  20  64     100,00      25,00      30,00      99,00    80   120      62,00            0         62,0          100
jubilado              3  65  69     100,00    5800,00      30,00      96,00    80   120       5,00            0          5,0           50
mayor                 4  70 150     100,00    2500,00      30,00      81,00    20    30      14,00            0         14,0           40
---------------- ------ --- --- ---------- ---------- ---------- ---------- ----- ----- ---------- ------------ ------------ ------------

Situación inicial

Cluster GID Grupo                Individuos     Sanos  Infectados    Curados Desinmuniz    Muertos
------- --- -------------------- ---------- ---------- ---------- ---------- ---------- ----------
      1   0 nene                         40         40          0          0          0          0
      2   0 nene                         40         39          1          0          0          0
      3   1 menor                        60         60          0          0          0          0
      4   1 menor                        60         60          0          0          0          0
      5   1 menor                        60         60          0          0          0          0
      6   1 menor                        60         60          0          0          0          0
      7   1 menor                        60         60          0          0          0          0
      8   1 menor                        60         60          0          0          0          0
      9   1 menor                        60         60          0          0          0          0
     10   2 adulto                      100        100          0          0          0          0
     11   2 adulto                      100        100          0          0          0          0
     12   2 adulto                      100        100          0          0          0          0
     13   2 adulto                      100        100          0          0          0          0
     14   2 adulto                      100        100          0          0          0          0
     15   2 adulto                      100        100          0          0          0          0
     16   2 adulto                      100        100          0          0          0          0
     17   2 adulto                      100        100          0          0          0          0
     18   2 adulto                      100        100          0          0          0          0
     19   2 adulto                      100        100          0          0          0          0
     20   2 adulto                      100        100          0          0          0          0
     21   2 adulto                      100        100          0          0          0          0
     22   2 adulto                      100        100          0          0          0          0
     23   2 adulto                      100        100          0          0          0          0
     24   2 adulto                      100        100          0          0          0          0
     25   2 adulto                      100        100          0          0          0          0
     26   2 adulto                      100        100          0          0          0          0
     27   2 adulto                      100         99          1          0          0          0
     28   2 adulto                      100        100          0          0          0          0
     29   2 adulto                      100        100          0          0          0          0
     30   2 adulto                      100        100          0          0          0          0
     31   2 adulto                      100        100          0          0          0          0
     32   2 adulto                      100        100          0          0          0          0
     33   2 adulto                      100        100          0          0          0          0
     34   2 adulto                      100        100          0          0          0          0
     35   2 adulto                      100        100          0          0          0          0
     36   2 adulto                      100        100          0          0          0          0
     37   2 adulto                      100        100          0          0          0          0
     38   2 adulto                      100        100          0          0          0          0
     39   2 adulto                      100        100          0          0          0          0
     40   2 adulto                      100        100          0          0          0          0
     41   3 jubilado                     50         50          0          0          0          0
     42   3 jubilado                     50         50          0          0          0          0
     43   4 mayor                        40         40          0          0          0          0
     44   4 mayor                        40         40          0          0          0          0
     45   4 mayor                        40         40          0          0          0          0
     46   4 mayor                        40         40          0          0          0          0
     47   4 mayor                        40         40          0          0          0          0
     48   4 mayor                        40         40          0          0          0          0
     49   4 mayor                        40         40          0          0          0          0
------- --- -------------------- ---------- ---------- ---------- ---------- ---------- ----------
                                       3980       3978          2          0          0          0

Situación final

                                                       -------------- Dentro y fuera ------------- -------- Dentro -----      %
Cluster GID Grupo                Individuos      Sanos Infectados    Curados Desinmuniz    Muertos   Intentos Infectados   Aciertos
------- --- -------------------- ---------- ---------- ---------- ---------- ---------- ---------- ---------- ---------- ----------
      1   0 nene                         40         36          0          4          0          0       6669          2       0,03
      2   0 nene                         40         34          0          6          0          0       9044          5       0,06
      3   1 menor                        60         59          0          1          0          0       1652          0       0,00
      4   1 menor                        60         58          0          2          0          0       5480          1       0,02
      5   1 menor                        60         60          0          0          0          0          0          0       0,00
      6   1 menor                        60         60          0          0          0          0          0          0       0,00
      7   1 menor                        60         59          0          1          0          0       1888          0       0,00
      8   1 menor                        60         59          0          1          0          0       2714          0       0,00
      9   1 menor                        60         60          0          0          0          0          0          0       0,00
     10   2 adulto                      100          0          0        100          0          0      14396         97       0,67
     11   2 adulto                      100          0          0         99          0          1      13687         94       0,69
     12   2 adulto                      100          0          0        100          0          0      15676         98       0,63
     13   2 adulto                      100          0          0         95          0          5      16797         98       0,58
     14   2 adulto                      100          0          0         97          0          3      14260         97       0,68
     15   2 adulto                      100          0          0         97          0          3      11035         96       0,87
     16   2 adulto                      100          0          0        100          0          0      12413         96       0,77
     17   2 adulto                      100          0          0         97          0          3      11691         97       0,83
     18   2 adulto                      100          0          0         98          0          2      12301         99       0,80
     19   2 adulto                      100          0          0         99          0          1      12472         96       0,77
     20   2 adulto                      100          0          0        100          0          0      12555         99       0,79
     21   2 adulto                      100          0          0        100          0          0      13713         99       0,72
     22   2 adulto                      100          0          0        100          0          0      14597         98       0,67
     23   2 adulto                      100          0          0         98          0          2      14353         98       0,68
     24   2 adulto                      100          0          0         98          0          2      12663         94       0,74
     25   2 adulto                      100          0          0         99          0          1      12652         98       0,77
     26   2 adulto                      100          0          0        100          0          0      13603         99       0,73
     27   2 adulto                      100          0          0         98          0          2      13828         99       0,72
     28   2 adulto                      100          0          0         99          0          1      15061         96       0,64
     29   2 adulto                      100          0          0        100          0          0      14726         94       0,64
     30   2 adulto                      100          0          0         98          0          2      16116         98       0,61
     31   2 adulto                      100          0          0        100          0          0      15017         99       0,66
     32   2 adulto                      100          0          0        100          0          0      13298         97       0,73
     33   2 adulto                      100          0          0        100          0          0      14472         98       0,68
     34   2 adulto                      100          0          0         99          0          1      14457         96       0,66
     35   2 adulto                      100          0          0         99          0          1      13237         98       0,74
     36   2 adulto                      100          0          0         99          0          1      14103         98       0,69
     37   2 adulto                      100          0          0        100          0          0      15446         99       0,64
     38   2 adulto                      100          0          0         98          0          2      10779         98       0,91
     39   2 adulto                      100          0          0         98          0          2      13736         98       0,71
     40   2 adulto                      100          0          0         99          0          1      17393         98       0,56
     41   3 jubilado                     50          0          0         48          0          2         48         48     100,00
     42   3 jubilado                     50          0          0         49          0          1         48         48     100,00
     43   4 mayor                        40          0          0         36          0          4         60         39      65,00
     44   4 mayor                        40          0          0         28          0         12         46         38      82,61
     45   4 mayor                        40          0          0         29          0         11         51         38      74,51
     46   4 mayor                        40          0          0         29          0         11         51         39      76,47
     47   4 mayor                        40          0          0         33          0          7         48         38      79,17
     48   4 mayor                        40          0          0         34          0          6         55         38      69,09
     49   4 mayor                        40          0          0         33          0          7         50         39      78,00
------- --- -------------------- ---------- ---------- ---------- ---------- ---------- ---------- ---------- ---------- ----------
                                       3980        485          0       3398          0         97     458437       3392       0,74

Grupo   0 nene
      0      1      2      3      4      5      6      7      8      9     10     11     12     13     14     15     16     17     18     19     20     21     22     23     24     25     26     27     28     29
 ------ ------ ------ ------ ------ ------ ------ ------ ------ ------ ------ ------ ------ ------ ------ ------ ------ ------ ------ ------ ------ ------ ------ ------ ------ ------ ------ ------ ------ ------
 0,0000 0,0000 0,0000 0,0001 0,0003 0,0006 0,0010 0,0016 0,0024 0,0034 0,0046 0,0062 0,0080 0,0102 0,0127 0,0156 0,0189 0,0227 0,0270 0,0317 0,0370 0,0428 0,0492 0,0563 0,0639 0,0723 0,0813 0,0910 0,1015 0,1128
Número infectados                                 17
Número intentos fin infección                    447
Número finales de infección                       17       3,80
Número finales curacion                           17     100,00
Número finales muerte                              0       0,00
Total infecciones                                 16
Total infecciones por curados                     16
Total infecciones por muertos                      0
Total infectadores curados                        17
Total infectadores muertos                         0
Total pasos                                9.437.114
Total recorridos                             118.698
Total distancia recorrida                  5.781.006
Contactos de riesgo                           18.019
Máximo de contagios por 1 individuo                4
Mínimo de contagios por 1 individuo                0
Falso (R0) curados                            0,9412
Falso (R0) muertos                            0,0000

Grupo   1 menor
      0      1      2      3      4      5      6      7      8      9     10     11     12     13     14     15     16     17     18     19     20     21     22     23     24     25     26     27     28     29
 ------ ------ ------ ------ ------ ------ ------ ------ ------ ------ ------ ------ ------ ------ ------ ------ ------ ------ ------ ------ ------ ------ ------ ------ ------ ------ ------ ------ ------ ------
 0,0000 0,0000 0,0000 0,0001 0,0003 0,0006 0,0010 0,0016 0,0024 0,0034 0,0046 0,0062 0,0080 0,0102 0,0127 0,0156 0,0189 0,0227 0,0270 0,0317 0,0370 0,0428 0,0492 0,0563 0,0639 0,0723 0,0813 0,0910 0,1015 0,1128
Número infectados                                 14
Número intentos fin infección                    374
Número finales de infección                       14       3,74
Número finales curacion                           14     100,00
Número finales muerte                              0       0,00
Total infecciones                                  7
Total infecciones por curados                      7
Total infecciones por muertos                      0
Total infectadores curados                        14
Total infectadores muertos                         0
Total pasos                               44.683.735
Total recorridos                             449.109
Total distancia recorrida                 27.342.461
Contactos de riesgo                           78.998
Máximo de contagios por 1 individuo                1
Mínimo de contagios por 1 individuo                0
Falso (R0) curados                            0,5000
Falso (R0) muertos                            0,0000

Grupo   2 adulto
      0      1      2      3      4      5      6      7      8      9     10     11     12     13     14     15     16     17     18     19     20     21     22     23     24     25     26     27     28     29
 ------ ------ ------ ------ ------ ------ ------ ------ ------ ------ ------ ------ ------ ------ ------ ------ ------ ------ ------ ------ ------ ------ ------ ------ ------ ------ ------ ------ ------ ------
 0,0000 0,0000 0,0000 0,0001 0,0003 0,0006 0,0010 0,0016 0,0024 0,0034 0,0046 0,0062 0,0080 0,0102 0,0127 0,0156 0,0189 0,0227 0,0270 0,0317 0,0370 0,0428 0,0492 0,0563 0,0639 0,0723 0,0813 0,0910 0,1015 0,1128
Número infectados                              4.175
Número intentos fin infección                112.519
Número finales de infección                    4.171       3,71
Número finales curacion                        4.129      98,99
Número finales muerte                             42       1,01
Total infecciones                              5.689
Total infecciones por curados                  5.637
Total infecciones por muertos                     51
Total infectadores curados                     4.129
Total infectadores muertos                        42
Total pasos                              152.576.974
Total recorridos                           1.533.618
Total distancia recorrida                 93.407.299
Contactos de riesgo                          193.309
Máximo de contagios por 1 individuo               17
Mínimo de contagios por 1 individuo                0
Falso (R0) curados                            1,3652
Falso (R0) muertos                            1,2143

Grupo   3 jubilado
      0      1      2      3      4      5      6      7      8      9     10     11     12     13     14     15     16     17     18     19     20     21     22     23     24     25     26     27     28     29
 ------ ------ ------ ------ ------ ------ ------ ------ ------ ------ ------ ------ ------ ------ ------ ------ ------ ------ ------ ------ ------ ------ ------ ------ ------ ------ ------ ------ ------ ------
 0,0000 0,0000 0,0000 0,0001 0,0003 0,0006 0,0010 0,0016 0,0024 0,0034 0,0046 0,0062 0,0080 0,0102 0,0127 0,0156 0,0189 0,0227 0,0270 0,0317 0,0370 0,0428 0,0492 0,0563 0,0639 0,0723 0,0813 0,0910 0,1015 0,1128
Número infectados                                949
Número intentos fin infección                 25.454
Número finales de infección                      949       3,73
Número finales curacion                          906      95,47
Número finales muerte                             43       4,53
Total infecciones                                708
Total infecciones por curados                    680
Total infecciones por muertos                     28
Total infectadores curados                       906
Total infectadores muertos                        43
Total pasos                                7.584.824
Total recorridos                              76.256
Total distancia recorrida                  4.635.540
Contactos de riesgo                            1.196
Máximo de contagios por 1 individuo               50
Mínimo de contagios por 1 individuo                0
Falso (R0) curados                            0,7506
Falso (R0) muertos                            0,6512

Grupo   4 mayor
      0      1      2      3      4      5      6      7      8      9     10     11     12     13     14     15     16     17     18     19     20     21     22     23     24     25     26     27     28     29
 ------ ------ ------ ------ ------ ------ ------ ------ ------ ------ ------ ------ ------ ------ ------ ------ ------ ------ ------ ------ ------ ------ ------ ------ ------ ------ ------ ------ ------ ------
 0,0000 0,0000 0,0000 0,0001 0,0003 0,0006 0,0010 0,0016 0,0024 0,0034 0,0046 0,0062 0,0080 0,0102 0,0127 0,0156 0,0189 0,0227 0,0270 0,0317 0,0370 0,0428 0,0492 0,0563 0,0639 0,0723 0,0813 0,0910 0,1015 0,1128
Número infectados                              2.126
Número intentos fin infección                 57.525
Número finales de infección                    2.124       3,69
Número finales curacion                        1.735      81,69
Número finales muerte                            389      18,31
Total infecciones                                851
Total infecciones por curados                    698
Total infecciones por muertos                    152
Total infectadores curados                     1.735
Total infectadores muertos                       389
Total pasos                                6.385.305
Total recorridos                             260.644
Total distancia recorrida                  3.904.980
Contactos de riesgo                            4.805
Máximo de contagios por 1 individuo               40
Mínimo de contagios por 1 individuo                0
Falso (R0) curados                            0,4023
Falso (R0) muertos                            0,3907

