Tipo 0
Día     Sanos  Infectados Importados    Curados Desinmuniz    Muertos Inf.Indire   Enfermos Hospitaliz
--- ---------- ---------- ---------- ---------- ---------- ---------- ---------- ---------- ----------
  1       2000          0          0          0          0          0          0          0          0
  2       2000          0          0          0          0          0          0          0          0
  3       2000          0          0          0          0          0          0          0          0
  4       2000          0          0          0          0          0          0          0          0
  5       2000          0          0          0          0          0          0          0          0
  6       2000          0          0          0          0          0          0          0          0
  7       2000          0          0          0          0          0          0          0          0
  8       2000          0          0          0          0          0          0          0          0
  9       2000          0          0          0          0          0          0          0          0
 10       2000          0          0          0          0          0          0          0          0
 11       2000          0          0          0          0          0          0          0          0
 12       2000          0          0          0          0          0          0          0          0
 13       2000          0          0          0          0          0          0          0          0
 14       2000          0          0          0          0          0          0          0          0
 15       2000          0          0          0          0          0          0          0          0
 16       2000          0          0          0          0          0          0          0          0
 17       2000          0          0          0          0          0          0          0          0
 18       2000          0          0          0          0          0          0          0          0
 19       2000          0          0          0          0          0          0          0          0
 20       2000          0          0          0          0          0          0          0          0
 21       2000          0          0          0          0          0          0          0          0
 22       1999          1          0          0          0          0          0          0          0
 23       1999          1          0          0          0          0          0          0          0
 24       1999          1          0          0          0          0          0          0          0
 25       1998          2          0          0          0          0          0          0          0
 26       1998          2          0          0          0          0          0          0          0
 27       1997          3          0          0          0          0          0          0          0
 28       1997          3          0          0          0          0          0          0          0
 29       1997          3          0          0          0          0          0          0          0
 30       1997          3          0          0          0          0          0          0          0
 31       1996          4          0          0          0          0          0          0          0
 32       1996          4          0          0          0          0          0          0          0
 33       1996          4          0          0          0          0          0          0          0
 34       1996          4          0          0          0          0          0          0          0
 35       1996          4          0          0          0          0          0          0          0
 36       1996          4          0          0          0          0          0          0          0
 37       1996          4          0          0          0          0          0          0          0
 38       1995          5          0          0          0          0          0          0          0
 39       1995          5          0          0          0          0          0          0          0
 40       1995          5          0          0          0          0          0          0          0
 41       1994          5          0          1          0          0          0          0          0
 42       1994          5          0          1          0          0          0          0          0
 43       1994          5          0          1          0          0          0          0          0
 44       1994          5          0          1          0          0          0          0          0
 45       1991          8          0          1          0          0          0          0          0
 46       1991          8          0          1          0          0          0          0          0
 47       1990          9          0          1          0          0          0          0          0
 48       1990          9          0          1          0          0          0          0          0
 49       1988         11          0          1          0          0          0          0          0
 50       1984         15          0          1          0          0          0          0          0
 51       1983         15          0          2          0          0          0          0          0
 52       1980         18          0          2          0          0          0          0          0
 53       1978         20          0          2          0          0          0          0          0
 54       1974         24          0          2          0          0          0          0          0
 55       1973         25          0          2          0          0          0          0          0
 56       1973         25          0          2          0          0          0          0          0
 57       1973         25          0          2          0          0          0          0          0
 58       1973         24          0          3          0          0          0          0          0
 59       1973         24          0          3          0          0          0          1          0
 60       1971         26          0          3          0          0          0          1          0
 61       1970         26          0          4          0          0          0          1          0
 62       1969         26          0          5          0          0          0          1          0
 63       1968         27          0          5          0          0          0          1          0
 64       1968         27          0          5          0          0          0          1          0
 65       1967         28          0          5          0          0          0          1          0
 66       1967         28          0          5          0          0          0          1          0
 67       1966         27          0          7          0          0          0          2          0
 68       1966         27          0          7          0          0          0          2          0
 69       1966         27          0          7          0          0          0          2          0
 70       1965         28          0          7          0          0          0          2          0
 71       1962         31          0          7          0          0          0          2          0
 72       1962         30          0          8          0          0          0          2          0
 73       1962         30          0          8          0          0          0          2          0
 74       1962         30          0          8          0          0          0          2          0
 75       1961         30          0          9          0          0          0          1          0
 76       1961         25          0         14          0          0          0          0          0
 77       1961         23          0         16          0          0          0          0          0
 78       1961         22          0         17          0          0          0          0          0
 79       1961         22          0         17          0          0          0          0          0
 80       1961         18          0         21          0          0          0          0          0
 81       1961         15          0         24          0          0          0          0          0
 82       1959         16          0         25          0          0          0          0          0
 83       1958         16          0         26          0          0          0          0          0
 84       1957         17          0         26          0          0          0          0          0
 85       1956         16          0         28          0          0          0          0          0
 86       1955         16          0         29          0          0          0          0          0
 87       1953         18          0         29          0          0          0          0          0
 88       1952         18          0         30          0          0          0          0          0
 89       1952         18          0         30          0          0          0          1          0
 90       1952         17          0         31          0          0          0          1          0
 91       1950         18          0         32          0          0          0          1          0
 92       1949         19          0         32          0          0          0          2          0
 93       1949         19          0         32          0          0          0          2          0
 94       1948         20          0         32          0          0          0          2          0
 95       1948         19          0         33          0          0          0          2          0
 96       1947         17          0         36          0          0          0          1          0
 97       1946         18          0         36          0          0          0          1          0
 98       1944         20          0         36          0          0          0          1          0
 99       1943         21          0         36          0          0          0          2          0
100       1941         20          0         39          0          0          0          2          0
101       1941         20          0         39          0          0          0          2          0
102       1941         19          0         40          0          0          0          2          0
103       1941         17          0         42          0          0          0          3          0
104       1941         17          0         42          0          0          0          3          0
105       1940         18          0         42          0          0          0          3          0
106       1938         19          0         43          0          0          0          3          0
107       1936         21          0         43          0          0          0          3          0
108       1936         21          0         43          0          0          0          3          0
109       1934         23          0         43          0          0          0          3          0
110       1932         25          0         43          0          0          0          3          0
111       1930         25          0         45          0          0          0          1          0
112       1928         27          0         45          0          0          0          1          0
113       1926         27          0         47          0          0          0          1          0
114       1924         28          0         48          0          0          0          1          0
115       1923         28          0         49          0          0          0          1          0
116       1923         28          0         49          0          0          0          1          0
117       1921         29          0         50          0          0          0          2          0
118       1918         32          0         50          0          0          0          2          0
119       1918         32          0         50          0          0          0          3          0
120       1918         32          0         50          0          0          0          3          0
121       1918         32          0         50          0          0          0          3          0
122       1916         31          0         53          0          0          0          3          0
123       1915         31          0         54          0          0          0          3          0
124       1914         32          0         54          0          0          0          3          0
125       1913         31          0         56          0          0          0          2          0
126       1912         31          0         57          0          0          0          2          0
127       1912         31          0         57          0          0          0          2          0
128       1910         32          0         58          0          0          0          2          0
129       1909         32          0         59          0          0          0          2          0
130       1909         30          0         61          0          0          0          3          0
131       1909         28          0         63          0          0          0          3          0
132       1909         27          0         64          0          0          0          3          0
133       1908         25          0         67          0          0          0          2          0
134       1908         24          0         68          0          0          0          2          0
135       1908         23          0         69          0          0          0          2          0
136       1908         22          0         70          0          0          0          2          0
137       1908         20          0         72          0          0          0          1          0
138       1907         21          0         72          0          0          0          1          0
139       1907         20          0         73          0          0          0          1          0
140       1907         18          0         75          0          0          0          1          0
141       1906         19          0         75          0          0          0          1          0
142       1906         19          0         75          0          0          0          1          0
143       1906         18          0         76          0          0          0          1          0
144       1905         18          0         77          0          0          0          1          0
145       1905         15          0         80          0          0          0          1          0
146       1905         14          0         81          0          0          0          1          0
147       1905         14          0         81          0          0          0          1          0
148       1905         13          0         82          0          0          0          2          0
149       1905         11          0         84          0          0          0          2          0
150       1905          9          0         86          0          0          0          1          0
--- ---------- ---------- ---------- ---------- ---------- ---------- ---------- ---------- ----------

Tipo 1
Día     Sanos  Infectados Importados    Curados Desinmuniz    Muertos Inf.Indire   Enfermos Hospitaliz
--- ---------- ---------- ---------- ---------- ---------- ---------- ---------- ---------- ----------
  1       7499          1          0          0          0          0          0          0          0
  2       7499          1          0          0          0          0          0          0          0
  3       7499          1          0          0          0          0          0          0          0
  4       7499          1          0          0          0          0          0          0          0
  5       7499          1          0          0          0          0          0          0          0
  6       7499          1          0          0          0          0          0          0          0
  7       7499          1          0          0          0          0          0          0          0
  8       7499          1          0          0          0          0          0          0          0
  9       7499          1          0          0          0          0          0          0          0
 10       7499          1          0          0          0          0          0          0          0
 11       7499          1          0          0          0          0          0          0          0
 12       7499          1          0          0          0          0          0          0          0
 13       7499          1          0          0          0          0          0          0          0
 14       7499          1          0          0          0          0          0          0          0
 15       7499          1          0          0          0          0          0          0          0
 16       7499          1          0          0          0          0          0          0          0
 17       7499          1          0          0          0          0          0          0          0
 18       7499          1          0          0          0          0          0          0          0
 19       7498          2          0          0          0          0          0          0          0
 20       7498          2          0          0          0          0          0          0          0
 21       7498          1          0          1          0          0          0          0          0
 22       7497          2          0          1          0          0          0          0          0
 23       7497          2          0          1          0          0          0          0          0
 24       7497          2          0          1          0          0          0          0          0
 25       7496          3          0          1          0          0          0          0          0
 26       7496          3          0          1          0          0          0          0          0
 27       7496          3          0          1          0          0          0          0          0
 28       7495          4          0          1          0          0          0          0          0
 29       7495          4          0          1          0          0          0          0          0
 30       7495          4          0          1          0          0          0          0          0
 31       7494          5          0          1          0          0          0          0          0
 32       7494          5          0          1          0          0          0          0          0
 33       7494          5          0          1          0          0          0          0          0
 34       7492          7          0          1          0          0          0          0          0
 35       7492          7          0          1          0          0          0          0          0
 36       7491          8          0          1          0          0          0          0          0
 37       7489         10          0          1          0          0          0          0          0
 38       7488          9          0          3          0          0          0          0          0
 39       7487         10          0          3          0          0          0          0          0
 40       7485         12          0          3          0          0          0          0          0
 41       7484         13          0          3          0          0          0          1          0
 42       7483         14          0          3          0          0          0          1          0
 43       7483         14          0          3          0          0          0          1          0
 44       7483         14          0          3          0          0          0          1          0
 45       7481         16          0          3          0          0          0          1          0
 46       7480         16          0          4          0          0          0          1          0
 47       7478         18          0          4          0          0          0          1          0
 48       7477         17          0          6          0          0          0          1          0
 49       7477         17          0          6          0          0          0          1          0
 50       7473         21          0          6          0          0          0          1          0
 51       7468         25          0          7          0          0          0          1          0
 52       7468         25          0          7          0          0          0          1          0
 53       7468         25          0          7          0          0          0          1          0
 54       7466         26          0          8          0          0          0          2          0
 55       7463         29          0          8          0          0          0          2          0
 56       7463         29          0          8          0          0          0          2          0
 57       7461         31          0          8          0          0          0          2          0
 58       7458         33          0          9          0          0          0          2          0
 59       7457         34          0          9          0          0          0          2          0
 60       7456         35          0          9          0          0          0          2          0
 61       7455         36          0          9          0          0          0          3          0
 62       7454         37          0          9          0          0          0          4          0
 63       7454         37          0          9          0          0          0          4          0
 64       7453         36          0         11          0          0          0          4          0
 65       7453         34          0         13          0          0          0          3          0
 66       7452         35          0         13          0          0          0          3          0
 67       7451         36          0         13          0          0          0          3          0
 68       7450         35          0         15          0          0          0          3          0
 69       7449         35          0         16          0          0          0          3          0
 70       7448         36          0         16          0          0          0          3          0
 71       7447         36          0         17          0          0          0          3          0
 72       7444         37          0         19          0          0          0          2          0
 73       7443         36          0         21          0          0          0          2          0
 74       7443         35          0         22          0          0          0          2          0
 75       7442         35          0         23          0          0          0          2          0
 76       7442         32          0         26          0          0          0          2          0
 77       7440         33          0         27          0          0          0          1          0
 78       7440         31          0         29          0          0          0          1          0
 79       7440         30          0         30          0          0          0          1          0
 80       7438         30          0         32          0          0          0          1          0
 81       7436         27          0         37          0          0          0          1          0
 82       7434         25          0         41          0          0          0          1          0
 83       7434         25          0         41          0          0          0          1          0
 84       7434         24          0         42          0          0          0          1          0
 85       7434         22          0         44          0          0          0          0          0
 86       7432         24          0         44          0          0          0          0          0
 87       7432         24          0         44          0          0          0          0          0
 88       7431         23          0         46          0          0          0          0          0
 89       7428         25          0         47          0          0          0          0          0
 90       7428         22          0         50          0          0          0          0          0
 91       7428         22          0         50          0          0          0          0          0
 92       7427         22          0         51          0          0          0          0          0
 93       7427         22          0         51          0          0          0          0          0
 94       7426         23          0         51          0          0          0          0          0
 95       7425         23          0         52          0          0          0          0          0
 96       7424         22          0         54          0          0          0          0          0
 97       7421         25          0         54          0          0          0          0          0
 98       7419         25          0         56          0          0          0          0          0
 99       7418         24          0         58          0          0          0          0          0
100       7413         27          0         60          0          0          0          0          0
101       7410         30          0         60          0          0          0          0          0
102       7407         33          0         60          0          0          0          1          0
103       7403         37          0         60          0          0          0          1          0
104       7401         39          0         60          0          0          0          1          0
105       7398         42          0         60          0          0          0          1          0
106       7397         41          0         62          0          0          0          1          0
107       7395         43          0         62          0          0          0          1          0
108       7391         46          0         63          0          0          0          1          0
109       7389         48          0         63          0          0          0          1          0
110       7387         48          0         65          0          0          0          1          0
111       7387         45          0         68          0          0          0          2          0
112       7386         45          0         69          0          0          0          2          0
113       7384         46          0         70          0          0          0          2          0
114       7384         45          0         71          0          0          0          2          0
115       7383         45          0         72          0          0          0          2          0
116       7380         47          0         73          0          0          0          2          0
117       7380         45          0         75          0          0          0          2          0
118       7377         48          0         75          0          0          0          2          0
119       7375         48          0         77          0          0          0          2          0
120       7374         48          0         78          0          0          0          2          0
121       7374         45          0         81          0          0          0          2          0
122       7374         42          0         84          0          0          0          1          0
123       7370         42          0         88          0          0          0          1          0
124       7369         42          0         89          0          0          0          1          0
125       7366         45          0         89          0          0          0          1          0
126       7366         43          0         91          0          0          0          1          0
127       7364         43          0         93          0          0          0          1          0
128       7363         41          0         96          0          0          0          1          0
129       7363         37          0        100          0          0          0          1          0
130       7361         37          0        102          0          0          0          1          0
131       7359         38          0        103          0          0          0          1          0
132       7359         37          0        104          0          0          0          1          0
133       7359         35          0        106          0          0          0          1          0
134       7359         33          0        108          0          0          0          1          0
135       7358         34          0        108          0          0          0          1          0
136       7357         32          0        111          0          0          0          1          0
137       7357         31          0        112          0          0          0          1          0
138       7357         31          0        112          0          0          0          1          0
139       7357         26          0        117          0          0          0          1          0
140       7357         24          0        119          0          0          0          1          0
141       7357         23          0        120          0          0          0          1          0
142       7357         23          0        120          0          0          0          1          0
143       7357         21          0        122          0          0          0          1          0
144       7357         20          0        123          0          0          0          1          0
145       7356         21          0        123          0          0          0          1          0
146       7356         19          0        125          0          0          0          0          0
147       7355         19          0        126          0          0          0          0          0
148       7355         17          0        128          0          0          0          0          0
149       7354         16          0        130          0          0          0          0          0
150       7354         14          0        132          0          0          0          0          0
--- ---------- ---------- ---------- ---------- ---------- ---------- ---------- ---------- ----------

Tipo 2
Día     Sanos  Infectados Importados    Curados Desinmuniz    Muertos Inf.Indire   Enfermos Hospitaliz
--- ---------- ---------- ---------- ---------- ---------- ---------- ---------- ---------- ----------
  1      30994          6          0          0          0          0          0          0          0
  2      30994          6          0          0          0          0          0          0          0
  3      30994          6          0          0          0          0          0          0          0
  4      30990         10          0          0          0          0          0          0          0
  5      30990         10          0          0          0          0          0          0          0
  6      30985         15          0          0          0          0          0          0          0
  7      30976         24          0          0          0          0          0          0          0
  8      30970         30          0          0          0          0          0          0          0
  9      30959         41          0          0          0          0          0          0          0
 10      30938         62          0          0          0          0          0          0          0
 11      30914         86          0          0          0          0          0          1          0
 12      30893        107          0          0          0          0          0          1          0
 13      30854        146          0          0          0          0          0          1          0
 14      30815        185          0          0          0          0          0          5          0
 15      30772        228          0          0          0          0          0          6          0
 16      30726        274          0          0          0          0          0         12          0
 17      30700        299          0          1          0          0          0         19          1
 18      30671        328          0          1          0          0          0         23          2
 19      30641        357          0          2          0          0          0         30          2
 20      30602        395          0          3          0          0          0         42          3
 21      30575        422          0          3          0          0          0         57          4
 22      30526        470          0          4          0          0          0         70          6
 23      30446        547          0          7          0          0          0         84          7
 24      30364        628          0          8          0          0          0         88          7
 25      30249        740          0         11          0          0          0         98          7
 26      30115        874          0         11          0          0          0        108          8
 27      29982       1002          0         16          0          0          0        120          7
 28      29797       1181          0         22          0          0          0        126          8
 29      29556       1411          0         33          0          0          0        140         11
 30      29334       1625          0         41          0          0          0        160         13
 31      29182       1771          0         47          0          0          0        185         15
 32      29011       1929          0         60          0          0          0        223         19
 33      28832       2094          0         74          0          0          0        251         22
 34      28602       2305          0         93          0          0          0        290         25
 35      28418       2464          0        118          0          0          0        347         28
 36      28161       2710          0        129          0          0          0        426         36
 37      27918       2926          0        156          0          0          0        496         37
 38      27680       3139          0        181          0          0          0        544         45
 39      27426       3366          0        208          0          0          0        606         49
 40      27117       3632          0        251          0          0          0        640         52
 41      26840       3865          0        295          0          0          0        704         59
 42      26536       4127          0        337          0          0          0        752         65
 43      26190       4421          0        389          0          0          0        827         74
 44      25897       4650          0        453          0          0          0        883         78
 45      25547       4940          0        513          0          0          0        962         84
 46      25153       5258          0        589          0          0          0       1027         90
 47      24793       5532          0        675          0          0          0       1097         92
 48      24441       5818          0        741          0          0          0       1181        102
 49      24122       6051          0        827          0          0          0       1252        105
 50      23814       6269          0        917          0          0          0       1343        115
 51      23525       6433          0       1042          0          0          0       1400        121
 52      23268       6591          0       1141          0          0          0       1486        121
 53      23041       6702          0       1257          0          0          0       1580        134
 54      22816       6779          0       1405          0          0          0       1667        140
 55      22647       6776          0       1576          0          1          0       1733        158
 56      22563       6683          0       1752          0          2          0       1790        158
 57      22486       6584          0       1928          0          2          0       1846        168
 58      22404       6460          0       2133          0          3          0       1886        169
 59      22339       6293          0       2365          0          3          0       1886        170
 60      22262       6138          0       2597          0          3          0       1882        175
 61      22196       5961          0       2840          0          3          0       1866        174
 62      22127       5809          0       3060          0          4          0       1843        172
 63      22059       5623          0       3313          0          5          0       1781        165
 64      22000       5448          0       3547          0          5          0       1730        161
 65      21943       5226          0       3824          0          7          0       1672        155
 66      21883       5050          0       4059          0          8          0       1622        146
 67      21842       4824          0       4326          0          8          0       1547        139
 68      21800       4589          0       4603          0          8          0       1461        128
 69      21759       4358          0       4875          0          8          0       1392        125
 70      21721       4138          0       5131          0         10          0       1320        119
 71      21613       3951          0       5426          0         10          0       1244        115
 72      21534       3777          0       5677          0         12          0       1162        107
 73      21472       3564          0       5952          0         12          0       1093        102
 74      21399       3335          0       6253          0         13          0        993         92
 75      21339       3109          0       6535          0         17          0        910         84
 76      21285       2876          0       6822          0         17          0        824         79
 77      21226       2663          0       7094          0         17          0        749         78
 78      21170       2465          0       7346          0         19          0        708         74
 79      21136       2258          0       7586          0         20          0        655         64
 80      21096       2100          0       7784          0         20          0        598         61
 81      21056       1943          0       7981          0         20          0        552         53
 82      21020       1797          0       8162          0         21          0        511         50
 83      20998       1660          0       8320          0         22          0        480         49
 84      20970       1534          0       8474          0         22          0        444         43
 85      20950       1425          0       8603          0         22          0        410         41
 86      20779       1487          0       8712          0         22          0        396         39
 87      20611       1580          0       8786          0         23          0        374         38
 88      20440       1697          0       8840          0         23          0        375         38
 89      20199       1875          0       8902          0         24          0        363         38
 90      19856       2162          0       8957          0         25          0        360         38
 91      19441       2509          0       9025          0         25          0        352         37
 92      18976       2912          0       9087          0         25          0        341         36
 93      18478       3350          0       9147          0         25          0        389         40
 94      17964       3784          0       9227          0         25          0        420         43
 95      17437       4247          0       9291          0         25          0        446         44
 96      16992       4647          0       9336          0         25          0        505         45
 97      16577       4997          0       9401          0         25          0        610         52
 98      16264       5255          0       9455          0         26          0        742         78
 99      16013       5445          0       9515          0         27          0        896         89
100      15806       5601          0       9566          0         27          0       1047        103
101      15651       5699          0       9623          0         27          0       1206        123
102      15519       5732          0       9722          0         27          0       1331        136
103      15413       5761          0       9799          0         27          0       1464        144
104      15300       5794          0       9879          0         27          0       1585        155
105      15209       5807          0       9957          0         27          0       1688        166
106      15140       5785          0      10048          0         27          0       1751        172
107      15073       5758          0      10142          0         27          0       1777        177
108      14990       5742          0      10241          0         27          0       1803        178
109      14913       5689          0      10371          0         27          0       1800        179
110      14840       5636          0      10497          0         27          0       1786        179
111      14776       5552          0      10645          0         27          0       1773        183
112      14702       5455          0      10815          0         28          0       1754        184
113      14625       5368          0      10979          0         28          0       1733        182
114      14555       5251          0      11166          0         28          0       1694        176
115      14498       5108          0      11366          0         28          0       1651        172
116      14440       4954          0      11576          0         30          0       1587        166
117      14381       4746          0      11843          0         30          0       1514        157
118      14325       4508          0      12137          0         30          0       1439        147
119      14267       4285          0      12418          0         30          0       1365        130
120      14208       4043          0      12716          0         33          0       1291        126
121      14171       3736          0      13060          0         33          0       1208        122
122      14132       3422          0      13412          0         34          0       1083        109
123      14088       3111          0      13767          0         34          0        969        100
124      14048       2841          0      14077          0         34          0        873         93
125      14011       2566          0      14388          0         35          0        790         82
126      13975       2296          0      14692          0         37          0        696         74
127      13942       2062          0      14957          0         39          0        625         66
128      13913       1871          0      15177          0         39          0        569         57
129      13883       1697          0      15381          0         39          0        512         49
130      13868       1562          0      15530          0         40          0        475         42
131      13847       1454          0      15659          0         40          0        448         37
132      13829       1375          0      15756          0         40          0        426         34
133      13809       1295          0      15855          0         41          0        404         35
134      13792       1222          0      15945          0         41          0        386         34
135      13773       1154          0      16032          0         41          0        367         32
136      13759       1103          0      16097          0         41          0        346         30
137      13742       1048          0      16169          0         41          0        317         27
138      13733        984          0      16242          0         41          0        303         27
139      13717        932          0      16310          0         41          0        286         25
140      13705        874          0      16380          0         41          0        272         25
141      13692        828          0      16439          0         41          0        258         23
142      13675        790          0      16494          0         41          0        238         19
143      13667        732          0      16560          0         41          0        221         19
144      13658        691          0      16610          0         41          0        206         18
145      13651        650          0      16658          0         41          0        188         15
146      13642        613          0      16704          0         41          0        181         15
147      13636        577          0      16746          0         41          0        175         13
148      13630        542          0      16787          0         41          0        170         12
149      13621        505          0      16833          0         41          0        161         10
150      13616        474          0      16869          0         41          0        152          8
--- ---------- ---------- ---------- ---------- ---------- ---------- ---------- ---------- ----------

Tipo 3
Día     Sanos  Infectados Importados    Curados Desinmuniz    Muertos Inf.Indire   Enfermos Hospitaliz
--- ---------- ---------- ---------- ---------- ---------- ---------- ---------- ---------- ----------
  1       2498          2          0          0          0          0          0          0          0
  2       2498          2          0          0          0          0          0          0          0
  3       2498          2          0          0          0          0          0          0          0
  4       2498          2          0          0          0          0          0          0          0
  5       2498          2          0          0          0          0          0          0          0
  6       2497          3          0          0          0          0          0          0          0
  7       2497          3          0          0          0          0          0          0          0
  8       2496          4          0          0          0          0          0          2          0
  9       2496          4          0          0          0          0          0          2          0
 10       2496          4          0          0          0          0          0          2          0
 11       2496          4          0          0          0          0          0          2          0
 12       2496          4          0          0          0          0          0          2          0
 13       2495          5          0          0          0          0          0          3          1
 14       2495          5          0          0          0          0          0          3          1
 15       2494          6          0          0          0          0          0          4          1
 16       2493          7          0          0          0          0          0          4          1
 17       2486         14          0          0          0          0          0          4          1
 18       2482         18          0          0          0          0          0          4          1
 19       2463         37          0          0          0          0          0          4          1
 20       2439         61          0          0          0          0          0          5          1
 21       2401         99          0          0          0          0          0          5          1
 22       2353        147          0          0          0          0          0          6          1
 23       2266        233          0          1          0          0          0          6          0
 24       2191        308          0          1          0          0          0         13          2
 25       2133        366          0          1          0          0          0         17          3
 26       2091        408          0          1          0          0          0         36          7
 27       2038        460          0          2          0          0          0         60          9
 28       1973        525          0          2          0          0          0         97         10
 29       1920        577          0          3          0          0          0        144         14
 30       1849        648          0          3          0          0          0        231         24
 31       1790        704          0          6          0          0          0        303         32
 32       1741        748          0         11          0          0          0        356         36
 33       1722        766          0         12          0          0          0        397         37
 34       1706        779          0         15          0          0          0        447         42
 35       1684        799          0         17          0          0          0        511         56
 36       1666        814          0         20          0          0          0        560         61
 37       1650        824          0         26          0          0          0        625         65
 38       1630        836          0         34          0          0          0        676         69
 39       1609        850          0         41          0          0          0        718         71
 40       1587        862          0         51          0          0          0        727         76
 41       1573        863          0         64          0          0          0        730         75
 42       1553        867          0         79          0          1          0        736         72
 43       1539        865          0         92          0          4          0        738         74
 44       1517        866          0        113          0          4          0        733         72
 45       1496        866          0        134          0          4          0        732         69
 46       1469        871          0        155          0          5          0        731         69
 47       1441        866          0        187          0          6          0        720         65
 48       1406        857          0        230          0          7          0        690         59
 49       1385        842          0        266          0          7          0        674         58
 50       1361        838          0        293          0          8          0        660         54
 51       1326        834          0        330          0         10          0        643         55
 52       1291        819          0        376          0         14          0        614         56
 53       1262        809          0        411          0         18          0        603         52
 54       1239        769          0        469          0         23          0        567         54
 55       1216        735          0        523          0         26          0        545         55
 56       1193        716          0        561          0         30          0        524         52
 57       1176        698          0        594          0         32          0        513         53
 58       1162        671          0        633          0         34          0        507         55
 59       1147        641          0        677          0         35          0        497         50
 60       1132        620          0        712          0         36          0        490         50
 61       1123        588          0        753          0         36          0        472         48
 62       1108        565          0        790          0         37          0        458         47
 63       1096        554          0        811          0         39          0        457         47
 64       1086        542          0        833          0         39          0        452         45
 65       1076        525          0        859          0         40          0        439         45
 66       1070        507          0        881          0         42          0        430         41
 67       1061        495          0        901          0         43          0        424         41
 68       1052        481          0        923          0         44          0        410         40
 69       1045        465          0        946          0         44          0        402         40
 70       1038        456          0        961          0         45          0        398         41
 71       1032        436          0        984          0         48          0        382         38
 72       1017        431          0       1004          0         48          0        372         38
 73       1005        421          0       1025          0         49          0        356         38
 74       1000        408          0       1042          0         50          0        347         40
 75        984        394          0       1069          0         53          0        326         37
 76        976        373          0       1096          0         55          0        304         33
 77        967        356          0       1120          0         57          0        285         33
 78        960        343          0       1139          0         58          0        271         32
 79        956        330          0       1156          0         58          0        269         30
 80        951        313          0       1177          0         59          0        259         29
 81        946        300          0       1195          0         59          0        246         29
 82        945        274          0       1221          0         60          0        235         27
 83        939        260          0       1239          0         62          0        223         26
 84        935        246          0       1256          0         63          0        214         25
 85        928        236          0       1272          0         64          0        204         26
 86        916        236          0       1284          0         64          0        196         26
 87        908        225          0       1301          0         66          0        182         24
 88        901        215          0       1318          0         66          0        170         21
 89        888        217          0       1329          0         66          0        160         20
 90        878        217          0       1339          0         66          0        156         20
 91        864        217          0       1353          0         66          0        146         20
 92        852        219          0       1363          0         66          0        143         21
 93        846        215          0       1372          0         67          0        145         19
 94        831        222          0       1379          0         68          0        145         19
 95        817        229          0       1385          0         69          0        145         19
 96        802        231          0       1396          0         71          0        145         17
 97        782        246          0       1401          0         71          0        150         18
 98        764        254          0       1411          0         71          0        154         20
 99        753        256          0       1420          0         71          0        157         18
100        736        264          0       1428          0         72          0        154         18
101        711        280          0       1435          0         74          0        160         15
102        698        287          0       1441          0         74          0        169         19
103        681        294          0       1451          0         74          0        173         20
104        664        303          0       1459          0         74          0        185         20
105        648        315          0       1463          0         74          0        199         21
106        634        319          0       1473          0         74          0        200         20
107        612        333          0       1481          0         74          0        209         22
108        597        338          0       1490          0         75          0        224         22
109        579        349          0       1497          0         75          0        230         24
110        564        359          0       1502          0         75          0        242         24
111        545        372          0       1508          0         75          0        253         25
112        532        376          0       1516          0         76          0        260         25
113        523        380          0       1521          0         76          0        269         25
114        509        390          0       1525          0         76          0        287         26
115        499        392          0       1533          0         76          0        294         26
116        487        391          0       1546          0         76          0        299         23
117        476        387          0       1561          0         76          0        299         22
118        471        382          0       1570          0         77          0        308         23
119        462        372          0       1587          0         79          0        302         23
120        455        367          0       1598          0         80          0        299         25
121        449        366          0       1603          0         82          0        306         25
122        443        357          0       1618          0         82          0        302         23
123        436        350          0       1631          0         83          0        299         25
124        434        342          0       1641          0         83          0        300         24
125        431        333          0       1652          0         84          0        293         24
126        426        322          0       1668          0         84          0        286         23
127        424        302          0       1688          0         86          0        271         20
128        423        291          0       1698          0         88          0        265         17
129        421        279          0       1712          0         88          0        257         17
130        417        267          0       1727          0         89          0        248         19
131        413        250          0       1746          0         91          0        229         19
132        410        238          0       1761          0         91          0        217         18
133        408        225          0       1776          0         91          0        207         15
134        406        206          0       1796          0         92          0        188         13
135        406        192          0       1810          0         92          0        175         10
136        406        176          0       1826          0         92          0        161          9
137        403        169          0       1835          0         93          0        155         10
138        401        155          0       1851          0         93          0        143         11
139        397        147          0       1862          0         94          0        134         11
140        397        133          0       1876          0         94          0        122         11
141        396        124          0       1885          0         95          0        114         11
142        396        108          0       1901          0         95          0         98         10
143        395        104          0       1906          0         95          0         93         10
144        395         92          0       1917          0         96          0         84          9
145        393         87          0       1924          0         96          0         79          8
146        390         80          0       1934          0         96          0         73          8
147        390         72          0       1939          0         99          0         65          7
148        389         61          0       1950          0        100          0         54          7
149        386         59          0       1955          0        100          0         49          7
150        384         58          0       1958          0        100          0         47          6
--- ---------- ---------- ---------- ---------- ---------- ---------- ---------- ---------- ----------

Tipo 4
Día     Sanos  Infectados Importados    Curados Desinmuniz    Muertos Inf.Indire   Enfermos Hospitaliz
--- ---------- ---------- ---------- ---------- ---------- ---------- ---------- ---------- ----------
  1       6999          1          0          0          0          0          0          0          0
  2       6999          1          0          0          0          0          0          0          0
  3       6999          1          0          0          0          0          0          0          0
  4       6998          2          0          0          0          0          0          0          0
  5       6998          2          0          0          0          0          0          0          0
  6       6998          2          0          0          0          0          0          0          0
  7       6996          4          0          0          0          0          0          0          0
  8       6996          4          0          0          0          0          0          1          0
  9       6996          4          0          0          0          0          0          1          0
 10       6996          4          0          0          0          0          0          1          0
 11       6995          5          0          0          0          0          0          2          1
 12       6995          5          0          0          0          0          0          2          1
 13       6995          5          0          0          0          0          0          2          1
 14       6994          6          0          0          0          0          0          4          1
 15       6990         10          0          0          0          0          0          4          1
 16       6984         16          0          0          0          0          0          4          1
 17       6979         21          0          0          0          0          0          4          1
 18       6969         31          0          0          0          0          0          5          1
 19       6958         42          0          0          0          0          0          5          1
 20       6943         57          0          0          0          0          0          5          1
 21       6929         71          0          0          0          0          0          6          1
 22       6910         90          0          0          0          0          0         10          2
 23       6889        111          0          0          0          0          0         16          3
 24       6868        132          0          0          0          0          0         21          4
 25       6843        157          0          0          0          0          0         31          6
 26       6818        182          0          0          0          0          0         42          6
 27       6780        219          0          1          0          0          0         57          9
 28       6755        244          0          1          0          0          0         71         11
 29       6718        280          0          2          0          0          0         89         13
 30       6679        318          0          3          0          0          0        108         17
 31       6644        351          0          4          0          1          0        127         18
 32       6595        396          0          8          0          1          0        148         21
 33       6550        440          0          9          0          1          0        172         22
 34       6493        496          0         10          0          1          0        209         25
 35       6435        552          0         12          0          1          0        232         26
 36       6383        603          0         13          0          1          0        268         32
 37       6327        652          0         19          0          2          0        300         38
 38       6272        702          0         22          0          4          0        330         41
 39       6214        757          0         24          0          5          0        376         44
 40       6158        811          0         26          0          5          0        419         46
 41       6099        864          0         30          0          7          0        471         49
 42       6034        923          0         36          0          7          0        522         55
 43       5979        963          0         48          0         10          0        559         60
 44       5917       1018          0         51          0         14          0        608         66
 45       5855       1066          0         63          0         16          0        649         71
 46       5777       1130          0         75          0         18          0        693         74
 47       5702       1182          0         96          0         20          0        727         78
 48       5619       1250          0        107          0         24          0        771         83
 49       5539       1309          0        123          0         29          0        815         88
 50       5469       1354          0        144          0         33          0        844         88
 51       5394       1405          0        163          0         38          0        883         91
 52       5323       1457          0        178          0         42          0        926         94
 53       5242       1507          0        201          0         50          0        973         94
 54       5179       1534          0        229          0         58          0       1013         94
 55       5093       1591          0        250          0         66          0       1066         99
 56       5049       1595          0        282          0         74          0       1105        103
 57       4995       1615          0        309          0         81          0       1142        103
 58       4944       1620          0        347          0         89          0       1170        106
 59       4900       1618          0        390          0         92          0       1196        112
 60       4853       1610          0        438          0         99          0       1221        112
 61       4814       1597          0        482          0        107          0       1232        114
 62       4788       1577          0        520          0        115          0       1272        113
 63       4752       1565          0        556          0        127          0       1268        112
 64       4713       1547          0        607          0        133          0       1265        111
 65       4681       1515          0        657          0        147          0       1252        110
 66       4648       1484          0        709          0        159          0       1232        107
 67       4627       1445          0        754          0        174          0       1220        106
 68       4605       1399          0        810          0        186          0       1190        100
 69       4581       1370          0        856          0        193          0       1163         96
 70       4554       1319          0        923          0        204          0       1121         90
 71       4512       1299          0        974          0        215          0       1098         89
 72       4479       1251          0       1046          0        224          0       1049         83
 73       4456       1200          0       1109          0        235          0       1009         80
 74       4424       1167          0       1164          0        245          0        964         74
 75       4405       1113          0       1221          0        261          0        913         74
 76       4388       1060          0       1276          0        276          0        867         73
 77       4363       1034          0       1316          0        287          0        843         73
 78       4341        994          0       1366          0        299          0        823         74
 79       4323        947          0       1419          0        311          0        791         70
 80       4306        895          0       1471          0        328          0        745         68
 81       4285        864          0       1515          0        336          0        726         67
 82       4271        816          0       1569          0        344          0        682         62
 83       4249        789          0       1605          0        357          0        650         62
 84       4231        763          0       1636          0        370          0        632         61
 85       4222        725          0       1677          0        376          0        607         57
 86       4197        697          0       1721          0        385          0        572         55
 87       4181        668          0       1760          0        391          0        544         54
 88       4164        633          0       1800          0        403          0        512         54
 89       4141        622          0       1828          0        409          0        492         51
 90       4105        619          0       1862          0        414          0        475         46
 91       4077        617          0       1887          0        419          0        463         45
 92       4046        610          0       1921          0        423          0        434         39
 93       4016        605          0       1947          0        432          0        424         36
 94       3972        618          0       1972          0        438          0        409         37
 95       3936        631          0       1992          0        441          0        403         37
 96       3887        656          0       2015          0        442          0        402         36
 97       3834        683          0       2035          0        448          0        412         36
 98       3781        712          0       2054          0        453          0        416         39
 99       3722        745          0       2074          0        459          0        421         40
100       3658        787          0       2093          0        462          0        429         39
101       3604        823          0       2107          0        466          0        455         38
102       3532        864          0       2132          0        472          0        460         37
103       3475        893          0       2154          0        478          0        482         41
104       3432        915          0       2174          0        479          0        514         41
105       3382        941          0       2194          0        483          0        542         44
106       3331        975          0       2208          0        486          0        584         49
107       3275       1018          0       2219          0        488          0        636         55
108       3235       1026          0       2247          0        492          0        658         56
109       3193       1039          0       2269          0        499          0        700         60
110       3160       1046          0       2290          0        504          0        731         61
111       3117       1065          0       2309          0        509          0        750         63
112       3071       1086          0       2330          0        513          0        775         65
113       3023       1113          0       2348          0        516          0        805         71
114       2975       1141          0       2366          0        518          0        841         78
115       2944       1146          0       2389          0        521          0        855         77
116       2910       1153          0       2413          0        524          0        870         78
117       2882       1146          0       2441          0        531          0        869         76
118       2845       1151          0       2466          0        538          0        880         80
119       2809       1161          0       2490          0        540          0        900         85
120       2794       1141          0       2516          0        549          0        913         86
121       2766       1120          0       2557          0        557          0        912         83
122       2743       1111          0       2586          0        560          0        910         82
123       2722       1084          0       2630          0        564          0        896         82
124       2703       1049          0       2671          0        577          0        871         83
125       2688       1016          0       2705          0        591          0        859         84
126       2676        982          0       2745          0        597          0        849         85
127       2664        946          0       2784          0        606          0        816         79
128       2657        894          0       2832          0        617          0        785         78
129       2644        866          0       2864          0        626          0        767         76
130       2636        815          0       2910          0        639          0        729         72
131       2620        791          0       2942          0        647          0        708         70
132       2615        739          0       2988          0        658          0        666         72
133       2608        698          0       3026          0        668          0        630         67
134       2600        655          0       3066          0        679          0        591         64
135       2593        619          0       3103          0        685          0        555         60
136       2587        578          0       3140          0        695          0        521         55
137       2581        540          0       3177          0        702          0        485         47
138       2575        509          0       3210          0        706          0        464         42
139       2571        479          0       3237          0        713          0        435         43
140       2560        454          0       3264          0        722          0        406         42
141       2555        435          0       3286          0        724          0        390         42
142       2552        391          0       3319          0        738          0        350         35
143       2548        358          0       3346          0        748          0        319         33
144       2547        327          0       3373          0        753          0        293         30
145       2544        298          0       3402          0        756          0        267         30
146       2531        279          0       3428          0        762          0        239         26
147       2529        247          0       3455          0        769          0        216         23
148       2526        231          0       3471          0        772          0        202         21
149       2524        208          0       3494          0        774          0        180         20
150       2518        197          0       3506          0        779          0        167         17
--- ---------- ---------- ---------- ---------- ---------- ---------- ---------- ---------- ----------

