03/05/2020 13:02:19

Cambio de condiciones el día 0
Fichero de grupos            C:\Contagio\Casos\grupos.ggg
Número de clusters           200
Próximo cambio en            40 días

                        - Edad-      %     % Factor B    Días         %      Num.Pasos      %                          %      Individuos 
Grupo            Género Min Max   Gravedad   Contagio  Duración    Curación   Min   Max Individuos   Individuos     clusters    cluster  
---------------- ------ --- --- ---------- ---------- ---------- ---------- ----- ----- ---------- ------------ ------------ ------------
nene                  0   0   4      10,00      10,00      30,00      99,55    80   120       4,00            0          4,0           40
menor                 1   5  19       4,00       4,00      30,00     100,00    80   120      15,00            0         15,0           70
adulto                2  20  64      35,00     100,00      30,00      99,22    80   120      62,00            0         62,0          100
jubilado              3  65  69     100,00     800,00      30,00      95,38    80   120       5,00            0          5,0           70
mayor                 4  70 150     100,00     800,00      30,00      81,86    10    20      14,00            0         14,0           20
---------------- ------ --- --- ---------- ---------- ---------- ---------- ----- ----- ---------- ------------ ------------ ------------

Situación inicial

Cluster GID Grupo                Individuos     Sanos  Infectados    Curados Desinmuniz    Muertos
------- --- -------------------- ---------- ---------- ---------- ---------- ---------- ----------
      1   0 nene                         40         40          0          0          0          0
      2   0 nene                         40         40          0          0          0          0
      3   0 nene                         40         40          0          0          0          0
      4   0 nene                         40         40          0          0          0          0
      5   0 nene                         40         40          0          0          0          0
      6   0 nene                         40         40          0          0          0          0
      7   0 nene                         40         40          0          0          0          0
      8   0 nene                         40         40          0          0          0          0
      9   1 menor                        70         70          0          0          0          0
     10   1 menor                        70         70          0          0          0          0
     11   1 menor                        70         70          0          0          0          0
     12   1 menor                        70         70          0          0          0          0
     13   1 menor                        70         70          0          0          0          0
     14   1 menor                        70         70          0          0          0          0
     15   1 menor                        70         70          0          0          0          0
     16   1 menor                        70         70          0          0          0          0
     17   1 menor                        70         70          0          0          0          0
     18   1 menor                        70         70          0          0          0          0
     19   1 menor                        70         70          0          0          0          0
     20   1 menor                        70         70          0          0          0          0
     21   1 menor                        70         70          0          0          0          0
     22   1 menor                        70         70          0          0          0          0
     23   1 menor                        70         70          0          0          0          0
     24   1 menor                        70         70          0          0          0          0
     25   1 menor                        70         70          0          0          0          0
     26   1 menor                        70         70          0          0          0          0
     27   1 menor                        70         70          0          0          0          0
     28   1 menor                        70         70          0          0          0          0
     29   1 menor                        70         70          0          0          0          0
     30   1 menor                        70         70          0          0          0          0
     31   1 menor                        70         70          0          0          0          0
     32   1 menor                        70         70          0          0          0          0
     33   1 menor                        70         70          0          0          0          0
     34   1 menor                        70         70          0          0          0          0
     35   1 menor                        70         70          0          0          0          0
     36   1 menor                        70         70          0          0          0          0
     37   1 menor                        70         70          0          0          0          0
     38   1 menor                        70         70          0          0          0          0
     39   2 adulto                      100        100          0          0          0          0
     40   2 adulto                      100        100          0          0          0          0
     41   2 adulto                      100        100          0          0          0          0
     42   2 adulto                      100        100          0          0          0          0
     43   2 adulto                      100        100          0          0          0          0
     44   2 adulto                      100        100          0          0          0          0
     45   2 adulto                      100        100          0          0          0          0
     46   2 adulto                      100        100          0          0          0          0
     47   2 adulto                      100        100          0          0          0          0
     48   2 adulto                      100        100          0          0          0          0
     49   2 adulto                      100        100          0          0          0          0
     50   2 adulto                      100        100          0          0          0          0
     51   2 adulto                      100        100          0          0          0          0
     52   2 adulto                      100        100          0          0          0          0
     53   2 adulto                      100        100          0          0          0          0
     54   2 adulto                      100        100          0          0          0          0
     55   2 adulto                      100        100          0          0          0          0
     56   2 adulto                      100        100          0          0          0          0
     57   2 adulto                      100        100          0          0          0          0
     58   2 adulto                      100        100          0          0          0          0
     59   2 adulto                      100        100          0          0          0          0
     60   2 adulto                      100        100          0          0          0          0
     61   2 adulto                      100        100          0          0          0          0
     62   2 adulto                      100        100          0          0          0          0
     63   2 adulto                      100        100          0          0          0          0
     64   2 adulto                      100        100          0          0          0          0
     65   2 adulto                      100        100          0          0          0          0
     66   2 adulto                      100        100          0          0          0          0
     67   2 adulto                      100        100          0          0          0          0
     68   2 adulto                      100        100          0          0          0          0
     69   2 adulto                      100        100          0          0          0          0
     70   2 adulto                      100        100          0          0          0          0
     71   2 adulto                      100        100          0          0          0          0
     72   2 adulto                      100        100          0          0          0          0
     73   2 adulto                      100        100          0          0          0          0
     74   2 adulto                      100        100          0          0          0          0
     75   2 adulto                      100        100          0          0          0          0
     76   2 adulto                      100        100          0          0          0          0
     77   2 adulto                      100        100          0          0          0          0
     78   2 adulto                      100        100          0          0          0          0
     79   2 adulto                      100        100          0          0          0          0
     80   2 adulto                      100        100          0          0          0          0
     81   2 adulto                      100        100          0          0          0          0
     82   2 adulto                      100        100          0          0          0          0
     83   2 adulto                      100        100          0          0          0          0
     84   2 adulto                      100        100          0          0          0          0
     85   2 adulto                      100         99          1          0          0          0
     86   2 adulto                      100        100          0          0          0          0
     87   2 adulto                      100        100          0          0          0          0
     88   2 adulto                      100        100          0          0          0          0
     89   2 adulto                      100        100          0          0          0          0
     90   2 adulto                      100        100          0          0          0          0
     91   2 adulto                      100        100          0          0          0          0
     92   2 adulto                      100        100          0          0          0          0
     93   2 adulto                      100        100          0          0          0          0
     94   2 adulto                      100        100          0          0          0          0
     95   2 adulto                      100         99          1          0          0          0
     96   2 adulto                      100        100          0          0          0          0
     97   2 adulto                      100        100          0          0          0          0
     98   2 adulto                      100        100          0          0          0          0
     99   2 adulto                      100        100          0          0          0          0
    100   2 adulto                      100        100          0          0          0          0
    101   2 adulto                      100        100          0          0          0          0
    102   2 adulto                      100        100          0          0          0          0
    103   2 adulto                      100        100          0          0          0          0
    104   2 adulto                      100        100          0          0          0          0
    105   2 adulto                      100        100          0          0          0          0
    106   2 adulto                      100        100          0          0          0          0
    107   2 adulto                      100         99          1          0          0          0
    108   2 adulto                      100        100          0          0          0          0
    109   2 adulto                      100        100          0          0          0          0
    110   2 adulto                      100        100          0          0          0          0
    111   2 adulto                      100        100          0          0          0          0
    112   2 adulto                      100        100          0          0          0          0
    113   2 adulto                      100        100          0          0          0          0
    114   2 adulto                      100         99          1          0          0          0
    115   2 adulto                      100        100          0          0          0          0
    116   2 adulto                      100        100          0          0          0          0
    117   2 adulto                      100        100          0          0          0          0
    118   2 adulto                      100        100          0          0          0          0
    119   2 adulto                      100        100          0          0          0          0
    120   2 adulto                      100        100          0          0          0          0
    121   2 adulto                      100        100          0          0          0          0
    122   2 adulto                      100        100          0          0          0          0
    123   2 adulto                      100        100          0          0          0          0
    124   2 adulto                      100        100          0          0          0          0
    125   2 adulto                      100        100          0          0          0          0
    126   2 adulto                      100        100          0          0          0          0
    127   2 adulto                      100        100          0          0          0          0
    128   2 adulto                      100        100          0          0          0          0
    129   2 adulto                      100        100          0          0          0          0
    130   2 adulto                      100        100          0          0          0          0
    131   2 adulto                      100        100          0          0          0          0
    132   2 adulto                      100        100          0          0          0          0
    133   2 adulto                      100        100          0          0          0          0
    134   2 adulto                      100        100          0          0          0          0
    135   2 adulto                      100        100          0          0          0          0
    136   2 adulto                      100        100          0          0          0          0
    137   2 adulto                      100        100          0          0          0          0
    138   2 adulto                      100        100          0          0          0          0
    139   2 adulto                      100        100          0          0          0          0
    140   2 adulto                      100        100          0          0          0          0
    141   2 adulto                      100        100          0          0          0          0
    142   2 adulto                      100        100          0          0          0          0
    143   2 adulto                      100        100          0          0          0          0
    144   2 adulto                      100        100          0          0          0          0
    145   2 adulto                      100        100          0          0          0          0
    146   2 adulto                      100        100          0          0          0          0
    147   2 adulto                      100        100          0          0          0          0
    148   2 adulto                      100        100          0          0          0          0
    149   2 adulto                      100        100          0          0          0          0
    150   2 adulto                      100        100          0          0          0          0
    151   2 adulto                      100        100          0          0          0          0
    152   2 adulto                      100        100          0          0          0          0
    153   2 adulto                      100        100          0          0          0          0
    154   2 adulto                      100        100          0          0          0          0
    155   2 adulto                      100        100          0          0          0          0
    156   2 adulto                      100        100          0          0          0          0
    157   2 adulto                      100        100          0          0          0          0
    158   2 adulto                      100        100          0          0          0          0
    159   2 adulto                      100        100          0          0          0          0
    160   2 adulto                      100         99          1          0          0          0
    161   2 adulto                      100        100          0          0          0          0
    162   2 adulto                      100        100          0          0          0          0
    163   3 jubilado                     70         70          0          0          0          0
    164   3 jubilado                     70         70          0          0          0          0
    165   3 jubilado                     70         70          0          0          0          0
    166   3 jubilado                     70         70          0          0          0          0
    167   3 jubilado                     70         70          0          0          0          0
    168   3 jubilado                     70         70          0          0          0          0
    169   3 jubilado                     70         70          0          0          0          0
    170   3 jubilado                     70         70          0          0          0          0
    171   3 jubilado                     70         70          0          0          0          0
    172   3 jubilado                     70         70          0          0          0          0
    173   4 mayor                        20         20          0          0          0          0
    174   4 mayor                        20         20          0          0          0          0
    175   4 mayor                        20         20          0          0          0          0
    176   4 mayor                        20         20          0          0          0          0
    177   4 mayor                        20         20          0          0          0          0
    178   4 mayor                        20         20          0          0          0          0
    179   4 mayor                        20         20          0          0          0          0
    180   4 mayor                        20         20          0          0          0          0
    181   4 mayor                        20         20          0          0          0          0
    182   4 mayor                        20         20          0          0          0          0
    183   4 mayor                        20         20          0          0          0          0
    184   4 mayor                        20         20          0          0          0          0
    185   4 mayor                        20         20          0          0          0          0
    186   4 mayor                        20         20          0          0          0          0
    187   4 mayor                        20         20          0          0          0          0
    188   4 mayor                        20         20          0          0          0          0
    189   4 mayor                        20         20          0          0          0          0
    190   4 mayor                        20         20          0          0          0          0
    191   4 mayor                        20         20          0          0          0          0
    192   4 mayor                        20         20          0          0          0          0
    193   4 mayor                        20         20          0          0          0          0
    194   4 mayor                        20         20          0          0          0          0
    195   4 mayor                        20         20          0          0          0          0
    196   4 mayor                        20         20          0          0          0          0
    197   4 mayor                        20         20          0          0          0          0
    198   4 mayor                        20         20          0          0          0          0
    199   4 mayor                        20         20          0          0          0          0
    200   4 mayor                        20         20          0          0          0          0
------- --- -------------------- ---------- ---------- ---------- ---------- ---------- ----------
                                      16080      16075          5          0          0          0

03/05/2020 13:14:37

Cambio de condiciones el día 40
Fichero de grupos            C:\Contagio\Casos\grupos_R1.ggg
Número de clusters           100
Próximo cambio en            25 días

                        - Edad-      %     % Factor B    Días         %      Num.Pasos      %                          %      Individuos 
Grupo            Género Min Max   Gravedad   Contagio  Duración    Curación   Min   Max Individuos   Individuos     clusters    cluster  
---------------- ------ --- --- ---------- ---------- ---------- ---------- ----- ----- ---------- ------------ ------------ ------------
nene                  0   0   4      10,00      10,00      30,00      99,55    60    90       4,00        2.000          4,0           40
menor                 1   5  19       4,00       4,00      30,00     100,00    60    90      15,00        7.500         15,0           70
adulto                2  20  64      35,00     100,00      30,00      99,22    60    90      62,00       31.000         62,0          100
jubilado              3  65  69     100,00     800,00      30,00      95,38    60    90       5,00        2.500          5,0           70
mayor                 4  70 150     100,00     800,00      30,00      81,86     8    15      14,00        7.000         14,0           20
---------------- ------ --- --- ---------- ---------- ---------- ---------- ----- ----- ---------- ------------ ------------ ------------

                                                       -------------- Dentro y fuera ------------- -------- Dentro -----      %
Cluster GID Grupo                Individuos      Sanos Infectados    Curados Desinmuniz    Muertos   Intentos Infectados   Aciertos
------- --- -------------------- ---------- ---------- ---------- ---------- ---------- ---------- ---------- ---------- ----------
      1   0 nene                         40         39          1          0          0          0        624          0       0,00
      2   0 nene                         40         40          0          0          0          0          0          0       0,00
      3   0 nene                         40         39          1          0          0          0          0          0       0,00
      4   0 nene                         40         40          0          0          0          0          0          0       0,00
      5   1 menor                        70         70          0          0          0          0          0          0       0,00
      6   1 menor                        70         70          0          0          0          0          0          0       0,00
      7   1 menor                        70         70          0          0          0          0        421          1       0,24
      8   1 menor                        70         70          0          0          0          0          0          0       0,00
      9   1 menor                        70         70          0          0          0          0          0          0       0,00
     10   1 menor                        70         70          0          0          0          0          0          0       0,00
     11   1 menor                        70         68          2          0          0          0          0          0       0,00
     12   1 menor                        70         70          0          0          0          0          0          0       0,00
     13   1 menor                        70         70          0          0          0          0          0          0       0,00
     14   1 menor                        70         69          1          0          0          0          0          0       0,00
     15   1 menor                        70         70          0          0          0          0        343          0       0,00
     16   1 menor                        70         70          0          0          0          0          0          0       0,00
     17   1 menor                        70         69          1          0          0          0          0          0       0,00
     18   1 menor                        70         70          0          0          0          0         69          0       0,00
     19   1 menor                        70         70          0          0          0          0          0          0       0,00
     20   2 adulto                      100          0         98          2          0          0          0          0       0,00
     21   2 adulto                      100          0         99          1          0          0          0          0       0,00
     22   2 adulto                      100         71         29          0          0          0          0          0       0,00
     23   2 adulto                      100          2         98          0          0          0          0          0       0,00
     24   2 adulto                      100         75         25          0          0          0          0          0       0,00
     25   2 adulto                      100         49         50          1          0          0          0          0       0,00
     26   2 adulto                      100         78         22          0          0          0          0          0       0,00
     27   2 adulto                      100         46         54          0          0          0          0          0       0,00
     28   2 adulto                      100         43         56          1          0          0       1242          0       0,00
     29   2 adulto                      100         93          7          0          0          0          0          0       0,00
     30   2 adulto                      100         97          3          0          0          0          0          0       0,00
     31   2 adulto                      100         99          1          0          0          0          0          0       0,00
     32   2 adulto                      100          0         98          2          0          0          0          0       0,00
     33   2 adulto                      100          0         98          2          0          0          0          0       0,00
     34   2 adulto                      100         98          2          0          0          0          0          0       0,00
     35   2 adulto                      100         69         31          0          0          0          0          0       0,00
     36   2 adulto                      100          3         93          4          0          0        895          0       0,00
     37   2 adulto                      100          1         99          0          0          0          0          0       0,00
     38   2 adulto                      100          1         98          1          0          0          0          0       0,00
     39   2 adulto                      100          1         98          1          0          0       9258         98       1,06
     40   2 adulto                      100          5         94          1          0          0      10678         96       0,90
     41   2 adulto                      100         76         24          0          0          0       2653         25       0,94
     42   2 adulto                      100          0        100          0          0          0       8651         94       1,09
     43   2 adulto                      100         26         74          0          0          0       2222         20       0,90
     44   2 adulto                      100         47         53          0          0          0       3647         48       1,32
     45   2 adulto                      100          3         97          0          0          0       2531         19       0,75
     46   2 adulto                      100         91          9          0          0          0       4175         49       1,17
     47   2 adulto                      100          0         97          3          0          0       6491         56       0,86
     48   2 adulto                      100         76         24          0          0          0        567          1       0,18
     49   2 adulto                      100         93          7          0          0          0          0          0       0,00
     50   2 adulto                      100         33         67          0          0          0          0          0       0,00
     51   2 adulto                      100         71         29          0          0          0       8222         98       1,19
     52   2 adulto                      100          0         96          4          0          0      11033         97       0,88
     53   2 adulto                      100         81         19          0          0          0        494          1       0,20
     54   2 adulto                      100          0        100          0          0          0       2755         29       1,05
     55   2 adulto                      100          0        100          0          0          0      11005         93       0,85
     56   2 adulto                      100          2         96          2          0          0       8002         94       1,17
     57   2 adulto                      100         79         21          0          0          0       9954         97       0,97
     58   2 adulto                      100          0         96          4          0          0      10060         97       0,96
     59   2 adulto                      100          0         93          7          0          0       7680         92       1,20
     60   2 adulto                      100         10         90          0          0          0       2021         21       1,04
     61   2 adulto                      100         67         33          0          0          0       7717         95       1,23
     62   2 adulto                      100         80         20          0          0          0       8063         69       0,86
     63   2 adulto                      100          0        100          0          0          0       4044         47       1,16
     64   2 adulto                      100          0         97          3          0          0      11478         93       0,81
     65   2 adulto                      100          0         68         32          0          0        561          3       0,53
     66   2 adulto                      100          0         62         38          0          0      10279         99       0,96
     67   2 adulto                      100         83         17          0          0          0       1803         22       1,22
     68   2 adulto                      100         22         78          0          0          0        877          4       0,46
     69   2 adulto                      100         76         24          0          0          0       7999         65       0,81
     70   2 adulto                      100         85         15          0          0          0       3101         24       0,77
     71   2 adulto                      100         56         44          0          0          0       9748         96       0,98
     72   2 adulto                      100          9         90          1          0          0       2143         16       0,75
     73   2 adulto                      100          5         94          1          0          0       9763         94       0,96
     74   2 adulto                      100         48         52          0          0          0       7384         98       1,33
     75   2 adulto                      100          0        100          0          0          0      10313         95       0,92
     76   2 adulto                      100          0         59         41          0          0       1436         17       1,18
     77   2 adulto                      100         73         27          0          0          0       8744         97       1,11
     78   2 adulto                      100         62         38          0          0          0      12883         98       0,76
     79   2 adulto                      100         34         66          0          0          0       7917         84       1,06
     80   2 adulto                      100         95          5          0          0          0       2516         28       1,11
     81   2 adulto                      100         30         70          0          0          0       1170         16       1,37
     82   3 jubilado                     70          0         65          5          0          0       9157         97       1,06
     83   3 jubilado                     70          0         60         10          0          0      11589         98       0,85
     84   3 jubilado                     70          0         69          1          0          0      10465         99       0,95
     85   3 jubilado                     70          0         57         12          0          1      11568         97       0,84
     86   3 jubilado                     70          0         65          5          0          0        983         11       1,12
     87   4 mayor                        20         17          3          0          0          0       5933         76       1,28
     88   4 mayor                        20          8         12          0          0          0       1974         22       1,11
     89   4 mayor                        20         20          0          0          0          0       1115         13       1,17
     90   4 mayor                        20          3         17          0          0          0       4220         39       0,92
     91   4 mayor                        20          0         20          0          0          0       8519         87       1,02
     92   4 mayor                        20          0         19          1          0          0      12217         93       0,76
     93   4 mayor                        20         12          8          0          0          0       4404         43       0,98
     94   4 mayor                        20          0         20          0          0          0      10155         96       0,95
     95   4 mayor                        20          1         19          0          0          0       9425         99       1,05
     96   4 mayor                        20         15          5          0          0          0       3123         22       0,70
     97   4 mayor                        20          0         19          1          0          0       4143         33       0,80
     98   4 mayor                        20         16          4          0          0          0       6947         62       0,89
     99   4 mayor                        20         17          3          0          0          0        583          2       0,34
    100   4 mayor                        20          0         19          1          0          0       6913         65       0,94
------- --- -------------------- ---------- ---------- ---------- ---------- ---------- ---------- ---------- ---------- ----------
                                       8040       3657       4194        188          0          1     379065       3640       0,96

03/05/2020 13:33:02

Cambio de condiciones el día 65
Fichero de grupos            C:\Contagio\Casos\grupos_R2.ggg
Número de clusters           50
No hay próximos cambios

                        - Edad-      %     % Factor B    Días         %      Num.Pasos      %                          %      Individuos 
Grupo            Género Min Max   Gravedad   Contagio  Duración    Curación   Min   Max Individuos   Individuos     clusters    cluster  
---------------- ------ --- --- ---------- ---------- ---------- ---------- ----- ----- ---------- ------------ ------------ ------------
nene                  0   0   4      10,00      10,00      30,00      99,55    40    60       4,00        2.000          4,0           40
menor                 1   5  19       4,00       4,00      30,00     100,00    40    60      15,00        7.500         15,0           70
adulto                2  20  64      35,00     100,00      30,00      99,22    40    60      62,00       31.000         62,0          100
jubilado              3  65  69     100,00     800,00      30,00      95,38    40    60       5,00        2.500          5,0           70
mayor                 4  70 150     100,00     800,00      30,00      81,86     5    10      14,00        7.000         14,0           20
---------------- ------ --- --- ---------- ---------- ---------- ---------- ----- ----- ---------- ------------ ------------ ------------

                                                       -------------- Dentro y fuera ------------- -------- Dentro -----      %
Cluster GID Grupo                Individuos      Sanos Infectados    Curados Desinmuniz    Muertos   Intentos Infectados   Aciertos
------- --- -------------------- ---------- ---------- ---------- ---------- ---------- ---------- ---------- ---------- ----------
      1   0 nene                         40         38          1          1          0          0       1131          0       0,00
      2   0 nene                         40         40          0          0          0          0          0          0       0,00
      3   1 menor                        70         70          0          0          0          0       1004          2       0,20
      4   1 menor                        70         70          0          0          0          0          0          0       0,00
      5   1 menor                        70         69          1          0          0          0          0          0       0,00
      6   1 menor                        70         69          1          0          0          0          0          0       0,00
      7   1 menor                        70         70          0          0          0          0        559          1       0,18
      8   1 menor                        70         69          0          1          0          0       1035          0       0,00
      9   1 menor                        70         67          2          1          0          0          0          0       0,00
     10   2 adulto                      100          0          2         98          0          0       1449          0       0,00
     11   2 adulto                      100          0         15         84          0          1       3846          1       0,03
     12   2 adulto                      100          0         69         31          0          0          0          0       0,00
     13   2 adulto                      100          0         19         81          0          0        966          0       0,00
     14   2 adulto                      100          0         73         27          0          0       3762          1       0,03
     15   2 adulto                      100          0         64         36          0          0        343          0       0,00
     16   2 adulto                      100          0         69         31          0          0          0          0       0,00
     17   2 adulto                      100          0         64         36          0          0       1518          0       0,00
     18   2 adulto                      100          0         56         44          0          0         69          0       0,00
     19   2 adulto                      100          0         78         22          0          0          0          0       0,00
     20   2 adulto                      100          0         90         10          0          0          0          0       0,00
     21   2 adulto                      100          0         92          8          0          0          0          0       0,00
     22   2 adulto                      100          0          1         98          0          1       6461         69       1,07
     23   2 adulto                      100          0          0        100          0          0        157          2       1,27
     24   2 adulto                      100          0         86         14          0          0       6377         73       1,14
     25   2 adulto                      100          0         70         30          0          0       4825         49       1,02
     26   2 adulto                      100          0         17         82          0          1       8126         75       0,92
     27   2 adulto                      100          0         18         82          0          0       5745         45       0,78
     28   2 adulto                      100          0         19         81          0          0       6430         43       0,67
     29   2 adulto                      100          0         10         90          0          0       9469         91       0,96
     30   2 adulto                      100          0         32         68          0          0       8163         92       1,13
     31   2 adulto                      100          0         69         31          0          0       9588         93       0,97
     32   2 adulto                      100          0         26         73          0          1          0          0       0,00
     33   2 adulto                      100          0         47         53          0          0          0          0       0,00
     34   2 adulto                      100          0         59         41          0          0       8784         92       1,05
     35   2 adulto                      100          0         23         77          0          0       8047         66       0,82
     36   2 adulto                      100          0         81         19          0          0       1544          3       0,19
     37   2 adulto                      100          0          0        100          0          0        102          1       0,98
     38   2 adulto                      100          0         76         24          0          0         23          1       4,35
     39   2 adulto                      100          0         83         17          0          0       9511         99       1,04
     40   2 adulto                      100          0         49         51          0          0      10921        101       0,92
     41   3 jubilado                     70          0          0         69          0          1       8187        100       1,22
     42   3 jubilado                     70          0          0         68          0          2       8651         94       1,09
     43   4 mayor                        20          0         17          2          0          1       5812         46       0,79
     44   4 mayor                        20          0         15          4          0          1       8224         94       1,14
     45   4 mayor                        20          0         17          3          0          0       2605         22       0,84
     46   4 mayor                        20          0          9         10          0          1      13995        140       1,00
     47   4 mayor                        20          0          4         14          0          2       6491         56       0,86
     48   4 mayor                        20          0          0         14          0          6       8593         75       0,87
     49   4 mayor                        20          0         17          1          0          2       9050         91       1,01
------- --- -------------------- ---------- ---------- ---------- ---------- ---------- ---------- ---------- ---------- ----------
                                       3950        562       1541       1827          0         20     191563       1718       0,90

Situación final

                                                       -------------- Dentro y fuera ------------- -------- Dentro -----      %
Cluster GID Grupo                Individuos      Sanos Infectados    Curados Desinmuniz    Muertos   Intentos Infectados   Aciertos
------- --- -------------------- ---------- ---------- ---------- ---------- ---------- ---------- ---------- ---------- ----------
      1   0 nene                         40         31          2          7          0          0       7851          7       0,09
      2   0 nene                         40         30          2          8          0          0       6945          8       0,12
      3   1 menor                        70         70          0          0          0          0       1004          2       0,20
      4   1 menor                        70         70          0          0          0          0          0          0       0,00
      5   1 menor                        70         64          3          3          0          0       7523          5       0,07
      6   1 menor                        70         69          0          1          0          0        552          0       0,00
      7   1 menor                        70         70          0          0          0          0        559          1       0,18
      8   1 menor                        70         69          0          1          0          0       1035          0       0,00
      9   1 menor                        70         66          0          4          0          0       3056          1       0,03
     10   2 adulto                      100          0          0        100          0          0       1449          0       0,00
     11   2 adulto                      100          0          0         99          0          1       3846          1       0,03
     12   2 adulto                      100          0          0        100          0          0          0          0       0,00
     13   2 adulto                      100          0          0        100          0          0        966          0       0,00
     14   2 adulto                      100          0          0        100          0          0       3762          1       0,03
     15   2 adulto                      100          0          0        100          0          0        343          0       0,00
     16   2 adulto                      100          0          0        100          0          0          0          0       0,00
     17   2 adulto                      100          0          0         99          0          1       1518          0       0,00
     18   2 adulto                      100          0          0         99          0          1         69          0       0,00
     19   2 adulto                      100          0          0        100          0          0          0          0       0,00
     20   2 adulto                      100          0          0        100          0          0          0          0       0,00
     21   2 adulto                      100          0          0        100          0          0          0          0       0,00
     22   2 adulto                      100          0          0         99          0          1       6461         69       1,07
     23   2 adulto                      100          0          0        100          0          0        157          2       1,27
     24   2 adulto                      100          0          0        100          0          0       6377         73       1,14
     25   2 adulto                      100          0          0        100          0          0       4825         49       1,02
     26   2 adulto                      100          0          0         99          0          1       8126         75       0,92
     27   2 adulto                      100          0          0        100          0          0       5745         45       0,78
     28   2 adulto                      100          0          0        100          0          0       6430         43       0,67
     29   2 adulto                      100          0          0        100          0          0       9469         91       0,96
     30   2 adulto                      100          0          0        100          0          0       8163         92       1,13
     31   2 adulto                      100          0          0        100          0          0       9588         93       0,97
     32   2 adulto                      100          0          0         99          0          1          0          0       0,00
     33   2 adulto                      100          0          0        100          0          0          0          0       0,00
     34   2 adulto                      100          0          0         98          0          2       8784         92       1,05
     35   2 adulto                      100          0          0         99          0          1       8047         66       0,82
     36   2 adulto                      100          0          0        100          0          0       1544          3       0,19
     37   2 adulto                      100          0          0        100          0          0        102          1       0,98
     38   2 adulto                      100          0          0        100          0          0         23          1       4,35
     39   2 adulto                      100          0          0        100          0          0       9511         99       1,04
     40   2 adulto                      100          0          0        100          0          0      10921        101       0,92
     41   3 jubilado                     70          0          0         69          0          1       8187        100       1,22
     42   3 jubilado                     70          0          0         68          0          2       8651         94       1,09
     43   4 mayor                        20          0          0         17          0          3       5812         46       0,79
     44   4 mayor                        20          0          0         18          0          2       8224         94       1,14
     45   4 mayor                        20          0          0         17          0          3       2605         22       0,84
     46   4 mayor                        20          0          0         16          0          4      13995        140       1,00
     47   4 mayor                        20          0          0         18          0          2       6491         56       0,86
     48   4 mayor                        20          0          0         14          0          6       8593         75       0,87
     49   4 mayor                        20          0          0         16          0          4       9050         91       1,01
------- --- -------------------- ---------- ---------- ---------- ---------- ---------- ---------- ---------- ---------- ----------
                                       3950        539          7       3368          0         36     216359       1739       0,80

Grupo   0 nene
      0      1      2      3      4      5      6      7      8      9     10     11     12     13     14     15     16     17     18     19     20     21     22     23     24     25     26     27     28     29
 ------ ------ ------ ------ ------ ------ ------ ------ ------ ------ ------ ------ ------ ------ ------ ------ ------ ------ ------ ------ ------ ------ ------ ------ ------ ------ ------ ------ ------ ------
 0,0000 0,0000 0,0000 0,0001 0,0003 0,0006 0,0010 0,0016 0,0024 0,0034 0,0046 0,0062 0,0080 0,0102 0,0127 0,0156 0,0189 0,0227 0,0270 0,0317 0,0370 0,0428 0,0492 0,0563 0,0639 0,0723 0,0813 0,0910 0,1015 0,1128
      0      1      2      3      4      5      6      7      8      9     10     11     12     13     14     15     16     17     18     19     20     21     22     23     24     25     26     27     28     29
 ------ ------ ------ ------ ------ ------ ------ ------ ------ ------ ------ ------ ------ ------ ------ ------ ------ ------ ------ ------ ------ ------ ------ ------ ------ ------ ------ ------ ------ ------
 0,0000 0,0000 0,0000 0,0001 0,0003 0,0006 0,0010 0,0016 0,0024 0,0034 0,0046 0,0062 0,0080 0,0102 0,0127 0,0156 0,0189 0,0227 0,0270 0,0317 0,0370 0,0428 0,0492 0,0563 0,0639 0,0723 0,0813 0,0910 0,1015 0,1128
Número infectados                                 71
Número intentos fin infección                  1.866
Número finales de infección                       67       3,59
Número finales curacion                           67     100,00
Número finales muerte                              0       0,00
Total infecciones                                 45
Total infecciones por curados                     43
Total infecciones por muertos                      0
Total infectadores curados                        67
Total infectadores muertos                         0
Total pasos                               19.882.489
Total recorridos                             295.568
Total distancia recorrida                 12.159.340
Contactos de riesgo                           19.271
Máximo de contagios por 1 individuo                5
Mínimo de contagios por 1 individuo                0
Falso (R0) curados                            0,6418
Falso (R0) muertos                            0,0000

Grupo   1 menor
      0      1      2      3      4      5      6      7      8      9     10     11     12     13     14     15     16     17     18     19     20     21     22     23     24     25     26     27     28     29
 ------ ------ ------ ------ ------ ------ ------ ------ ------ ------ ------ ------ ------ ------ ------ ------ ------ ------ ------ ------ ------ ------ ------ ------ ------ ------ ------ ------ ------ ------
 0,0000 0,0000 0,0000 0,0001 0,0003 0,0006 0,0010 0,0016 0,0024 0,0034 0,0046 0,0062 0,0080 0,0102 0,0127 0,0156 0,0189 0,0227 0,0270 0,0317 0,0370 0,0428 0,0492 0,0563 0,0639 0,0723 0,0813 0,0910 0,1015 0,1128
      0      1      2      3      4      5      6      7      8      9     10     11     12     13     14     15     16     17     18     19     20     21     22     23     24     25     26     27     28     29
 ------ ------ ------ ------ ------ ------ ------ ------ ------ ------ ------ ------ ------ ------ ------ ------ ------ ------ ------ ------ ------ ------ ------ ------ ------ ------ ------ ------ ------ ------
 0,0000 0,0000 0,0000 0,0001 0,0003 0,0006 0,0010 0,0016 0,0024 0,0034 0,0046 0,0062 0,0080 0,0102 0,0127 0,0156 0,0189 0,0227 0,0270 0,0317 0,0370 0,0428 0,0492 0,0563 0,0639 0,0723 0,0813 0,0910 0,1015 0,1128
Número infectados                                105
Número intentos fin infección                  2.837
Número finales de infección                      102       3,60
Número finales curacion                          102     100,00
Número finales muerte                              0       0,00
Total infecciones                                 62
Total infecciones por curados                     61
Total infecciones por muertos                      0
Total infectadores curados                       102
Total infectadores muertos                         0
Total pasos                               74.995.391
Total recorridos                           1.117.617
Total distancia recorrida                 45.903.310
Contactos de riesgo                           76.968
Máximo de contagios por 1 individuo                3
Mínimo de contagios por 1 individuo                0
Falso (R0) curados                            0,5980
Falso (R0) muertos                            0,0000

Grupo   2 adulto
      0      1      2      3      4      5      6      7      8      9     10     11     12     13     14     15     16     17     18     19     20     21     22     23     24     25     26     27     28     29
 ------ ------ ------ ------ ------ ------ ------ ------ ------ ------ ------ ------ ------ ------ ------ ------ ------ ------ ------ ------ ------ ------ ------ ------ ------ ------ ------ ------ ------ ------
 0,0000 0,0000 0,0000 0,0001 0,0003 0,0006 0,0010 0,0016 0,0024 0,0034 0,0046 0,0062 0,0080 0,0102 0,0127 0,0156 0,0189 0,0227 0,0270 0,0317 0,0370 0,0428 0,0492 0,0563 0,0639 0,0723 0,0813 0,0910 0,1015 0,1128
      0      1      2      3      4      5      6      7      8      9     10     11     12     13     14     15     16     17     18     19     20     21     22     23     24     25     26     27     28     29
 ------ ------ ------ ------ ------ ------ ------ ------ ------ ------ ------ ------ ------ ------ ------ ------ ------ ------ ------ ------ ------ ------ ------ ------ ------ ------ ------ ------ ------ ------
 0,0000 0,0000 0,0000 0,0001 0,0003 0,0006 0,0010 0,0016 0,0024 0,0034 0,0046 0,0062 0,0080 0,0102 0,0127 0,0156 0,0189 0,0227 0,0270 0,0317 0,0370 0,0428 0,0492 0,0563 0,0639 0,0723 0,0813 0,0910 0,1015 0,1128
Número infectados                             14.172
Número intentos fin infección                380.266
Número finales de infección                   14.172       3,73
Número finales curacion                       14.131      99,71
Número finales muerte                             41       0,29
Total infecciones                             17.502
Total infecciones por curados                 17.473
Total infecciones por muertos                     29
Total infectadores curados                    14.131
Total infectadores muertos                        41
Total pasos                              251.084.937
Total recorridos                           3.461.722
Total distancia recorrida                153.649.300
Contactos de riesgo                          166.276
Máximo de contagios por 1 individuo               18
Mínimo de contagios por 1 individuo                0
Falso (R0) curados                            1,2365
Falso (R0) muertos                            0,7073

Grupo   3 jubilado
      0      1      2      3      4      5      6      7      8      9     10     11     12     13     14     15     16     17     18     19     20     21     22     23     24     25     26     27     28     29
 ------ ------ ------ ------ ------ ------ ------ ------ ------ ------ ------ ------ ------ ------ ------ ------ ------ ------ ------ ------ ------ ------ ------ ------ ------ ------ ------ ------ ------ ------
 0,0000 0,0000 0,0000 0,0001 0,0003 0,0006 0,0010 0,0016 0,0024 0,0034 0,0046 0,0062 0,0080 0,0102 0,0127 0,0156 0,0189 0,0227 0,0270 0,0317 0,0370 0,0428 0,0492 0,0563 0,0639 0,0723 0,0813 0,0910 0,1015 0,1128
      0      1      2      3      4      5      6      7      8      9     10     11     12     13     14     15     16     17     18     19     20     21     22     23     24     25     26     27     28     29
 ------ ------ ------ ------ ------ ------ ------ ------ ------ ------ ------ ------ ------ ------ ------ ------ ------ ------ ------ ------ ------ ------ ------ ------ ------ ------ ------ ------ ------ ------
 0,0000 0,0000 0,0000 0,0001 0,0003 0,0006 0,0010 0,0016 0,0024 0,0034 0,0046 0,0062 0,0080 0,0102 0,0127 0,0156 0,0189 0,0227 0,0270 0,0317 0,0370 0,0428 0,0492 0,0563 0,0639 0,0723 0,0813 0,0910 0,1015 0,1128
Número infectados                              1.896
Número intentos fin infección                 50.744
Número finales de infección                    1.896       3,74
Número finales curacion                        1.822      96,10
Número finales muerte                             74       3,90
Total infecciones                              1.388
Total infecciones por curados                  1.353
Total infecciones por muertos                     35
Total infectadores curados                     1.822
Total infectadores muertos                        74
Total pasos                               16.703.272
Total recorridos                             211.931
Total distancia recorrida                 10.229.730
Contactos de riesgo                            5.765
Máximo de contagios por 1 individuo               23
Mínimo de contagios por 1 individuo                0
Falso (R0) curados                            0,7426
Falso (R0) muertos                            0,4730

Grupo   4 mayor
      0      1      2      3      4      5      6      7      8      9     10     11     12     13     14     15     16     17     18     19     20     21     22     23     24     25     26     27     28     29
 ------ ------ ------ ------ ------ ------ ------ ------ ------ ------ ------ ------ ------ ------ ------ ------ ------ ------ ------ ------ ------ ------ ------ ------ ------ ------ ------ ------ ------ ------
 0,0000 0,0000 0,0000 0,0001 0,0003 0,0006 0,0010 0,0016 0,0024 0,0034 0,0046 0,0062 0,0080 0,0102 0,0127 0,0156 0,0189 0,0227 0,0270 0,0317 0,0370 0,0428 0,0492 0,0563 0,0639 0,0723 0,0813 0,0910 0,1015 0,1128
      0      1      2      3      4      5      6      7      8      9     10     11     12     13     14     15     16     17     18     19     20     21     22     23     24     25     26     27     28     29
 ------ ------ ------ ------ ------ ------ ------ ------ ------ ------ ------ ------ ------ ------ ------ ------ ------ ------ ------ ------ ------ ------ ------ ------ ------ ------ ------ ------ ------ ------
 0,0000 0,0000 0,0000 0,0001 0,0003 0,0006 0,0010 0,0016 0,0024 0,0034 0,0046 0,0062 0,0080 0,0102 0,0127 0,0156 0,0189 0,0227 0,0270 0,0317 0,0370 0,0428 0,0492 0,0563 0,0639 0,0723 0,0813 0,0910 0,1015 0,1128
Número infectados                              3.891
Número intentos fin infección                104.748
Número finales de infección                    3.891       3,71
Número finales curacion                        3.169      81,44
Número finales muerte                            722      18,56
Total infecciones                              1.128
Total infecciones por curados                    909
Total infecciones por muertos                    219
Total infectadores curados                     3.169
Total infectadores muertos                       722
Total pasos                                7.978.401
Total recorridos                             745.998
Total distancia recorrida                  4.879.790
Contactos de riesgo                           15.041
Máximo de contagios por 1 individuo               10
Mínimo de contagios por 1 individuo                0
Falso (R0) curados                            0,2868
Falso (R0) muertos                            0,3033

