Tipo 0
Día     Sanos  Infectados Importados    Curados Desinmuniz    Muertos Inf.Indire   Enfermos Hospitaliz
--- ---------- ---------- ---------- ---------- ---------- ---------- ---------- ---------- ----------
  1       2000          0          0          0          0          0          0          0          0
  2       2000          0          0          0          0          0          0          0          0
  3       2000          0          0          0          0          0          0          0          0
  4       2000          0          0          0          0          0          0          0          0
  5       2000          0          0          0          0          0          0          0          0
  6       2000          0          0          0          0          0          0          0          0
  7       2000          0          0          0          0          0          0          0          0
  8       2000          0          0          0          0          0          0          0          0
  9       2000          0          0          0          0          0          0          0          0
 10       2000          0          0          0          0          0          0          0          0
 11       2000          0          0          0          0          0          0          0          0
 12       2000          0          0          0          0          0          0          0          0
 13       2000          0          0          0          0          0          0          0          0
 14       2000          0          0          0          0          0          0          0          0
 15       2000          0          0          0          0          0          0          0          0
 16       2000          0          0          0          0          0          0          0          0
 17       2000          0          0          0          0          0          0          0          0
 18       2000          0          0          0          0          0          0          0          0
 19       2000          0          0          0          0          0          0          0          0
 20       2000          0          0          0          0          0          0          0          0
 21       2000          0          0          0          0          0          0          0          0
 22       2000          0          0          0          0          0          0          0          0
 23       2000          0          0          0          0          0          0          0          0
 24       2000          0          0          0          0          0          0          0          0
 25       2000          0          0          0          0          0          0          0          0
 26       2000          0          0          0          0          0          0          0          0
 27       2000          0          0          0          0          0          0          0          0
 28       2000          0          0          0          0          0          0          0          0
 29       2000          0          0          0          0          0          0          0          0
 30       2000          0          0          0          0          0          0          0          0
 31       1999          1          0          0          0          0          0          0          0
 32       1999          1          0          0          0          0          0          0          0
 33       1999          1          0          0          0          0          0          0          0
 34       1998          2          0          0          0          0          0          0          0
 35       1997          3          0          0          0          0          0          0          0
 36       1997          3          0          0          0          0          0          0          0
 37       1996          4          0          0          0          0          0          0          0
 38       1995          5          0          0          0          0          0          0          0
 39       1995          5          0          0          0          0          0          0          0
 40       1995          5          0          0          0          0          0          0          0
 41       1994          6          0          0          0          0          0          0          0
 42       1993          7          0          0          0          0          0          0          0
 43       1993          7          0          0          0          0          0          0          0
 44       1992          8          0          0          0          0          0          0          0
 45       1991          9          0          0          0          0          0          0          0
 46       1989         11          0          0          0          0          0          0          0
 47       1988         12          0          0          0          0          0          0          0
 48       1986         14          0          0          0          0          0          1          0
 49       1984         16          0          0          0          0          0          1          0
 50       1981         19          0          0          0          0          0          1          0
 51       1980         20          0          0          0          0          0          2          0
 52       1979         21          0          0          0          0          0          2          0
 53       1976         24          0          0          0          0          0          2          0
 54       1974         25          0          1          0          0          0          3          0
 55       1973         25          0          2          0          0          0          3          0
 56       1972         26          0          2          0          0          0          3          0
 57       1972         26          0          2          0          0          0          4          0
 58       1971         27          0          2          0          0          0          4          0
 59       1971         26          0          3          0          0          0          4          0
 60       1970         27          0          3          0          0          0          4          0
 61       1968         29          0          3          0          0          0          4          0
 62       1968         29          0          3          0          0          0          4          0
 63       1967         30          0          3          0          0          0          4          0
 64       1965         32          0          3          0          0          0          4          0
 65       1961         36          0          3          0          0          0          4          0
 66       1961         36          0          3          0          0          0          4          0
 67       1960         37          0          3          0          0          0          4          0
 68       1960         36          0          4          0          0          0          4          0
 69       1960         31          0          9          0          0          0          3          0
 70       1960         31          0          9          0          0          0          3          0
 71       1959         29          0         12          0          0          0          3          0
 72       1959         27          0         14          0          0          0          5          0
 73       1958         27          0         15          0          0          0          5          0
 74       1958         25          0         17          0          0          0          4          0
 75       1958         22          0         20          0          0          0          3          0
 76       1956         21          0         23          0          0          0          3          0
 77       1956         20          0         24          0          0          0          3          0
 78       1956         20          0         24          0          0          0          3          0
 79       1956         20          0         24          0          0          0          3          0
 80       1956         19          0         25          0          0          0          2          0
 81       1955         19          0         26          0          0          0          2          0
 82       1954         17          0         29          0          0          0          2          0
 83       1954         17          0         29          0          0          0          3          0
 84       1954         16          0         30          0          0          0          3          0
 85       1954         13          0         33          0          0          0          3          0
 86       1953         12          0         35          0          0          0          3          0
 87       1953         12          0         35          0          0          0          3          0
 88       1953         11          0         36          0          0          0          2          0
 89       1953         10          0         37          0          0          0          2          0
 90       1953          9          0         38          0          0          0          2          0
 91       1953          6          0         41          0          0          0          2          0
 92       1952          7          0         41          0          0          0          2          0
 93       1952          7          0         41          0          0          0          2          0
 94       1952          7          0         41          0          0          0          2          0
 95       1952          6          0         42          0          0          0          1          0
 96       1952          6          0         42          0          0          0          1          0
 97       1952          5          0         43          0          0          0          1          0
 98       1951          6          0         43          0          0          0          1          0
 99       1951          6          0         43          0          0          0          1          0
100       1951          5          0         44          0          0          0          1          0
101       1951          5          0         44          0          0          0          1          0
102       1951          5          0         44          0          0          0          1          0
103       1951          5          0         44          0          0          0          1          0
104       1951          4          0         45          0          0          0          1          0
105       1951          4          0         45          0          0          0          1          0
106       1951          4          0         45          0          0          0          1          0
107       1951          3          0         46          0          0          0          0          0
108       1951          3          0         46          0          0          0          0          0
109       1951          3          0         46          0          0          0          0          0
110       1951          3          0         46          0          0          0          0          0
111       1951          3          0         46          0          0          0          0          0
112       1951          2          0         47          0          0          0          0          0
113       1951          2          0         47          0          0          0          0          0
114       1951          2          0         47          0          0          0          0          0
115       1951          2          0         47          0          0          0          0          0
116       1951          2          0         47          0          0          0          0          0
117       1951          2          0         47          0          0          0          0          0
118       1951          2          0         47          0          0          0          0          0
119       1951          2          0         47          0          0          0          0          0
120       1951          2          0         47          0          0          0          0          0
121       1951          2          0         47          0          0          0          0          0
122       1951          1          0         48          0          0          0          0          0
123       1951          0          0         49          0          0          0          0          0
124       1951          0          0         49          0          0          0          0          0
125       1951          0          0         49          0          0          0          0          0
126       1951          0          0         49          0          0          0          0          0
127       1951          0          0         49          0          0          0          0          0
128       1951          0          0         49          0          0          0          0          0
129       1951          0          0         49          0          0          0          0          0
130       1951          0          0         49          0          0          0          0          0
131       1951          0          0         49          0          0          0          0          0
132       1951          0          0         49          0          0          0          0          0
133       1951          0          0         49          0          0          0          0          0
134       1951          0          0         49          0          0          0          0          0
135       1951          0          0         49          0          0          0          0          0
136       1951          0          0         49          0          0          0          0          0
137       1951          0          0         49          0          0          0          0          0
138       1951          0          0         49          0          0          0          0          0
139       1951          0          0         49          0          0          0          0          0
140       1951          0          0         49          0          0          0          0          0
141       1951          0          0         49          0          0          0          0          0
142       1951          0          0         49          0          0          0          0          0
143       1951          0          0         49          0          0          0          0          0
144       1951          0          0         49          0          0          0          0          0
145       1951          0          0         49          0          0          0          0          0
146       1951          0          0         49          0          0          0          0          0
147       1951          0          0         49          0          0          0          0          0
148       1951          0          0         49          0          0          0          0          0
149       1951          0          0         49          0          0          0          0          0
150       1951          0          0         49          0          0          0          0          0
--- ---------- ---------- ---------- ---------- ---------- ---------- ---------- ---------- ----------

Tipo 1
Día     Sanos  Infectados Importados    Curados Desinmuniz    Muertos Inf.Indire   Enfermos Hospitaliz
--- ---------- ---------- ---------- ---------- ---------- ---------- ---------- ---------- ----------
  1       7499          1          0          0          0          0          0          0          0
  2       7499          1          0          0          0          0          0          0          0
  3       7499          1          0          0          0          0          0          0          0
  4       7499          1          0          0          0          0          0          0          0
  5       7499          1          0          0          0          0          0          0          0
  6       7499          1          0          0          0          0          0          0          0
  7       7499          1          0          0          0          0          0          0          0
  8       7499          1          0          0          0          0          0          0          0
  9       7499          1          0          0          0          0          0          0          0
 10       7499          1          0          0          0          0          0          0          0
 11       7499          1          0          0          0          0          0          0          0
 12       7499          1          0          0          0          0          0          0          0
 13       7499          1          0          0          0          0          0          0          0
 14       7499          1          0          0          0          0          0          0          0
 15       7499          1          0          0          0          0          0          0          0
 16       7498          2          0          0          0          0          0          0          0
 17       7498          2          0          0          0          0          0          0          0
 18       7498          2          0          0          0          0          0          0          0
 19       7498          2          0          0          0          0          0          0          0
 20       7498          2          0          0          0          0          0          0          0
 21       7498          2          0          0          0          0          0          0          0
 22       7498          2          0          0          0          0          0          0          0
 23       7498          2          0          0          0          0          0          0          0
 24       7498          2          0          0          0          0          0          0          0
 25       7498          2          0          0          0          0          0          0          0
 26       7497          3          0          0          0          0          0          0          0
 27       7497          3          0          0          0          0          0          0          0
 28       7497          3          0          0          0          0          0          0          0
 29       7497          2          0          1          0          0          0          0          0
 30       7496          3          0          1          0          0          0          0          0
 31       7496          3          0          1          0          0          0          0          0
 32       7496          3          0          1          0          0          0          0          0
 33       7495          4          0          1          0          0          0          0          0
 34       7495          4          0          1          0          0          0          0          0
 35       7495          4          0          1          0          0          0          0          0
 36       7494          5          0          1          0          0          0          0          0
 37       7492          7          0          1          0          0          0          0          0
 38       7491          8          0          1          0          0          0          0          0
 39       7490          9          0          1          0          0          0          0          0
 40       7489         10          0          1          0          0          0          0          0
 41       7488         11          0          1          0          0          0          0          0
 42       7486         13          0          1          0          0          0          0          0
 43       7481         18          0          1          0          0          0          0          0
 44       7480         19          0          1          0          0          0          0          0
 45       7478         21          0          1          0          0          0          0          0
 46       7471         28          0          1          0          0          0          0          0
 47       7469         29          0          2          0          0          0          0          0
 48       7468         30          0          2          0          0          0          0          0
 49       7467         31          0          2          0          0          0          0          0
 50       7465         32          0          3          0          0          0          0          0
 51       7464         33          0          3          0          0          0          0          0
 52       7463         34          0          3          0          0          0          0          0
 53       7458         39          0          3          0          0          0          0          0
 54       7456         41          0          3          0          0          0          0          0
 55       7454         41          0          5          0          0          0          0          0
 56       7452         43          0          5          0          0          0          0          0
 57       7448         47          0          5          0          0          0          0          0
 58       7446         49          0          5          0          0          0          1          0
 59       7443         52          0          5          0          0          0          1          0
 60       7440         52          0          8          0          0          0          1          0
 61       7437         54          0          9          0          0          0          1          0
 62       7434         57          0          9          0          0          0          1          0
 63       7433         57          0         10          0          0          0          1          0
 64       7431         59          0         10          0          0          0          1          0
 65       7429         61          0         10          0          0          0          1          0
 66       7428         60          0         12          0          0          0          1          0
 67       7427         61          0         12          0          0          0          1          0
 68       7425         63          0         12          0          0          0          1          0
 69       7424         60          0         16          0          0          0          0          0
 70       7424         58          0         18          0          0          0          0          0
 71       7423         57          0         20          0          0          0          0          0
 72       7421         55          0         24          0          0          0          0          0
 73       7421         54          0         25          0          0          0          0          0
 74       7420         50          0         30          0          0          0          0          0
 75       7419         48          0         33          0          0          0          0          0
 76       7417         47          0         36          0          0          0          0          0
 77       7416         44          0         40          0          0          0          0          0
 78       7416         41          0         43          0          0          0          0          0
 79       7414         42          0         44          0          0          0          0          0
 80       7413         42          0         45          0          0          0          0          0
 81       7413         39          0         48          0          0          0          0          0
 82       7413         38          0         49          0          0          0          0          0
 83       7412         39          0         49          0          0          0          0          0
 84       7412         35          0         53          0          0          0          0          0
 85       7412         31          0         57          0          0          0          0          0
 86       7411         31          0         58          0          0          0          0          0
 87       7411         30          0         59          0          0          0          0          0
 88       7411         26          0         63          0          0          0          0          0
 89       7411         25          0         64          0          0          0          0          0
 90       7410         26          0         64          0          0          0          0          0
 91       7410         22          0         68          0          0          0          0          0
 92       7410         19          0         71          0          0          0          0          0
 93       7410         17          0         73          0          0          0          0          0
 94       7410         14          0         76          0          0          0          0          0
 95       7410         13          0         77          0          0          0          0          0
 96       7409         12          0         79          0          0          0          0          0
 97       7409         12          0         79          0          0          0          0          0
 98       7409         12          0         79          0          0          0          0          0
 99       7409         11          0         80          0          0          0          0          0
100       7409         11          0         80          0          0          0          0          0
101       7408         12          0         80          0          0          0          0          0
102       7408         11          0         81          0          0          0          0          0
103       7408          9          0         83          0          0          0          0          0
104       7407          9          0         84          0          0          0          0          0
105       7407          9          0         84          0          0          0          0          0
106       7407          9          0         84          0          0          0          0          0
107       7407          8          0         85          0          0          0          0          0
108       7407          7          0         86          0          0          0          0          0
109       7406          8          0         86          0          0          0          0          0
110       7406          8          0         86          0          0          0          0          0
111       7405          8          0         87          0          0          0          0          0
112       7405          7          0         88          0          0          0          0          0
113       7405          7          0         88          0          0          0          0          0
114       7405          6          0         89          0          0          0          0          0
115       7405          6          0         89          0          0          0          0          0
116       7405          6          0         89          0          0          0          0          0
117       7405          6          0         89          0          0          0          0          0
118       7405          6          0         89          0          0          0          0          0
119       7405          6          0         89          0          0          0          0          0
120       7404          7          0         89          0          0          0          0          0
121       7404          6          0         90          0          0          0          0          0
122       7404          5          0         91          0          0          0          0          0
123       7404          5          0         91          0          0          0          0          0
124       7404          5          0         91          0          0          0          0          0
125       7404          4          0         92          0          0          0          0          0
126       7403          4          0         93          0          0          0          0          0
127       7403          4          0         93          0          0          0          0          0
128       7403          3          0         94          0          0          0          0          0
129       7403          3          0         94          0          0          0          0          0
130       7403          3          0         94          0          0          0          0          0
131       7402          4          0         94          0          0          0          0          0
132       7402          4          0         94          0          0          0          0          0
133       7402          4          0         94          0          0          0          0          0
134       7402          4          0         94          0          0          0          0          0
135       7402          4          0         94          0          0          0          0          0
136       7401          4          0         95          0          0          0          0          0
137       7401          4          0         95          0          0          0          0          0
138       7401          4          0         95          0          0          0          0          0
139       7401          4          0         95          0          0          0          0          0
140       7401          4          0         95          0          0          0          0          0
141       7401          4          0         95          0          0          0          0          0
142       7401          3          0         96          0          0          0          0          0
143       7401          3          0         96          0          0          0          0          0
144       7401          3          0         96          0          0          0          0          0
145       7401          3          0         96          0          0          0          0          0
146       7401          2          0         97          0          0          0          0          0
147       7401          2          0         97          0          0          0          0          0
148       7401          2          0         97          0          0          0          0          0
149       7401          2          0         97          0          0          0          0          0
150       7401          2          0         97          0          0          0          0          0
--- ---------- ---------- ---------- ---------- ---------- ---------- ---------- ---------- ----------

Tipo 2
Día     Sanos  Infectados Importados    Curados Desinmuniz    Muertos Inf.Indire   Enfermos Hospitaliz
--- ---------- ---------- ---------- ---------- ---------- ---------- ---------- ---------- ----------
  1      30993          7          0          0          0          0          0          0          0
  2      30993          7          0          0          0          0          0          0          0
  3      30993          7          0          0          0          0          0          0          0
  4      30992          8          0          0          0          0          0          0          0
  5      30991          9          0          0          0          0          0          0          0
  6      30989         11          0          0          0          0          0          0          0
  7      30981         19          0          0          0          0          0          0          0
  8      30974         26          0          0          0          0          0          0          0
  9      30971         29          0          0          0          0          0          0          0
 10      30958         42          0          0          0          0          0          0          0
 11      30941         59          0          0          0          0          0          0          0
 12      30921         79          0          0          0          0          0          1          0
 13      30894        106          0          0          0          0          0          2          0
 14      30859        141          0          0          0          0          0          5          0
 15      30825        174          0          1          0          0          0          7          0
 16      30791        208          0          1          0          0          0          7          0
 17      30756        243          0          1          0          0          0         13          0
 18      30704        295          0          1          0          0          0         19          0
 19      30670        329          0          1          0          0          0         26          0
 20      30627        372          0          1          0          0          0         38          2
 21      30582        416          0          2          0          0          0         52          3
 22      30524        473          0          3          0          0          0         70          4
 23      30468        528          0          4          0          0          0         84          6
 24      30401        593          0          6          0          0          0         93          9
 25      30309        683          0          8          0          0          0        108         12
 26      30183        802          0         15          0          0          0        116         11
 27      30059        917          0         24          0          0          0        132         13
 28      29908       1062          0         30          0          0          0        147         17
 29      29734       1231          0         35          0          0          0        170         19
 30      29515       1444          0         41          0          0          0        181         19
 31      29276       1672          0         51          0          1          0        197         22
 32      29033       1910          0         56          0          1          0        232         25
 33      28717       2215          0         67          0          1          0        263         27
 34      28415       2503          0         81          0          1          0        294         31
 35      28072       2831          0         96          0          1          0        336         39
 36      27624       3262          0        113          0          1          0        389         47
 37      27152       3718          0        129          0          1          0        463         56
 38      26643       4208          0        148          0          1          0        543         62
 39      26068       4747          0        184          0          1          0        607         65
 40      25402       5378          0        218          0          2          0        721         77
 41      25036       5696          0        266          0          2          0        804         88
 42      24603       6086          0        309          0          2          0        904         96
 43      24142       6491          0        365          0          2          0       1035        110
 44      23649       6935          0        414          0          2          0       1184        131
 45      23177       7349          0        472          0          2          0       1344        149
 46      22722       7726          0        550          0          2          0       1504        165
 47      22320       8050          0        628          0          2          0       1719        191
 48      21893       8390          0        715          0          2          0       1825        198
 49      21533       8652          0        813          0          2          0       1940        209
 50      21215       8854          0        929          0          2          0       2063        220
 51      20903       9039          0       1056          0          2          0       2188        237
 52      20662       9148          0       1187          0          3          0       2305        246
 53      20415       9253          0       1329          0          3          0       2389        253
 54      20232       9245          0       1519          0          4          0       2464        258
 55      20039       9243          0       1714          0          4          0       2552        265
 56      19866       9192          0       1938          0          4          0       2587        273
 57      19722       9078          0       2196          0          4          0       2625        279
 58      19593       8965          0       2438          0          4          0       2628        281
 59      19468       8789          0       2739          0          4          0       2606        277
 60      19331       8607          0       3058          0          4          0       2578        268
 61      19228       8369          0       3399          0          4          0       2532        264
 62      19134       8101          0       3756          0          9          0       2459        255
 63      19031       7835          0       4125          0          9          0       2389        243
 64      18944       7541          0       4505          0         10          0       2326        235
 65      18860       7233          0       4897          0         10          0       2258        227
 66      18800       6884          0       5304          0         12          0       2182        213
 67      18749       6507          0       5729          0         15          0       2083        204
 68      18683       6144          0       6157          0         16          0       1969        191
 69      18640       5757          0       6585          0         18          0       1859        179
 70      18595       5341          0       7046          0         18          0       1724        171
 71      18552       4881          0       7547          0         20          0       1575        159
 72      18504       4559          0       7914          0         23          0       1462        147
 73      18455       4219          0       8303          0         23          0       1347        136
 74      18423       3878          0       8674          0         25          0       1233        123
 75      18390       3573          0       9012          0         25          0       1141        111
 76      18358       3252          0       9365          0         25          0       1041        105
 77      18333       2964          0       9675          0         28          0        958         96
 78      18303       2719          0       9950          0         28          0        874         85
 79      18281       2456          0      10233          0         30          0        789         77
 80      18262       2255          0      10452          0         31          0        730         73
 81      18248       2061          0      10660          0         31          0        670         70
 82      18226       1861          0      10880          0         33          0        603         66
 83      18217       1690          0      11060          0         33          0        553         61
 84      18198       1549          0      11220          0         33          0        505         57
 85      18186       1396          0      11384          0         34          0        451         51
 86      18173       1263          0      11530          0         34          0        414         48
 87      18163       1151          0      11652          0         34          0        377         44
 88      18159       1047          0      11760          0         34          0        336         43
 89      18146        957          0      11863          0         34          0        305         36
 90      18137        875          0      11954          0         34          0        272         34
 91      18128        809          0      12029          0         34          0        255         31
 92      18125        743          0      12097          0         35          0        234         28
 93      18119        679          0      12167          0         35          0        211         26
 94      18116        599          0      12250          0         35          0        187         22
 95      18111        547          0      12307          0         35          0        169         20
 96      18110        496          0      12359          0         35          0        160         20
 97      18106        448          0      12411          0         35          0        139         14
 98      18102        424          0      12439          0         35          0        133         13
 99      18099        387          0      12479          0         35          0        119         10
100      18097        349          0      12519          0         35          0        110          9
101      18094        329          0      12542          0         35          0        105          9
102      18092        303          0      12570          0         35          0         95          8
103      18091        267          0      12607          0         35          0         85          6
104      18091        240          0      12634          0         35          0         78          5
105      18091        216          0      12658          0         35          0         71          6
106      18089        192          0      12684          0         35          0         65          5
107      18089        174          0      12702          0         35          0         55          5
108      18086        163          0      12715          0         36          0         52          5
109      18084        146          0      12734          0         36          0         50          5
110      18084        129          0      12751          0         36          0         43          5
111      18082        116          0      12766          0         36          0         38          5
112      18082        105          0      12777          0         36          0         31          3
113      18081         90          0      12793          0         36          0         28          3
114      18081         86          0      12797          0         36          0         27          3
115      18080         73          0      12811          0         36          0         23          3
116      18080         70          0      12814          0         36          0         24          3
117      18079         62          0      12823          0         36          0         23          2
118      18078         57          0      12829          0         36          0         22          3
119      18078         51          0      12835          0         36          0         21          3
120      18078         46          0      12840          0         36          0         20          3
121      18078         38          0      12848          0         36          0         17          3
122      18078         31          0      12855          0         36          0         14          2
123      18078         30          0      12856          0         36          0         13          2
124      18078         26          0      12860          0         36          0         12          2
125      18077         25          0      12862          0         36          0         12          2
126      18077         21          0      12866          0         36          0          9          2
127      18077         21          0      12866          0         36          0          9          2
128      18077         19          0      12868          0         36          0          7          2
129      18077         17          0      12870          0         36          0          6          1
130      18077         16          0      12871          0         36          0          6          1
131      18077         14          0      12873          0         36          0          6          1
132      18077         14          0      12873          0         36          0          6          1
133      18077         12          0      12875          0         36          0          5          1
134      18077         11          0      12876          0         36          0          5          1
135      18077         11          0      12876          0         36          0          5          1
136      18077          9          0      12878          0         36          0          4          1
137      18077          9          0      12878          0         36          0          4          1
138      18077          7          0      12880          0         36          0          4          1
139      18077          7          0      12880          0         36          0          4          1
140      18077          5          0      12882          0         36          0          3          1
141      18077          3          0      12884          0         36          0          1          0
142      18077          3          0      12884          0         36          0          1          0
143      18077          3          0      12884          0         36          0          1          0
144      18077          2          0      12885          0         36          0          1          0
145      18077          2          0      12885          0         36          0          1          0
146      18077          2          0      12885          0         36          0          1          0
147      18077          2          0      12885          0         36          0          1          0
148      18077          1          0      12886          0         36          0          0          0
149      18077          1          0      12886          0         36          0          0          0
150      18077          1          0      12886          0         36          0          0          0
--- ---------- ---------- ---------- ---------- ---------- ---------- ---------- ---------- ----------

Tipo 3
Día     Sanos  Infectados Importados    Curados Desinmuniz    Muertos Inf.Indire   Enfermos Hospitaliz
--- ---------- ---------- ---------- ---------- ---------- ---------- ---------- ---------- ----------
  1       2498          2          0          0          0          0          0          0          0
  2       2498          2          0          0          0          0          0          0          0
  3       2498          2          0          0          0          0          0          0          0
  4       2497          3          0          0          0          0          0          0          0
  5       2497          3          0          0          0          0          0          0          0
  6       2497          3          0          0          0          0          0          0          0
  7       2494          6          0          0          0          0          0          0          0
  8       2486         14          0          0          0          0          0          2          0
  9       2479         21          0          0          0          0          0          2          0
 10       2466         34          0          0          0          0          0          2          0
 11       2444         56          0          0          0          0          0          3          0
 12       2433         67          0          0          0          0          0          3          0
 13       2423         77          0          0          0          0          0          3          0
 14       2420         80          0          0          0          0          0          6          1
 15       2419         81          0          0          0          0          0         14          1
 16       2415         85          0          0          0          0          0         21          1
 17       2407         93          0          0          0          0          0         34          1
 18       2397        102          0          1          0          0          0         55          5
 19       2386        113          0          1          0          0          0         66          6
 20       2363        136          0          1          0          0          0         76          6
 21       2333        165          0          2          0          0          0         78          7
 22       2304        193          0          2          0          1          0         79          7
 23       2268        228          0          3          0          1          0         82          8
 24       2209        283          0          7          0          1          0         87          9
 25       2159        331          0          9          0          1          0         95          8
 26       2089        400          0         10          0          1          0        104         10
 27       2033        455          0         11          0          1          0        126         11
 28       1970        516          0         13          0          1          0        153         12
 29       1908        573          0         17          0          2          0        177         13
 30       1867        612          0         19          0          2          0        211         15
 31       1834        642          0         22          0          2          0        267         20
 32       1812        657          0         29          0          2          0        311         27
 33       1782        682          0         34          0          2          0        375         34
 34       1737        720          0         41          0          2          0        424         38
 35       1685        768          0         45          0          2          0        483         49
 36       1625        822          0         51          0          2          0        539         57
 37       1580        861          0         57          0          2          0        574         60
 38       1557        876          0         65          0          2          0        599         64
 39       1526        895          0         77          0          2          0        609         65
 40       1491        910          0         95          0          4          0        619         67
 41       1457        923          0        116          0          4          0        644         69
 42       1429        933          0        134          0          4          0        678         78
 43       1395        947          0        152          0          6          0        717         80
 44       1342        978          0        173          0          7          0        740         80
 45       1313        994          0        186          0          7          0        750         78
 46       1280       1008          0        205          0          7          0        762         82
 47       1239       1020          0        232          0          9          0        768         84
 48       1204       1031          0        256          0          9          0        778         85
 49       1166       1040          0        282          0         12          0        777         82
 50       1128       1046          0        314          0         12          0        779         80
 51       1095       1029          0        361          0         15          0        782         77
 52       1060       1034          0        389          0         17          0        781         75
 53       1026       1028          0        428          0         18          0        774         74
 54        993       1015          0        472          0         20          0        769         77
 55        961       1006          0        512          0         21          0        763         75
 56        918        996          0        561          0         25          0        748         73
 57        888        964          0        617          0         31          0        724         71
 58        853        944          0        668          0         35          0        702         69
 59        834        911          0        717          0         38          0        685         60
 60        812        893          0        756          0         39          0        679         60
 61        797        871          0        792          0         40          0        675         62
 62        771        862          0        824          0         43          0        672         59
 63        749        849          0        859          0         43          0        681         60
 64        727        832          0        893          0         48          0        672         59
 65        709        819          0        921          0         51          0        675         61
 66        699        783          0        965          0         53          0        648         56
 67        691        753          0       1002          0         54          0        632         57
 68        684        726          0       1033          0         57          0        613         57
 69        676        711          0       1055          0         58          0        616         57
 70        663        685          0       1090          0         62          0        599         53
 71        657        658          0       1123          0         62          0        588         54
 72        654        622          0       1162          0         62          0        567         52
 73        649        591          0       1197          0         63          0        541         53
 74        639        573          0       1224          0         64          0        521         49
 75        631        527          0       1274          0         68          0        474         46
 76        628        504          0       1299          0         69          0        456         45
 77        625        474          0       1330          0         71          0        436         42
 78        622        443          0       1364          0         71          0        408         39
 79        619        398          0       1410          0         73          0        363         31
 80        616        362          0       1447          0         75          0        329         29
 81        616        334          0       1472          0         78          0        311         28
 82        614        313          0       1494          0         79          0        296         27
 83        611        288          0       1521          0         80          0        271         27
 84        609        263          0       1547          0         81          0        247         25
 85        608        240          0       1570          0         82          0        226         23
 86        607        216          0       1591          0         86          0        204         22
 87        605        183          0       1625          0         87          0        172         18
 88        605        168          0       1640          0         87          0        157         18
 89        605        151          0       1657          0         87          0        142         17
 90        605        141          0       1667          0         87          0        135         15
 91        605        127          0       1681          0         87          0        123         13
 92        601        119          0       1693          0         87          0        112         12
 93        600        103          0       1707          0         90          0         96          9
 94        598         94          0       1717          0         91          0         87          9
 95        598         85          0       1726          0         91          0         78          8
 96        597         72          0       1740          0         91          0         64          6
 97        596         68          0       1745          0         91          0         59          6
 98        596         59          0       1754          0         91          0         50          6
 99        596         57          0       1756          0         91          0         52          6
100        595         49          0       1765          0         91          0         44          4
101        595         44          0       1769          0         92          0         41          3
102        595         36          0       1776          0         93          0         33          2
103        595         32          0       1780          0         93          0         30          1
104        595         32          0       1780          0         93          0         31          1
105        595         27          0       1785          0         93          0         26          1
106        595         22          0       1790          0         93          0         21          1
107        595         20          0       1792          0         93          0         20          1
108        595         18          0       1794          0         93          0         18          0
109        595         18          0       1794          0         93          0         18          0
110        595         18          0       1794          0         93          0         18          0
111        595         15          0       1797          0         93          0         15          0
112        595         15          0       1797          0         93          0         15          0
113        595         13          0       1799          0         93          0         13          0
114        595         13          0       1799          0         93          0         13          0
115        595          9          0       1803          0         93          0          9          0
116        595          8          0       1804          0         93          0          8          0
117        595          8          0       1804          0         93          0          8          0
118        595          7          0       1804          0         94          0          7          0
119        595          7          0       1804          0         94          0          7          0
120        595          7          0       1804          0         94          0          7          0
121        595          6          0       1805          0         94          0          6          0
122        595          5          0       1806          0         94          0          5          0
123        595          2          0       1809          0         94          0          2          0
124        595          2          0       1809          0         94          0          2          0
125        595          1          0       1810          0         94          0          1          0
126        595          1          0       1810          0         94          0          1          0
127        595          1          0       1810          0         94          0          1          0
128        595          1          0       1810          0         94          0          1          0
129        595          1          0       1810          0         94          0          1          0
130        595          1          0       1810          0         94          0          1          0
131        595          0          0       1811          0         94          0          0          0
132        595          0          0       1811          0         94          0          0          0
133        595          0          0       1811          0         94          0          0          0
134        595          0          0       1811          0         94          0          0          0
135        595          0          0       1811          0         94          0          0          0
136        595          0          0       1811          0         94          0          0          0
137        595          0          0       1811          0         94          0          0          0
138        595          0          0       1811          0         94          0          0          0
139        595          0          0       1811          0         94          0          0          0
140        595          0          0       1811          0         94          0          0          0
141        595          0          0       1811          0         94          0          0          0
142        595          0          0       1811          0         94          0          0          0
143        595          0          0       1811          0         94          0          0          0
144        595          0          0       1811          0         94          0          0          0
145        595          0          0       1811          0         94          0          0          0
146        595          0          0       1811          0         94          0          0          0
147        595          0          0       1811          0         94          0          0          0
148        595          0          0       1811          0         94          0          0          0
149        595          0          0       1811          0         94          0          0          0
150        595          0          0       1811          0         94          0          0          0
--- ---------- ---------- ---------- ---------- ---------- ---------- ---------- ---------- ----------

Tipo 4
Día     Sanos  Infectados Importados    Curados Desinmuniz    Muertos Inf.Indire   Enfermos Hospitaliz
--- ---------- ---------- ---------- ---------- ---------- ---------- ---------- ---------- ----------
  1       7000          0          0          0          0          0          0          0          0
  2       7000          0          0          0          0          0          0          0          0
  3       7000          0          0          0          0          0          0          0          0
  4       7000          0          0          0          0          0          0          0          0
  5       7000          0          0          0          0          0          0          0          0
  6       6999          1          0          0          0          0          0          0          0
  7       6999          1          0          0          0          0          0          0          0
  8       6999          1          0          0          0          0          0          0          0
  9       6999          1          0          0          0          0          0          0          0
 10       6997          3          0          0          0          0          0          0          0
 11       6997          3          0          0          0          0          0          0          0
 12       6995          5          0          0          0          0          0          0          0
 13       6992          8          0          0          0          0          0          1          0
 14       6991          9          0          0          0          0          0          1          0
 15       6989         11          0          0          0          0          0          1          0
 16       6981         19          0          0          0          0          0          1          0
 17       6973         27          0          0          0          0          0          3          0
 18       6963         37          0          0          0          0          0          3          0
 19       6953         47          0          0          0          0          0          5          0
 20       6944         56          0          0          0          0          0          8          0
 21       6933         67          0          0          0          0          0          9          0
 22       6920         80          0          0          0          0          0         11          0
 23       6905         95          0          0          0          0          0         19          1
 24       6894        106          0          0          0          0          0         27          1
 25       6867        133          0          0          0          0          0         37          1
 26       6848        152          0          0          0          0          0         47          3
 27       6829        171          0          0          0          0          0         56          4
 28       6806        193          0          1          0          0          0         66          6
 29       6763        235          0          2          0          0          0         78          7
 30       6724        273          0          2          0          1          0         92          7
 31       6675        319          0          5          0          1          0        101          7
 32       6612        382          0          5          0          1          0        127          7
 33       6554        438          0          6          0          2          0        144          7
 34       6485        505          0          8          0          2          0        161          9
 35       6399        588          0         11          0          2          0        181         13
 36       6332        654          0         12          0          2          0        223         15
 37       6238        745          0         14          0          3          0        259         15
 38       6152        827          0         17          0          4          0        304         20
 39       6043        934          0         19          0          4          0        365         25
 40       5938       1030          0         25          0          7          0        414         32
 41       5854       1103          0         35          0          8          0        473         35
 42       5774       1172          0         43          0         11          0        548         44
 43       5680       1260          0         48          0         12          0        609         51
 44       5576       1353          0         57          0         14          0        693         57
 45       5487       1436          0         63          0         14          0        773         69
 46       5391       1523          0         71          0         15          0        873         84
 47       5306       1591          0         84          0         19          0        959         94
 48       5203       1670          0        102          0         25          0       1019         97
 49       5107       1739          0        120          0         34          0       1072        104
 50       5003       1826          0        134          0         37          0       1149        107
 51       4907       1897          0        154          0         42          0       1229        117
 52       4803       1979          0        174          0         44          0       1295        123
 53       4694       2056          0        197          0         53          0       1359        129
 54       4610       2117          0        217          0         56          0       1421        135
 55       4521       2165          0        246          0         68          0       1483        139
 56       4451       2181          0        292          0         76          0       1525        148
 57       4349       2225          0        341          0         85          0       1571        152
 58       4267       2257          0        378          0         98          0       1617        159
 59       4188       2284          0        424          0        104          0       1669        175
 60       4105       2292          0        485          0        118          0       1703        184
 61       4025       2319          0        529          0        127          0       1734        187
 62       3951       2312          0        595          0        142          0       1742        187
 63       3899       2282          0        658          0        161          0       1730        188
 64       3832       2274          0        721          0        173          0       1757        194
 65       3783       2224          0        792          0        201          0       1742        186
 66       3752       2165          0        862          0        221          0       1730        190
 67       3723       2109          0        925          0        243          0       1727        187
 68       3687       2061          0        990          0        262          0       1723        181
 69       3669       1998          0       1060          0        273          0       1717        185
 70       3643       1930          0       1142          0        285          0       1674        179
 71       3623       1849          0       1228          0        300          0       1640        177
 72       3603       1767          0       1313          0        317          0       1587        175
 73       3592       1684          0       1388          0        336          0       1524        163
 74       3579       1608          0       1455          0        358          0       1464        154
 75       3563       1535          0       1530          0        372          0       1411        147
 76       3552       1452          0       1602          0        394          0       1335        140
 77       3535       1378          0       1674          0        413          0       1270        131
 78       3523       1292          0       1755          0        430          0       1192        125
 79       3513       1199          0       1840          0        448          0       1109        115
 80       3509       1112          0       1908          0        471          0       1029        105
 81       3504       1024          0       1980          0        492          0        949         95
 82       3495        960          0       2041          0        504          0        892         87
 83       3486        896          0       2098          0        520          0        830         77
 84       3480        831          0       2157          0        532          0        776         71
 85       3473        762          0       2223          0        542          0        712         66
 86       3465        692          0       2287          0        556          0        644         60
 87       3463        635          0       2336          0        566          0        589         54
 88       3457        552          0       2409          0        582          0        505         44
 89       3456        497          0       2456          0        591          0        458         40
 90       3454        457          0       2490          0        599          0        425         37
 91       3453        415          0       2528          0        604          0        388         34
 92       3451        371          0       2562          0        616          0        349         31
 93       3447        331          0       2600          0        622          0        313         28
 94       3446        299          0       2627          0        628          0        282         25
 95       3446        257          0       2663          0        634          0        246         23
 96       3446        224          0       2690          0        640          0        214         18
 97       3445        197          0       2714          0        644          0        188         16
 98       3445        179          0       2728          0        648          0        171         15
 99       3443        164          0       2742          0        651          0        156         14
100       3442        153          0       2752          0        653          0        148         12
101       3439        141          0       2763          0        657          0        134         11
102       3439        130          0       2772          0        659          0        123         10
103       3438        113          0       2789          0        660          0        105          8
104       3438        104          0       2796          0        662          0         97          9
105       3436         97          0       2802          0        665          0         88          8
106       3433         89          0       2813          0        665          0         79          7
107       3433         79          0       2822          0        666          0         70          7
108       3433         68          0       2831          0        668          0         62          6
109       3431         63          0       2837          0        669          0         55          5
110       3430         54          0       2843          0        673          0         46          3
111       3430         49          0       2847          0        674          0         41          3
112       3430         45          0       2849          0        676          0         39          4
113       3430         40          0       2854          0        676          0         37          6
114       3430         34          0       2858          0        678          0         31          6
115       3430         28          0       2862          0        680          0         25          5
116       3430         26          0       2863          0        681          0         25          5
117       3429         24          0       2865          0        682          0         23          5
118       3428         22          0       2868          0        682          0         20          4
119       3428         20          0       2869          0        683          0         18          4
120       3428         20          0       2869          0        683          0         18          4
121       3427         19          0       2871          0        683          0         16          3
122       3426         19          0       2872          0        683          0         15          3
123       3426         17          0       2874          0        683          0         13          3
124       3426         16          0       2875          0        683          0         13          3
125       3426         15          0       2875          0        684          0         13          3
126       3426         15          0       2875          0        684          0         13          3
127       3426         15          0       2875          0        684          0         13          3
128       3426         14          0       2876          0        684          0         13          2
129       3426         14          0       2876          0        684          0         14          2
130       3426         11          0       2877          0        686          0         11          2
131       3426          9          0       2878          0        687          0          9          0
132       3426          7          0       2880          0        687          0          7          0
133       3425          8          0       2880          0        687          0          7          0
134       3425          7          0       2880          0        688          0          6          0
135       3425          7          0       2880          0        688          0          6          0
136       3425          6          0       2881          0        688          0          5          0
137       3425          6          0       2881          0        688          0          5          0
138       3425          6          0       2881          0        688          0          5          0
139       3425          5          0       2882          0        688          0          4          0
140       3425          5          0       2882          0        688          0          5          0
141       3425          4          0       2883          0        688          0          4          0
142       3425          3          0       2884          0        688          0          3          0
143       3425          3          0       2884          0        688          0          3          0
144       3425          3          0       2884          0        688          0          3          0
145       3425          3          0       2884          0        688          0          3          0
146       3425          3          0       2884          0        688          0          3          0
147       3425          3          0       2884          0        688          0          3          0
148       3425          2          0       2885          0        688          0          2          0
149       3425          1          0       2886          0        688          0          1          0
150       3425          1          0       2886          0        688          0          1          0
--- ---------- ---------- ---------- ---------- ---------- ---------- ---------- ---------- ----------

