15/04/2020 21:26:41

Cambio de condiciones el día 0
Fichero de grupos            C:\Contagio\Casos\grupos_gi.ggg
Número de clusters           50
Próximo cambio en            40 días

                        - Edad-      %     % Factor B    Días         %      Num.Pasos      %                          %      Individuos 
Grupo            Género Min Max   Gravedad   Contagio  Duración    Curación   Min   Max Individuos   Individuos     clusters    cluster  
---------------- ------ --- --- ---------- ---------- ---------- ---------- ----- ----- ---------- ------------ ------------ ------------
nene                  0   0   4     100,00       2,00      30,00     100,00    70    90       4,00            0          4,0           40
menor                 1   5  19     100,00       4,00      30,00     100,00    80   120      15,00            0         15,0           60
adulto                2  20  64     100,00      30,00      30,00      98,00    80   120      62,00            0         62,0          100
jubilado              3  65  69     100,00    4500,00      30,00      85,00    80   120       5,00            0          5,0           50
mayor                 4  70 150     100,00    2000,00      30,00      70,00    20    30      14,00            0         14,0           40
---------------- ------ --- --- ---------- ---------- ---------- ---------- ----- ----- ---------- ------------ ------------ ------------

Situación inicial

Cluster GID Grupo                Individuos     Sanos  Infectados    Curados Desinmuniz    Muertos
------- --- -------------------- ---------- ---------- ---------- ---------- ---------- ----------
      1   0 nene                         40         40          0          0          0          0
      2   0 nene                         40         40          0          0          0          0
      3   1 menor                        60         60          0          0          0          0
      4   1 menor                        60         60          0          0          0          0
      5   1 menor                        60         60          0          0          0          0
      6   1 menor                        60         60          0          0          0          0
      7   1 menor                        60         60          0          0          0          0
      8   1 menor                        60         60          0          0          0          0
      9   1 menor                        60         60          0          0          0          0
     10   2 adulto                      100        100          0          0          0          0
     11   2 adulto                      100        100          0          0          0          0
     12   2 adulto                      100        100          0          0          0          0
     13   2 adulto                      100        100          0          0          0          0
     14   2 adulto                      100        100          0          0          0          0
     15   2 adulto                      100        100          0          0          0          0
     16   2 adulto                      100         99          1          0          0          0
     17   2 adulto                      100        100          0          0          0          0
     18   2 adulto                      100         99          1          0          0          0
     19   2 adulto                      100        100          0          0          0          0
     20   2 adulto                      100        100          0          0          0          0
     21   2 adulto                      100        100          0          0          0          0
     22   2 adulto                      100        100          0          0          0          0
     23   2 adulto                      100        100          0          0          0          0
     24   2 adulto                      100        100          0          0          0          0
     25   2 adulto                      100        100          0          0          0          0
     26   2 adulto                      100        100          0          0          0          0
     27   2 adulto                      100        100          0          0          0          0
     28   2 adulto                      100        100          0          0          0          0
     29   2 adulto                      100        100          0          0          0          0
     30   2 adulto                      100        100          0          0          0          0
     31   2 adulto                      100        100          0          0          0          0
     32   2 adulto                      100        100          0          0          0          0
     33   2 adulto                      100        100          0          0          0          0
     34   2 adulto                      100        100          0          0          0          0
     35   2 adulto                      100        100          0          0          0          0
     36   2 adulto                      100        100          0          0          0          0
     37   2 adulto                      100        100          0          0          0          0
     38   2 adulto                      100        100          0          0          0          0
     39   2 adulto                      100        100          0          0          0          0
     40   2 adulto                      100         99          1          0          0          0
     41   3 jubilado                     50         50          0          0          0          0
     42   3 jubilado                     50         50          0          0          0          0
     43   4 mayor                        40         40          0          0          0          0
     44   4 mayor                        40         40          0          0          0          0
     45   4 mayor                        40         40          0          0          0          0
     46   4 mayor                        40         40          0          0          0          0
     47   4 mayor                        40         40          0          0          0          0
     48   4 mayor                        40         40          0          0          0          0
     49   4 mayor                        40         40          0          0          0          0
------- --- -------------------- ---------- ---------- ---------- ---------- ---------- ----------
                                       3980       3977          3          0          0          0

15/04/2020 22:17:25

Cambio de condiciones el día 40
Fichero de grupos            C:\Contagio\Casos\grupos_gi_m1.ggg
Número de clusters           20
Próximo cambio en            25 días

                        - Edad-      %     % Factor B    Días         %      Num.Pasos      %                          %      Individuos 
Grupo            Género Min Max   Gravedad   Contagio  Duración    Curación   Min   Max Individuos   Individuos     clusters    cluster  
---------------- ------ --- --- ---------- ---------- ---------- ---------- ----- ----- ---------- ------------ ------------ ------------
nene                  0   0   4     100,00       2,00      30,00     100,00    50    70       4,00          800          4,0           40
menor                 1   5  19     100,00       4,00      30,00     100,00    60    90      15,00        3.000         15,0           60
adulto                2  20  64     100,00      30,00      30,00      98,00    60    90      62,00       12.400         62,0          100
jubilado              3  65  69     100,00    4500,00      30,00      85,00    60    90       5,00        1.000          5,0           50
mayor                 4  70 150     100,00    2000,00      30,00      70,00    15    22      14,00        2.800         14,0           40
---------------- ------ --- --- ---------- ---------- ---------- ---------- ----- ----- ---------- ------------ ------------ ------------

                                                       -------------- Dentro y fuera ------------- -------- Dentro -----      %
Cluster GID Grupo                Individuos      Sanos Infectados    Curados Desinmuniz    Muertos   Intentos Infectados   Aciertos
------- --- -------------------- ---------- ---------- ---------- ---------- ---------- ---------- ---------- ---------- ----------
      1   1 menor                        60         60          0          0          0          0         78          0       0,00
      2   1 menor                        60         60          0          0          0          0          0          0       0,00
      3   1 menor                        60         60          0          0          0          0          0          0       0,00
      4   2 adulto                      100          0         98          2          0          0          0          0       0,00
      5   2 adulto                      100         40         60          0          0          0          0          0       0,00
      6   2 adulto                      100         10         89          1          0          0          0          0       0,00
      7   2 adulto                      100          0        100          0          0          0          0          0       0,00
      8   2 adulto                      100          0        100          0          0          0      11332          7       0,06
      9   2 adulto                      100          0         90         10          0          0          0          0       0,00
     10   2 adulto                      100          0         45         54          0          1      13728         95       0,69
     11   2 adulto                      100          0         97          3          0          0       7052         56       0,79
     12   2 adulto                      100          0         27         71          0          2      11628         85       0,73
     13   2 adulto                      100          0         99          1          0          0      10466         96       0,92
     14   2 adulto                      100          0        100          0          0          0      11020         97       0,88
     15   2 adulto                      100         73         27          0          0          0       9900         98       0,99
     16   3 jubilado                     50          0         25         18          0          7      14165         99       0,70
     17   4 mayor                        40          0         37          2          0          1      11139         97       0,87
     18   4 mayor                        40          0         31          6          0          3       9547         99       1,04
------- --- -------------------- ---------- ---------- ---------- ---------- ---------- ---------- ---------- ---------- ----------
                                       1510        303       1025        168          0         14     110055        829       0,75

15/04/2020 22:37:15

Cambio de condiciones el día 65
Fichero de grupos            C:\Contagio\Casos\grupos_gi_m2.ggg
Número de clusters           10
No hay próximos cambios

                        - Edad-      %     % Factor B    Días         %      Num.Pasos      %                          %      Individuos 
Grupo            Género Min Max   Gravedad   Contagio  Duración    Curación   Min   Max Individuos   Individuos     clusters    cluster  
---------------- ------ --- --- ---------- ---------- ---------- ---------- ----- ----- ---------- ------------ ------------ ------------
nene                  0   0   4     100,00       2,00      30,00     100,00    70    90       4,00          800          4,0           40
menor                 1   5  19     100,00       4,00      30,00     100,00    80   120      15,00        3.000         15,0           60
adulto                2  20  64     100,00      30,00      30,00      98,00    80   120      62,00       12.400         62,0          100
jubilado              3  65  69     100,00    4500,00      30,00      85,00    80   120       5,00        1.000          5,0           50
mayor                 4  70 150     100,00    2000,00      30,00      70,00    20    30      14,00        2.800         14,0           40
---------------- ------ --- --- ---------- ---------- ---------- ---------- ----- ----- ---------- ------------ ------------ ------------

                                                       -------------- Dentro y fuera ------------- -------- Dentro -----      %
Cluster GID Grupo                Individuos      Sanos Infectados    Curados Desinmuniz    Muertos   Intentos Infectados   Aciertos
------- --- -------------------- ---------- ---------- ---------- ---------- ---------- ---------- ---------- ---------- ----------
      1   1 menor                        60         59          1          0          0          0       2438          0       0,00
      2   2 adulto                      100          0          3         97          0          0       4004          1       0,02
      3   2 adulto                      100          0         61         39          0          0          0          0       0,00
      4   2 adulto                      100          0         43         56          0          1          0          0       0,00
      5   2 adulto                      100          0         20         80          0          0       4765         40       0,84
      6   2 adulto                      100          0          7         89          0          4       1409         10       0,71
      7   2 adulto                      100          0          0         98          0          2          0          0       0,00
      8   4 mayor                        40          0          0         25          0         15      11332          7       0,06
------- --- -------------------- ---------- ---------- ---------- ---------- ---------- ---------- ---------- ---------- ----------
                                        700         59        135        484          0         22      23948         58       0,24

Situación final

                                                       -------------- Dentro y fuera ------------- -------- Dentro -----      %
Cluster GID Grupo                Individuos      Sanos Infectados    Curados Desinmuniz    Muertos   Intentos Infectados   Aciertos
------- --- -------------------- ---------- ---------- ---------- ---------- ---------- ---------- ---------- ---------- ----------
      1   1 menor                        60         55          0          5          0          0      12600          4       0,03
      2   2 adulto                      100          0          0        100          0          0       4004          1       0,02
      3   2 adulto                      100          0          0         99          0          1          0          0       0,00
      4   2 adulto                      100          0          0         99          0          1          0          0       0,00
      5   2 adulto                      100          0          0        100          0          0       4765         40       0,84
      6   2 adulto                      100          0          0         96          0          4       1409         10       0,71
      7   2 adulto                      100          0          0         98          0          2          0          0       0,00
      8   4 mayor                        40          0          0         25          0         15      11332          7       0,06
------- --- -------------------- ---------- ---------- ---------- ---------- ---------- ---------- ---------- ---------- ----------
                                        700         55          0        622          0         23      34110         62       0,18

Grupo   0 nene
      0      1      2      3      4      5      6      7      8      9     10     11     12     13     14     15     16     17     18     19     20     21     22     23     24     25     26     27     28     29
 ------ ------ ------ ------ ------ ------ ------ ------ ------ ------ ------ ------ ------ ------ ------ ------ ------ ------ ------ ------ ------ ------ ------ ------ ------ ------ ------ ------ ------ ------
 0,0000 0,0000 0,0000 0,0001 0,0003 0,0006 0,0010 0,0016 0,0024 0,0034 0,0046 0,0062 0,0080 0,0102 0,0127 0,0156 0,0189 0,0227 0,0270 0,0317 0,0370 0,0428 0,0492 0,0563 0,0639 0,0723 0,0813 0,0910 0,1015 0,1128
Número infectados                                 11
Número intentos fin infección                    261
Número finales de infección                       11       4,21
Número finales curacion                           11     100,00
Número finales muerte                              0       0,00
Total infecciones                                  3
Total infecciones por curados                      3
Total infecciones por muertos                      0
Total infectadores curados                        11
Total infectadores muertos                         0
Total pasos                                9.568.025
Total recorridos                             125.361
Total distancia recorrida                  5.853.450
Contactos de riesgo                           17.480
Máximo de contagios por 1 individuo                1
Mínimo de contagios por 1 individuo                0
Falso (R0) curados                            0,2727
Falso (R0) muertos                            0,0000

Grupo   1 menor
      0      1      2      3      4      5      6      7      8      9     10     11     12     13     14     15     16     17     18     19     20     21     22     23     24     25     26     27     28     29
 ------ ------ ------ ------ ------ ------ ------ ------ ------ ------ ------ ------ ------ ------ ------ ------ ------ ------ ------ ------ ------ ------ ------ ------ ------ ------ ------ ------ ------ ------
 0,0000 0,0000 0,0000 0,0001 0,0003 0,0006 0,0010 0,0016 0,0024 0,0034 0,0046 0,0062 0,0080 0,0102 0,0127 0,0156 0,0189 0,0227 0,0270 0,0317 0,0370 0,0428 0,0492 0,0563 0,0639 0,0723 0,0813 0,0910 0,1015 0,1128
Número infectados                                 79
Número intentos fin infección                  2.106
Número finales de infección                       79       3,75
Número finales curacion                           79     100,00
Número finales muerte                              0       0,00
Total infecciones                                 47
Total infecciones por curados                     47
Total infecciones por muertos                      0
Total infectadores curados                        79
Total infectadores muertos                         0
Total pasos                               44.599.403
Total recorridos                             466.988
Total distancia recorrida                 27.291.358
Contactos de riesgo                           61.814
Máximo de contagios por 1 individuo                3
Mínimo de contagios por 1 individuo                0
Falso (R0) curados                            0,5949
Falso (R0) muertos                            0,0000

Grupo   2 adulto
      0      1      2      3      4      5      6      7      8      9     10     11     12     13     14     15     16     17     18     19     20     21     22     23     24     25     26     27     28     29
 ------ ------ ------ ------ ------ ------ ------ ------ ------ ------ ------ ------ ------ ------ ------ ------ ------ ------ ------ ------ ------ ------ ------ ------ ------ ------ ------ ------ ------ ------
 0,0000 0,0000 0,0000 0,0001 0,0003 0,0006 0,0010 0,0016 0,0024 0,0034 0,0046 0,0062 0,0080 0,0102 0,0127 0,0156 0,0189 0,0227 0,0270 0,0317 0,0370 0,0428 0,0492 0,0563 0,0639 0,0723 0,0813 0,0910 0,1015 0,1128
Número infectados                              4.013
Número intentos fin infección                107.005
Número finales de infección                    4.013       3,75
Número finales curacion                        3.928      97,88
Número finales muerte                             85       2,12
Total infecciones                              5.363
Total infecciones por curados                  5.231
Total infecciones por muertos                    132
Total infectadores curados                     3.928
Total infectadores muertos                        85
Total pasos                              148.300.125
Total recorridos                           1.559.396
Total distancia recorrida                 90.765.248
Contactos de riesgo                          163.224
Máximo de contagios por 1 individuo               16
Mínimo de contagios por 1 individuo                0
Falso (R0) curados                            1,3317
Falso (R0) muertos                            1,5529

Grupo   3 jubilado
      0      1      2      3      4      5      6      7      8      9     10     11     12     13     14     15     16     17     18     19     20     21     22     23     24     25     26     27     28     29
 ------ ------ ------ ------ ------ ------ ------ ------ ------ ------ ------ ------ ------ ------ ------ ------ ------ ------ ------ ------ ------ ------ ------ ------ ------ ------ ------ ------ ------ ------
 0,0000 0,0000 0,0000 0,0001 0,0003 0,0006 0,0010 0,0016 0,0024 0,0034 0,0046 0,0062 0,0080 0,0102 0,0127 0,0156 0,0189 0,0227 0,0270 0,0317 0,0370 0,0428 0,0492 0,0563 0,0639 0,0723 0,0813 0,0910 0,1015 0,1128
Número infectados                                914
Número intentos fin infección                 24.683
Número finales de infección                      914       3,70
Número finales curacion                          773      84,57
Número finales muerte                            141      15,43
Total infecciones                                706
Total infecciones por curados                    553
Total infecciones por muertos                    153
Total infectadores curados                       773
Total infectadores muertos                       141
Total pasos                                6.387.844
Total recorridos                              68.499
Total distancia recorrida                  3.916.922
Contactos de riesgo                            1.377
Máximo de contagios por 1 individuo               53
Mínimo de contagios por 1 individuo                0
Falso (R0) curados                            0,7154
Falso (R0) muertos                            1,0851

Grupo   4 mayor
      0      1      2      3      4      5      6      7      8      9     10     11     12     13     14     15     16     17     18     19     20     21     22     23     24     25     26     27     28     29
 ------ ------ ------ ------ ------ ------ ------ ------ ------ ------ ------ ------ ------ ------ ------ ------ ------ ------ ------ ------ ------ ------ ------ ------ ------ ------ ------ ------ ------ ------
 0,0000 0,0000 0,0000 0,0001 0,0003 0,0006 0,0010 0,0016 0,0024 0,0034 0,0046 0,0062 0,0080 0,0102 0,0127 0,0156 0,0189 0,0227 0,0270 0,0317 0,0370 0,0428 0,0492 0,0563 0,0639 0,0723 0,0813 0,0910 0,1015 0,1128
Número infectados                              1.948
Número intentos fin infección                 52.246
Número finales de infección                    1.948       3,73
Número finales curacion                        1.360      69,82
Número finales muerte                            588      30,18
Total infecciones                                836
Total infecciones por curados                    644
Total infecciones por muertos                    192
Total infectadores curados                     1.360
Total infectadores muertos                       588
Total pasos                                5.920.017
Total recorridos                             256.383
Total distancia recorrida                  3.625.494
Contactos de riesgo                            4.367
Máximo de contagios por 1 individuo               40
Mínimo de contagios por 1 individuo                0
Falso (R0) curados                            0,4735
Falso (R0) muertos                            0,3265

