--------------------------------------------------------------------------------------------------
Simulador de contagios. 2.4.0.9
03/05/2020 10:48:58
--------------------------------------------------------------------------------------------------
Carpeta 50_30_25_0_a
Número de hilos                              15
Semilla población                         1.313
Semilla simulación                        6.877
Potencia para fin de infección             3,00

Número de individuos                     50.000
Radio                                     2.694
Días de carencia para contagiar               3
Días de incubación                            8
Probabilidad base de contagio              4,00 %
Probabilidad contagio clúster              1,00 %
Probabil. contagio enfermo cluster        25,00 %
Probabilidad de enfermar                 100,00 %
Probabilidad contagio enfermo             25,00 %
Probabilidad de hospitalización           10,00 %
Probabilidad contagio hospitalizad         0,00 %
Densidad crítica de vecinos infect         1,00 %
Probabilidad contagio indirecto            0,00 %
Probabilidad base de recontagio            0,00 %
Días mínimos de inmunidad                     5

Número de focos iniciales                    10
Número de inmunes iniciales                   0
Número de focos a importar                    0 cada 0 días, del grupo adulto
Radio de contacto                             1
Longitud media 10 pasos                       4

Número clusters objetivo                    200
Número clusters generados                   200 con       16.080 individuos,            0 infectados de inicio

                        - Edad-      %     % Factor B    Días         %      Num.Pasos      %                          %      Individuos 
Grupo            Género Min Max   Gravedad   Contagio  Duración    Curación   Min   Max Individuos   Individuos     clusters    cluster  
---------------- ------ --- --- ---------- ---------- ---------- ---------- ----- ----- ---------- ------------ ------------ ------------
nene                  0   0   4      10,00      10,00      30,00      99,55    80   120       4,00        2.000          4,0           40
menor                 1   5  19       4,00       4,00      30,00     100,00    80   120      15,00        7.500         15,0           70
adulto                2  20  64      35,00     100,00      30,00      99,22    80   120      62,00       31.000         62,0          100
jubilado              3  65  69     100,00     800,00      30,00      95,38    80   120       5,00        2.500          5,0           70
mayor                 4  70 150     100,00     800,00      30,00      81,86    10    20      14,00        7.000         14,0           20
---------------- ------ --- --- ---------- ---------- ---------- ---------- ----- ----- ---------- ------------ ------------ ------------

Valores al final del día
                                                                       Recorrido  Contactos Media días            ------ Afectados ---- ----------  Clusters -----------                                  -----------------  GRAVES  ----------------
Día     Sanos  Infectados Importados    Curados Desinmuniz    Muertos     Ida     críticos  infectados         R0   Cercania   Clusters Infectados    Curados    Muertos  Indirecto   Enfermos Hospitaliz Infectados    Curados    Muertos         R0
--- ---------- ---------- ---------- ---------- ---------- ---------- ---------- ---------- ---------- ---------- ---------- ---------- ---------- ---------- ---------- ---------- ---------- ---------- ---------- ---------- ---------- ----------
  1      49990         10          0          0          0          0      53,63       0,00        0,0       0,00          0          0          0          0          0          0          0          0          2          0          0       0,00
  2      49990         10          0          0          0          0      53,55       0,00        0,0       0,00          0          0          0          0          0          0          0          0          2          0          0       0,00
  3      49990         10          0          0          0          0      53,60       0,00        0,0       0,00          0          0          0          0          0          0          0          0          2          0          0       0,00
  4      49988         12          0          0          0          0      53,61       0,17        0,0       0,00          2          0          0          0          0          0          0          0          2          0          0       0,00
  5      49986         14          0          0          0          0      53,58       0,52        0,0       0,00          4          0          0          0          0          0          0          0          3          0          0       0,00
  6      49986         14          0          0          0          0      53,60       0,69        0,0       0,00          4          0          0          0          0          0          0          0          3          0          0       0,00
  7      49985         15          0          0          0          0      53,63       0,72        0,0       0,00          5          0          0          0          0          0          0          0          4          0          0       0,00
  8      49984         16          0          0          0          0      53,63       0,78        0,0       0,00          6          0          0          0          0          0          2          0          4          0          0       0,00
  9      49981         19          0          0          0          0      53,63       0,76        0,0       0,00          9          0          0          0          0          0          2          0          6          0          0       0,00
 10      49981         19          0          0          0          0      53,63       0,74        0,0       0,00          9          0          0          0          0          0          2          0          6          0          0       0,00
 11      49980         20          0          0          0          0      53,64       0,78        0,0       0,00         10          0          0          0          0          0          2          0          7          0          0       0,00
 12      49980         20          0          0          0          0      53,65       0,84        0,0       0,00         10          0          0          0          0          0          3          0          7          0          0       0,00
 13      49978         22          0          0          0          0      53,66       0,98        0,0       0,00         12          0          0          0          0          0          3          0          9          0          0       0,00
 14      49977         23          0          0          0          0      53,64       0,93        0,0       0,00         13          0          0          0          0          0          4          0          9          0          0       0,00
 15      49976         24          0          0          0          0      53,64       0,96        0,0       0,00         14          0          0          0          0          0          4          0         10          0          0       0,00
 16      49975         25          0          0          0          0      53,64       0,95        0,0       0,00         15          0          0          0          0          0          6          0         10          0          0       0,00
 17      49975         25          0          0          0          0      53,63       0,96        0,0       0,00         15          0          0          0          0          0          6          0         10          0          0       0,00
 18      49972         28          0          0          0          0      53,63       0,96        0,0       0,00         18          0          0          0          0          0          7          0         12          0          0       0,00
 19      49968         32          0          0          0          0      53,63       0,99        0,0       0,00         19          3          3          0          0          0          7          0         15          0          0       0,00
 20      49964         35          0          1          0          0      53,63       0,98       13,0       0,00         21          5          5          0          0          0          8          1         15          1          0       0,00
 21      49963         36          0          1          0          0      53,63       0,98       13,0       0,00         21          6          6          0          0          0          8          1         16          1          0       0,00
 22      49954         44          0          2          0          0      53,62       0,93       15,5       1,00         23         13         13          0          0          0          9          1         18          1          0       0,00
 23      49945         52          0          3          0          0      53,63       0,89       17,7       1,33         23         22         22          0          0          0          9          1         20          1          0       0,00
 24      49933         64          0          3          0          0      53,63       0,93       17,7       1,33         25         32         32          0          0          0          9          1         22          1          0       0,00
 25      49917         78          0          5          0          0      53,63       0,89       19,4       1,20         27         46         46          0          0          0         11          1         29          1          0       0,00
 26      49896         97          0          7          0          0      53,63       0,85       20,6       1,00         28         66         66          0          0          0         14          1         36          1          0       0,00
 27      49869        120          0         11          0          0      53,63       0,81       20,6       1,18         31         90         90          0          0          0         14          2         45          2          0       0,00
 28      49837        151          0         12          0          0      53,64       0,75       20,1       2,17         36        117        117          0          0          0         15          2         57          2          0       0,00
 29      49803        185          0         12          0          0      53,64       0,70       20,1       2,17         38        149        149          0          0          0         17          3         71          2          0       0,00
 30      49759        229          0         12          0          0      53,64       0,67       20,1       2,17         41        190        190          0          0          0         19          3         93          2          0       0,00
 31      49741        245          0         14          0          0      53,20       0,65       18,1       2,07         51        198        198          0          0          0         21          3        100          3          0       0,67
 32      49719        263          0         18          0          0      52,80       0,64       20,9       2,06         60        211        211          0          0          0         26          4        107          4          0       0,75
 33      49699        283          0         18          0          0      52,42       0,65       20,9       2,06         72        219        219          0          0          0         33          4        122          4          0       0,75
 34      49678        301          0         21          0          0      52,06       0,63       20,3       2,19         84        228        228          0          0          0         42          4        132          5          0       0,60
 35      49642        336          0         22          0          0      51,72       0,64       19,7       2,09         98        250        250          0          0          0         53          5        150          6          0       0,50
 36      49600        375          0         25          0          0      51,40       0,64       19,5       2,12        114        276        276          0          0          0         65          8        169          8          0       0,50
 37      49566        406          0         28          0          0      51,09       0,63       19,1       2,14        124        300        300          0          0          0         86         11        183          9          0       0,56
 38      49513        458          0         29          0          0      50,80       0,62       19,4       2,10        136        341        341          0          0          0         93         11        214         10          0       0,60
 39      49435        531          0         34          0          0      50,53       0,63       19,8       2,03        160        395        394          1          0          0         99         11        266         12          0       0,58
 40      49370        592          0         38          0          0      50,27       0,62       19,7       1,89        172        448        447          1          0          0        111         12        301         15          0       0,60
 41      49276        681          0         43          0          0      50,03       0,62       19,2       2,00        195        519        518          1          0          0        121         14        368         16          0       0,94
 42      49166        788          0         46          0          0      49,80       0,61       19,2       1,89        219        605        604          1          0          0        139         17        440         17          0       0,88
 43      49054        895          0         51          0          0      49,57       0,61       18,6       1,82        244        692        691          1          0          0        158         21        513         19          0       0,84
 44      48941       1002          0         56          0          1      49,36       0,60       18,6       1,91        274        775        773          2          0          0        170         25        584         21          1       1,05
 45      48838       1091          0         69          0          2      49,16       0,59       18,5       1,87        308        844        842          2          0          0        197         27        643         25          2       1,11
 46      48745       1174          0         79          0          2      48,96       0,60       18,6       1,90        336        909        905          4          0          0        247         35        685         29          2       1,00
 47      48639       1267          0         92          0          2      48,78       0,61       18,7       1,96        371        980        974          6          0          0        280         37        740         34          2       0,92
 48      48515       1380          0        103          0          2      48,60       0,61       18,6       1,91        411       1064       1056          8          0          0        345         47        812         38          2       0,85
 49      48381       1506          0        111          0          2      48,43       0,61       18,6       1,88        462       1147       1137         10          0          0        412         54        879         44          2       0,89
 50      48252       1628          0        118          0          2      48,26       0,62       18,6       1,84        495       1243       1230         13          0          0        486         62        948         46          2       0,88
 51      48069       1797          0        132          0          2      48,11       0,61       19,0       2,02        540       1381       1364         17          0          0        554         67       1050         52          2       1,07
 52      47865       1983          0        150          0          2      47,95       0,61       19,1       2,00        588       1537       1513         24          0          0        606         71       1165         62          2       1,16
 53      47675       2157          0        166          0          2      47,81       0,61       19,2       1,96        641       1674       1645         29          0          0        644         74       1259         71          2       1,14
 54      47472       2331          0        193          0          4      47,67       0,61       19,5       2,01        690       1828       1788         38          2          0        691         77       1342         81          4       1,09
 55      47214       2551          0        229          0          6      47,53       0,61       19,7       2,15        760       2016       1961         52          3          0        746         80       1447        100          6       1,54
 56      46817       2910          0        267          0          6      47,64       0,63       20,1       2,20        861       2312       2257         52          3          0        801         86       1635        118          6       1,52
 57      46449       3245          0        299          0          7      47,74       0,64       20,3       2,25        959       2582       2527         52          3          0        855         92       1798        134          7       1,70
 58      46060       3596          0        336          0          8      47,84       0,65       20,5       2,21       1078       2852       2797         52          3          0        942        101       1981        156          8       1,70
 59      45508       4098          0        385          0          9      47,94       0,65       20,8       2,27       1209       3273       3218         52          3          0       1042        111       2290        180          9       1,70
 60      44935       4615          0        441          0          9      48,04       0,66       21,0       2,26       1351       3704       3649         52          3          0       1111        122       2567        213          9       1,67
 61      44348       5144          0        496          0         12      48,12       0,67       21,0       2,21       1481       4161       4105         53          3          0       1173        129       2814        243         12       1,57
 62      43662       5787          0        537          0         14      48,21       0,67       21,0       2,16       1655       4673       4617         53          3          0       1278        140       3120        262         14       1,52
 63      42947       6448          0        590          0         15      48,30       0,68       21,0       2,16       1844       5199       5143         53          3          0       1451        156       3407        294         15       1,51
 64      42086       7254          0        644          0         16      48,38       0,68       21,1       2,16       2049       5855       5799         53          3          0       1598        170       3782        326         16       1,53
 65      41155       8121          0        705          0         19      48,46       0,68       21,1       2,12       2281       6554       6494         57          3          0       1768        182       4144        361         19       1,51
 66      40116       9077          0        783          0         24      48,54       0,68       21,1       2,10       2556       7318       7252         63          3          0       2054        198       4578        403         24       1,48
 67      39126       9972          0        876          0         26      48,61       0,68       21,1       2,09       2833       8031       7955         73          3          0       2315        221       4972        450         26       1,49
 68      38086      10910          0        973          0         31      48,69       0,67       21,0       2,07       3127       8777       8687         85          5          0       2543        243       5400        496         31       1,50
 69      37058      11821          0       1088          0         33      48,76       0,67       21,1       2,08       3459       9473       9367        101          5          0       2806        269       5847        558         33       1,54
 70      36085      12687          0       1191          0         37      48,83       0,67       21,2       2,06       3805      10100       9979        116          5          0       3056        297       6220        624         37       1,53
 71      35176      13472          0       1313          0         39      48,89       0,67       21,3       2,03       4162      10652      10501        146          5          0       3388        334       6597        697         39       1,48
 72      34314      14171          0       1465          0         50      48,96       0,67       21,4       2,02       4544      11132      10957        170          5          0       3696        368       6929        780         50       1,47
 73      33486      14832          0       1626          0         56      49,02       0,67       21,5       2,02       4943      11561      11349        206          6          0       4082        405       7235        868         56       1,43
 74      32777      15353          0       1813          0         57      49,08       0,67       21,5       2,03       5337      11876      11601        269          6          0       4434        440       7543        959         57       1,43
 75      32115      15820          0       2003          0         62      49,14       0,66       21,4       1,99       5729      12146      11798        340          8          0       4795        472       7786       1070         62       1,41
 76      31514      16197          0       2216          0         73      49,20       0,66       21,5       2,00       6113      12363      11944        409         10          0       5169        515       7995       1197         73       1,43
 77      31021      16487          0       2414          0         78      49,25       0,66       21,4       1,98       6472      12497      11987        499         11          0       5513        559       8174       1291         78       1,40
 78      30525      16741          0       2645          0         89      49,31       0,66       21,3       1,98       6852      12613      12004        598         11          0       5848        572       8357       1398         89       1,40
 79      30054      16899          0       2947          0        100      49,36       0,66       21,3       1,96       7229      12707      11951        743         13          0       6098        602       8454       1563        100       1,40
 80      29624      17021          0       3247          0        108      49,41       0,66       21,4       1,94       7585      12781      11867        899         15          0       6351        635       8564       1703        108       1,37
 81      29235      17051          0       3601          0        113      49,46       0,66       21,4       1,90       7916      12839      11754       1069         16          0       6563        646       8614       1884        113       1,35
 82      28879      16995          0       4001          0        125      49,51       0,66       21,5       1,87       8230      12881      11562       1301         18          0       6725        656       8641       2069        125       1,34
 83      28576      16867          0       4418          0        139      49,56       0,66       21,5       1,84       8513      12901      11353       1526         22          0       6867        667       8605       2260        139       1,30
 84      28282      16689          0       4870          0        159      49,60       0,65       21,6       1,79       8795      12913      11110       1775         28          0       6915        675       8554       2471        159       1,27
 85      28006      16474          0       5347          0        173      49,65       0,65       21,7       1,78       9060      12924      10829       2065         30          0       6965        675       8480       2707        173       1,25
 86      27704      16267          0       5831          0        198      49,69       0,65       21,9       1,75       9355      12931      10531       2364         36          0       6981        678       8414       2939        198       1,23
 87      27445      15910          0       6426          0        219      49,73       0,65       22,1       1,72       9609      12936      10092       2804         40          0       6925        682       8247       3233        219       1,23
 88      27181      15637          0       6952          0        230      49,77       0,65       22,2       1,70       9869      12940       9720       3176         44          0       6886        672       8134       3496        230       1,20
 89      26949      15295          0       7510          0        246      49,80       0,65       22,4       1,67      10101      12940       9327       3569         44          0       6829        675       7984       3761        246       1,17
 90      26710      14818          0       8206          0        266      49,84       0,65       22,7       1,64      10340      12940       8839       4052         49          0       6618        651       7747       4121        266       1,15
 91      26481      14299          0       8934          0        286      49,88       0,64       22,9       1,60      10567      12942       8307       4584         51          0       6426        621       7505       4472        286       1,12
 92      26272      13734          0       9674          0        320      49,91       0,64       23,1       1,58      10775      12943       7804       5081         58          0       6208        604       7232       4832        320       1,10
 93      26084      13193          0      10370          0        353      49,95       0,64       23,3       1,55      10962      12944       7336       5544         64          0       6049        585       6994       5149        353       1,07
 94      25915      12519          0      11193          0        373      49,98       0,64       23,5       1,52      11131      12944       6773       6103         68          0       5816        561       6710       5511        373       1,05
 95      25743      11875          0      11986          0        396      50,01       0,64       23,7       1,50      11303      12944       6242       6633         69          0       5589        536       6422       5875        396       1,03
 96      25591      11138          0      12846          0        425      50,04       0,64       24,0       1,46      11454      12945       5674       7195         76          0       5313        515       6105       6253        425       1,01
 97      25463      10431          0      13654          0        452      50,07       0,64       24,2       1,42      11582      12945       5148       7714         83          0       5024        494       5747       6658        452       0,99
 98      25331       9746          0      14446          0        477      50,09       0,64       24,4       1,39      11714      12945       4654       8201         90          0       4772        478       5437       7014        477       0,97
 99      25203       9082          0      15212          0        503      50,12       0,64       24,5       1,36      11840      12947       4196       8659         92          0       4500        451       5123       7381        503       0,95
100      25105       8417          0      15939          0        539      50,15       0,63       24,7       1,33      11938      12947       3768       9080         99          0       4212        414       4778       7745        539       0,93
101      25016       7823          0      16593          0        568      50,17       0,63       24,8       1,31      12026      12948       3420       9427        101          0       3959        389       4479       8067        568       0,90
102      24938       7237          0      17235          0        590      50,20       0,63       24,9       1,28      12103      12949       3117       9731        101          0       3701        372       4167       8402        590       0,88
103      24854       6704          0      17830          0        612      50,22       0,63       25,0       1,25      12184      12952       2860       9989        103          0       3475        350       3897       8696        612       0,86
104      24786       6224          0      18353          0        637      50,25       0,63       25,1       1,24      12252      12952       2648      10201        103          0       3268        328       3658       8952        637       0,85
105      24713       5787          0      18833          0        667      50,27       0,63       25,2       1,22      12325      12952       2487      10359        106          0       3050        301       3418       9211        667       0,83
106      24656       5349          0      19299          0        696      50,29       0,63       25,3       1,20      12382      12952       2360      10486        106          0       2845        276       3167       9466        696       0,82
107      24596       4970          0      19715          0        719      50,32       0,63       25,3       1,18      12441      12953       2252      10594        107          0       2651        255       2949       9692        719       0,80
108      24533       4641          0      20080          0        746      50,34       0,63       25,4       1,17      12503      12954       2172      10675        107          0       2473        236       2756       9895        746       0,79
109      24477       4323          0      20433          0        767      50,37       0,63       25,4       1,16      12559      12954       2116      10731        107          0       2281        214       2553      10112        767       0,78
110      24436       4018          0      20760          0        786      50,39       0,63       25,4       1,14      12599      12955       2081      10767        107          0       2109        194       2358      10311        786       0,77
111      24395       3764          0      21040          0        801      50,41       0,63       25,4       1,13      12639      12956       2043      10806        107          0       1980        183       2207      10467        801       0,76
112      24349       3503          0      21323          0        825      50,44       0,63       25,5       1,12      12683      12958       2017      10834        107          0       1852        174       2060      10619        825       0,75
113      24311       3253          0      21587          0        849      50,46       0,63       25,5       1,11      12719      12960       2002      10851        107          0       1701        159       1898      10779        849       0,74
114      24273       3030          0      21838          0        859      50,49       0,63       25,5       1,10      12756      12961       1997      10857        107          0       1585        153       1771      10916        859       0,74
115      24240       2830          0      22057          0        873      50,51       0,63       25,5       1,10      12787      12963       1991      10865        107          0       1480        145       1645      11044        873       0,73
116      24208       2643          0      22266          0        883      50,54       0,63       25,6       1,09      12818      12964       1987      10870        107          0       1381        136       1531      11168        883       0,72
117      24177       2468          0      22463          0        892      50,56       0,63       25,6       1,08      12848      12965       1985      10873        107          0       1282        129       1429      11281        892       0,72
118      24158       2271          0      22668          0        903      50,59       0,63       25,6       1,07      12867      12965       1984      10874        107          0       1167        122       1303      11405        903       0,71
119      24135       2096          0      22857          0        912      50,61       0,63       25,6       1,07      12890      12965       1984      10874        107          0       1078        114       1200      11514        912       0,71
120      24112       1928          0      23038          0        922      50,63       0,63       25,6       1,06      12913      12965       1984      10874        107          0        999        100       1113      11605        922       0,70
121      24087       1774          0      23210          0        929      50,65       0,63       25,6       1,06      12937      12966       1984      10875        107          0        909         92       1014      11708        929       0,70
122      24066       1666          0      23331          0        937      50,67       0,62       25,7       1,05      12957      12967       1983      10877        107          0        849         83        949      11776        937       0,70
123      24052       1535          0      23468          0        945      50,70       0,62       25,7       1,05      12971      12967       1982      10878        107          0        797         79        886      11840        945       0,69
124      24035       1421          0      23591          0        953      50,72       0,62       25,7       1,05      12987      12968       1982      10879        107          0        739         76        816      11910        953       0,69
125      24019       1321          0      23699          0        961      50,74       0,62       25,7       1,04      13001      12970       1983      10880        107          0        675         70        752      11975        961       0,69
126      24002       1240          0      23792          0        966      50,76       0,62       25,7       1,04      13018      12970       1983      10880        107          0        632         65        703      12028        966       0,69
127      23991       1157          0      23884          0        968      50,78       0,62       25,7       1,04      13028      12971       1983      10881        107          0        590         58        653      12082        968       0,68
128      23978       1061          0      23991          0        970      50,80       0,62       25,7       1,03      13040      12972       1984      10881        107          0        547         55        604      12134        970       0,68
129      23969        982          0      24071          0        978      50,82       0,62       25,7       1,03      13049      12972       1984      10881        107          0        513         52        565      12171        978       0,68
130      23955        897          0      24163          0        985      50,84       0,62       25,7       1,03      13061      12974       1986      10881        107          0        464         48        515      12222        985       0,68
131      23947        826          0      24238          0        989      50,87       0,62       25,7       1,03      13068      12975       1987      10881        107          0        429         43        477      12261        989       0,68
132      23938        770          0      24298          0        994      50,89       0,62       25,8       1,02      13076      12976       1988      10881        107          0        393         38        436      12301        994       0,67
133      23929        727          0      24349          0        995      50,91       0,62       25,8       1,02      13085      12976       1985      10884        107          0        373         36        412      12329        995       0,67
134      23925        659          0      24417          0        999      50,93       0,62       25,8       1,02      13088      12977       1985      10885        107          0        339         34        373      12365        999       0,67
135      23918        619          0      24463          0       1000      50,95       0,62       25,8       1,02      13095      12977       1984      10886        107          0        314         32        346      12394       1000       0,67
136      23914        573          0      24509          0       1004      50,97       0,62       25,8       1,02      13099      12977       1984      10886        107          0        290         31        318      12420       1004       0,67
137      23906        541          0      24548          0       1005      50,99       0,62       25,8       1,02      13105      12979       1985      10887        107          0        277         28        302      12440       1005       0,67
138      23902        507          0      24584          0       1007      51,01       0,62       25,8       1,02      13109      12979       1981      10891        107          0        263         27        285      12457       1007       0,67
139      23897        468          0      24623          0       1012      51,03       0,62       25,8       1,01      13114      12979       1980      10892        107          0        235         23        256      12484       1012       0,67
140      23890        437          0      24660          0       1013      51,05       0,62       25,8       1,01      13121      12979       1980      10892        107          0        220         22        240      12503       1013       0,67
141      23886        403          0      24697          0       1014      51,06       0,62       25,8       1,01      13125      12979       1979      10893        107          0        202         22        224      12521       1014       0,67
142      23885        368          0      24732          0       1015      51,08       0,62       25,8       1,01      13126      12979       1979      10893        107          0        187         21        206      12538       1015       0,67
143      23881        341          0      24763          0       1015      51,10       0,62       25,8       1,01      13129      12980       1980      10893        107          0        172         18        191      12555       1015       0,66
144      23875        322          0      24786          0       1017      51,12       0,62       25,8       1,01      13135      12980       1979      10894        107          0        161         16        179      12569       1017       0,66
145      23873        299          0      24809          0       1019      51,14       0,62       25,8       1,01      13137      12980       1978      10895        107          0        148         14        165      12582       1019       0,66
146      23868        273          0      24840          0       1019      51,16       0,62       25,8       1,01      13141      12981       1977      10897        107          0        133         12        149      12600       1019       0,66
147      23861        250          0      24869          0       1020      51,18       0,62       25,8       1,01      13148      12981       1976      10898        107          0        118         11        134      12618       1020       0,66
148      23860        233          0      24887          0       1020      51,20       0,62       25,8       1,01      13149      12981       1976      10898        107          0        110          8        124      12629       1020       0,66
149      23858        217          0      24904          0       1021      51,22       0,62       25,8       1,01      13151      12981       1976      10898        107          0        102          7        118      12636       1021       0,66
150      23856        196          0      24927          0       1021      51,23       0,62       25,8       1,01      13152      12982       1977      10898        107          0         91          6        106      12649       1021       0,66
--- ---------- ---------- ---------- ---------- ---------- ---------- ---------- ---------- ---------- ---------- ---------- ---------- ---------- ---------- ---------- ---------- ---------- ---------- ---------- ---------- ---------- ----------
Día     Sanos  Infectados Importados    Curados Desinmuniz    Muertos     Ida     críticos  infectados         R0   Cercania   Clusters Infectados    Curados    Muertos  Indirecto   Enfermos Hospitaliz Infectados    Curados    Muertos         R0

                                                                             ============== % total infectados ============= ----------- % total individuos grupo ---------- % Tot.infectados graves
Grupo             Individuos  Infectados      Graves     Curados     Muertes  Infectados      Graves     Curados     Muertes  Infectados      Graves     Curados     Muertes  Infectados     Muertes
---------------- ----------- ----------- ----------- ----------- ----------- =========== =========== =========== =========== ----------- ----------- ----------- ----------- =========== ===========
            nene       2.000         109          12         102           0        0,42        0,05        0,39        0,00        5,45        0,60        5,10        0,00        0,09        0,00
           menor       7.500         195          10         182           0        0,75        0,04        0,70        0,00        2,60        0,13        2,43        0,00        0,07        0,00
          adulto      31.000      18.549       6.463      18.379          53       70,95       24,72       70,30        0,20       59,84       20,85       59,29        0,17       46,91        0,38
        jubilado       2.500       2.259       2.259       2.153          94        8,64        8,64        8,24        0,36       90,36       90,36       86,12        3,76       16,40        0,68
           mayor       7.000       5.032       5.032       4.111         874       19,25       19,25       15,72        3,34       71,89       71,89       58,73       12,49       36,53        6,34
---------------- ----------- ----------- ----------- ----------- ----------- =========== =========== =========== =========== ----------- ----------- ----------- ----------- =========== ===========
           TOTAL      50.000      26.144      13.776      24.927       1.021      100,00       52,69       95,35        3,91       52,29       27,55       49,85        2,04      100,00        7,41

Infectados importados                            196

Total pasos                              512.697.752
Total recorridos                           6.118.610
Total distancia recorrida                313.486.800
Contactos de riesgo                          419.063
Acumulador infectados                        673.530

Total días infectados (curados)              643.685      25,00
Total días infectados (muertos)               26.084      25,00
Total días infectados                        669.769      25,00

Simulados 150 días. 3177,0 s

