Tipo 0
Día     Sanos  Infectados Importados    Curados Desinmuniz    Muertos Inf.Indire   Enfermos Hospitaliz
--- ---------- ---------- ---------- ---------- ---------- ---------- ---------- ---------- ----------
  1       2000          0          0          0          0          0          0          0          0
  2       2000          0          0          0          0          0          0          0          0
  3       2000          0          0          0          0          0          0          0          0
  4       2000          0          0          0          0          0          0          0          0
  5       2000          0          0          0          0          0          0          0          0
  6       2000          0          0          0          0          0          0          0          0
  7       2000          0          0          0          0          0          0          0          0
  8       2000          0          0          0          0          0          0          0          0
  9       2000          0          0          0          0          0          0          0          0
 10       2000          0          0          0          0          0          0          0          0
 11       2000          0          0          0          0          0          0          0          0
 12       2000          0          0          0          0          0          0          0          0
 13       2000          0          0          0          0          0          0          0          0
 14       2000          0          0          0          0          0          0          0          0
 15       2000          0          0          0          0          0          0          0          0
 16       2000          0          0          0          0          0          0          0          0
 17       2000          0          0          0          0          0          0          0          0
 18       2000          0          0          0          0          0          0          0          0
 19       2000          0          0          0          0          0          0          0          0
 20       2000          0          0          0          0          0          0          0          0
 21       2000          0          0          0          0          0          0          0          0
 22       2000          0          0          0          0          0          0          0          0
 23       2000          0          0          0          0          0          0          0          0
 24       2000          0          0          0          0          0          0          0          0
 25       2000          0          0          0          0          0          0          0          0
 26       2000          0          0          0          0          0          0          0          0
 27       2000          0          0          0          0          0          0          0          0
 28       2000          0          0          0          0          0          0          0          0
 29       2000          0          0          0          0          0          0          0          0
 30       1998          2          0          0          0          0          0          0          0
 31       1998          2          0          0          0          0          0          0          0
 32       1998          2          0          0          0          0          0          0          0
 33       1998          2          0          0          0          0          0          0          0
 34       1997          3          0          0          0          0          0          0          0
 35       1997          3          0          0          0          0          0          0          0
 36       1996          4          0          0          0          0          0          0          0
 37       1996          4          0          0          0          0          0          2          0
 38       1995          5          0          0          0          0          0          2          0
 39       1994          6          0          0          0          0          0          2          0
 40       1993          7          0          0          0          0          0          2          0
 41       1991          9          0          0          0          0          0          3          0
 42       1990         10          0          0          0          0          0          3          0
 43       1990         10          0          0          0          0          0          4          1
 44       1990         10          0          0          0          0          0          4          1
 45       1990         10          0          0          0          0          0          5          1
 46       1986         14          0          0          0          0          0          6          1
 47       1985         15          0          0          0          0          0          7          1
 48       1985         15          0          0          0          0          0          9          1
 49       1984         16          0          0          0          0          0         10          1
 50       1983         16          0          1          0          0          0          9          0
 51       1983         16          0          1          0          0          0          9          0
 52       1983         16          0          1          0          0          0          9          0
 53       1983         16          0          1          0          0          0         13          0
 54       1983         16          0          1          0          0          0         14          1
 55       1982         17          0          1          0          0          0         14          1
 56       1982         17          0          1          0          0          0         15          1
 57       1980         19          0          1          0          0          0         16          1
 58       1980         19          0          1          0          0          0         16          1
 59       1980         18          0          2          0          0          0         15          1
 60       1980         17          0          3          0          0          0         14          1
 61       1980         15          0          5          0          0          0         12          1
 62       1980         15          0          5          0          0          0         13          1
 63       1979         16          0          5          0          0          0         13          1
 64       1977         18          0          5          0          0          0         15          2
 65       1977         17          0          6          0          0          0         14          2
 66       1977         16          0          7          0          0          0         13          2
 67       1976         17          0          7          0          0          0         13          2
 68       1976         17          0          7          0          0          0         13          2
 69       1976         16          0          8          0          0          0         12          2
 70       1976         15          0          9          0          0          0         12          3
 71       1976         13          0         11          0          0          0         12          3
 72       1975         14          0         11          0          0          0         12          3
 73       1974         13          0         13          0          0          0         10          3
 74       1974         12          0         14          0          0          0         10          3
 75       1974         12          0         14          0          0          0         10          3
 76       1974         11          0         15          0          0          0          9          3
 77       1974         10          0         16          0          0          0          8          3
 78       1972         10          0         18          0          0          0          6          2
 79       1972         10          0         18          0          0          0          7          2
 80       1972         10          0         18          0          0          0          8          2
 81       1972         10          0         18          0          0          0          8          2
 82       1972         10          0         18          0          0          0          8          2
 83       1972          9          0         19          0          0          0          7          2
 84       1972          8          0         20          0          0          0          6          2
 85       1972          8          0         20          0          0          0          8          2
 86       1972          7          0         21          0          0          0          7          2
 87       1972          5          0         23          0          0          0          5          1
 88       1972          5          0         23          0          0          0          5          1
 89       1972          5          0         23          0          0          0          5          1
 90       1972          4          0         24          0          0          0          4          0
 91       1972          4          0         24          0          0          0          4          0
 92       1972          4          0         24          0          0          0          4          0
 93       1972          4          0         24          0          0          0          4          0
 94       1972          4          0         24          0          0          0          4          0
 95       1972          4          0         24          0          0          0          4          0
 96       1972          3          0         25          0          0          0          3          0
 97       1972          3          0         25          0          0          0          3          0
 98       1972          2          0         26          0          0          0          2          0
 99       1972          2          0         26          0          0          0          2          0
100       1972          2          0         26          0          0          0          2          0
101       1972          2          0         26          0          0          0          2          0
102       1972          2          0         26          0          0          0          2          0
103       1972          1          0         27          0          0          0          1          0
104       1972          1          0         27          0          0          0          1          0
105       1972          1          0         27          0          0          0          1          0
106       1972          1          0         27          0          0          0          1          0
107       1972          1          0         27          0          0          0          1          0
108       1972          1          0         27          0          0          0          1          0
109       1972          0          0         28          0          0          0          0          0
110       1972          0          0         28          0          0          0          0          0
111       1972          0          0         28          0          0          0          0          0
112       1972          0          0         28          0          0          0          0          0
113       1972          0          0         28          0          0          0          0          0
114       1972          0          0         28          0          0          0          0          0
115       1972          0          0         28          0          0          0          0          0
116       1972          0          0         28          0          0          0          0          0
117       1972          0          0         28          0          0          0          0          0
118       1972          0          0         28          0          0          0          0          0
119       1972          0          0         28          0          0          0          0          0
120       1972          0          0         28          0          0          0          0          0
121       1972          0          0         28          0          0          0          0          0
122       1972          0          0         28          0          0          0          0          0
123       1972          0          0         28          0          0          0          0          0
124       1972          0          0         28          0          0          0          0          0
125       1972          0          0         28          0          0          0          0          0
126       1972          0          0         28          0          0          0          0          0
127       1972          0          0         28          0          0          0          0          0
128       1972          0          0         28          0          0          0          0          0
129       1972          0          0         28          0          0          0          0          0
130       1972          0          0         28          0          0          0          0          0
131       1972          0          0         28          0          0          0          0          0
132       1972          0          0         28          0          0          0          0          0
133       1972          0          0         28          0          0          0          0          0
134       1972          0          0         28          0          0          0          0          0
135       1972          0          0         28          0          0          0          0          0
136       1972          0          0         28          0          0          0          0          0
137       1972          0          0         28          0          0          0          0          0
138       1972          0          0         28          0          0          0          0          0
139       1972          0          0         28          0          0          0          0          0
140       1972          0          0         28          0          0          0          0          0
141       1972          0          0         28          0          0          0          0          0
142       1972          0          0         28          0          0          0          0          0
143       1972          0          0         28          0          0          0          0          0
144       1972          0          0         28          0          0          0          0          0
145       1972          0          0         28          0          0          0          0          0
146       1972          0          0         28          0          0          0          0          0
147       1972          0          0         28          0          0          0          0          0
148       1972          0          0         28          0          0          0          0          0
149       1972          0          0         28          0          0          0          0          0
150       1972          0          0         28          0          0          0          0          0
--- ---------- ---------- ---------- ---------- ---------- ---------- ---------- ---------- ----------

Tipo 1
Día     Sanos  Infectados Importados    Curados Desinmuniz    Muertos Inf.Indire   Enfermos Hospitaliz
--- ---------- ---------- ---------- ---------- ---------- ---------- ---------- ---------- ----------
  1       7498          2          0          0          0          0          0          0          0
  2       7498          2          0          0          0          0          0          0          0
  3       7498          2          0          0          0          0          0          0          0
  4       7498          2          0          0          0          0          0          0          0
  5       7498          2          0          0          0          0          0          0          0
  6       7498          2          0          0          0          0          0          0          0
  7       7498          2          0          0          0          0          0          0          0
  8       7498          2          0          0          0          0          0          0          0
  9       7498          2          0          0          0          0          0          0          0
 10       7498          2          0          0          0          0          0          0          0
 11       7498          2          0          0          0          0          0          0          0
 12       7498          2          0          0          0          0          0          0          0
 13       7498          2          0          0          0          0          0          0          0
 14       7498          2          0          0          0          0          0          0          0
 15       7498          2          0          0          0          0          0          0          0
 16       7498          2          0          0          0          0          0          0          0
 17       7498          2          0          0          0          0          0          0          0
 18       7498          2          0          0          0          0          0          0          0
 19       7497          3          0          0          0          0          0          0          0
 20       7497          3          0          0          0          0          0          0          0
 21       7496          4          0          0          0          0          0          0          0
 22       7495          5          0          0          0          0          0          0          0
 23       7494          6          0          0          0          0          0          0          0
 24       7493          7          0          0          0          0          0          0          0
 25       7493          7          0          0          0          0          0          0          0
 26       7491          9          0          0          0          0          0          1          0
 27       7490          9          0          1          0          0          0          1          0
 28       7489         10          0          1          0          0          0          2          0
 29       7488         11          0          1          0          0          0          3          0
 30       7486         13          0          1          0          0          0          4          0
 31       7485         14          0          1          0          0          0          5          0
 32       7484         14          0          2          0          0          0          5          0
 33       7483         15          0          2          0          0          0          7          0
 34       7480         18          0          2          0          0          0          8          0
 35       7478         20          0          2          0          0          0          9          0
 36       7475         23          0          2          0          0          0         10          0
 37       7471         27          0          2          0          0          0         12          0
 38       7467         31          0          2          0          0          0         13          0
 39       7463         35          0          2          0          0          0         14          0
 40       7461         36          0          3          0          0          0         14          1
 41       7456         41          0          3          0          0          0         17          1
 42       7452         45          0          3          0          0          0         19          1
 43       7447         49          0          4          0          0          0         21          1
 44       7442         52          0          6          0          0          0         23          1
 45       7440         54          0          6          0          0          0         27          1
 46       7432         62          0          6          0          0          0         31          2
 47       7427         66          0          7          0          0          0         32          3
 48       7421         72          0          7          0          0          0         37          3
 49       7413         80          0          7          0          0          0         41          3
 50       7408         83          0          9          0          0          0         44          3
 51       7403         88          0          9          0          0          0         49          4
 52       7400         91          0          9          0          0          0         51          4
 53       7394         95          0         11          0          0          0         57          5
 54       7389         98          0         13          0          0          0         60          6
 55       7384        102          0         14          0          0          0         65          7
 56       7380        104          0         16          0          0          0         71         10
 57       7372        111          0         17          0          0          0         75         10
 58       7367        113          0         20          0          0          0         77          9
 59       7365        115          0         20          0          0          0         80          9
 60       7364        113          0         23          0          0          0         83         10
 61       7359        118          0         23          0          0          0         88         11
 62       7350        124          0         26          0          0          0         90         13
 63       7343        127          0         30          0          0          0         90         13
 64       7339        129          0         32          0          0          0         96         13
 65       7336        128          0         36          0          0          0         97         13
 66       7330        131          0         39          0          0          0         96         12
 67       7327        127          0         46          0          0          0         90         12
 68       7322        128          0         50          0          0          0         91         11
 69       7317        128          0         55          0          0          0         95         13
 70       7313        128          0         59          0          0          0         98         13
 71       7311        127          0         62          0          0          0         99         12
 72       7306        124          0         70          0          0          0         94         11
 73       7302        121          0         77          0          0          0         93         13
 74       7297        123          0         80          0          0          0         93         13
 75       7294        124          0         82          0          0          0         96         12
 76       7288        126          0         86          0          0          0         97         13
 77       7286        124          0         90          0          0          0         97         14
 78       7281        124          0         95          0          0          0         94         14
 79       7275        125          0        100          0          0          0         94         14
 80       7272        121          0        107          0          0          0         91         12
 81       7267        121          0        112          0          0          0         91         12
 82       7264        119          0        117          0          0          0         89         12
 83       7253        126          0        121          0          0          0         91         11
 84       7246        130          0        124          0          0          0         90         11
 85       7243        130          0        127          0          0          0         92         11
 86       7241        126          0        133          0          0          0         92         10
 87       7236        127          0        137          0          0          0         91          9
 88       7232        123          0        145          0          0          0         88         10
 89       7226        122          0        152          0          0          0         84          8
 90       7220        124          0        156          0          0          0         91          7
 91       7213        129          0        158          0          0          0         96          7
 92       7206        130          0        164          0          0          0         93          6
 93       7203        123          0        174          0          0          0         85          5
 94       7201        118          0        181          0          0          0         83          6
 95       7195        120          0        185          0          0          0         83          6
 96       7191        120          0        189          0          0          0         85          6
 97       7189        115          0        196          0          0          0         84          6
 98       7186        114          0        200          0          0          0         87          8
 99       7181        116          0        203          0          0          0         91          8
100       7177        115          0        208          0          0          0         89          8
101       7176        112          0        212          0          0          0         87          8
102       7173        113          0        214          0          0          0         91          8
103       7169        112          0        219          0          0          0         90          8
104       7168        100          0        232          0          0          0         79          8
105       7164        101          0        235          0          0          0         79          7
106       7164         98          0        238          0          0          0         81          8
107       7163         95          0        242          0          0          0         81          7
108       7161         97          0        242          0          0          0         82          7
109       7159         97          0        244          0          0          0         83          7
110       7158         94          0        248          0          0          0         83          7
111       7155         95          0        250          0          0          0         82          7
112       7152         95          0        253          0          0          0         83          7
113       7151         89          0        260          0          0          0         76          7
114       7149         83          0        268          0          0          0         69          6
115       7145         81          0        274          0          0          0         65          5
116       7144         77          0        279          0          0          0         62          4
117       7143         73          0        284          0          0          0         58          5
118       7142         69          0        289          0          0          0         56          5
119       7139         69          0        292          0          0          0         56          5
120       7138         66          0        296          0          0          0         53          4
121       7134         66          0        300          0          0          0         51          4
122       7133         60          0        307          0          0          0         48          3
123       7131         60          0        309          0          0          0         47          4
124       7130         58          0        312          0          0          0         45          5
125       7129         58          0        313          0          0          0         45          4
126       7127         55          0        318          0          0          0         43          4
127       7125         55          0        320          0          0          0         42          4
128       7122         54          0        324          0          0          0         42          4
129       7120         53          0        327          0          0          0         40          4
130       7120         47          0        333          0          0          0         36          3
131       7116         48          0        336          0          0          0         34          3
132       7114         50          0        336          0          0          0         35          3
133       7110         52          0        338          0          0          0         35          3
134       7108         50          0        342          0          0          0         33          3
135       7106         51          0        343          0          0          0         35          3
136       7104         50          0        346          0          0          0         34          3
137       7101         51          0        348          0          0          0         32          3
138       7101         51          0        348          0          0          0         36          3
139       7101         49          0        350          0          0          0         36          3
140       7101         47          0        352          0          0          0         38          4
141       7101         45          0        354          0          0          0         38          2
142       7099         44          0        357          0          0          0         37          3
143       7098         43          0        359          0          0          0         37          3
144       7097         43          0        360          0          0          0         39          4
145       7097         40          0        363          0          0          0         36          4
146       7097         36          0        367          0          0          0         32          4
147       7096         36          0        368          0          0          0         31          4
148       7096         36          0        368          0          0          0         31          4
149       7096         35          0        369          0          0          0         32          4
150       7095         35          0        370          0          0          0         32          4
--- ---------- ---------- ---------- ---------- ---------- ---------- ---------- ---------- ----------

Tipo 2
Día     Sanos  Infectados Importados    Curados Desinmuniz    Muertos Inf.Indire   Enfermos Hospitaliz
--- ---------- ---------- ---------- ---------- ---------- ---------- ---------- ---------- ----------
  1      30993          7          0          0          0          0          0          0          0
  2      30993          7          0          0          0          0          0          0          0
  3      30993          7          0          0          0          0          0          0          0
  4      30986         14          0          0          0          0          0          0          0
  5      30979         21          0          0          0          0          0          0          0
  6      30975         25          0          0          0          0          0          0          0
  7      30959         41          0          0          0          0          0          0          0
  8      30938         62          0          0          0          0          0          0          0
  9      30911         89          0          0          0          0          0          0          0
 10      30879        121          0          0          0          0          0          0          0
 11      30831        169          0          0          0          0          0          7          0
 12      30801        199          0          0          0          0          0         14          1
 13      30770        230          0          0          0          0          0         18          1
 14      30745        255          0          0          0          0          0         34          3
 15      30715        285          0          0          0          0          0         55          5
 16      30677        323          0          0          0          0          0         82          7
 17      30639        360          0          1          0          0          0        113          9
 18      30598        400          0          2          0          0          0        161         14
 19      30549        448          0          3          0          0          0        191         20
 20      30478        518          0          4          0          0          0        221         22
 21      30410        584          0          6          0          0          0        245         25
 22      30304        689          0          7          0          0          0        274         31
 23      30180        811          0          9          0          0          0        310         37
 24      30082        906          0         12          0          0          0        347         42
 25      29949       1035          0         16          0          0          0        383         45
 26      29777       1198          0         25          0          0          0        425         49
 27      29573       1400          0         27          0          0          0        494         61
 28      29370       1598          0         32          0          0          0        557         65
 29      29138       1820          0         42          0          0          0        653         70
 30      28824       2128          0         48          0          0          0        771         78
 31      28482       2459          0         59          0          0          0        859         81
 32      28081       2846          0         71          0          2          0        979         93
 33      27637       3270          0         90          0          3          0       1130        105
 34      27198       3686          0        113          0          3          0       1311        125
 35      26705       4150          0        141          0          4          0       1485        143
 36      26191       4636          0        169          0          4          0       1690        159
 37      25636       5149          0        211          0          4          0       1962        182
 38      25082       5665          0        248          0          5          0       2268        208
 39      24607       6098          0        290          0          5          0       2626        240
 40      24140       6518          0        336          0          6          0       3021        270
 41      23711       6888          0        394          0          7          0       3401        318
 42      23280       7249          0        463          0          8          0       3825        356
 43      22916       7539          0        535          0         10          0       4264        395
 44      22585       7790          0        613          0         12          0       4740        444
 45      22303       7982          0        699          0         16          0       5206        499
 46      22084       8113          0        782          0         21          0       5592        547
 47      21878       8207          0        889          0         26          0       5948        580
 48      21721       8230          0       1017          0         32          0       6244        601
 49      21608       8217          0       1141          0         34          0       6549        630
 50      21519       8175          0       1270          0         36          0       6781        654
 51      21405       8122          0       1437          0         36          0       6942        668
 52      21299       8024          0       1636          0         41          0       7020        677
 53      21204       7895          0       1855          0         46          0       7015        681
 54      21117       7748          0       2085          0         50          0       6987        680
 55      21041       7579          0       2324          0         56          0       6900        676
 56      20982       7351          0       2606          0         61          0       6725        669
 57      20920       7119          0       2896          0         65          0       6520        645
 58      20857       6833          0       3241          0         69          0       6285        616
 59      20781       6544          0       3598          0         77          0       6026        594
 60      20719       6277          0       3925          0         79          0       5792        576
 61      20667       5953          0       4296          0         84          0       5504        545
 62      20604       5603          0       4703          0         90          0       5167        515
 63      20559       5254          0       5086          0        101          0       4831        483
 64      20505       4888          0       5497          0        110          0       4473        445
 65      20465       4544          0       5870          0        121          0       4152        407
 66      20425       4160          0       6283          0        132          0       3804        376
 67      20387       3777          0       6695          0        141          0       3445        335
 68      20343       3461          0       7047          0        149          0       3137        307
 69      20313       3086          0       7443          0        158          0       2795        273
 70      20280       2787          0       7768          0        165          0       2508        241
 71      20239       2522          0       8070          0        169          0       2256        227
 72      20212       2282          0       8332          0        174          0       2029        213
 73      20189       2031          0       8599          0        181          0       1795        191
 74      20166       1813          0       8831          0        190          0       1592        167
 75      20143       1639          0       9025          0        193          0       1439        148
 76      20124       1501          0       9182          0        193          0       1313        139
 77      20109       1372          0       9322          0        197          0       1201        129
 78      20091       1265          0       9446          0        198          0       1117        126
 79      20080       1172          0       9550          0        198          0       1040        112
 80      20071       1083          0       9648          0        198          0        965        103
 81      20056       1037          0       9707          0        200          0        927        101
 82      20037        971          0       9789          0        203          0        865         98
 83      20026        915          0       9856          0        203          0        817         94
 84      20012        862          0       9921          0        205          0        765         86
 85      20006        794          0       9993          0        207          0        709         75
 86      19994        748          0      10049          0        209          0        662         70
 87      19987        708          0      10096          0        209          0        624         68
 88      19981        662          0      10148          0        209          0        587         66
 89      19970        622          0      10198          0        210          0        555         66
 90      19965        575          0      10250          0        210          0        514         63
 91      19960        531          0      10298          0        211          0        479         58
 92      19955        501          0      10333          0        211          0        450         57
 93      19949        464          0      10375          0        212          0        419         56
 94      19948        436          0      10404          0        212          0        397         51
 95      19942        408          0      10438          0        212          0        369         45
 96      19939        374          0      10473          0        214          0        343         42
 97      19938        349          0      10499          0        214          0        322         41
 98      19936        323          0      10527          0        214          0        299         39
 99      19934        292          0      10559          0        215          0        271         33
100      19934        262          0      10589          0        215          0        247         30
101      19928        240          0      10617          0        215          0        220         25
102      19927        212          0      10644          0        217          0        197         20
103      19920        200          0      10663          0        217          0        181         20
104      19919        188          0      10676          0        217          0        169         16
105      19918        171          0      10694          0        217          0        153         13
106      19915        158          0      10710          0        217          0        139         12
107      19912        142          0      10729          0        217          0        120         10
108      19912        127          0      10744          0        217          0        111          8
109      19912        116          0      10755          0        217          0        101          6
110      19911        112          0      10760          0        217          0        103          6
111      19910        104          0      10769          0        217          0         95          6
112      19907         96          0      10780          0        217          0         85          5
113      19905         91          0      10787          0        217          0         81          5
114      19903         83          0      10797          0        217          0         74          6
115      19902         74          0      10806          0        218          0         64          5
116      19902         64          0      10816          0        218          0         54          4
117      19900         62          0      10820          0        218          0         51          3
118      19900         58          0      10824          0        218          0         48          3
119      19900         54          0      10828          0        218          0         47          3
120      19898         52          0      10832          0        218          0         45          3
121      19898         46          0      10838          0        218          0         41          2
122      19898         43          0      10841          0        218          0         39          2
123      19896         43          0      10843          0        218          0         37          2
124      19896         41          0      10845          0        218          0         37          2
125      19896         40          0      10846          0        218          0         36          2
126      19896         37          0      10849          0        218          0         33          2
127      19893         38          0      10851          0        218          0         33          2
128      19891         38          0      10853          0        218          0         31          2
129      19890         38          0      10854          0        218          0         30          2
130      19890         36          0      10856          0        218          0         30          1
131      19889         36          0      10857          0        218          0         29          1
132      19889         31          0      10862          0        218          0         24          1
133      19889         28          0      10865          0        218          0         21          1
134      19889         24          0      10869          0        218          0         20          0
135      19889         22          0      10871          0        218          0         20          0
136      19888         20          0      10874          0        218          0         18          0
137      19888         20          0      10874          0        218          0         18          0
138      19888         20          0      10874          0        218          0         19          0
139      19888         18          0      10876          0        218          0         17          0
140      19888         16          0      10878          0        218          0         15          0
141      19885         18          0      10879          0        218          0         14          0
142      19885         17          0      10880          0        218          0         13          0
143      19885         15          0      10882          0        218          0         12          0
144      19885         15          0      10882          0        218          0         12          0
145      19884         14          0      10883          0        219          0         10          0
146      19883         15          0      10883          0        219          0         10          0
147      19883         13          0      10885          0        219          0          8          0
148      19883         12          0      10886          0        219          0         10          1
149      19882         13          0      10886          0        219          0         10          1
150      19882         13          0      10886          0        219          0         10          1
--- ---------- ---------- ---------- ---------- ---------- ---------- ---------- ---------- ----------

Tipo 3
Día     Sanos  Infectados Importados    Curados Desinmuniz    Muertos Inf.Indire   Enfermos Hospitaliz
--- ---------- ---------- ---------- ---------- ---------- ---------- ---------- ---------- ----------
  1       2500          0          0          0          0          0          0          0          0
  2       2500          0          0          0          0          0          0          0          0
  3       2500          0          0          0          0          0          0          0          0
  4       2500          0          0          0          0          0          0          0          0
  5       2499          1          0          0          0          0          0          0          0
  6       2499          1          0          0          0          0          0          0          0
  7       2498          2          0          0          0          0          0          0          0
  8       2497          3          0          0          0          0          0          0          0
  9       2496          4          0          0          0          0          0          0          0
 10       2495          5          0          0          0          0          0          0          0
 11       2493          7          0          0          0          0          0          0          0
 12       2489         11          0          0          0          0          0          1          0
 13       2486         14          0          0          0          0          0          1          0
 14       2432         68          0          0          0          0          0          2          0
 15       2425         75          0          0          0          0          0          3          0
 16       2369        131          0          0          0          0          0          4          0
 17       2365        135          0          0          0          0          0          5          0
 18       2299        201          0          0          0          0          0          7          0
 19       2238        262          0          0          0          0          0         11          0
 20       2221        279          0          0          0          0          0         14          0
 21       2160        340          0          0          0          0          0         68          8
 22       2134        366          0          0          0          0          0         75          9
 23       2109        391          0          0          0          0          0        131         10
 24       2089        410          0          0          0          1          0        135         11
 25       2064        434          0          1          0          1          0        199         18
 26       2040        458          0          1          0          1          0        260         24
 27       1966        531          0          2          0          1          0        276         26
 28       1936        558          0          5          0          1          0        334         35
 29       1902        590          0          7          0          1          0        358         38
 30       1873        615          0         10          0          2          0        379         39
 31       1818        667          0         11          0          4          0        396         39
 32       1772        706          0         17          0          5          0        416         41
 33       1729        742          0         24          0          5          0        432         41
 34       1671        791          0         30          0          8          0        496         48
 35       1621        834          0         36          0          9          0        519         49
 36       1562        881          0         46          0         11          0        541         52
 37       1489        940          0         58          0         13          0        556         53
 38       1429        983          0         71          0         17          0        594         56
 39       1348       1047          0         87          0         18          0        623         60
 40       1263       1111          0        104          0         22          0        646         66
 41       1191       1165          0        120          0         24          0        686         71
 42       1110       1228          0        138          0         24          0        718         75
 43       1023       1294          0        155          0         28          0        756         79
 44        949       1343          0        176          0         32          0        803         85
 45        882       1371          0        212          0         35          0        824         87
 46        833       1393          0        237          0         37          0        878         92
 47        761       1414          0        282          0         43          0        912        101
 48        712       1432          0        312          0         44          0        953        105
 49        659       1432          0        357          0         52          0        981        105
 50        608       1426          0        409          0         57          0       1012        116
 51        550       1452          0        434          0         64          0       1054        123
 52        522       1432          0        474          0         72          0       1072        122
 53        491       1423          0        509          0         77          0       1081        123
 54        449       1430          0        538          0         83          0       1118        126
 55        423       1417          0        572          0         88          0       1128        126
 56        396       1403          0        607          0         94          0       1140        124
 57        377       1380          0        647          0         96          0       1149        124
 58        352       1352          0        689          0        107          0       1154        131
 59        334       1330          0        723          0        113          0       1142        133
 60        320       1299          0        760          0        121          0       1128        132
 61        304       1264          0        804          0        128          0       1119        129
 62        289       1205          0        862          0        144          0       1071        124
 63        276       1162          0        911          0        151          0       1042        115
 64        258       1121          0        963          0        158          0       1002        114
 65        244       1079          0       1013          0        164          0        971        109
 66        237       1007          0       1079          0        177          0        910        105
 67        231        942          0       1137          0        190          0        853         96
 68        220        897          0       1185          0        198          0        813         93
 69        214        846          0       1230          0        210          0        771         89
 70        206        783          0       1288          0        223          0        713         82
 71        201        721          0       1342          0        236          0        664         76
 72        195        667          0       1398          0        240          0        618         69
 73        188        614          0       1446          0        252          0        565         65
 74        185        552          0       1502          0        261          0        506         52
 75        180        510          0       1545          0        265          0        470         47
 76        178        464          0       1589          0        269          0        428         44
 77        175        426          0       1624          0        275          0        395         40
 78        170        386          0       1661          0        283          0        355         36
 79        168        351          0       1694          0        287          0        324         32
 80        164        317          0       1724          0        295          0        293         30
 81        163        287          0       1752          0        298          0        265         27
 82        162        257          0       1773          0        308          0        239         23
 83        159        240          0       1791          0        310          0        221         19
 84        156        226          0       1805          0        313          0        207         16
 85        154        204          0       1824          0        318          0        188         14
 86        153        185          0       1842          0        320          0        170         12
 87        152        168          0       1858          0        322          0        156         13
 88        152        154          0       1870          0        324          0        143         12
 89        150        138          0       1888          0        324          0        126          8
 90        148        131          0       1896          0        325          0        120          8
 91        148        115          0       1912          0        325          0        107          7
 92        146        103          0       1923          0        328          0         95          7
 93        146         97          0       1929          0        328          0         90          7
 94        146         88          0       1935          0        331          0         82          5
 95        146         82          0       1941          0        331          0         76          5
 96        146         74          0       1948          0        332          0         70          6
 97        144         70          0       1953          0        333          0         66          5
 98        143         66          0       1956          0        335          0         61          5
 99        142         59          0       1962          0        337          0         55          5
100        142         50          0       1970          0        338          0         46          5
101        141         46          0       1975          0        338          0         41          5
102        141         40          0       1980          0        339          0         35          4
103        141         36          0       1983          0        340          0         31          4
104        141         33          0       1985          0        341          0         30          4
105        141         31          0       1985          0        343          0         29          5
106        141         29          0       1987          0        343          0         28          5
107        141         27          0       1989          0        343          0         26          5
108        141         26          0       1990          0        343          0         26          5
109        141         22          0       1993          0        344          0         22          4
110        141         20          0       1995          0        344          0         20          4
111        141         16          0       1999          0        344          0         16          4
112        141         16          0       1999          0        344          0         16          4
113        141         15          0       2000          0        344          0         15          4
114        141         13          0       2000          0        346          0         13          4
115        141         11          0       2002          0        346          0         11          3
116        141         11          0       2002          0        346          0         11          3
117        140          9          0       2004          0        347          0          8          3
118        140          8          0       2005          0        347          0          7          2
119        140          8          0       2005          0        347          0          7          2
120        139          7          0       2007          0        347          0          5          1
121        138          7          0       2008          0        347          0          4          1
122        138          7          0       2008          0        347          0          4          1
123        137          6          0       2010          0        347          0          2          1
124        137          6          0       2010          0        347          0          3          1
125        137          6          0       2010          0        347          0          3          1
126        137          6          0       2010          0        347          0          3          1
127        136          7          0       2010          0        347          0          4          2
128        136          7          0       2010          0        347          0          5          2
129        136          6          0       2011          0        347          0          4          1
130        136          4          0       2013          0        347          0          3          1
131        136          4          0       2013          0        347          0          3          1
132        136          4          0       2013          0        347          0          3          1
133        136          4          0       2013          0        347          0          3          1
134        136          4          0       2013          0        347          0          4          1
135        136          4          0       2013          0        347          0          4          1
136        136          4          0       2013          0        347          0          4          1
137        136          4          0       2013          0        347          0          4          1
138        136          4          0       2013          0        347          0          4          1
139        136          4          0       2013          0        347          0          4          1
140        136          4          0       2013          0        347          0          4          1
141        136          4          0       2013          0        347          0          4          1
142        136          4          0       2013          0        347          0          4          1
143        136          4          0       2013          0        347          0          4          1
144        135          5          0       2013          0        347          0          4          1
145        135          5          0       2013          0        347          0          4          1
146        135          5          0       2013          0        347          0          4          1
147        135          5          0       2013          0        347          0          4          1
148        135          5          0       2013          0        347          0          4          1
149        135          5          0       2013          0        347          0          4          1
150        135          5          0       2013          0        347          0          4          1
--- ---------- ---------- ---------- ---------- ---------- ---------- ---------- ---------- ----------

Tipo 4
Día     Sanos  Infectados Importados    Curados Desinmuniz    Muertos Inf.Indire   Enfermos Hospitaliz
--- ---------- ---------- ---------- ---------- ---------- ---------- ---------- ---------- ----------
  1       6999          1          0          0          0          0          0          0          0
  2       6999          1          0          0          0          0          0          0          0
  3       6999          1          0          0          0          0          0          0          0
  4       6999          1          0          0          0          0          0          0          0
  5       6999          1          0          0          0          0          0          0          0
  6       6999          1          0          0          0          0          0          0          0
  7       6999          1          0          0          0          0          0          0          0
  8       6998          2          0          0          0          0          0          0          0
  9       6997          3          0          0          0          0          0          0          0
 10       6994          6          0          0          0          0          0          0          0
 11       6960         40          0          0          0          0          0          0          0
 12       6909         91          0          0          0          0          0          0          0
 13       6864        136          0          0          0          0          0          0          0
 14       6852        148          0          0          0          0          0          0          0
 15       6778        222          0          0          0          0          0          1          1
 16       6746        254          0          0          0          0          0          2          1
 17       6696        304          0          0          0          0          0          5          1
 18       6644        356          0          0          0          0          0         39          1
 19       6585        415          0          0          0          0          0         90         10
 20       6550        449          0          1          0          0          0        135         15
 21       6495        504          0          1          0          0          0        147         18
 22       6305        692          0          2          0          1          0        218         27
 23       6220        777          0          2          0          1          0        250         30
 24       6133        863          0          2          0          2          0        299         33
 25       6095        899          0          4          0          2          0        350         37
 26       6051        941          0          6          0          2          0        407         39
 27       5997        991          0          9          0          3          0        438         41
 28       5918       1067          0         12          0          3          0        490         46
 29       5836       1139          0         18          0          7          0        669         62
 30       5781       1184          0         25          0         10          0        744         72
 31       5720       1230          0         39          0         11          0        817         79
 32       5654       1287          0         45          0         14          0        846         82
 33       5572       1360          0         52          0         16          0        881         85
 34       5484       1435          0         62          0         19          0        922         91
 35       5390       1508          0         75          0         27          0        980         98
 36       5296       1584          0         89          0         31          0       1044        102
 37       5181       1677          0        107          0         35          0       1078        104
 38       5050       1783          0        124          0         43          0       1113        111
 39       4906       1893          0        150          0         51          0       1145        116
 40       4748       2022          0        170          0         60          0       1198        120
 41       4587       2151          0        193          0         69          0       1254        128
 42       4425       2260          0        233          0         82          0       1295        132
 43       4244       2385          0        265          0        106          0       1333        140
 44       4111       2455          0        312          0        122          0       1385        147
 45       3952       2563          0        348          0        137          0       1465        159
 46       3793       2655          0        400          0        152          0       1542        175
 47       3637       2754          0        443          0        166          0       1643        187
 48       3501       2832          0        481          0        186          0       1746        203
 49       3378       2891          0        526          0        205          0       1844        213
 50       3253       2943          0        584          0        220          0       1952        224
 51       3122       3018          0        621          0        239          0       2029        236
 52       3006       3061          0        671          0        262          0       2115        242
 53       2909       3039          0        751          0        301          0       2155        252
 54       2806       3056          0        807          0        331          0       2225        253
 55       2720       3047          0        869          0        364          0       2266        250
 56       2647       3059          0        914          0        380          0       2329        258
 57       2564       3068          0        964          0        404          0       2380        266
 58       2490       3073          0       1014          0        423          0       2442        275
 59       2436       3045          0       1071          0        448          0       2475        273
 60       2375       3004          0       1133          0        488          0       2471        279
 61       2300       2979          0       1211          0        510          0       2473        280
 62       2248       2923          0       1283          0        546          0       2451        277
 63       2199       2875          0       1353          0        573          0       2428        271
 64       2162       2807          0       1423          0        608          0       2405        266
 65       2122       2719          0       1522          0        637          0       2351        258
 66       2092       2629          0       1606          0        673          0       2285        250
 67       2058       2545          0       1691          0        706          0       2229        250
 68       2018       2464          0       1780          0        738          0       2182        242
 69       1977       2378          0       1879          0        766          0       2107        239
 70       1957       2262          0       1980          0        801          0       2020        227
 71       1940       2125          0       2079          0        856          0       1903        216
 72       1915       2009          0       2178          0        898          0       1802        209
 73       1894       1866          0       2300          0        940          0       1668        198
 74       1870       1741          0       2395          0        994          0       1554        181
 75       1853       1641          0       2486          0       1020          0       1477        175
 76       1846       1527          0       2576          0       1051          0       1396        161
 77       1829       1410          0       2670          0       1091          0       1282        146
 78       1812       1315          0       2752          0       1121          0       1187        134
 79       1799       1221          0       2827          0       1153          0       1105        121
 80       1790       1128          0       2900          0       1182          0       1024        114
 81       1787       1032          0       2967          0       1214          0        949        107
 82       1779        945          0       3032          0       1244          0        871         95
 83       1771        854          0       3098          0       1277          0        779         86
 84       1764        775          0       3156          0       1305          0        710         75
 85       1757        720          0       3198          0       1325          0        665         69
 86       1749        655          0       3250          0       1346          0        605         64
 87       1746        604          0       3286          0       1364          0        560         63
 88       1742        554          0       3318          0       1386          0        509         59
 89       1737        502          0       3360          0       1401          0        460         54
 90       1735        467          0       3389          0       1409          0        431         50
 91       1726        435          0       3419          0       1420          0        397         48
 92       1724        388          0       3455          0       1433          0        355         40
 93       1721        360          0       3477          0       1442          0        332         36
 94       1716        330          0       3501          0       1453          0        300         35
 95       1712        310          0       3519          0       1459          0        280         33
 96       1707        283          0       3544          0       1466          0        253         29
 97       1705        264          0       3558          0       1473          0        234         23
 98       1700        245          0       3577          0       1478          0        219         21
 99       1698        220          0       3595          0       1487          0        194         19
100       1692        204          0       3611          0       1493          0        175         16
101       1691        189          0       3620          0       1500          0        164         17
102       1690        172          0       3629          0       1509          0        150         13
103       1686        163          0       3639          0       1512          0        142         11
104       1685        146          0       3651          0       1518          0        126         10
105       1684        133          0       3662          0       1521          0        117          9
106       1683        121          0       3672          0       1524          0        106          9
107       1682        116          0       3677          0       1525          0        106         10
108       1681        101          0       3686          0       1532          0         91          8
109       1678         96          0       3692          0       1534          0         84          8
110       1677         92          0       3695          0       1536          0         83          8
111       1676         90          0       3696          0       1538          0         81          8
112       1676         86          0       3699          0       1539          0         78          7
113       1674         83          0       3704          0       1539          0         74          5
114       1672         78          0       3707          0       1543          0         68          4
115       1671         73          0       3711          0       1545          0         63          3
116       1669         69          0       3716          0       1546          0         60          3
117       1669         64          0       3720          0       1547          0         56          2
118       1668         59          0       3725          0       1548          0         51          2
119       1668         56          0       3726          0       1550          0         48          2
120       1668         54          0       3727          0       1551          0         48          2
121       1667         52          0       3729          0       1552          0         47          3
122       1667         43          0       3736          0       1554          0         39          3
123       1665         44          0       3737          0       1554          0         40          3
124       1665         39          0       3739          0       1557          0         35          2
125       1664         36          0       3741          0       1559          0         32          2
126       1664         34          0       3742          0       1560          0         30          2
127       1664         30          0       3745          0       1561          0         26          2
128       1664         28          0       3747          0       1561          0         25          2
129       1663         28          0       3748          0       1561          0         24          2
130       1663         26          0       3749          0       1562          0         24          2
131       1663         22          0       3752          0       1563          0         20          1
132       1662         22          0       3753          0       1563          0         20          1
133       1662         22          0       3753          0       1563          0         20          1
134       1662         19          0       3755          0       1564          0         17          1
135       1662         18          0       3756          0       1564          0         16          1
136       1661         18          0       3756          0       1565          0         16          1
137       1661         16          0       3758          0       1565          0         14          1
138       1661         14          0       3758          0       1567          0         12          1
139       1661         13          0       3759          0       1567          0         12          1
140       1661         13          0       3759          0       1567          0         12          1
141       1661         13          0       3759          0       1567          0         12          1
142       1660         13          0       3760          0       1567          0         11          1
143       1659         14          0       3760          0       1567          0         12          1
144       1659         12          0       3762          0       1567          0         10          1
145       1659         10          0       3764          0       1567          0          8          0
146       1658          9          0       3766          0       1567          0          6          0
147       1657         10          0       3766          0       1567          0          6          0
148       1656         11          0       3766          0       1567          0          6          0
149       1656          9          0       3767          0       1568          0          5          0
150       1656          9          0       3767          0       1568          0          6          0
--- ---------- ---------- ---------- ---------- ---------- ---------- ---------- ---------- ----------

