15/04/2020 10:11:26

Cambio de condiciones el día 0
Fichero de grupos            C:\Contagio\Casos\grupos_gi.ggg
Número de clusters           50
No hay próximos cambios

                        - Edad-      %     % Factor B    Días         %      Num.Pasos      %                          %      Individuos 
Grupo            Género Min Max   Gravedad   Contagio  Duración    Curación   Min   Max Individuos   Individuos     clusters    cluster  
---------------- ------ --- --- ---------- ---------- ---------- ---------- ----- ----- ---------- ------------ ------------ ------------
nene                  0   0   4     100,00       2,00      30,00     100,00    70    90       4,00            0          4,0           40
menor                 1   5  19     100,00       4,00      30,00     100,00    80   120      15,00            0         15,0           60
adulto                2  20  64     100,00      30,00      30,00      98,00    80   120      62,00            0         62,0          100
jubilado              3  65  69     100,00    4500,00      30,00      85,00    80   120       5,00            0          5,0           50
mayor                 4  70 150     100,00    2000,00      30,00      70,00    20    30      14,00            0         14,0           40
---------------- ------ --- --- ---------- ---------- ---------- ---------- ----- ----- ---------- ------------ ------------ ------------

Situación inicial

Cluster GID Grupo                Individuos     Sanos  Infectados    Curados Desinmuniz    Muertos
------- --- -------------------- ---------- ---------- ---------- ---------- ---------- ----------
      1   0 nene                         40         40          0          0          0          0
      2   0 nene                         40         40          0          0          0          0
      3   1 menor                        60         60          0          0          0          0
      4   1 menor                        60         60          0          0          0          0
      5   1 menor                        60         60          0          0          0          0
      6   1 menor                        60         60          0          0          0          0
      7   1 menor                        60         60          0          0          0          0
      8   1 menor                        60         60          0          0          0          0
      9   1 menor                        60         60          0          0          0          0
     10   2 adulto                      100        100          0          0          0          0
     11   2 adulto                      100        100          0          0          0          0
     12   2 adulto                      100        100          0          0          0          0
     13   2 adulto                      100        100          0          0          0          0
     14   2 adulto                      100        100          0          0          0          0
     15   2 adulto                      100        100          0          0          0          0
     16   2 adulto                      100        100          0          0          0          0
     17   2 adulto                      100        100          0          0          0          0
     18   2 adulto                      100        100          0          0          0          0
     19   2 adulto                      100         99          1          0          0          0
     20   2 adulto                      100        100          0          0          0          0
     21   2 adulto                      100        100          0          0          0          0
     22   2 adulto                      100        100          0          0          0          0
     23   2 adulto                      100        100          0          0          0          0
     24   2 adulto                      100        100          0          0          0          0
     25   2 adulto                      100        100          0          0          0          0
     26   2 adulto                      100        100          0          0          0          0
     27   2 adulto                      100        100          0          0          0          0
     28   2 adulto                      100        100          0          0          0          0
     29   2 adulto                      100        100          0          0          0          0
     30   2 adulto                      100        100          0          0          0          0
     31   2 adulto                      100        100          0          0          0          0
     32   2 adulto                      100        100          0          0          0          0
     33   2 adulto                      100        100          0          0          0          0
     34   2 adulto                      100        100          0          0          0          0
     35   2 adulto                      100        100          0          0          0          0
     36   2 adulto                      100        100          0          0          0          0
     37   2 adulto                      100        100          0          0          0          0
     38   2 adulto                      100        100          0          0          0          0
     39   2 adulto                      100        100          0          0          0          0
     40   2 adulto                      100        100          0          0          0          0
     41   3 jubilado                     50         50          0          0          0          0
     42   3 jubilado                     50         50          0          0          0          0
     43   4 mayor                        40         40          0          0          0          0
     44   4 mayor                        40         40          0          0          0          0
     45   4 mayor                        40         40          0          0          0          0
     46   4 mayor                        40         40          0          0          0          0
     47   4 mayor                        40         40          0          0          0          0
     48   4 mayor                        40         40          0          0          0          0
     49   4 mayor                        40         40          0          0          0          0
------- --- -------------------- ---------- ---------- ---------- ---------- ---------- ----------
                                       3980       3979          1          0          0          0

Situación final

                                                       -------------- Dentro y fuera ------------- -------- Dentro -----      %
Cluster GID Grupo                Individuos      Sanos Infectados    Curados Desinmuniz    Muertos   Intentos Infectados   Aciertos
------- --- -------------------- ---------- ---------- ---------- ---------- ---------- ---------- ---------- ---------- ----------
      1   0 nene                         40         40          0          0          0          0          0          0       0,00
      2   0 nene                         40         36          0          4          0          0       7569          1       0,01
      3   1 menor                        60         23          4         33          0          0      59055         36       0,06
      4   1 menor                        60         59          0          1          0          0       2242          0       0,00
      5   1 menor                        60         60          0          0          0          0          0          0       0,00
      6   1 menor                        60         59          0          1          0          0       3422          0       0,00
      7   1 menor                        60         60          0          0          0          0          0          0       0,00
      8   1 menor                        60         60          0          0          0          0          0          0       0,00
      9   1 menor                        60         60          0          0          0          0          0          0       0,00
     10   2 adulto                      100          0          0         97          0          3      14644         97       0,66
     11   2 adulto                      100          0          0        100          0          0       9842         98       1,00
     12   2 adulto                      100          0          0         99          0          1      12083         99       0,82
     13   2 adulto                      100          0          0         97          0          3      11569         97       0,84
     14   2 adulto                      100          0          0         98          0          2      11060         98       0,89
     15   2 adulto                      100          0          0         97          0          3      12660         97       0,77
     16   2 adulto                      100          0          0         97          0          3      10183         98       0,96
     17   2 adulto                      100          0          0         99          0          1      13091         96       0,73
     18   2 adulto                      100          0          0         98          0          2      10884         97       0,89
     19   2 adulto                      100          0          0         97          0          3      11023         99       0,90
     20   2 adulto                      100          0          0        100          0          0      13404         97       0,72
     21   2 adulto                      100          0          0         99          0          1      11712         98       0,84
     22   2 adulto                      100          0          0        100          0          0       9793         99       1,01
     23   2 adulto                      100          0          0         96          0          4      12874         94       0,73
     24   2 adulto                      100          0          0         97          0          3      12372         99       0,80
     25   2 adulto                      100          0          0         95          0          5      14447         96       0,66
     26   2 adulto                      100          0          0        100          0          0      10701         94       0,88
     27   2 adulto                      100          0          0         96          0          4      13128         97       0,74
     28   2 adulto                      100          0          0         97          0          3      11149         92       0,83
     29   2 adulto                      100          0          0         97          0          3      10949         99       0,90
     30   2 adulto                      100          0          0         98          0          2      11027         99       0,90
     31   2 adulto                      100          0          0         99          0          1      12042         99       0,82
     32   2 adulto                      100          0          0         99          0          1      11021         96       0,87
     33   2 adulto                      100          0          0         97          0          3      12144         97       0,80
     34   2 adulto                      100          0          0         99          0          1      12044         97       0,81
     35   2 adulto                      100          0          0         98          0          2      10525         93       0,88
     36   2 adulto                      100          0          0         99          0          1       9226         98       1,06
     37   2 adulto                      100          0          0         97          0          3      11609         95       0,82
     38   2 adulto                      100          0          0         99          0          1      11882         98       0,82
     39   2 adulto                      100          0          0         95          0          5      10518         98       0,93
     40   2 adulto                      100          0          0         97          0          3       9988         96       0,96
     41   3 jubilado                     50          0          0         44          0          6         49         49     100,00
     42   3 jubilado                     50          0          0         42          0          8         49         49     100,00
     43   4 mayor                        40          0          0         28          0         12         58         39      67,24
     44   4 mayor                        40          0          0         29          0         11         73         39      53,42
     45   4 mayor                        40          0          0         28          0         12         70         38      54,29
     46   4 mayor                        40          0          0         27          0         13         64         38      59,38
     47   4 mayor                        40          0          0         25          0         15         79         39      49,37
     48   4 mayor                        40          0          0         27          0         13         61         39      63,93
     49   4 mayor                        40          0          0         30          0         10         60         37      61,67
------- --- -------------------- ---------- ---------- ---------- ---------- ---------- ---------- ---------- ---------- ----------
                                       3980        457          4       3352          0        167     432445       3411       0,79

Grupo   0 nene
      0      1      2      3      4      5      6      7      8      9     10     11     12     13     14     15     16     17     18     19     20     21     22     23     24     25     26     27     28     29
 ------ ------ ------ ------ ------ ------ ------ ------ ------ ------ ------ ------ ------ ------ ------ ------ ------ ------ ------ ------ ------ ------ ------ ------ ------ ------ ------ ------ ------ ------
 0,0000 0,0000 0,0000 0,0001 0,0003 0,0006 0,0010 0,0016 0,0024 0,0034 0,0046 0,0062 0,0080 0,0102 0,0127 0,0156 0,0189 0,0227 0,0270 0,0317 0,0370 0,0428 0,0492 0,0563 0,0639 0,0723 0,0813 0,0910 0,1015 0,1128
Número infectados                                 11
Número intentos fin infección                    286
Número finales de infección                       11       3,85
Número finales curacion                           11     100,00
Número finales muerte                              0       0,00
Total infecciones                                  7
Total infecciones por curados                      7
Total infecciones por muertos                      0
Total infectadores curados                        11
Total infectadores muertos                         0
Total pasos                                9.469.115
Total recorridos                             119.085
Total distancia recorrida                  5.808.506
Contactos de riesgo                           23.853
Máximo de contagios por 1 individuo                2
Mínimo de contagios por 1 individuo                0
Falso (R0) curados                            0,6364
Falso (R0) muertos                            0,0000

Grupo   1 menor
      0      1      2      3      4      5      6      7      8      9     10     11     12     13     14     15     16     17     18     19     20     21     22     23     24     25     26     27     28     29
 ------ ------ ------ ------ ------ ------ ------ ------ ------ ------ ------ ------ ------ ------ ------ ------ ------ ------ ------ ------ ------ ------ ------ ------ ------ ------ ------ ------ ------ ------
 0,0000 0,0000 0,0000 0,0001 0,0003 0,0006 0,0010 0,0016 0,0024 0,0034 0,0046 0,0062 0,0080 0,0102 0,0127 0,0156 0,0189 0,0227 0,0270 0,0317 0,0370 0,0428 0,0492 0,0563 0,0639 0,0723 0,0813 0,0910 0,1015 0,1128
Número infectados                                107
Número intentos fin infección                  2.794
Número finales de infección                      103       3,69
Número finales curacion                          103     100,00
Número finales muerte                              0       0,00
Total infecciones                                 77
Total infecciones por curados                     72
Total infecciones por muertos                      0
Total infectadores curados                       103
Total infectadores muertos                         0
Total pasos                               44.150.067
Total recorridos                             443.643
Total distancia recorrida                 26.988.922
Contactos de riesgo                           77.718
Máximo de contagios por 1 individuo                4
Mínimo de contagios por 1 individuo                0
Falso (R0) curados                            0,6990
Falso (R0) muertos                            0,0000

Grupo   2 adulto
      0      1      2      3      4      5      6      7      8      9     10     11     12     13     14     15     16     17     18     19     20     21     22     23     24     25     26     27     28     29
 ------ ------ ------ ------ ------ ------ ------ ------ ------ ------ ------ ------ ------ ------ ------ ------ ------ ------ ------ ------ ------ ------ ------ ------ ------ ------ ------ ------ ------ ------
 0,0000 0,0000 0,0000 0,0001 0,0003 0,0006 0,0010 0,0016 0,0024 0,0034 0,0046 0,0062 0,0080 0,0102 0,0127 0,0156 0,0189 0,0227 0,0270 0,0317 0,0370 0,0428 0,0492 0,0563 0,0639 0,0723 0,0813 0,0910 0,1015 0,1128
Número infectados                              4.407
Número intentos fin infección                118.028
Número finales de infección                    4.403       3,73
Número finales curacion                        4.313      97,96
Número finales muerte                             90       2,04
Total infecciones                              5.890
Total infecciones por curados                  5.781
Total infecciones por muertos                    108
Total infectadores curados                     4.313
Total infectadores muertos                        90
Total pasos                              147.496.953
Total recorridos                           1.482.374
Total distancia recorrida                 90.276.103
Contactos de riesgo                          194.114
Máximo de contagios por 1 individuo               16
Mínimo de contagios por 1 individuo                0
Falso (R0) curados                            1,3404
Falso (R0) muertos                            1,2000

Grupo   3 jubilado
      0      1      2      3      4      5      6      7      8      9     10     11     12     13     14     15     16     17     18     19     20     21     22     23     24     25     26     27     28     29
 ------ ------ ------ ------ ------ ------ ------ ------ ------ ------ ------ ------ ------ ------ ------ ------ ------ ------ ------ ------ ------ ------ ------ ------ ------ ------ ------ ------ ------ ------
 0,0000 0,0000 0,0000 0,0001 0,0003 0,0006 0,0010 0,0016 0,0024 0,0034 0,0046 0,0062 0,0080 0,0102 0,0127 0,0156 0,0189 0,0227 0,0270 0,0317 0,0370 0,0428 0,0492 0,0563 0,0639 0,0723 0,0813 0,0910 0,1015 0,1128
Número infectados                                951
Número intentos fin infección                 25.781
Número finales de infección                      950       3,68
Número finales curacion                          814      85,68
Número finales muerte                            136      14,32
Total infecciones                                744
Total infecciones por curados                    637
Total infecciones por muertos                    107
Total infectadores curados                       814
Total infectadores muertos                       136
Total pasos                                6.925.118
Total recorridos                              69.639
Total distancia recorrida                  4.239.098
Contactos de riesgo                            1.367
Máximo de contagios por 1 individuo               51
Mínimo de contagios por 1 individuo                0
Falso (R0) curados                            0,7826
Falso (R0) muertos                            0,7868

Grupo   4 mayor
      0      1      2      3      4      5      6      7      8      9     10     11     12     13     14     15     16     17     18     19     20     21     22     23     24     25     26     27     28     29
 ------ ------ ------ ------ ------ ------ ------ ------ ------ ------ ------ ------ ------ ------ ------ ------ ------ ------ ------ ------ ------ ------ ------ ------ ------ ------ ------ ------ ------ ------
 0,0000 0,0000 0,0000 0,0001 0,0003 0,0006 0,0010 0,0016 0,0024 0,0034 0,0046 0,0062 0,0080 0,0102 0,0127 0,0156 0,0189 0,0227 0,0270 0,0317 0,0370 0,0428 0,0492 0,0563 0,0639 0,0723 0,0813 0,0910 0,1015 0,1128
Número infectados                              2.138
Número intentos fin infección                 57.816
Número finales de infección                    2.138       3,70
Número finales curacion                        1.494      69,88
Número finales muerte                            644      30,12
Total infecciones                                886
Total infecciones por curados                    653
Total infecciones por muertos                    233
Total infectadores curados                     1.494
Total infectadores muertos                       644
Total pasos                                6.037.602
Total recorridos                             246.488
Total distancia recorrida                  3.697.761
Contactos de riesgo                            5.327
Máximo de contagios por 1 individuo               40
Mínimo de contagios por 1 individuo                0
Falso (R0) curados                            0,4371
Falso (R0) muertos                            0,3618

