Tipo 0
Día     Sanos  Infectados Importados    Curados Desinmuniz    Muertos Inf.Indire   Enfermos Hospitaliz
--- ---------- ---------- ---------- ---------- ---------- ---------- ---------- ---------- ----------
  1        800          0          0          0          0          0          0          0          0
  2        800          0          0          0          0          0          0          0          0
  3        800          0          0          0          0          0          0          0          0
  4        800          0          0          0          0          0          0          0          0
  5        800          0          0          0          0          0          0          0          0
  6        800          0          0          0          0          0          0          0          0
  7        800          0          0          0          0          0          0          0          0
  8        800          0          0          0          0          0          0          0          0
  9        800          0          0          0          0          0          0          0          0
 10        800          0          0          0          0          0          0          0          0
 11        800          0          0          0          0          0          0          0          0
 12        800          0          0          0          0          0          0          0          0
 13        800          0          0          0          0          0          0          0          0
 14        800          0          0          0          0          0          0          0          0
 15        799          1          0          0          0          0          0          0          0
 16        799          1          0          0          0          0          0          0          0
 17        799          1          0          0          0          0          0          0          0
 18        799          1          0          0          0          0          0          0          0
 19        799          1          0          0          0          0          0          0          0
 20        799          1          0          0          0          0          0          0          0
 21        799          1          0          0          0          0          0          0          0
 22        799          1          0          0          0          0          0          1          0
 23        799          1          0          0          0          0          0          1          0
 24        799          1          0          0          0          0          0          1          0
 25        799          1          0          0          0          0          0          1          0
 26        799          1          0          0          0          0          0          1          0
 27        799          1          0          0          0          0          0          1          0
 28        799          1          0          0          0          0          0          1          0
 29        799          1          0          0          0          0          0          1          0
 30        799          1          0          0          0          0          0          1          0
 31        798          2          0          0          0          0          0          1          0
 32        796          4          0          0          0          0          0          1          0
 33        796          4          0          0          0          0          0          1          0
 34        796          4          0          0          0          0          0          1          0
 35        796          4          0          0          0          0          0          1          0
 36        795          5          0          0          0          0          0          1          0
 37        795          5          0          0          0          0          0          1          0
 38        795          4          0          1          0          0          0          1          1
 39        795          4          0          1          0          0          0          3          1
 40        795          4          0          1          0          0          0          3          1
 41        795          4          0          1          0          0          0          3          1
 42        795          4          0          1          0          0          0          3          1
 43        795          4          0          1          0          0          0          4          1
 44        795          4          0          1          0          0          0          4          1
 45        794          5          0          1          0          0          0          4          1
 46        794          5          0          1          0          0          0          4          1
 47        793          6          0          1          0          0          0          4          1
 48        793          6          0          1          0          0          0          4          1
 49        792          7          0          1          0          0          0          4          1
 50        792          7          0          1          0          0          0          4          1
 51        792          7          0          1          0          0          0          4          1
 52        792          7          0          1          0          0          0          5          1
 53        792          7          0          1          0          0          0          5          1
 54        792          7          0          1          0          0          0          6          1
 55        792          7          0          1          0          0          0          6          1
 56        792          7          0          1          0          0          0          7          1
 57        792          7          0          1          0          0          0          7          1
 58        792          7          0          1          0          0          0          7          1
 59        792          7          0          1          0          0          0          7          1
 60        792          7          0          1          0          0          0          7          1
 61        792          7          0          1          0          0          0          7          1
 62        792          6          0          2          0          0          0          6          0
 63        792          3          0          5          0          0          0          3          0
 64        791          4          0          5          0          0          0          3          0
 65        791          4          0          5          0          0          0          3          0
 66        791          4          0          5          0          0          0          3          0
 67        791          4          0          5          0          0          0          3          0
 68        791          4          0          5          0          0          0          3          0
 69        791          4          0          5          0          0          0          3          0
 70        791          4          0          5          0          0          0          3          0
 71        791          4          0          5          0          0          0          4          0
 72        791          4          0          5          0          0          0          4          0
 73        791          4          0          5          0          0          0          4          0
 74        791          4          0          5          0          0          0          4          0
 75        791          4          0          5          0          0          0          4          0
 76        791          2          0          7          0          0          0          2          0
 77        791          1          0          8          0          0          0          1          0
 78        791          1          0          8          0          0          0          1          0
 79        791          1          0          8          0          0          0          1          0
 80        791          1          0          8          0          0          0          1          0
 81        791          1          0          8          0          0          0          1          0
 82        791          1          0          8          0          0          0          1          0
 83        791          1          0          8          0          0          0          1          0
 84        791          1          0          8          0          0          0          1          0
 85        791          1          0          8          0          0          0          1          0
 86        791          1          0          8          0          0          0          1          0
 87        791          1          0          8          0          0          0          1          0
 88        791          1          0          8          0          0          0          1          0
 89        791          1          0          8          0          0          0          1          0
 90        791          1          0          8          0          0          0          1          0
 91        791          1          0          8          0          0          0          1          0
 92        791          1          0          8          0          0          0          1          0
 93        791          0          0          9          0          0          0          0          0
 94        791          0          0          9          0          0          0          0          0
 95        790          1          0          9          0          0          0          0          0
 96        790          1          0          9          0          0          0          0          0
 97        790          1          0          9          0          0          0          0          0
 98        790          1          0          9          0          0          0          0          0
 99        790          1          0          9          0          0          0          0          0
100        790          1          0          9          0          0          0          0          0
101        790          1          0          9          0          0          0          0          0
102        790          1          0          9          0          0          0          1          0
103        790          1          0          9          0          0          0          1          0
104        790          1          0          9          0          0          0          1          0
105        790          1          0          9          0          0          0          1          0
106        790          1          0          9          0          0          0          1          0
107        790          1          0          9          0          0          0          1          0
108        790          1          0          9          0          0          0          1          0
109        790          1          0          9          0          0          0          1          0
110        790          1          0          9          0          0          0          1          0
111        790          1          0          9          0          0          0          1          0
112        790          1          0          9          0          0          0          1          0
113        790          1          0          9          0          0          0          1          0
114        790          0          0         10          0          0          0          0          0
115        790          0          0         10          0          0          0          0          0
116        790          0          0         10          0          0          0          0          0
117        790          0          0         10          0          0          0          0          0
118        790          0          0         10          0          0          0          0          0
119        790          0          0         10          0          0          0          0          0
120        790          0          0         10          0          0          0          0          0
121        790          0          0         10          0          0          0          0          0
122        790          0          0         10          0          0          0          0          0
123        790          0          0         10          0          0          0          0          0
124        790          0          0         10          0          0          0          0          0
125        790          0          0         10          0          0          0          0          0
126        790          0          0         10          0          0          0          0          0
127        790          0          0         10          0          0          0          0          0
128        790          0          0         10          0          0          0          0          0
129        790          0          0         10          0          0          0          0          0
130        790          0          0         10          0          0          0          0          0
131        790          0          0         10          0          0          0          0          0
132        790          0          0         10          0          0          0          0          0
133        790          0          0         10          0          0          0          0          0
134        790          0          0         10          0          0          0          0          0
135        790          0          0         10          0          0          0          0          0
136        790          0          0         10          0          0          0          0          0
137        790          0          0         10          0          0          0          0          0
138        790          0          0         10          0          0          0          0          0
139        790          0          0         10          0          0          0          0          0
140        790          0          0         10          0          0          0          0          0
141        790          0          0         10          0          0          0          0          0
142        790          0          0         10          0          0          0          0          0
143        790          0          0         10          0          0          0          0          0
144        790          0          0         10          0          0          0          0          0
145        790          0          0         10          0          0          0          0          0
146        790          0          0         10          0          0          0          0          0
147        790          0          0         10          0          0          0          0          0
148        790          0          0         10          0          0          0          0          0
149        790          0          0         10          0          0          0          0          0
150        790          0          0         10          0          0          0          0          0
--- ---------- ---------- ---------- ---------- ---------- ---------- ---------- ---------- ----------

Tipo 1
Día     Sanos  Infectados Importados    Curados Desinmuniz    Muertos Inf.Indire   Enfermos Hospitaliz
--- ---------- ---------- ---------- ---------- ---------- ---------- ---------- ---------- ----------
  1       2997          3          0          0          0          0          0          0          0
  2       2997          3          0          0          0          0          0          0          0
  3       2997          3          0          0          0          0          0          0          0
  4       2997          3          0          0          0          0          0          0          0
  5       2997          3          0          0          0          0          0          0          0
  6       2997          3          0          0          0          0          0          0          0
  7       2997          3          0          0          0          0          0          0          0
  8       2997          3          0          0          0          0          0          0          0
  9       2997          3          0          0          0          0          0          0          0
 10       2997          3          0          0          0          0          0          0          0
 11       2997          3          0          0          0          0          0          0          0
 12       2997          3          0          0          0          0          0          0          0
 13       2997          3          0          0          0          0          0          0          0
 14       2997          3          0          0          0          0          0          0          0
 15       2997          3          0          0          0          0          0          0          0
 16       2996          4          0          0          0          0          0          0          0
 17       2994          6          0          0          0          0          0          0          0
 18       2992          7          0          1          0          0          0          0          0
 19       2992          7          0          1          0          0          0          0          0
 20       2992          7          0          1          0          0          0          0          0
 21       2992          7          0          1          0          0          0          0          0
 22       2992          7          0          1          0          0          0          0          0
 23       2992          7          0          1          0          0          0          1          0
 24       2992          7          0          1          0          0          0          3          0
 25       2991          8          0          1          0          0          0          5          0
 26       2991          8          0          1          0          0          0          5          0
 27       2991          8          0          1          0          0          0          5          0
 28       2990          8          0          2          0          0          0          5          0
 29       2987         11          0          2          0          0          0          5          0
 30       2987         11          0          2          0          0          0          5          0
 31       2987         10          0          3          0          0          0          4          0
 32       2986         10          0          4          0          0          0          5          0
 33       2983         13          0          4          0          0          0          5          0
 34       2982         13          0          5          0          0          0          4          0
 35       2978         17          0          5          0          0          0          5          0
 36       2976         18          0          6          0          0          0          7          1
 37       2972         22          0          6          0          0          0          7          1
 38       2968         26          0          6          0          0          0          7          1
 39       2963         30          0          7          0          0          0          7          0
 40       2959         34          0          7          0          0          0         10          0
 41       2956         37          0          7          0          0          0         11          0
 42       2950         42          0          8          0          0          0         14          1
 43       2947         45          0          8          0          0          0         16          1
 44       2943         49          0          8          0          0          0         20          2
 45       2939         52          0          9          0          0          0         23          3
 46       2936         55          0          9          0          0          0         28          3
 47       2936         54          0         10          0          0          0         31          3
 48       2933         56          0         11          0          0          0         33          3
 49       2930         58          0         12          0          0          0         38          2
 50       2928         60          0         12          0          0          0         41          3
 51       2922         65          0         13          0          0          0         44          4
 52       2922         63          0         15          0          0          0         46          5
 53       2921         64          0         15          0          0          0         49          5
 54       2916         69          0         15          0          0          0         49          5
 55       2913         72          0         15          0          0          0         52          5
 56       2912         72          0         16          0          0          0         54          6
 57       2909         75          0         16          0          0          0         56          7
 58       2907         76          0         17          0          0          0         61          7
 59       2906         72          0         22          0          0          0         56          6
 60       2905         70          0         25          0          0          0         54          7
 61       2905         67          0         28          0          0          0         56          7
 62       2905         66          0         29          0          0          0         58          7
 63       2904         66          0         30          0          0          0         58          7
 64       2903         64          0         33          0          0          0         58          7
 65       2900         64          0         36          0          0          0         57          7
 66       2898         62          0         40          0          0          0         54          7
 67       2896         60          0         44          0          0          0         51          7
 68       2894         58          0         48          0          0          0         47          7
 69       2892         57          0         51          0          0          0         44          7
 70       2892         53          0         55          0          0          0         41          6
 71       2889         54          0         57          0          0          0         40          6
 72       2887         50          0         63          0          0          0         37          7
 73       2886         48          0         66          0          0          0         36          6
 74       2884         49          0         67          0          0          0         37          5
 75       2881         50          0         69          0          0          0         37          5
 76       2878         53          0         69          0          0          0         39          5
 77       2877         52          0         71          0          0          0         37          4
 78       2873         54          0         73          0          0          0         38          4
 79       2872         51          0         77          0          0          0         36          4
 80       2871         50          0         79          0          0          0         35          3
 81       2869         49          0         82          0          0          0         34          2
 82       2867         46          0         87          0          0          0         32          2
 83       2865         48          0         87          0          0          0         35          2
 84       2865         47          0         88          0          0          0         35          2
 85       2863         47          0         90          0          0          0         37          1
 86       2863         46          0         91          0          0          0         37          1
 87       2861         47          0         92          0          0          0         37          1
 88       2860         48          0         92          0          0          0         39          1
 89       2859         46          0         95          0          0          0         38          1
 90       2859         45          0         96          0          0          0         39          1
 91       2857         45          0         98          0          0          0         37          1
 92       2856         45          0         99          0          0          0         38          1
 93       2856         43          0        101          0          0          0         36          1
 94       2855         41          0        104          0          0          0         35          2
 95       2854         38          0        108          0          0          0         32          2
 96       2853         36          0        111          0          0          0         30          1
 97       2851         34          0        115          0          0          0         26          1
 98       2849         33          0        118          0          0          0         25          1
 99       2848         32          0        120          0          0          0         24          1
100       2848         32          0        120          0          0          0         24          1
101       2847         31          0        122          0          0          0         23          1
102       2845         32          0        123          0          0          0         23          1
103       2845         31          0        124          0          0          0         23          2
104       2845         30          0        125          0          0          0         24          2
105       2845         29          0        126          0          0          0         25          2
106       2845         28          0        127          0          0          0         25          2
107       2845         26          0        129          0          0          0         23          2
108       2845         23          0        132          0          0          0         21          2
109       2844         23          0        133          0          0          0         22          2
110       2844         22          0        134          0          0          0         21          2
111       2843         23          0        134          0          0          0         21          2
112       2841         23          0        136          0          0          0         19          2
113       2841         21          0        138          0          0          0         17          2
114       2840         21          0        139          0          0          0         16          2
115       2840         21          0        139          0          0          0         16          2
116       2840         20          0        140          0          0          0         16          2
117       2838         22          0        140          0          0          0         16          2
118       2837         21          0        142          0          0          0         15          1
119       2837         20          0        143          0          0          0         16          2
120       2836         21          0        143          0          0          0         16          2
121       2836         21          0        143          0          0          0         17          2
122       2836         19          0        145          0          0          0         15          2
123       2836         16          0        148          0          0          0         12          2
124       2834         17          0        149          0          0          0         13          1
125       2831         19          0        150          0          0          0         13          0
126       2829         21          0        150          0          0          0         13          0
127       2827         23          0        150          0          0          0         14          0
128       2826         22          0        152          0          0          0         12          0
129       2825         22          0        153          0          0          0         11          0
130       2824         22          0        154          0          0          0         10          0
131       2820         25          0        155          0          0          0         11          0
132       2818         26          0        156          0          0          0         13          1
133       2817         26          0        157          0          0          0         14          1
134       2817         26          0        157          0          0          0         16          1
135       2814         28          0        158          0          0          0         16          1
136       2813         28          0        159          0          0          0         16          1
137       2811         30          0        159          0          0          0         17          1
138       2811         29          0        160          0          0          0         20          3
139       2810         30          0        160          0          0          0         22          3
140       2810         29          0        161          0          0          0         22          3
141       2810         28          0        162          0          0          0         21          3
142       2810         27          0        163          0          0          0         23          4
143       2807         29          0        164          0          0          0         23          4
144       2805         31          0        164          0          0          0         25          4
145       2805         30          0        165          0          0          0         24          4
146       2805         27          0        168          0          0          0         22          3
147       2803         29          0        168          0          0          0         22          3
148       2802         29          0        169          0          0          0         21          3
149       2802         28          0        170          0          0          0         20          3
150       2801         28          0        171          0          0          0         22          4
--- ---------- ---------- ---------- ---------- ---------- ---------- ---------- ---------- ----------

Tipo 2
Día     Sanos  Infectados Importados    Curados Desinmuniz    Muertos Inf.Indire   Enfermos Hospitaliz
--- ---------- ---------- ---------- ---------- ---------- ---------- ---------- ---------- ----------
  1      12394          6          0          0          0          0          0          0          0
  2      12394          6          0          0          0          0          0          0          0
  3      12394          6          0          0          0          0          0          0          0
  4      12389         11          0          0          0          0          0          0          0
  5      12383         17          0          0          0          0          0          0          0
  6      12377         23          0          0          0          0          0          0          0
  7      12364         36          0          0          0          0          0          0          0
  8      12349         51          0          0          0          0          0          0          0
  9      12325         74          0          1          0          0          0          0          0
 10      12302         96          0          2          0          0          0          0          0
 11      12264        134          0          2          0          0          0          5          1
 12      12227        171          0          2          0          0          0         11          1
 13      12197        201          0          2          0          0          0         17          2
 14      12160        238          0          2          0          0          0         30          3
 15      12131        267          0          2          0          0          0         45          4
 16      12099        297          0          4          0          0          0         67          4
 17      12055        340          0          5          0          0          0         90          6
 18      12027        368          0          5          0          0          0        128          8
 19      11991        403          0          6          0          0          0        164          9
 20      11945        448          0          7          0          0          0        193         13
 21      11892        498          0         10          0          0          0        227         15
 22      11836        552          0         12          0          0          0        254         17
 23      11762        622          0         16          0          0          0        282         18
 24      11674        710          0         16          0          0          0        326         22
 25      11578        805          0         17          0          0          0        353         27
 26      11469        909          0         21          0          1          0        384         32
 27      11344       1030          0         25          0          1          0        426         36
 28      11197       1165          0         37          0          1          0        467         38
 29      11063       1287          0         49          0          1          0        511         42
 30      10921       1422          0         55          0          2          0        578         52
 31      10752       1578          0         68          0          2          0        657         55
 32      10588       1729          0         81          0          2          0        742         60
 33      10410       1882          0        105          0          3          0        825         66
 34      10229       2047          0        121          0          3          0        935         81
 35      10017       2239          0        141          0          3          0       1062         99
 36       9816       2414          0        166          0          4          0       1169        116
 37       9605       2600          0        190          0          5          0       1284        126
 38       9419       2761          0        214          0          6          0       1428        143
 39       9274       2871          0        249          0          6          0       1557        156
 40       9161       2942          0        291          0          6          0       1693        162
 41       9053       3009          0        331          0          7          0       1833        180
 42       8946       3067          0        380          0          7          0       1997        192
 43       8876       3089          0        427          0          8          0       2150        209
 44       8806       3095          0        488          0         11          0       2298        225
 45       8725       3137          0        526          0         12          0       2445        242
 46       8676       3121          0        587          0         16          0       2525        248
 47       8629       3090          0        661          0         20          0       2561        253
 48       8578       3073          0        728          0         21          0       2602        257
 49       8536       3038          0        803          0         23          0       2629        250
 50       8491       2995          0        889          0         25          0       2611        246
 51       8454       2933          0        987          0         26          0       2581        243
 52       8426       2851          0       1094          0         29          0       2552        240
 53       8399       2776          0       1196          0         29          0       2499        237
 54       8378       2659          0       1334          0         29          0       2408        226
 55       8361       2552          0       1455          0         32          0       2335        217
 56       8337       2432          0       1597          0         34          0       2234        209
 57       8313       2331          0       1715          0         41          0       2154        200
 58       8301       2213          0       1844          0         42          0       2060        193
 59       8282       2074          0       2000          0         44          0       1930        179
 60       8263       1957          0       2134          0         46          0       1821        170
 61       8243       1829          0       2280          0         48          0       1694        155
 62       8233       1683          0       2435          0         49          0       1555        135
 63       8219       1548          0       2581          0         52          0       1430        127
 64       8211       1428          0       2709          0         52          0       1326        126
 65       8199       1290          0       2858          0         53          0       1188        114
 66       8188       1180          0       2976          0         56          0       1086        103
 67       8181       1049          0       3112          0         58          0        967         91
 68       8170        938          0       3233          0         59          0        865         88
 69       8162        837          0       3339          0         62          0        766         81
 70       8154        742          0       3439          0         65          0        677         66
 71       8144        685          0       3502          0         69          0        618         64
 72       8133        620          0       3575          0         72          0        554         53
 73       8125        561          0       3640          0         74          0        498         48
 74       8119        518          0       3687          0         76          0        456         45
 75       8113        478          0       3732          0         77          0        421         43
 76       8107        433          0       3783          0         77          0        378         36
 77       8105        400          0       3817          0         78          0        351         34
 78       8102        372          0       3847          0         79          0        330         29
 79       8098        342          0       3881          0         79          0        307         27
 80       8096        314          0       3911          0         79          0        285         23
 81       8092        290          0       3937          0         81          0        263         23
 82       8089        263          0       3965          0         83          0        239         21
 83       8086        249          0       3980          0         85          0        228         20
 84       8077        235          0       4002          0         86          0        207         20
 85       8074        223          0       4017          0         86          0        195         20
 86       8070        213          0       4031          0         86          0        185         21
 87       8064        203          0       4047          0         86          0        171         19
 88       8062        180          0       4070          0         88          0        150         15
 89       8059        169          0       4083          0         89          0        139         12
 90       8055        163          0       4093          0         89          0        132         11
 91       8054        149          0       4107          0         90          0        126         11
 92       8053        140          0       4116          0         91          0        119          9
 93       8053        131          0       4125          0         91          0        114          9
 94       8051        122          0       4136          0         91          0        109          9
 95       8049        120          0       4140          0         91          0        107          8
 96       8048        110          0       4151          0         91          0         99          8
 97       8047        107          0       4155          0         91          0         99          8
 98       8047         97          0       4165          0         91          0         90          8
 99       8047         89          0       4173          0         91          0         83          8
100       8047         81          0       4181          0         91          0         75          6
101       8047         77          0       4185          0         91          0         73          6
102       8046         70          0       4193          0         91          0         67          5
103       8046         64          0       4197          0         93          0         62          5
104       8046         56          0       4204          0         94          0         55          5
105       8046         52          0       4208          0         94          0         51          5
106       8045         48          0       4213          0         94          0         46          5
107       8044         47          0       4215          0         94          0         44          5
108       8044         45          0       4217          0         94          0         42          4
109       8041         47          0       4218          0         94          0         42          4
110       8041         43          0       4222          0         94          0         38          4
111       8041         38          0       4226          0         95          0         33          4
112       8040         37          0       4228          0         95          0         31          3
113       8039         38          0       4228          0         95          0         32          3
114       8039         33          0       4233          0         95          0         28          2
115       8038         25          0       4242          0         95          0         19          1
116       8036         26          0       4243          0         95          0         21          2
117       8035         24          0       4246          0         95          0         18          1
118       8035         24          0       4246          0         95          0         18          1
119       8035         23          0       4247          0         95          0         18          1
120       8035         17          0       4253          0         95          0         13          1
121       8035         15          0       4255          0         95          0         11          1
122       8035         15          0       4255          0         95          0         12          1
123       8035         12          0       4258          0         95          0         11          1
124       8035         12          0       4258          0         95          0         12          1
125       8035         12          0       4258          0         95          0         12          1
126       8034         11          0       4260          0         95          0         10          1
127       8034         11          0       4260          0         95          0         10          1
128       8032         13          0       4260          0         95          0         10          1
129       8031         14          0       4260          0         95          0         10          1
130       8031         14          0       4260          0         95          0         10          1
131       8030         15          0       4260          0         95          0         10          1
132       8028         16          0       4261          0         95          0          9          1
133       8027         16          0       4262          0         95          0          9          1
134       8026         16          0       4263          0         95          0          8          1
135       8024         18          0       4263          0         95          0         10          2
136       8023         18          0       4264          0         95          0         10          1
137       8022         19          0       4264          0         95          0         10          1
138       8020         21          0       4264          0         95          0         11          1
139       8020         21          0       4264          0         95          0         13          2
140       8020         20          0       4264          0         96          0         13          3
141       8019         21          0       4264          0         96          0         14          3
142       8018         22          0       4264          0         96          0         16          3
143       8017         21          0       4266          0         96          0         15          4
144       8017         21          0       4266          0         96          0         16          5
145       8017         21          0       4266          0         96          0         18          5
146       8017         19          0       4268          0         96          0         16          5
147       8015         19          0       4270          0         96          0         14          5
148       8014         20          0       4270          0         96          0         15          5
149       8014         20          0       4270          0         96          0         16          5
150       8012         21          0       4271          0         96          0         16          4
--- ---------- ---------- ---------- ---------- ---------- ---------- ---------- ---------- ----------

Tipo 3
Día     Sanos  Infectados Importados    Curados Desinmuniz    Muertos Inf.Indire   Enfermos Hospitaliz
--- ---------- ---------- ---------- ---------- ---------- ---------- ---------- ---------- ----------
  1       1000          0          0          0          0          0          0          0          0
  2       1000          0          0          0          0          0          0          0          0
  3       1000          0          0          0          0          0          0          0          0
  4       1000          0          0          0          0          0          0          0          0
  5       1000          0          0          0          0          0          0          0          0
  6       1000          0          0          0          0          0          0          0          0
  7       1000          0          0          0          0          0          0          0          0
  8       1000          0          0          0          0          0          0          0          0
  9       1000          0          0          0          0          0          0          0          0
 10        996          4          0          0          0          0          0          0          0
 11        995          5          0          0          0          0          0          0          0
 12        992          8          0          0          0          0          0          0          0
 13        943         57          0          0          0          0          0          0          0
 14        939         61          0          0          0          0          0          0          0
 15        931         69          0          0          0          0          0          0          0
 16        917         83          0          0          0          0          0          0          0
 17        906         94          0          0          0          0          0          4          1
 18        852        148          0          0          0          0          0          5          2
 19        846        154          0          0          0          0          0          8          2
 20        841        159          0          0          0          0          0         57          7
 21        829        171          0          0          0          0          0         61          8
 22        810        189          0          1          0          0          0         68          8
 23        796        203          0          1          0          0          0         82          9
 24        780        219          0          1          0          0          0         93         10
 25        763        235          0          2          0          0          0        146         16
 26        739        259          0          2          0          0          0        152         17
 27        719        277          0          4          0          0          0        155         18
 28        699        297          0          4          0          0          0        167         18
 29        686        309          0          5          0          0          0        185         19
 30        668        321          0         11          0          0          0        193         18
 31        644        340          0         16          0          0          0        204         18
 32        622        356          0         22          0          0          0        215         19
 33        593        383          0         23          0          1          0        237         20
 34        570        404          0         24          0          2          0        255         22
 35        541        430          0         26          0          3          0        272         22
 36        515        452          0         29          0          4          0        281         23
 37        478        480          0         37          0          5          0        290         27
 38        454        497          0         43          0          6          0        307         26
 39        426        520          0         47          0          7          0        324         27
 40        395        540          0         56          0          9          0        342         28
 41        366        553          0         67          0         14          0        349         28
 42        343        560          0         79          0         18          0        362         29
 43        308        585          0         88          0         19          0        378         30
 44        289        578          0        109          0         24          0        389         31
 45        262        592          0        121          0         25          0        400         32
 46        246        592          0        135          0         27          0        412         33
 47        230        591          0        147          0         32          0        426         35
 48        213        593          0        158          0         36          0        440         35
 49        197        583          0        180          0         40          0        437         31
 50        188        577          0        192          0         43          0        458         36
 51        176        575          0        203          0         46          0        463         39
 52        162        577          0        212          0         49          0        477         44
 53        152        561          0        235          0         52          0        467         44
 54        143        552          0        250          0         55          0        465         45
 55        135        538          0        269          0         58          0        460         47
 56        131        522          0        285          0         62          0        456         47
 57        126        495          0        309          0         70          0        433         45
 58        122        476          0        329          0         73          0        422         45
 59        110        466          0        347          0         77          0        414         44
 60        105        451          0        363          0         81          0        404         44
 61         98        438          0        380          0         84          0        393         42
 62         94        416          0        404          0         86          0        375         37
 63         91        393          0        429          0         87          0        353         37
 64         88        366          0        456          0         90          0        328         35
 65         84        352          0        471          0         93          0        314         35
 66         81        324          0        500          0         95          0        296         33
 67         79        303          0        518          0        100          0        278         33
 68         77        279          0        539          0        105          0        258         29
 69         76        260          0        556          0        108          0        242         30
 70         73        239          0        574          0        114          0        221         29
 71         70        221          0        590          0        119          0        203         28
 72         67        210          0        600          0        123          0        193         25
 73         67        183          0        625          0        125          0        169         20
 74         66        158          0        650          0        126          0        145         16
 75         65        149          0        658          0        128          0        137         16
 76         62        137          0        669          0        132          0        123         13
 77         61        126          0        680          0        133          0        114         14
 78         60        114          0        690          0        136          0        104         13
 79         59        104          0        700          0        137          0         96         13
 80         59         94          0        710          0        137          0         86         13
 81         59         87          0        717          0        137          0         80         12
 82         59         81          0        723          0        137          0         75         12
 83         59         73          0        730          0        138          0         70         11
 84         59         63          0        740          0        138          0         61          8
 85         58         57          0        746          0        139          0         55          6
 86         57         52          0        751          0        140          0         50          5
 87         57         49          0        754          0        140          0         47          5
 88         57         46          0        757          0        140          0         44          4
 89         57         39          0        760          0        144          0         37          3
 90         57         34          0        763          0        146          0         32          3
 91         57         29          0        767          0        147          0         27          2
 92         57         22          0        773          0        148          0         21          1
 93         57         19          0        776          0        148          0         19          2
 94         56         19          0        777          0        148          0         18          2
 95         55         19          0        778          0        148          0         17          2
 96         55         17          0        779          0        149          0         15          2
 97         54         17          0        780          0        149          0         14          2
 98         54         16          0        781          0        149          0         13          2
 99         54         13          0        783          0        150          0         10          1
100         54         13          0        783          0        150          0         10          1
101         54         12          0        784          0        150          0         10          1
102         54         12          0        784          0        150          0         11          1
103         54         11          0        784          0        151          0         10          1
104         54         11          0        784          0        151          0         11          1
105         54         11          0        784          0        151          0         11          1
106         54         10          0        785          0        151          0         10          1
107         54          8          0        787          0        151          0          8          1
108         54          6          0        789          0        151          0          6          1
109         54          5          0        790          0        151          0          5          1
110         54          4          0        790          0        152          0          4          1
111         54          4          0        790          0        152          0          4          1
112         54          4          0        790          0        152          0          4          1
113         54          4          0        790          0        152          0          4          1
114         54          4          0        790          0        152          0          4          1
115         54          4          0        790          0        152          0          4          1
116         54          4          0        790          0        152          0          4          1
117         54          3          0        791          0        152          0          3          0
118         54          3          0        791          0        152          0          3          0
119         54          3          0        791          0        152          0          3          0
120         54          3          0        791          0        152          0          3          0
121         54          1          0        793          0        152          0          1          0
122         54          1          0        793          0        152          0          1          0
123         54          1          0        793          0        152          0          1          0
124         54          0          0        794          0        152          0          0          0
125         54          0          0        794          0        152          0          0          0
126         54          0          0        794          0        152          0          0          0
127         54          0          0        794          0        152          0          0          0
128         54          0          0        794          0        152          0          0          0
129         54          0          0        794          0        152          0          0          0
130         53          1          0        794          0        152          0          0          0
131         53          1          0        794          0        152          0          0          0
132         53          1          0        794          0        152          0          0          0
133         53          1          0        794          0        152          0          0          0
134         53          1          0        794          0        152          0          0          0
135         53          1          0        794          0        152          0          0          0
136         53          1          0        794          0        152          0          0          0
137         53          1          0        794          0        152          0          1          0
138         53          1          0        794          0        152          0          1          0
139         53          1          0        794          0        152          0          1          0
140         53          1          0        794          0        152          0          1          0
141         53          1          0        794          0        152          0          1          0
142         53          1          0        794          0        152          0          1          0
143         53          1          0        794          0        152          0          1          0
144         53          1          0        794          0        152          0          1          0
145         53          1          0        794          0        152          0          1          0
146         53          1          0        794          0        152          0          1          0
147         53          1          0        794          0        152          0          1          0
148         53          1          0        794          0        152          0          1          0
149         53          1          0        794          0        152          0          1          0
150         53          1          0        794          0        152          0          1          0
--- ---------- ---------- ---------- ---------- ---------- ---------- ---------- ---------- ----------

Tipo 4
Día     Sanos  Infectados Importados    Curados Desinmuniz    Muertos Inf.Indire   Enfermos Hospitaliz
--- ---------- ---------- ---------- ---------- ---------- ---------- ---------- ---------- ----------
  1       2799          1          0          0          0          0          0          0          0
  2       2799          1          0          0          0          0          0          0          0
  3       2799          1          0          0          0          0          0          0          0
  4       2799          1          0          0          0          0          0          0          0
  5       2798          2          0          0          0          0          0          0          0
  6       2798          2          0          0          0          0          0          0          0
  7       2796          4          0          0          0          0          0          0          0
  8       2761         39          0          0          0          0          0          0          0
  9       2754         46          0          0          0          0          0          0          0
 10       2749         51          0          0          0          0          0          0          0
 11       2747         53          0          0          0          0          0          0          0
 12       2745         55          0          0          0          0          0          1          0
 13       2740         60          0          0          0          0          0          1          0
 14       2730         70          0          0          0          0          0          3          0
 15       2720         80          0          0          0          0          0         38          3
 16       2708         91          0          0          0          1          0         44          3
 17       2697        102          0          0          0          1          0         49          4
 18       2679        120          0          0          0          1          0         51          4
 19       2627        172          0          0          0          1          0         53          5
 20       2572        227          0          0          0          1          0         58          8
 21       2483        315          0          1          0          1          0         67          8
 22       2443        353          0          2          0          2          0         76          9
 23       2419        375          0          4          0          2          0         86          9
 24       2364        430          0          4          0          2          0         97         10
 25       2329        463          0          4          0          4          0        113         10
 26       2296        491          0          8          0          5          0        161         13
 27       2264        520          0         11          0          5          0        213         16
 28       2228        554          0         12          0          6          0        299         21
 29       2165        613          0         14          0          8          0        335         25
 30       2120        655          0         16          0          9          0        356         26
 31       2082        691          0         17          0         10          0        409         31
 32       2045        722          0         21          0         12          0        438         36
 33       1998        765          0         23          0         14          0        467         42
 34       1954        801          0         28          0         17          0        491         46
 35       1902        842          0         35          0         21          0        516         51
 36       1851        886          0         41          0         22          0        572         57
 37       1791        930          0         53          0         26          0        601         61
 38       1731        975          0         60          0         34          0        624         66
 39       1670       1001          0         82          0         47          0        626         67
 40       1603       1053          0         91          0         53          0        659         66
 41       1540       1102          0        100          0         58          0        689         70
 42       1493       1135          0        111          0         61          0        727         73
 43       1444       1161          0        130          0         65          0        755         81
 44       1398       1189          0        142          0         71          0        797         86
 45       1354       1208          0        154          0         84          0        831         90
 46       1300       1232          0        173          0         95          0        862         94
 47       1261       1246          0        185          0        108          0        904         98
 48       1221       1244          0        215          0        120          0        925         99
 49       1169       1263          0        237          0        131          0        940        103
 50       1134       1237          0        276          0        153          0        927        107
 51       1104       1210          0        312          0        174          0        916        104
 52       1077       1180          0        353          0        190          0        903        107
 53       1050       1161          0        392          0        197          0        911        107
 54       1020       1156          0        418          0        206          0        915        107
 55        990       1145          0        448          0        217          0        914        107
 56        956       1132          0        478          0        234          0        919        106
 57        934       1128          0        494          0        244          0        928        108
 58        911       1113          0        524          0        252          0        920        106
 59        890       1083          0        557          0        270          0        896         95
 60        869       1065          0        579          0        287          0        884         93
 61        854       1037          0        609          0        300          0        871         87
 62        838       1002          0        644          0        316          0        851         78
 63        828        956          0        685          0        331          0        828         73
 64        819        918          0        722          0        341          0        803         71
 65        798        887          0        759          0        356          0        774         68
 66        791        843          0        796          0        370          0        744         67
 67        785        803          0        827          0        385          0        719         62
 68        781        754          0        868          0        397          0        681         55
 69        768        711          0        908          0        413          0        642         54
 70        762        670          0        936          0        432          0        605         51
 71        760        614          0        970          0        456          0        557         47
 72        746        582          0       1011          0        461          0        530         48
 73        743        549          0       1038          0        470          0        501         47
 74        732        525          0       1063          0        480          0        472         45
 75        725        493          0       1086          0        496          0        437         41
 76        723        467          0       1110          0        500          0        422         34
 77        717        425          0       1140          0        518          0        380         30
 78        716        388          0       1167          0        529          0        344         25
 79        711        357          0       1188          0        544          0        322         25
 80        706        330          0       1209          0        555          0        293         21
 81        700        308          0       1227          0        565          0        276         17
 82        696        278          0       1253          0        573          0        249         14
 83        694        252          0       1273          0        581          0        223         14
 84        690        237          0       1285          0        588          0        210         13
 85        690        218          0       1295          0        597          0        192         13
 86        688        198          0       1315          0        599          0        175         12
 87        688        178          0       1329          0        605          0        160         10
 88        687        156          0       1344          0        613          0        143         10
 89        685        139          0       1359          0        617          0        128          9
 90        684        129          0       1367          0        620          0        119          7
 91        683        122          0       1372          0        623          0        115          6
 92        681        117          0       1378          0        624          0        108          5
 93        680        107          0       1387          0        626          0         99          5
 94        679         96          0       1397          0        628          0         87          4
 95        676         92          0       1401          0        631          0         81          4
 96        676         88          0       1404          0        632          0         79          4
 97        675         81          0       1410          0        634          0         72          4
 98        675         78          0       1413          0        634          0         70          3
 99        675         73          0       1417          0        635          0         67          3
100        675         61          0       1426          0        638          0         56          3
101        674         55          0       1431          0        640          0         50          2
102        672         52          0       1434          0        642          0         48          2
103        671         45          0       1441          0        643          0         40          2
104        671         42          0       1443          0        644          0         38          2
105        670         38          0       1448          0        644          0         33          2
106        669         34          0       1452          0        645          0         28          2
107        669         33          0       1452          0        646          0         27          2
108        668         31          0       1455          0        646          0         25          2
109        668         28          0       1458          0        646          0         24          2
110        668         25          0       1461          0        646          0         22          3
111        668         21          0       1464          0        647          0         18          3
112        668         21          0       1464          0        647          0         19          3
113        667         19          0       1467          0        647          0         17          2
114        667         16          0       1469          0        648          0         14          2
115        666         15          0       1469          0        650          0         13          2
116        665         16          0       1469          0        650          0         13          2
117        665         14          0       1471          0        650          0         11          1
118        665         14          0       1471          0        650          0         11          1
119        665         14          0       1471          0        650          0         11          1
120        664         15          0       1471          0        650          0         12          1
121        664         13          0       1472          0        651          0         10          1
122        664         12          0       1473          0        651          0         10          1
123        662         13          0       1474          0        651          0         10          1
124        662         11          0       1476          0        651          0          8          1
125        662          9          0       1476          0        653          0          6          1
126        662          9          0       1476          0        653          0          6          1
127        662          9          0       1476          0        653          0          7          1
128        661          9          0       1477          0        653          0          6          1
129        661          9          0       1477          0        653          0          6          1
130        659         10          0       1478          0        653          0          7          1
131        658         11          0       1478          0        653          0          7          1
132        658         11          0       1478          0        653          0          7          1
133        657         11          0       1478          0        654          0          6          1
134        655         13          0       1478          0        654          0          6          1
135        655         12          0       1478          0        655          0          6          0
136        654         13          0       1478          0        655          0          6          0
137        654         13          0       1478          0        655          0          8          0
138        654         13          0       1478          0        655          0          9          0
139        654         13          0       1478          0        655          0          9          0
140        654         12          0       1479          0        655          0          9          0
141        654         12          0       1479          0        655          0         11          1
142        654         12          0       1479          0        655          0         11          1
143        653         13          0       1479          0        655          0         12          1
144        653         12          0       1480          0        655          0         11          1
145        653         12          0       1480          0        655          0         11          1
146        653         12          0       1480          0        655          0         11          1
147        653         11          0       1481          0        655          0         10          1
148        653         11          0       1481          0        655          0         10          1
149        652         12          0       1481          0        655          0         10          1
150        651         12          0       1481          0        656          0         10          1
--- ---------- ---------- ---------- ---------- ---------- ---------- ---------- ---------- ----------

