
Cambio de condiciones el día 0
Fichero de grupos            C:\Contagio\Casos\grupos.ggg
Número de clusters           125
Próximo cambio en            30 días
06/04/2020 10:58:19

Situación inicial

Cluster GID Grupo                Individuos     Sanos  Infectados    Curados Desinmuniz    Muertos
------- --- -------------------- ---------- ---------- ---------- ---------- ---------- ----------
      1   0 nene                         40         40          0          0          0          0
      2   0 nene                         40         40          0          0          0          0
      3   0 nene                         40         40          0          0          0          0
      4   0 nene                         40         40          0          0          0          0
      5   0 nene                         40         40          0          0          0          0
      6   1 menor                        60         60          0          0          0          0
      7   1 menor                        60         60          0          0          0          0
      8   1 menor                        60         60          0          0          0          0
      9   1 menor                        60         60          0          0          0          0
     10   1 menor                        60         60          0          0          0          0
     11   1 menor                        60         60          0          0          0          0
     12   1 menor                        60         60          0          0          0          0
     13   1 menor                        60         60          0          0          0          0
     14   1 menor                        60         60          0          0          0          0
     15   1 menor                        60         60          0          0          0          0
     16   1 menor                        60         60          0          0          0          0
     17   1 menor                        60         60          0          0          0          0
     18   1 menor                        60         60          0          0          0          0
     19   1 menor                        60         60          0          0          0          0
     20   1 menor                        60         60          0          0          0          0
     21   1 menor                        60         60          0          0          0          0
     22   1 menor                        60         60          0          0          0          0
     23   1 menor                        60         60          0          0          0          0
     24   2 adulto                      100        100          0          0          0          0
     25   2 adulto                      100        100          0          0          0          0
     26   2 adulto                      100        100          0          0          0          0
     27   2 adulto                      100        100          0          0          0          0
     28   2 adulto                      100        100          0          0          0          0
     29   2 adulto                      100        100          0          0          0          0
     30   2 adulto                      100        100          0          0          0          0
     31   2 adulto                      100        100          0          0          0          0
     32   2 adulto                      100        100          0          0          0          0
     33   2 adulto                      100        100          0          0          0          0
     34   2 adulto                      100        100          0          0          0          0
------- --- -------------------- ---------- ---------- ---------- ---------- ---------- ----------
                                       2380       2380          0          0          0          0


Cambio de condiciones el día 30
Fichero de grupos            C:\Contagio\Casos\grupos_m.ggg
Número de clusters           25
Próximo cambio en            30 días

Cambio de condiciones el día 60
Fichero de grupos            C:\Contagio\Casos\grupos.ggg
Número de clusters           125
Próximo cambio en            0 días
Situación final

                                                       -------------- Dentro y fuera ------------- -------- Dentro -----      %
Cluster GID Grupo                Individuos      Sanos Infectados    Curados Desinmuniz    Muertos   Intentos Infectados   Aciertos
------- --- -------------------- ---------- ---------- ---------- ---------- ---------- ---------- ---------- ---------- ----------
      1   0 nene                         40         40          0          0          0          0          0          0       0,00
      2   0 nene                         40         40          0          0          0          0          0          0       0,00
      3   0 nene                         40         40          0          0          0          0          0          0       0,00
      4   0 nene                         40         40          0          0          0          0          0          0       0,00
      5   0 nene                         40         40          0          0          0          0          0          0       0,00
      6   1 menor                        60         59          1          0          0          0          0          0       0,00
      7   1 menor                        60         60          0          0          0          0          0          0       0,00
      8   1 menor                        60         59          1          0          0          0        826          0       0,00
      9   1 menor                        60         60          0          0          0          0          0          0       0,00
     10   1 menor                        60         60          0          0          0          0          0          0       0,00
     11   1 menor                        60         60          0          0          0          0          0          0       0,00
     12   1 menor                        60         60          0          0          0          0          0          0       0,00
     13   1 menor                        60         60          0          0          0          0          0          0       0,00
     14   1 menor                        60         60          0          0          0          0          0          0       0,00
     15   1 menor                        60         53          6          1          0          0       7017          6       0,09
     16   1 menor                        60         56          4          0          0          0       1134          3       0,26
     17   1 menor                        60         60          0          0          0          0          0          0       0,00
     18   1 menor                        60         56          4          0          0          0       1954          3       0,15
     19   1 menor                        60         58          1          1          0          0       1057          1       0,09
     20   1 menor                        60         60          0          0          0          0          0          0       0,00
     21   1 menor                        60         60          0          0          0          0          0          0       0,00
     22   1 menor                        60         60          0          0          0          0          0          0       0,00
     23   1 menor                        60         60          0          0          0          0          0          0       0,00
     24   2 adulto                      100          0         95          5          0          0       9730         98       1,01
     25   2 adulto                      100          5         95          0          0          0      10475         90       0,86
     26   2 adulto                      100          0         93          7          0          0       9707         98       1,01
     27   2 adulto                      100          0        100          0          0          0      10839         99       0,91
     28   2 adulto                      100         68         32          0          0          0       3043         30       0,99
     29   2 adulto                      100          0         23         76          0          1       8654         99       1,14
     30   2 adulto                      100          0        100          0          0          0      10488         98       0,93
     31   2 adulto                      100          0        100          0          0          0       9779         97       0,99
     32   2 adulto                      100          0         97          3          0          0      10880         98       0,90
     33   2 adulto                      100          0         97          3          0          0      10073         99       0,98
     34   2 adulto                      100          0         61         38          0          1       9706         99       1,02
     35   2 adulto                      100          0         98          2          0          0       9011         99       1,10
     36   2 adulto                      100          2         98          0          0          0      10879         97       0,89
     37   2 adulto                      100          0         84         16          0          0      11168         99       0,89
     38   2 adulto                      100          0         99          1          0          0      10329         98       0,95
     39   2 adulto                      100         67         33          0          0          0       3043         31       1,02
     40   2 adulto                      100         41         59          0          0          0       6414         56       0,87
     41   2 adulto                      100        100          0          0          0          0          0          0       0,00
     42   2 adulto                      100          0         85         15          0          0      10847         99       0,91
     43   2 adulto                      100          0         98          2          0          0       9434         98       1,04
     44   2 adulto                      100          0         92          8          0          0      10778         97       0,90
     45   2 adulto                      100          0         91          9          0          0      10208         97       0,95
     46   2 adulto                      100          0         99          1          0          0       8535         99       1,16
     47   2 adulto                      100         91          9          0          0          0        960          8       0,83
     48   2 adulto                      100         86         13          1          0          0       1101         11       1,00
     49   2 adulto                      100          0        100          0          0          0      10743         99       0,92
     50   2 adulto                      100         87         13          0          0          0       1129         12       1,06
     51   2 adulto                      100          0        100          0          0          0      13694         98       0,72
     52   2 adulto                      100          0         68         32          0          0      12903         99       0,77
     53   2 adulto                      100        100          0          0          0          0          0          0       0,00
     54   2 adulto                      100         91          9          0          0          0        572          7       1,22
     55   2 adulto                      100          0        100          0          0          0      11114         99       0,89
     56   2 adulto                      100          0        100          0          0          0      10807         98       0,91
     57   2 adulto                      100         99          1          0          0          0          0          0       0,00
     58   2 adulto                      100          0         85         15          0          0       9434         98       1,04
     59   2 adulto                      100        100          0          0          0          0          0          0       0,00
     60   2 adulto                      100        100          0          0          0          0          0          0       0,00
     61   2 adulto                      100         79         21          0          0          0       2158         20       0,93
     62   2 adulto                      100         10         90          0          0          0      10271         89       0,87
     63   2 adulto                      100          0         72         28          0          0      12998         99       0,76
     64   2 adulto                      100          0          0        100          0          0      12842         99       0,77
     65   2 adulto                      100          0         97          3          0          0      10903         98       0,90
     66   2 adulto                      100          0        100          0          0          0      11617         99       0,85
     67   2 adulto                      100         46         54          0          0          0       6653         52       0,78
     68   2 adulto                      100         97          3          0          0          0        587          2       0,34
     69   2 adulto                      100         99          1          0          0          0          0          0       0,00
     70   2 adulto                      100          0          0        100          0          0      13033         99       0,76
     71   2 adulto                      100          0         84         16          0          0      11096         98       0,88
     72   2 adulto                      100         14         86          0          0          0      11217         84       0,75
     73   2 adulto                      100         77         23          0          0          0       3382         21       0,62
     74   2 adulto                      100          0         99          1          0          0      10667         98       0,92
     75   2 adulto                      100         83         17          0          0          0       1478         16       1,08
     76   2 adulto                      100          0         99          1          0          0      10906         99       0,91
     77   2 adulto                      100          0         92          8          0          0      10432         99       0,95
     78   2 adulto                      100          0         55         45          0          0      12040         99       0,82
     79   2 adulto                      100          0         99          1          0          0      10549         98       0,93
     80   2 adulto                      100         49         50          1          0          0       5896         50       0,85
     81   2 adulto                      100          0         98          2          0          0      10512         99       0,94
     82   2 adulto                      100         12         88          0          0          0       9048         86       0,95
     83   2 adulto                      100        100          0          0          0          0          0          0       0,00
     84   2 adulto                      100        100          0          0          0          0          0          0       0,00
     85   2 adulto                      100         37         63          0          0          0       6591         62       0,94
     86   2 adulto                      100          0         98          2          0          0      10425         99       0,95
     87   2 adulto                      100          0         94          6          0          0      11677         99       0,85
     88   2 adulto                      100          0        100          0          0          0       9098         99       1,09
     89   2 adulto                      100         13         87          0          0          0      11914         84       0,71
     90   2 adulto                      100          0         78         22          0          0      11117         99       0,89
     91   2 adulto                      100          0          7         90          0          3      10622         99       0,93
     92   2 adulto                      100         26         74          0          0          0       9286         73       0,79
     93   2 adulto                      100         12         88          0          0          0      10942         86       0,79
     94   2 adulto                      100          0         58         42          0          0      11868         99       0,83
     95   2 adulto                      100          0         85         15          0          0      10949         99       0,90
     96   2 adulto                      100          0         93          7          0          0      10333         98       0,95
     97   2 adulto                      100          0        100          0          0          0      10873         97       0,89
     98   2 adulto                      100          0         98          2          0          0      12941         98       0,76
     99   2 adulto                      100          0         96          4          0          0      12452         98       0,79
    100   2 adulto                      100          0         97          3          0          0      13292         99       0,74
    101   3 jubilado                     50          0          9         37          0          4        210         49      23,33
    102   3 jubilado                     50          0          0         50          0          0        180         49      27,22
    103   3 jubilado                     50          0         24         24          0          2        145         49      33,79
    104   3 jubilado                     50          0         42          8          0          0        166         49      29,52
    105   3 jubilado                     50          0         35         15          0          0        225         49      21,78
    106   3 jubilado                     50          0         26         24          0          0        246         49      19,92
    107   4 mayor                        40          0          0         28          0         12        179         39      21,79
    108   4 mayor                        40          0         40          0          0          0        130         38      29,23
    109   4 mayor                        40          0         29          9          0          2        196         39      19,90
    110   4 mayor                        40          0          0         34          0          6        172         39      22,67
    111   4 mayor                        40          0         39          1          0          0        196         39      19,90
    112   4 mayor                        40          0         40          0          0          0        219         38      17,35
    113   4 mayor                        40          0         19         16          0          5        186         39      20,97
    114   4 mayor                        40          0         35          5          0          0        165         39      23,64
    115   4 mayor                        40          0         39          0          0          1        170         36      21,18
    116   4 mayor                        40          0          0         35          0          5        184         39      21,20
    117   4 mayor                        40          0          0         37          0          3        187         38      20,32
    118   4 mayor                        40          0         40          0          0          0        177         37      20,90
    119   4 mayor                        40          0          0         30          0         10        216         39      18,06
    120   4 mayor                        40          0         36          4          0          0        202         39      19,31
    121   4 mayor                        40          0         37          2          0          1        164         38      23,17
    122   4 mayor                        40          0          0         32          0          8        173         39      22,54
    123   4 mayor                        40          0          0         35          0          5        220         39      17,73
------- --- -------------------- ---------- ---------- ---------- ---------- ---------- ---------- ---------- ---------- ----------
                                       9960       3152       5578       1161          0         69     655438       6657       1,02

Grupo   0 nene
      0      1      2      3      4      5      6      7      8      9     10     11     12     13     14     15     16     17     18     19     20     21     22     23     24     25     26     27     28     29
 ------ ------ ------ ------ ------ ------ ------ ------ ------ ------ ------ ------ ------ ------ ------ ------ ------ ------ ------ ------ ------ ------ ------ ------ ------ ------ ------ ------ ------ ------
 0,0000 0,0000 0,0000 0,0001 0,0003 0,0006 0,0010 0,0016 0,0024 0,0034 0,0046 0,0062 0,0080 0,0102 0,0127 0,0156 0,0189 0,0227 0,0270 0,0317 0,0370 0,0428 0,0492 0,0563 0,0639 0,0723 0,0813 0,0910 0,1015 0,1128
Número infectados                                 11
Número intentos fin infección                    141
Número finales de infección                        1       0,71
Número finales curacion                            1     100,00
Número finales muerte                              0       0,00
Total infecciones                                  2
Total infecciones por curados                      1
Total infecciones por muertos                      0
Total infectadores curados                         1
Total infectadores muertos                         0
Total pasos                               12.963.664
Total recorridos                             191.933
Total distancia recorrida                  7.858.072
Contactos de riesgo                            5.676
Máximo de contagios por 1 individuo                1
Mínimo de contagios por 1 individuo                1
Falso (R0) curados                            1,0000
Falso (R0) muertos                            0,0000

Grupo   1 menor
      0      1      2      3      4      5      6      7      8      9     10     11     12     13     14     15     16     17     18     19     20     21     22     23     24     25     26     27     28     29
 ------ ------ ------ ------ ------ ------ ------ ------ ------ ------ ------ ------ ------ ------ ------ ------ ------ ------ ------ ------ ------ ------ ------ ------ ------ ------ ------ ------ ------ ------
 0,0000 0,0000 0,0000 0,0001 0,0003 0,0006 0,0010 0,0016 0,0024 0,0034 0,0046 0,0062 0,0080 0,0102 0,0127 0,0156 0,0189 0,0227 0,0270 0,0317 0,0370 0,0428 0,0492 0,0563 0,0639 0,0723 0,0813 0,0910 0,1015 0,1128
Número infectados                                 47
Número intentos fin infección                    562
Número finales de infección                        5       0,89
Número finales curacion                            5     100,00
Número finales muerte                              0       0,00
Total infecciones                                 23
Total infecciones por curados                      4
Total infecciones por muertos                      0
Total infectadores curados                         5
Total infectadores muertos                         0
Total pasos                               57.730.005
Total recorridos                             719.843
Total distancia recorrida                 35.103.578
Contactos de riesgo                           28.069
Máximo de contagios por 1 individuo                2
Mínimo de contagios por 1 individuo                0
Falso (R0) curados                            0,8000
Falso (R0) muertos                            0,0000

Grupo   2 adulto
      0      1      2      3      4      5      6      7      8      9     10     11     12     13     14     15     16     17     18     19     20     21     22     23     24     25     26     27     28     29
 ------ ------ ------ ------ ------ ------ ------ ------ ------ ------ ------ ------ ------ ------ ------ ------ ------ ------ ------ ------ ------ ------ ------ ------ ------ ------ ------ ------ ------ ------
 0,0000 0,0000 0,0000 0,0001 0,0003 0,0006 0,0010 0,0016 0,0024 0,0034 0,0046 0,0062 0,0080 0,0102 0,0127 0,0156 0,0189 0,0227 0,0270 0,0317 0,0370 0,0428 0,0492 0,0563 0,0639 0,0723 0,0813 0,0910 0,1015 0,1128
Número infectados                              6.365
Número intentos fin infección                 75.981
Número finales de infección                      801       1,05
Número finales curacion                          795      99,25
Número finales muerte                              6       0,75
Total infecciones                              7.358
Total infecciones por curados                  1.406
Total infecciones por muertos                      9
Total infectadores curados                       795
Total infectadores muertos                         6
Total pasos                              250.365.730
Total recorridos                           2.967.868
Total distancia recorrida                152.288.944
Contactos de riesgo                           87.907
Máximo de contagios por 1 individuo               18
Mínimo de contagios por 1 individuo                0
Falso (R0) curados                            1,7686
Falso (R0) muertos                            1,5000

Grupo   3 jubilado
      0      1      2      3      4      5      6      7      8      9     10     11     12     13     14     15     16     17     18     19     20     21     22     23     24     25     26     27     28     29
 ------ ------ ------ ------ ------ ------ ------ ------ ------ ------ ------ ------ ------ ------ ------ ------ ------ ------ ------ ------ ------ ------ ------ ------ ------ ------ ------ ------ ------ ------
 0,0000 0,0000 0,0000 0,0001 0,0003 0,0006 0,0010 0,0016 0,0024 0,0034 0,0046 0,0062 0,0080 0,0102 0,0127 0,0156 0,0189 0,0227 0,0270 0,0317 0,0370 0,0428 0,0492 0,0563 0,0639 0,0723 0,0813 0,0910 0,1015 0,1128
Número infectados                                710
Número intentos fin infección                 11.831
Número finales de infección                      208       1,76
Número finales curacion                          200      96,15
Número finales muerte                              8       3,85
Total infecciones                                473
Total infecciones por curados                    266
Total infecciones por muertos                      0
Total infectadores curados                       200
Total infectadores muertos                         8
Total pasos                               16.013.375
Total recorridos                             237.670
Total distancia recorrida                  9.730.265
Contactos de riesgo                            2.593
Máximo de contagios por 1 individuo               47
Mínimo de contagios por 1 individuo                0
Falso (R0) curados                            1,3300
Falso (R0) muertos                            0,0000

Grupo   4 mayor
      0      1      2      3      4      5      6      7      8      9     10     11     12     13     14     15     16     17     18     19     20     21     22     23     24     25     26     27     28     29
 ------ ------ ------ ------ ------ ------ ------ ------ ------ ------ ------ ------ ------ ------ ------ ------ ------ ------ ------ ------ ------ ------ ------ ------ ------ ------ ------ ------ ------ ------
 0,0000 0,0000 0,0000 0,0001 0,0003 0,0006 0,0010 0,0016 0,0024 0,0034 0,0046 0,0062 0,0080 0,0102 0,0127 0,0156 0,0189 0,0227 0,0270 0,0317 0,0370 0,0428 0,0492 0,0563 0,0639 0,0723 0,0813 0,0910 0,1015 0,1128
Número infectados                              1.763
Número intentos fin infección                 26.569
Número finales de infección                      467       1,76
Número finales curacion                          378      80,94
Número finales muerte                             89      19,06
Total infecciones                              1.030
Total infecciones por curados                    445
Total infecciones por muertos                     96
Total infectadores curados                       378
Total infectadores muertos                        89
Total pasos                               36.542.308
Total recorridos                             667.148
Total distancia recorrida                 22.172.245
Contactos de riesgo                            8.334
Máximo de contagios por 1 individuo               34
Mínimo de contagios por 1 individuo                0
Falso (R0) curados                            1,1772
Falso (R0) muertos                            1,0787

