--------------------------------------------------------------------------------------------------
Simulador de contagios. 2.1.0.6
17/04/2020 12:36:39
--------------------------------------------------------------------------------------------------
Carpeta 50_gi_a_30_25m1_15m2_15m1_0
Número de hilos                              30
Semilla población                         1.324
Semilla simulación                          671
Potencia para fin de infección             3,00

Número de individuos                     50.000
Radio                                     2.694
Probabilidad base de contagio              6,00 %
Probabilidad contagio clúster              6,00 %
Probabilidad base de recontagio            0,00 %
Días mínimos de inmunidad                     5
Días de carencia para contagiar               3
Días de incubación                            8
Probabilidad de enfermar                 100,00 %
Factor probab. contagio enfermo           25,00 %
Probabilidad de hospitalización           10,00 %
Factor prob. contagio hospitalizad         0,00 %
Densidad crítica de vecinos infect         1,00 %
Probabilidad contagio indirecta            0,00 %

Número de focos iniciales                    10
Número de inmunes iniciales                   0
Número de focos a importar                    0 cada 0 días, del grupo adulto
Radio de contacto                             1
Longitud media 10 pasos                       4

Número clusters objetivo                    125
Número clusters generados                    38 con        2.280 individuos,            0 infectados de inicio
Factor individuos por cluster              1,00

                        - Edad-      %     % Factor B    Días         %      Num.Pasos      %                          %      Individuos 
Grupo            Género Min Max   Gravedad   Contagio  Duración    Curación   Min   Max Individuos   Individuos     clusters    cluster  
---------------- ------ --- --- ---------- ---------- ---------- ---------- ----- ----- ---------- ------------ ------------ ------------
nene                  0   0   4     100,00       2,00      30,00     100,00    70    90       2,00        1.000       1000,0            2
menor                 1   5  19     100,00       4,00      30,00     100,00    80   120       2,00        1.000       1000,0            2
adulto                2  20  64     100,00      30,00      30,00      98,00    80   120       7,00        3.500       3500,0            7
jubilado              3  65  69     100,00    4500,00      30,00      85,00    80   120       5,00        2.500       2500,0            5
mayor                 4  70 150     100,00    2000,00      30,00      70,00    20    30      14,00        7.000       7000,0           14
asintomatico          5   5  64     100,00      30,00       7,00      98,00    80   120      70,00       35.000      35000,0           70
---------------- ------ --- --- ---------- ---------- ---------- ---------- ----- ----- ---------- ------------ ------------ ------------

Valores al final del día
                                                                       Recorrido  Contactos Media días            ------ Afectados ---- ----------  Clusters -----------                                  -----------------  GRAVES  ----------------
Día     Sanos  Infectados Importados    Curados Desinmuniz    Muertos     Ida     críticos  infectados         R0   Cercania   Clusters Infectados    Curados    Muertos  Indirecto   Enfermos Hospitaliz Infectados    Curados    Muertos         R0
--- ---------- ---------- ---------- ---------- ---------- ---------- ---------- ---------- ---------- ---------- ---------- ---------- ---------- ---------- ---------- ---------- ---------- ---------- ---------- ---------- ---------- ----------
  1      49990         10          0          0          0          0      54,37       0,00        0,0       0,00          0          0          0          0          0          0          0          0         10          0          0       0,00
  2      49990         10          0          0          0          0      54,26       0,00        0,0       0,00          0          0          0          0          0          0          0          0         10          0          0       0,00
  3      49990         10          0          0          0          0      54,28       0,00        0,0       0,00          0          0          0          0          0          0          0          0         10          0          0       0,00
  4      49989         11          0          0          0          0      54,30       0,12        0,0       0,00          1          0          0          0          0          0          0          0         11          0          0       0,00
  5      49989         10          0          1          0          0      54,31       0,41        4,0       0,00          1          0          0          0          0          0          0          0         11          0          0       0,00
  6      49989          9          0          2          0          0      54,31       0,98        4,5       0,50          1          0          0          0          0          0          0          0         11          0          0       0,00
  7      49988          9          0          3          0          0      54,29       1,22        5,0       0,67          2          0          0          0          0          0          0          0         12          0          0       0,00
  8      49987         10          0          3          0          0      54,29       2,03        5,0       0,67          3          0          0          0          0          0          0          0         13          0          0       0,00
  9      49987          7          0          6          0          0      54,30       2,16        6,5       0,33          3          0          0          0          0          0          0          0         13          0          0       0,00
 10      49986          8          0          6          0          0      54,29       2,03        6,5       0,33          4          0          0          0          0          0          0          0         14          0          0       0,00
 11      49985          9          0          6          0          0      54,30       2,04        6,5       0,33          5          0          0          0          0          0          1          1         15          0          0       0,00
 12      49984         10          0          6          0          0      54,29       2,01        6,5       0,33          6          0          0          0          0          0          1          1         16          0          0       0,00
 13      49983         11          0          6          0          0      54,30       1,92        6,5       0,33          7          0          0          0          0          0          1          1         17          0          0       0,00
 14      49983         10          0          7          0          0      54,30       1,96        6,1       0,29          7          0          0          0          0          0          2          1         16          1          0       0,00
 15      49981         12          0          7          0          0      54,29       1,82        6,1       0,29          9          0          0          0          0          0          3          1         18          1          0       0,00
 16      49981         11          0          8          0          0      54,29       1,81        6,4       0,38          9          0          0          0          0          0          2          1         17          2          0       0,50
 17      49981         11          0          8          0          0      54,28       1,77        6,4       0,38          9          0          0          0          0          0          2          1         17          2          0       0,50
 18      49981         11          0          8          0          0      54,28       1,80        6,4       0,38          9          0          0          0          0          0          3          1         17          2          0       0,50
 19      49981         10          0          9          0          0      54,28       1,75        7,7       0,56          9          0          0          0          0          0          4          2         17          2          0       0,50
 20      49981          9          0         10          0          0      54,28       1,70        7,6       0,50          9          0          0          0          0          0          4          2         16          3          0       0,33
 21      49980         10          0         10          0          0      54,28       1,79        7,6       0,50         10          0          0          0          0          0          4          2         17          3          0       0,33
 22      49980         10          0         10          0          0      54,27       1,80        7,6       0,50         10          0          0          0          0          0          6          2         17          3          0       0,33
 23      49979         10          0         10          0          1      54,27       1,75        8,0       0,45         11          0          0          0          0          0          5          2         17          3          1       0,25
 24      49979         10          0         10          0          1      54,27       1,71        8,0       0,45         11          0          0          0          0          0          5          2         17          3          1       0,25
 25      49979         10          0         10          0          1      54,27       1,75        8,0       0,45         11          0          0          0          0          0          5          2         17          3          1       0,25
 26      49979          9          0         11          0          1      54,26       1,74        9,4       0,58         11          0          0          0          0          0          5          2         17          3          1       0,25
 27      49979          8          0         12          0          1      54,26       1,71       10,5       0,54         11          0          0          0          0          0          4          1         16          4          1       0,20
 28      49978          8          0         13          0          1      54,26       1,69       10,6       0,57         12          0          0          0          0          0          4          1         16          5          1       0,33
 29      49978          8          0         13          0          1      54,25       1,67       10,6       0,57         12          0          0          0          0          0          4          1         16          5          1       0,33
 30      49977          9          0         13          0          1      54,25       1,66       10,6       0,57         13          0          0          0          0          0          5          1         17          5          1       0,33
 31      49977          9          0         13          0          1      53,81       1,69       10,6       0,57         13          0          0          0          0          0          5          1         17          5          1       0,33
 32      49977          7          0         15          0          1      53,39       1,73       13,2       0,63         13          0          0          0          0          0          5          1         17          5          1       0,33
 33      49976          8          0         15          0          1      53,01       1,69       13,2       0,63         14          0          0          0          0          0          5          1         18          5          1       0,33
 34      49976          7          0         16          0          1      52,64       1,66       13,1       0,71         14          0          0          0          0          0          4          1         17          6          1       0,57
 35      49976          7          0         16          0          1      52,29       1,66       13,1       0,71         14          0          0          0          0          0          5          1         17          6          1       0,57
 36      49976          6          0         17          0          1      51,97       1,63       13,9       0,67         14          0          0          0          0          0          4          1         16          7          1       0,50
 37      49976          6          0         17          0          1      51,66       1,62       13,9       0,67         14          0          0          0          0          0          5          1         16          7          1       0,50
 38      49976          5          0         18          0          1      51,37       1,59       13,6       0,68         14          0          0          0          0          0          4          1         15          8          1       0,56
 39      49976          5          0         18          0          1      51,09       1,65       13,6       0,68         14          0          0          0          0          0          4          1         15          8          1       0,56
 40      49976          5          0         18          0          1      50,83       1,63       13,6       0,68         14          0          0          0          0          0          5          1         15          8          1       0,56
 41      49976          5          0         18          0          1      50,58       1,66       13,6       0,68         14          0          0          0          0          0          5          1         15          8          1       0,56
 42      49976          4          0         19          0          1      50,34       1,66       14,3       0,70         14          0          0          0          0          0          4          1         14          9          1       0,60
 43      49976          3          0         19          0          2      50,11       1,65       15,1       0,67         14          0          0          0          0          0          3          0         13          9          2       0,55
 44      49976          3          0         19          0          2      49,89       1,63       15,1       0,67         14          0          0          0          0          0          3          0         13          9          2       0,55
 45      49976          3          0         19          0          2      49,69       1,62       15,1       0,67         14          0          0          0          0          0          3          0         13          9          2       0,55
 46      49976          3          0         19          0          2      49,49       1,62       15,1       0,67         14          0          0          0          0          0          3          0         13          9          2       0,55
 47      49976          3          0         19          0          2      49,30       1,61       15,1       0,67         14          0          0          0          0          0          3          0         13          9          2       0,55
 48      49976          3          0         19          0          2      49,12       1,60       15,1       0,67         14          0          0          0          0          0          3          0         13          9          2       0,55
 49      49976          3          0         19          0          2      48,94       1,58       15,1       0,67         14          0          0          0          0          0          3          0         13          9          2       0,55
 50      49976          2          0         20          0          2      48,78       1,59       15,2       0,64         14          0          0          0          0          0          2          0         12         10          2       0,50
 51      49976          2          0         20          0          2      48,62       1,58       15,2       0,64         14          0          0          0          0          0          2          0         12         10          2       0,50
 52      49976          1          0         21          0          2      48,46       1,58       15,9       0,61         14          0          0          0          0          0          1          0         11         11          2       0,46
 53      49976          1          0         21          0          2      48,32       1,58       15,9       0,61         14          0          0          0          0          0          1          0         11         11          2       0,46
 54      49976          1          0         21          0          2      48,18       1,57       15,9       0,61         14          0          0          0          0          0          1          0         11         11          2       0,46
 55      49976          1          0         21          0          2      48,04       1,57       15,9       0,61         14          0          0          0          0          0          1          0         11         11          2       0,46
 56      49976          1          0         21          0          2      48,15       1,56       15,9       0,61         14          0          0          0          0          0          1          0         11         11          2       0,46
 57      49976          1          0         21          0          2      48,26       1,56       15,9       0,61         14          0          0          0          0          0          1          0         11         11          2       0,46
 58      49976          1          0         21          0          2      48,36       1,56       15,9       0,61         14          0          0          0          0          0          1          0         11         11          2       0,46
 59      49976          0          0         22          0          2      48,46       1,56       16,5       0,58         14          0          0          0          0          0          0          0         10         12          2       0,43
--- ---------- ---------- ---------- ---------- ---------- ---------- ---------- ---------- ---------- ---------- ---------- ---------- ---------- ---------- ---------- ---------- ---------- ---------- ---------- ---------- ---------- ----------
Día     Sanos  Infectados Importados    Curados Desinmuniz    Muertos     Ida     críticos  infectados         R0   Cercania   Clusters Infectados    Curados    Muertos  Indirecto   Enfermos Hospitaliz Infectados    Curados    Muertos         R0

Infectados importados                              0

Total pasos                              233.399.682
Total recorridos                           2.949.220
Total distancia recorrida                142.923.223
Contactos de riesgo                              616
Acumulador infectados                            396

Total días infectados (curados)                  353      16,00
Total días infectados (muertos)                   43      21,00
Total días infectados                            396      16,00

Simulados 59 días. 17502,3 s

