07/04/2020 19:36:48

Cambio de condiciones el día 0
Fichero de grupos            C:\Contagio\Casos\grupos.ggg
Número de clusters           125
Próximo cambio en            30 días

                        - Edad- % Factor B    Días         %      Num.Pasos      %                          %      Individuos 
Grupo            Género Min Max   Contagio  Duración    Curación   Min   Max Individuos   Individuos     clusters    cluster  
---------------- ------ --- --- ---------- ---------- ---------- ----- ----- ---------- ------------ ------------ ------------
nene                  2   0   4       10,0       30,0       99,3    70    90       4,00            0          4,0           40
menor                 2   5  19        5,0       30,0      100,0    80   110      15,00            0         15,0           60
adulto                2  20  64       40,0       30,0       99,4    80   120      62,00            0         62,0          100
jubilado              2  65  69     1000,0       30,0       96,8    70    90       5,00            0          5,0           50
mayor                 2  70 150      800,0       30,0       83,5    60    70      14,00            0         14,0           40
---------------- ------ --- --- ---------- ---------- ---------- ----- ----- ---------- ------------ ------------ ------------

Situación inicial

Cluster GID Grupo                Individuos     Sanos  Infectados    Curados Desinmuniz    Muertos
------- --- -------------------- ---------- ---------- ---------- ---------- ---------- ----------
      1   0 nene                         40         40          0          0          0          0
      2   0 nene                         40         40          0          0          0          0
      3   0 nene                         40         40          0          0          0          0
      4   0 nene                         40         40          0          0          0          0
      5   0 nene                         40         40          0          0          0          0
      6   1 menor                        60         60          0          0          0          0
      7   1 menor                        60         60          0          0          0          0
      8   1 menor                        60         60          0          0          0          0
      9   1 menor                        60         60          0          0          0          0
     10   1 menor                        60         60          0          0          0          0
     11   1 menor                        60         60          0          0          0          0
     12   1 menor                        60         60          0          0          0          0
     13   1 menor                        60         60          0          0          0          0
     14   1 menor                        60         60          0          0          0          0
     15   1 menor                        60         60          0          0          0          0
     16   1 menor                        60         60          0          0          0          0
     17   1 menor                        60         60          0          0          0          0
     18   1 menor                        60         60          0          0          0          0
     19   1 menor                        60         60          0          0          0          0
     20   1 menor                        60         60          0          0          0          0
     21   1 menor                        60         60          0          0          0          0
     22   1 menor                        60         60          0          0          0          0
     23   1 menor                        60         60          0          0          0          0
     24   2 adulto                      100        100          0          0          0          0
     25   2 adulto                      100        100          0          0          0          0
     26   2 adulto                      100        100          0          0          0          0
     27   2 adulto                      100        100          0          0          0          0
     28   2 adulto                      100        100          0          0          0          0
     29   2 adulto                      100        100          0          0          0          0
     30   2 adulto                      100        100          0          0          0          0
     31   2 adulto                      100        100          0          0          0          0
     32   2 adulto                      100        100          0          0          0          0
     33   2 adulto                      100        100          0          0          0          0
     34   2 adulto                      100        100          0          0          0          0
     35   2 adulto                      100        100          0          0          0          0
     36   2 adulto                      100        100          0          0          0          0
     37   2 adulto                      100        100          0          0          0          0
     38   2 adulto                      100        100          0          0          0          0
     39   2 adulto                      100        100          0          0          0          0
     40   2 adulto                      100        100          0          0          0          0
     41   2 adulto                      100        100          0          0          0          0
     42   2 adulto                      100        100          0          0          0          0
     43   2 adulto                      100        100          0          0          0          0
     44   2 adulto                      100        100          0          0          0          0
     45   3 jubilado                     50         50          0          0          0          0
     46   3 jubilado                     50         50          0          0          0          0
     47   3 jubilado                     50         50          0          0          0          0
     48   3 jubilado                     50         50          0          0          0          0
     49   3 jubilado                     50         50          0          0          0          0
     50   3 jubilado                     50         50          0          0          0          0
     51   4 mayor                        40         40          0          0          0          0
     52   4 mayor                        40         40          0          0          0          0
     53   4 mayor                        40         40          0          0          0          0
     54   4 mayor                        40         40          0          0          0          0
     55   4 mayor                        40         40          0          0          0          0
     56   4 mayor                        40         40          0          0          0          0
     57   4 mayor                        40         40          0          0          0          0
     58   4 mayor                        40         40          0          0          0          0
     59   4 mayor                        40         40          0          0          0          0
     60   4 mayor                        40         40          0          0          0          0
     61   4 mayor                        40         40          0          0          0          0
     62   4 mayor                        40         40          0          0          0          0
     63   4 mayor                        40         40          0          0          0          0
     64   4 mayor                        40         40          0          0          0          0
     65   4 mayor                        40         40          0          0          0          0
     66   4 mayor                        40         40          0          0          0          0
     67   4 mayor                        40         40          0          0          0          0
------- --- -------------------- ---------- ---------- ---------- ---------- ---------- ----------
                                       4360       4360          0          0          0          0

07/04/2020 22:22:32

Cambio de condiciones el día 30
Fichero de grupos            C:\Contagio\Casos\grupos_m.ggg
Número de clusters           25
Próximo cambio en            15 días

                        - Edad- % Factor B    Días         %      Num.Pasos      %                          %      Individuos 
Grupo            Género Min Max   Contagio  Duración    Curación   Min   Max Individuos   Individuos     clusters    cluster  
---------------- ------ --- --- ---------- ---------- ---------- ----- ----- ---------- ------------ ------------ ------------
nene                  2   0   4       10,0       30,0       99,3    35    45       4,00        2.000          4,0           40
menor                 2   5  19        5,0       30,0      100,0    40    55      15,00        7.500         15,0           60
adulto                2  20  64       40,0       30,0       99,4    40    60      62,00       31.000         62,0          100
jubilado              2  65  69     1000,0       30,0       96,8    35    45       5,00        2.500          5,0           50
mayor                 2  70 150      800,0       30,0       83,5    30    35      14,00        7.000         14,0           40
---------------- ------ --- --- ---------- ---------- ---------- ----- ----- ---------- ------------ ------------ ------------

                                                       -------------- Dentro y fuera ------------- -------- Dentro -----      %
Cluster GID Grupo                Individuos      Sanos Infectados    Curados Desinmuniz    Muertos   Intentos Infectados   Aciertos
------- --- -------------------- ---------- ---------- ---------- ---------- ---------- ---------- ---------- ---------- ----------
      1   0 nene                         40         40          0          0          0          0          0          0       0,00
      2   1 menor                        60         60          0          0          0          0          0          0       0,00
      3   1 menor                        60         60          0          0          0          0          0          0       0,00
      4   1 menor                        60         60          0          0          0          0          0          0       0,00
      5   2 adulto                      100        100          0          0          0          0          0          0       0,00
      6   2 adulto                      100        100          0          0          0          0          0          0       0,00
      7   2 adulto                      100        100          0          0          0          0          0          0       0,00
      8   2 adulto                      100        100          0          0          0          0          0          0       0,00
      9   2 adulto                      100        100          0          0          0          0          0          0       0,00
     10   2 adulto                      100        100          0          0          0          0          0          0       0,00
     11   2 adulto                      100        100          0          0          0          0          0          0       0,00
     12   2 adulto                      100        100          0          0          0          0          0          0       0,00
     13   2 adulto                      100        100          0          0          0          0          0          0       0,00
     14   2 adulto                      100        100          0          0          0          0          0          0       0,00
     15   2 adulto                      100        100          0          0          0          0          0          0       0,00
     16   2 adulto                      100        100          0          0          0          0          0          0       0,00
     17   2 adulto                      100        100          0          0          0          0          0          0       0,00
     18   2 adulto                      100        100          0          0          0          0          0          0       0,00
     19   2 adulto                      100        100          0          0          0          0          0          0       0,00
     20   3 jubilado                     50         50          0          0          0          0          0          0       0,00
     21   4 mayor                        40         40          0          0          0          0          0          0       0,00
     22   4 mayor                        40         40          0          0          0          0          0          0       0,00
     23   4 mayor                        40         40          0          0          0          0          0          0       0,00
------- --- -------------------- ---------- ---------- ---------- ---------- ---------- ---------- ---------- ---------- ----------
                                       1890       1890          0          0          0          0          0          0       0,00

07/04/2020 23:06:39

Cambio de condiciones el día 45
Fichero de grupos            C:\Contagio\Casos\grupos.ggg
Número de clusters           125
Próximo cambio en            0 días

                        - Edad- % Factor B    Días         %      Num.Pasos      %                          %      Individuos 
Grupo            Género Min Max   Contagio  Duración    Curación   Min   Max Individuos   Individuos     clusters    cluster  
---------------- ------ --- --- ---------- ---------- ---------- ----- ----- ---------- ------------ ------------ ------------
nene                  2   0   4       10,0       30,0       99,3    70    90       4,00        2.000          4,0           40
menor                 2   5  19        5,0       30,0      100,0    80   110      15,00        7.500         15,0           60
adulto                2  20  64       40,0       30,0       99,4    80   120      62,00       31.000         62,0          100
jubilado              2  65  69     1000,0       30,0       96,8    70    90       5,00        2.500          5,0           50
mayor                 2  70 150      800,0       30,0       83,5    60    70      14,00        7.000         14,0           40
---------------- ------ --- --- ---------- ---------- ---------- ----- ----- ---------- ------------ ------------ ------------

                                                       -------------- Dentro y fuera ------------- -------- Dentro -----      %
Cluster GID Grupo                Individuos      Sanos Infectados    Curados Desinmuniz    Muertos   Intentos Infectados   Aciertos
------- --- -------------------- ---------- ---------- ---------- ---------- ---------- ---------- ---------- ---------- ----------
      1   0 nene                         40         40          0          0          0          0          0          0       0,00
      2   0 nene                         40         40          0          0          0          0          0          0       0,00
      3   0 nene                         40         40          0          0          0          0          0          0       0,00
      4   0 nene                         40         40          0          0          0          0          0          0       0,00
      5   0 nene                         40         40          0          0          0          0          0          0       0,00
      6   1 menor                        60         60          0          0          0          0          0          0       0,00
      7   1 menor                        60         60          0          0          0          0          0          0       0,00
      8   1 menor                        60         60          0          0          0          0          0          0       0,00
      9   1 menor                        60         60          0          0          0          0          0          0       0,00
     10   1 menor                        60         60          0          0          0          0          0          0       0,00
     11   1 menor                        60         60          0          0          0          0          0          0       0,00
     12   1 menor                        60         60          0          0          0          0          0          0       0,00
     13   1 menor                        60         60          0          0          0          0          0          0       0,00
     14   1 menor                        60         60          0          0          0          0          0          0       0,00
     15   1 menor                        60         60          0          0          0          0          0          0       0,00
     16   1 menor                        60         60          0          0          0          0          0          0       0,00
     17   1 menor                        60         60          0          0          0          0          0          0       0,00
     18   1 menor                        60         60          0          0          0          0          0          0       0,00
     19   1 menor                        60         60          0          0          0          0          0          0       0,00
     20   1 menor                        60         60          0          0          0          0          0          0       0,00
     21   1 menor                        60         60          0          0          0          0          0          0       0,00
     22   1 menor                        60         60          0          0          0          0          0          0       0,00
     23   1 menor                        60         60          0          0          0          0          0          0       0,00
     24   2 adulto                      100        100          0          0          0          0          0          0       0,00
     25   2 adulto                      100        100          0          0          0          0          0          0       0,00
     26   2 adulto                      100        100          0          0          0          0          0          0       0,00
     27   2 adulto                      100        100          0          0          0          0          0          0       0,00
     28   2 adulto                      100        100          0          0          0          0          0          0       0,00
     29   2 adulto                      100        100          0          0          0          0          0          0       0,00
     30   2 adulto                      100        100          0          0          0          0          0          0       0,00
     31   2 adulto                      100        100          0          0          0          0          0          0       0,00
     32   2 adulto                      100        100          0          0          0          0          0          0       0,00
     33   2 adulto                      100        100          0          0          0          0          0          0       0,00
     34   2 adulto                      100        100          0          0          0          0          0          0       0,00
     35   2 adulto                      100        100          0          0          0          0          0          0       0,00
     36   2 adulto                      100        100          0          0          0          0          0          0       0,00
     37   2 adulto                      100        100          0          0          0          0          0          0       0,00
     38   2 adulto                      100        100          0          0          0          0          0          0       0,00
     39   2 adulto                      100        100          0          0          0          0          0          0       0,00
     40   2 adulto                      100        100          0          0          0          0          0          0       0,00
     41   2 adulto                      100        100          0          0          0          0          0          0       0,00
     42   2 adulto                      100        100          0          0          0          0          0          0       0,00
     43   2 adulto                      100        100          0          0          0          0          0          0       0,00
     44   2 adulto                      100        100          0          0          0          0          0          0       0,00
     45   2 adulto                      100        100          0          0          0          0          0          0       0,00
     46   2 adulto                      100        100          0          0          0          0          0          0       0,00
     47   2 adulto                      100        100          0          0          0          0          0          0       0,00
     48   2 adulto                      100        100          0          0          0          0          0          0       0,00
     49   2 adulto                      100        100          0          0          0          0          0          0       0,00
     50   2 adulto                      100        100          0          0          0          0          0          0       0,00
     51   2 adulto                      100        100          0          0          0          0          0          0       0,00
     52   2 adulto                      100        100          0          0          0          0          0          0       0,00
     53   2 adulto                      100        100          0          0          0          0          0          0       0,00
     54   2 adulto                      100        100          0          0          0          0          0          0       0,00
     55   2 adulto                      100        100          0          0          0          0          0          0       0,00
     56   2 adulto                      100        100          0          0          0          0          0          0       0,00
     57   2 adulto                      100        100          0          0          0          0          0          0       0,00
     58   2 adulto                      100        100          0          0          0          0          0          0       0,00
     59   2 adulto                      100        100          0          0          0          0          0          0       0,00
     60   2 adulto                      100         99          0          1          0          0          0          0       0,00
     61   2 adulto                      100        100          0          0          0          0          0          0       0,00
     62   2 adulto                      100        100          0          0          0          0          0          0       0,00
     63   2 adulto                      100        100          0          0          0          0          0          0       0,00
     64   2 adulto                      100        100          0          0          0          0          0          0       0,00
     65   2 adulto                      100        100          0          0          0          0          0          0       0,00
     66   2 adulto                      100        100          0          0          0          0          0          0       0,00
     67   2 adulto                      100        100          0          0          0          0          0          0       0,00
     68   2 adulto                      100        100          0          0          0          0          0          0       0,00
     69   2 adulto                      100        100          0          0          0          0          0          0       0,00
     70   2 adulto                      100        100          0          0          0          0          0          0       0,00
     71   2 adulto                      100        100          0          0          0          0          0          0       0,00
     72   2 adulto                      100        100          0          0          0          0          0          0       0,00
     73   2 adulto                      100        100          0          0          0          0          0          0       0,00
     74   2 adulto                      100        100          0          0          0          0          0          0       0,00
     75   2 adulto                      100        100          0          0          0          0          0          0       0,00
     76   2 adulto                      100        100          0          0          0          0          0          0       0,00
     77   2 adulto                      100        100          0          0          0          0          0          0       0,00
     78   2 adulto                      100        100          0          0          0          0          0          0       0,00
     79   2 adulto                      100        100          0          0          0          0          0          0       0,00
     80   2 adulto                      100        100          0          0          0          0          0          0       0,00
     81   2 adulto                      100        100          0          0          0          0          0          0       0,00
     82   2 adulto                      100        100          0          0          0          0          0          0       0,00
     83   2 adulto                      100        100          0          0          0          0          0          0       0,00
     84   2 adulto                      100        100          0          0          0          0          0          0       0,00
     85   2 adulto                      100        100          0          0          0          0          0          0       0,00
     86   2 adulto                      100        100          0          0          0          0          0          0       0,00
     87   2 adulto                      100        100          0          0          0          0          0          0       0,00
     88   2 adulto                      100        100          0          0          0          0          0          0       0,00
     89   2 adulto                      100        100          0          0          0          0          0          0       0,00
     90   2 adulto                      100        100          0          0          0          0          0          0       0,00
     91   2 adulto                      100        100          0          0          0          0          0          0       0,00
     92   2 adulto                      100        100          0          0          0          0          0          0       0,00
     93   2 adulto                      100        100          0          0          0          0          0          0       0,00
     94   2 adulto                      100        100          0          0          0          0          0          0       0,00
     95   2 adulto                      100        100          0          0          0          0          0          0       0,00
     96   2 adulto                      100        100          0          0          0          0          0          0       0,00
     97   2 adulto                      100        100          0          0          0          0          0          0       0,00
     98   2 adulto                      100        100          0          0          0          0          0          0       0,00
     99   2 adulto                      100        100          0          0          0          0          0          0       0,00
    100   2 adulto                      100        100          0          0          0          0          0          0       0,00
    101   3 jubilado                     50         50          0          0          0          0          0          0       0,00
    102   3 jubilado                     50         50          0          0          0          0          0          0       0,00
    103   3 jubilado                     50         50          0          0          0          0          0          0       0,00
    104   3 jubilado                     50         50          0          0          0          0          0          0       0,00
    105   3 jubilado                     50         50          0          0          0          0          0          0       0,00
    106   3 jubilado                     50         50          0          0          0          0          0          0       0,00
    107   4 mayor                        40         40          0          0          0          0          0          0       0,00
    108   4 mayor                        40         40          0          0          0          0          0          0       0,00
    109   4 mayor                        40         40          0          0          0          0          0          0       0,00
    110   4 mayor                        40         40          0          0          0          0          0          0       0,00
    111   4 mayor                        40         40          0          0          0          0          0          0       0,00
    112   4 mayor                        40         40          0          0          0          0          0          0       0,00
    113   4 mayor                        40         40          0          0          0          0          0          0       0,00
    114   4 mayor                        40         40          0          0          0          0          0          0       0,00
    115   4 mayor                        40         40          0          0          0          0          0          0       0,00
    116   4 mayor                        40         40          0          0          0          0          0          0       0,00
    117   4 mayor                        40         40          0          0          0          0          0          0       0,00
    118   4 mayor                        40         40          0          0          0          0          0          0       0,00
    119   4 mayor                        40         40          0          0          0          0          0          0       0,00
    120   4 mayor                        40         40          0          0          0          0          0          0       0,00
    121   4 mayor                        40         40          0          0          0          0          0          0       0,00
    122   4 mayor                        40         40          0          0          0          0          0          0       0,00
    123   4 mayor                        40         40          0          0          0          0          0          0       0,00
------- --- -------------------- ---------- ---------- ---------- ---------- ---------- ---------- ---------- ---------- ----------
                                       9960       9959          0          1          0          0          0          0       0,00

Situación final

                                                       -------------- Dentro y fuera ------------- -------- Dentro -----      %
Cluster GID Grupo                Individuos      Sanos Infectados    Curados Desinmuniz    Muertos   Intentos Infectados   Aciertos
------- --- -------------------- ---------- ---------- ---------- ---------- ---------- ---------- ---------- ---------- ----------
      1   0 nene                         40         40          0          0          0          0          0          0       0,00
      2   0 nene                         40         40          0          0          0          0          0          0       0,00
      3   0 nene                         40         40          0          0          0          0          0          0       0,00
      4   0 nene                         40         40          0          0          0          0          0          0       0,00
      5   0 nene                         40         40          0          0          0          0          0          0       0,00
      6   1 menor                        60         60          0          0          0          0          0          0       0,00
      7   1 menor                        60         60          0          0          0          0          0          0       0,00
      8   1 menor                        60         60          0          0          0          0          0          0       0,00
      9   1 menor                        60         60          0          0          0          0          0          0       0,00
     10   1 menor                        60         60          0          0          0          0          0          0       0,00
     11   1 menor                        60         60          0          0          0          0          0          0       0,00
     12   1 menor                        60         60          0          0          0          0          0          0       0,00
     13   1 menor                        60         60          0          0          0          0          0          0       0,00
     14   1 menor                        60         60          0          0          0          0          0          0       0,00
     15   1 menor                        60         60          0          0          0          0          0          0       0,00
     16   1 menor                        60         60          0          0          0          0          0          0       0,00
     17   1 menor                        60         60          0          0          0          0          0          0       0,00
     18   1 menor                        60         60          0          0          0          0          0          0       0,00
     19   1 menor                        60         60          0          0          0          0          0          0       0,00
     20   1 menor                        60         60          0          0          0          0          0          0       0,00
     21   1 menor                        60         60          0          0          0          0          0          0       0,00
     22   1 menor                        60         60          0          0          0          0          0          0       0,00
     23   1 menor                        60         60          0          0          0          0          0          0       0,00
     24   2 adulto                      100        100          0          0          0          0          0          0       0,00
     25   2 adulto                      100        100          0          0          0          0          0          0       0,00
     26   2 adulto                      100        100          0          0          0          0          0          0       0,00
     27   2 adulto                      100        100          0          0          0          0          0          0       0,00
     28   2 adulto                      100        100          0          0          0          0          0          0       0,00
     29   2 adulto                      100        100          0          0          0          0          0          0       0,00
     30   2 adulto                      100        100          0          0          0          0          0          0       0,00
     31   2 adulto                      100        100          0          0          0          0          0          0       0,00
     32   2 adulto                      100        100          0          0          0          0          0          0       0,00
     33   2 adulto                      100        100          0          0          0          0          0          0       0,00
     34   2 adulto                      100        100          0          0          0          0          0          0       0,00
     35   2 adulto                      100        100          0          0          0          0          0          0       0,00
     36   2 adulto                      100        100          0          0          0          0          0          0       0,00
     37   2 adulto                      100        100          0          0          0          0          0          0       0,00
     38   2 adulto                      100        100          0          0          0          0          0          0       0,00
     39   2 adulto                      100        100          0          0          0          0          0          0       0,00
     40   2 adulto                      100        100          0          0          0          0          0          0       0,00
     41   2 adulto                      100        100          0          0          0          0          0          0       0,00
     42   2 adulto                      100        100          0          0          0          0          0          0       0,00
     43   2 adulto                      100        100          0          0          0          0          0          0       0,00
     44   2 adulto                      100        100          0          0          0          0          0          0       0,00
     45   2 adulto                      100        100          0          0          0          0          0          0       0,00
     46   2 adulto                      100        100          0          0          0          0          0          0       0,00
     47   2 adulto                      100        100          0          0          0          0          0          0       0,00
     48   2 adulto                      100        100          0          0          0          0          0          0       0,00
     49   2 adulto                      100        100          0          0          0          0          0          0       0,00
     50   2 adulto                      100        100          0          0          0          0          0          0       0,00
     51   2 adulto                      100        100          0          0          0          0          0          0       0,00
     52   2 adulto                      100        100          0          0          0          0          0          0       0,00
     53   2 adulto                      100        100          0          0          0          0          0          0       0,00
     54   2 adulto                      100        100          0          0          0          0          0          0       0,00
     55   2 adulto                      100        100          0          0          0          0          0          0       0,00
     56   2 adulto                      100        100          0          0          0          0          0          0       0,00
     57   2 adulto                      100        100          0          0          0          0          0          0       0,00
     58   2 adulto                      100        100          0          0          0          0          0          0       0,00
     59   2 adulto                      100        100          0          0          0          0          0          0       0,00
     60   2 adulto                      100         99          0          1          0          0          0          0       0,00
     61   2 adulto                      100        100          0          0          0          0          0          0       0,00
     62   2 adulto                      100        100          0          0          0          0          0          0       0,00
     63   2 adulto                      100        100          0          0          0          0          0          0       0,00
     64   2 adulto                      100        100          0          0          0          0          0          0       0,00
     65   2 adulto                      100        100          0          0          0          0          0          0       0,00
     66   2 adulto                      100        100          0          0          0          0          0          0       0,00
     67   2 adulto                      100        100          0          0          0          0          0          0       0,00
     68   2 adulto                      100        100          0          0          0          0          0          0       0,00
     69   2 adulto                      100        100          0          0          0          0          0          0       0,00
     70   2 adulto                      100        100          0          0          0          0          0          0       0,00
     71   2 adulto                      100        100          0          0          0          0          0          0       0,00
     72   2 adulto                      100        100          0          0          0          0          0          0       0,00
     73   2 adulto                      100        100          0          0          0          0          0          0       0,00
     74   2 adulto                      100        100          0          0          0          0          0          0       0,00
     75   2 adulto                      100        100          0          0          0          0          0          0       0,00
     76   2 adulto                      100        100          0          0          0          0          0          0       0,00
     77   2 adulto                      100        100          0          0          0          0          0          0       0,00
     78   2 adulto                      100        100          0          0          0          0          0          0       0,00
     79   2 adulto                      100        100          0          0          0          0          0          0       0,00
     80   2 adulto                      100        100          0          0          0          0          0          0       0,00
     81   2 adulto                      100        100          0          0          0          0          0          0       0,00
     82   2 adulto                      100        100          0          0          0          0          0          0       0,00
     83   2 adulto                      100        100          0          0          0          0          0          0       0,00
     84   2 adulto                      100        100          0          0          0          0          0          0       0,00
     85   2 adulto                      100        100          0          0          0          0          0          0       0,00
     86   2 adulto                      100        100          0          0          0          0          0          0       0,00
     87   2 adulto                      100        100          0          0          0          0          0          0       0,00
     88   2 adulto                      100        100          0          0          0          0          0          0       0,00
     89   2 adulto                      100        100          0          0          0          0          0          0       0,00
     90   2 adulto                      100        100          0          0          0          0          0          0       0,00
     91   2 adulto                      100        100          0          0          0          0          0          0       0,00
     92   2 adulto                      100        100          0          0          0          0          0          0       0,00
     93   2 adulto                      100        100          0          0          0          0          0          0       0,00
     94   2 adulto                      100        100          0          0          0          0          0          0       0,00
     95   2 adulto                      100        100          0          0          0          0          0          0       0,00
     96   2 adulto                      100        100          0          0          0          0          0          0       0,00
     97   2 adulto                      100        100          0          0          0          0          0          0       0,00
     98   2 adulto                      100        100          0          0          0          0          0          0       0,00
     99   2 adulto                      100        100          0          0          0          0          0          0       0,00
    100   2 adulto                      100        100          0          0          0          0          0          0       0,00
    101   3 jubilado                     50         50          0          0          0          0          0          0       0,00
    102   3 jubilado                     50         50          0          0          0          0          0          0       0,00
    103   3 jubilado                     50         50          0          0          0          0          0          0       0,00
    104   3 jubilado                     50         50          0          0          0          0          0          0       0,00
    105   3 jubilado                     50         50          0          0          0          0          0          0       0,00
    106   3 jubilado                     50         50          0          0          0          0          0          0       0,00
    107   4 mayor                        40         40          0          0          0          0          0          0       0,00
    108   4 mayor                        40         40          0          0          0          0          0          0       0,00
    109   4 mayor                        40         40          0          0          0          0          0          0       0,00
    110   4 mayor                        40         40          0          0          0          0          0          0       0,00
    111   4 mayor                        40         40          0          0          0          0          0          0       0,00
    112   4 mayor                        40         40          0          0          0          0          0          0       0,00
    113   4 mayor                        40         40          0          0          0          0          0          0       0,00
    114   4 mayor                        40         40          0          0          0          0          0          0       0,00
    115   4 mayor                        40         40          0          0          0          0          0          0       0,00
    116   4 mayor                        40         40          0          0          0          0          0          0       0,00
    117   4 mayor                        40         40          0          0          0          0          0          0       0,00
    118   4 mayor                        40         40          0          0          0          0          0          0       0,00
    119   4 mayor                        40         40          0          0          0          0          0          0       0,00
    120   4 mayor                        40         40          0          0          0          0          0          0       0,00
    121   4 mayor                        40         40          0          0          0          0          0          0       0,00
    122   4 mayor                        40         40          0          0          0          0          0          0       0,00
    123   4 mayor                        40         40          0          0          0          0          0          0       0,00
------- --- -------------------- ---------- ---------- ---------- ---------- ---------- ---------- ---------- ---------- ----------
                                       9960       9959          0          1          0          0          0          0       0,00

Grupo   0 nene
      0      1      2      3      4      5      6      7      8      9     10     11     12     13     14     15     16     17     18     19     20     21     22     23     24     25     26     27     28     29
 ------ ------ ------ ------ ------ ------ ------ ------ ------ ------ ------ ------ ------ ------ ------ ------ ------ ------ ------ ------ ------ ------ ------ ------ ------ ------ ------ ------ ------ ------
 0,0000 0,0000 0,0000 0,0001 0,0003 0,0006 0,0010 0,0016 0,0024 0,0034 0,0046 0,0062 0,0080 0,0102 0,0127 0,0156 0,0189 0,0227 0,0270 0,0317 0,0370 0,0428 0,0492 0,0563 0,0639 0,0723 0,0813 0,0910 0,1015 0,1128
Número infectados                                  0
Número intentos fin infección                      0
Número finales de infección                        0        NaN
Número finales curacion                            0       0,00
Número finales muerte                              0       0,00
Total infecciones                                  0
Total infecciones por curados                      0
Total infecciones por muertos                      0
Total infectadores curados                         0
Total infectadores muertos                         0
Total pasos                                8.501.269
Total recorridos                             122.000
Total distancia recorrida                  5.193.870
Contactos de riesgo                               30
Máximo de contagios por 1 individuo                -
Mínimo de contagios por 1 individuo                -
Falso (R0) curados                                 -
Falso (R0) muertos                                 -

Grupo   1 menor
      0      1      2      3      4      5      6      7      8      9     10     11     12     13     14     15     16     17     18     19     20     21     22     23     24     25     26     27     28     29
 ------ ------ ------ ------ ------ ------ ------ ------ ------ ------ ------ ------ ------ ------ ------ ------ ------ ------ ------ ------ ------ ------ ------ ------ ------ ------ ------ ------ ------ ------
 0,0000 0,0000 0,0000 0,0001 0,0003 0,0006 0,0010 0,0016 0,0024 0,0034 0,0046 0,0062 0,0080 0,0102 0,0127 0,0156 0,0189 0,0227 0,0270 0,0317 0,0370 0,0428 0,0492 0,0563 0,0639 0,0723 0,0813 0,0910 0,1015 0,1128
Número infectados                                  1
Número intentos fin infección                     32
Número finales de infección                        1       3,13
Número finales curacion                            1     100,00
Número finales muerte                              0       0,00
Total infecciones                                  1
Total infecciones por curados                      1
Total infecciones por muertos                      0
Total infectadores curados                         1
Total infectadores muertos                         0
Total pasos                               37.887.948
Total recorridos                             457.471
Total distancia recorrida                 23.208.403
Contactos de riesgo                               72
Máximo de contagios por 1 individuo                1
Mínimo de contagios por 1 individuo                1
Falso (R0) curados                            1,0000
Falso (R0) muertos                            0,0000

Grupo   2 adulto
      0      1      2      3      4      5      6      7      8      9     10     11     12     13     14     15     16     17     18     19     20     21     22     23     24     25     26     27     28     29
 ------ ------ ------ ------ ------ ------ ------ ------ ------ ------ ------ ------ ------ ------ ------ ------ ------ ------ ------ ------ ------ ------ ------ ------ ------ ------ ------ ------ ------ ------
 0,0000 0,0000 0,0000 0,0001 0,0003 0,0006 0,0010 0,0016 0,0024 0,0034 0,0046 0,0062 0,0080 0,0102 0,0127 0,0156 0,0189 0,0227 0,0270 0,0317 0,0370 0,0428 0,0492 0,0563 0,0639 0,0723 0,0813 0,0910 0,1015 0,1128
Número infectados                                  7
Número intentos fin infección                    220
Número finales de infección                        7       3,18
Número finales curacion                            7     100,00
Número finales muerte                              0       0,00
Total infecciones                                  1
Total infecciones por curados                      1
Total infecciones por muertos                      0
Total infectadores curados                         7
Total infectadores muertos                         0
Total pasos                              164.875.072
Total recorridos                           1.890.793
Total distancia recorrida                100.961.025
Contactos de riesgo                              502
Máximo de contagios por 1 individuo                1
Mínimo de contagios por 1 individuo                0
Falso (R0) curados                            0,1429
Falso (R0) muertos                            0,0000

Grupo   3 jubilado
      0      1      2      3      4      5      6      7      8      9     10     11     12     13     14     15     16     17     18     19     20     21     22     23     24     25     26     27     28     29
 ------ ------ ------ ------ ------ ------ ------ ------ ------ ------ ------ ------ ------ ------ ------ ------ ------ ------ ------ ------ ------ ------ ------ ------ ------ ------ ------ ------ ------ ------
 0,0000 0,0000 0,0000 0,0001 0,0003 0,0006 0,0010 0,0016 0,0024 0,0034 0,0046 0,0062 0,0080 0,0102 0,0127 0,0156 0,0189 0,0227 0,0270 0,0317 0,0370 0,0428 0,0492 0,0563 0,0639 0,0723 0,0813 0,0910 0,1015 0,1128
Número infectados                                  2
Número intentos fin infección                     64
Número finales de infección                        2       3,13
Número finales curacion                            1      50,00
Número finales muerte                              1      50,00
Total infecciones                                  1
Total infecciones por curados                      0
Total infecciones por muertos                      1
Total infectadores curados                         1
Total infectadores muertos                         1
Total pasos                               10.619.519
Total recorridos                             152.451
Total distancia recorrida                  6.501.606
Contactos de riesgo                               17
Máximo de contagios por 1 individuo                1
Mínimo de contagios por 1 individuo                0
Falso (R0) curados                            0,0000
Falso (R0) muertos                            1,0000

Grupo   4 mayor
      0      1      2      3      4      5      6      7      8      9     10     11     12     13     14     15     16     17     18     19     20     21     22     23     24     25     26     27     28     29
 ------ ------ ------ ------ ------ ------ ------ ------ ------ ------ ------ ------ ------ ------ ------ ------ ------ ------ ------ ------ ------ ------ ------ ------ ------ ------ ------ ------ ------ ------
 0,0000 0,0000 0,0000 0,0001 0,0003 0,0006 0,0010 0,0016 0,0024 0,0034 0,0046 0,0062 0,0080 0,0102 0,0127 0,0156 0,0189 0,0227 0,0270 0,0317 0,0370 0,0428 0,0492 0,0563 0,0639 0,0723 0,0813 0,0910 0,1015 0,1128
Número infectados                                  3
Número intentos fin infección                     90
Número finales de infección                        3       3,33
Número finales curacion                            3     100,00
Número finales muerte                              0       0,00
Total infecciones                                  0
Total infecciones por curados                      0
Total infecciones por muertos                      0
Total infectadores curados                         3
Total infectadores muertos                         0
Total pasos                               24.125.295
Total recorridos                             426.948
Total distancia recorrida                 14.768.204
Contactos de riesgo                               73
Máximo de contagios por 1 individuo                0
Mínimo de contagios por 1 individuo                0
Falso (R0) curados                            0,0000
Falso (R0) muertos                            0,0000

