Tipo 0
Día     Sanos  Infectados Importados    Curados Desinmuniz    Muertos Inf.Indire   Enfermos Hospitaliz
--- ---------- ---------- ---------- ---------- ---------- ---------- ---------- ---------- ----------
  1       1999          1          0          0          0          0          0          0          0
  2       1999          1          0          0          0          0          0          0          0
  3       1999          1          0          0          0          0          0          0          0
  4       1999          1          0          0          0          0          0          0          0
  5       1999          1          0          0          0          0          0          0          0
  6       1999          1          0          0          0          0          0          0          0
  7       1999          1          0          0          0          0          0          0          0
  8       1999          1          0          0          0          0          0          0          0
  9       1999          1          0          0          0          0          0          0          0
 10       1999          1          0          0          0          0          0          0          0
 11       1999          1          0          0          0          0          0          0          0
 12       1999          1          0          0          0          0          0          0          0
 13       1999          1          0          0          0          0          0          0          0
 14       1999          1          0          0          0          0          0          0          0
 15       1999          1          0          0          0          0          0          0          0
 16       1999          1          0          0          0          0          0          0          0
 17       1999          1          0          0          0          0          0          0          0
 18       1999          1          0          0          0          0          0          0          0
 19       1999          1          0          0          0          0          0          0          0
 20       1999          1          0          0          0          0          0          0          0
 21       1999          1          0          0          0          0          0          0          0
 22       1999          1          0          0          0          0          0          0          0
 23       1998          2          0          0          0          0          0          0          0
 24       1998          2          0          0          0          0          0          0          0
 25       1998          2          0          0          0          0          0          0          0
 26       1998          2          0          0          0          0          0          0          0
 27       1998          2          0          0          0          0          0          0          0
 28       1998          2          0          0          0          0          0          0          0
 29       1998          2          0          0          0          0          0          0          0
 30       1998          2          0          0          0          0          0          1          0
 31       1998          2          0          0          0          0          0          1          0
 32       1998          1          0          1          0          0          0          1          0
 33       1998          1          0          1          0          0          0          1          0
 34       1997          2          0          1          0          0          0          1          0
 35       1997          2          0          1          0          0          0          1          0
 36       1996          3          0          1          0          0          0          1          0
 37       1994          5          0          1          0          0          0          1          0
 38       1994          5          0          1          0          0          0          1          0
 39       1994          5          0          1          0          0          0          1          0
 40       1993          6          0          1          0          0          0          1          0
 41       1993          6          0          1          0          0          0          2          0
 42       1992          7          0          1          0          0          0          2          0
 43       1992          7          0          1          0          0          0          3          0
 44       1991          8          0          1          0          0          0          5          0
 45       1990          9          0          1          0          0          0          5          0
 46       1989         10          0          1          0          0          0          5          0
 47       1988         11          0          1          0          0          0          6          1
 48       1988         11          0          1          0          0          0          6          1
 49       1988         11          0          1          0          0          0          7          2
 50       1988         11          0          1          0          0          0          7          2
 51       1988         11          0          1          0          0          0          8          2
 52       1988         11          0          1          0          0          0          9          2
 53       1987         12          0          1          0          0          0         10          2
 54       1987         11          0          2          0          0          0         10          2
 55       1987         11          0          2          0          0          0         10          2
 56       1986         12          0          2          0          0          0         10          2
 57       1985         13          0          2          0          0          0         10          2
 58       1985         13          0          2          0          0          0         10          2
 59       1985         12          0          3          0          0          0          9          2
 60       1985         12          0          3          0          0          0         10          2
 61       1985         11          0          4          0          0          0          9          2
 62       1985         11          0          4          0          0          0          9          2
 63       1985         10          0          5          0          0          0          9          1
 64       1985         10          0          5          0          0          0         10          1
 65       1985         10          0          5          0          0          0         10          1
 66       1985          9          0          6          0          0          0          9          1
 67       1985          9          0          6          0          0          0          9          1
 68       1985          6          0          9          0          0          0          6          1
 69       1985          6          0          9          0          0          0          6          1
 70       1984          6          0         10          0          0          0          5          1
 71       1984          4          0         12          0          0          0          3          0
 72       1984          4          0         12          0          0          0          3          0
 73       1984          4          0         12          0          0          0          3          0
 74       1984          4          0         12          0          0          0          3          0
 75       1984          4          0         12          0          0          0          3          0
 76       1984          4          0         12          0          0          0          3          0
 77       1984          4          0         12          0          0          0          4          1
 78       1983          3          0         14          0          0          0          2          1
 79       1983          3          0         14          0          0          0          2          1
 80       1983          3          0         14          0          0          0          2          1
 81       1983          3          0         14          0          0          0          2          1
 82       1983          3          0         14          0          0          0          2          1
 83       1983          3          0         14          0          0          0          2          1
 84       1983          3          0         14          0          0          0          2          1
 85       1983          3          0         14          0          0          0          3          1
 86       1983          3          0         14          0          0          0          3          1
 87       1983          3          0         14          0          0          0          3          1
 88       1983          2          0         15          0          0          0          2          1
 89       1983          2          0         15          0          0          0          2          1
 90       1983          2          0         15          0          0          0          2          1
 91       1983          2          0         15          0          0          0          2          1
 92       1983          2          0         15          0          0          0          2          1
 93       1983          2          0         15          0          0          0          2          1
 94       1983          2          0         15          0          0          0          2          1
 95       1983          2          0         15          0          0          0          2          1
 96       1983          2          0         15          0          0          0          2          1
 97       1983          2          0         15          0          0          0          2          1
 98       1983          2          0         15          0          0          0          2          1
 99       1983          2          0         15          0          0          0          2          1
100       1983          2          0         15          0          0          0          2          1
101       1983          1          0         16          0          0          0          1          0
102       1982          2          0         16          0          0          0          1          0
103       1982          2          0         16          0          0          0          1          0
104       1982          2          0         16          0          0          0          1          0
105       1982          2          0         16          0          0          0          1          0
106       1982          2          0         16          0          0          0          1          0
107       1982          2          0         16          0          0          0          1          0
108       1982          2          0         16          0          0          0          1          0
109       1982          1          0         17          0          0          0          1          0
110       1982          1          0         17          0          0          0          1          0
111       1982          1          0         17          0          0          0          1          0
112       1982          1          0         17          0          0          0          1          0
113       1982          1          0         17          0          0          0          1          0
114       1982          1          0         17          0          0          0          1          0
115       1982          1          0         17          0          0          0          1          0
116       1982          1          0         17          0          0          0          1          0
117       1982          1          0         17          0          0          0          1          0
118       1982          1          0         17          0          0          0          1          0
119       1982          1          0         17          0          0          0          1          0
120       1982          1          0         17          0          0          0          1          0
121       1982          1          0         17          0          0          0          1          0
122       1982          1          0         17          0          0          0          1          0
123       1982          1          0         17          0          0          0          1          0
124       1982          1          0         17          0          0          0          1          0
125       1982          1          0         17          0          0          0          1          0
126       1982          1          0         17          0          0          0          1          0
127       1982          1          0         17          0          0          0          1          0
128       1982          1          0         17          0          0          0          1          0
129       1982          1          0         17          0          0          0          1          0
130       1982          1          0         17          0          0          0          1          0
131       1982          1          0         17          0          0          0          1          0
132       1982          1          0         17          0          0          0          1          0
133       1982          0          0         18          0          0          0          0          0
134       1982          0          0         18          0          0          0          0          0
135       1982          0          0         18          0          0          0          0          0
136       1982          0          0         18          0          0          0          0          0
137       1982          0          0         18          0          0          0          0          0
138       1982          0          0         18          0          0          0          0          0
139       1981          1          0         18          0          0          0          0          0
140       1981          1          0         18          0          0          0          0          0
141       1981          1          0         18          0          0          0          0          0
142       1981          1          0         18          0          0          0          0          0
143       1981          1          0         18          0          0          0          0          0
144       1981          1          0         18          0          0          0          0          0
145       1981          1          0         18          0          0          0          0          0
146       1981          1          0         18          0          0          0          1          0
147       1981          1          0         18          0          0          0          1          0
148       1981          1          0         18          0          0          0          1          0
149       1981          1          0         18          0          0          0          1          0
150       1981          1          0         18          0          0          0          1          0
--- ---------- ---------- ---------- ---------- ---------- ---------- ---------- ---------- ----------

Tipo 1
Día     Sanos  Infectados Importados    Curados Desinmuniz    Muertos Inf.Indire   Enfermos Hospitaliz
--- ---------- ---------- ---------- ---------- ---------- ---------- ---------- ---------- ----------
  1       7499          1          0          0          0          0          0          0          0
  2       7499          1          0          0          0          0          0          0          0
  3       7499          1          0          0          0          0          0          0          0
  4       7499          1          0          0          0          0          0          0          0
  5       7499          1          0          0          0          0          0          0          0
  6       7499          1          0          0          0          0          0          0          0
  7       7499          1          0          0          0          0          0          0          0
  8       7499          1          0          0          0          0          0          0          0
  9       7499          1          0          0          0          0          0          0          0
 10       7499          1          0          0          0          0          0          0          0
 11       7499          1          0          0          0          0          0          0          0
 12       7499          1          0          0          0          0          0          0          0
 13       7499          1          0          0          0          0          0          0          0
 14       7499          1          0          0          0          0          0          0          0
 15       7498          2          0          0          0          0          0          0          0
 16       7497          3          0          0          0          0          0          0          0
 17       7497          3          0          0          0          0          0          0          0
 18       7496          4          0          0          0          0          0          0          0
 19       7496          4          0          0          0          0          0          0          0
 20       7496          4          0          0          0          0          0          0          0
 21       7496          4          0          0          0          0          0          0          0
 22       7495          5          0          0          0          0          0          1          0
 23       7495          5          0          0          0          0          0          2          0
 24       7495          5          0          0          0          0          0          2          0
 25       7493          7          0          0          0          0          0          3          0
 26       7491          9          0          0          0          0          0          3          0
 27       7490          9          0          1          0          0          0          3          0
 28       7488         11          0          1          0          0          0          3          0
 29       7488         11          0          1          0          0          0          4          1
 30       7487         12          0          1          0          0          0          4          1
 31       7486         13          0          1          0          0          0          4          1
 32       7483         16          0          1          0          0          0          6          1
 33       7481         18          0          1          0          0          0          8          1
 34       7478         21          0          1          0          0          0          9          2
 35       7478         21          0          1          0          0          0         11          2
 36       7473         26          0          1          0          0          0         11          2
 37       7472         27          0          1          0          0          0         12          2
 38       7472         27          0          1          0          0          0         13          3
 39       7470         28          0          2          0          0          0         15          3
 40       7469         29          0          2          0          0          0         17          4
 41       7466         31          0          3          0          0          0         19          4
 42       7466         31          0          3          0          0          0         19          4
 43       7460         37          0          3          0          0          0         24          4
 44       7459         37          0          4          0          0          0         24          3
 45       7455         41          0          4          0          0          0         24          3
 46       7455         40          0          5          0          0          0         25          3
 47       7450         44          0          6          0          0          0         25          3
 48       7447         47          0          6          0          0          0         28          4
 49       7446         47          0          7          0          0          0         27          4
 50       7442         50          0          8          0          0          0         32          6
 51       7441         50          0          9          0          0          0         32          6
 52       7439         51          0         10          0          0          0         35          6
 53       7437         53          0         10          0          0          0         35          6
 54       7436         53          0         11          0          0          0         39          6
 55       7434         55          0         11          0          0          0         42          6
 56       7433         55          0         12          0          0          0         42          6
 57       7429         56          0         15          0          0          0         43          4
 58       7428         57          0         15          0          0          0         44          4
 59       7427         56          0         17          0          0          0         44          4
 60       7425         58          0         17          0          0          0         46          4
 61       7422         59          0         19          0          0          0         45          3
 62       7421         59          0         20          0          0          0         46          3
 63       7418         57          0         25          0          0          0         42          3
 64       7416         59          0         25          0          0          0         46          3
 65       7413         60          0         27          0          0          0         45          3
 66       7412         60          0         28          0          0          0         45          4
 67       7412         56          0         32          0          0          0         43          4
 68       7410         55          0         35          0          0          0         43          4
 69       7409         53          0         38          0          0          0         41          3
 70       7409         50          0         41          0          0          0         41          3
 71       7407         51          0         42          0          0          0         42          3
 72       7405         51          0         44          0          0          0         43          3
 73       7405         49          0         46          0          0          0         42          3
 74       7404         44          0         52          0          0          0         36          1
 75       7403         42          0         55          0          0          0         35          1
 76       7402         40          0         58          0          0          0         33          1
 77       7401         39          0         60          0          0          0         31          1
 78       7401         35          0         64          0          0          0         29          1
 79       7400         35          0         65          0          0          0         30          1
 80       7397         37          0         66          0          0          0         29          1
 81       7397         35          0         68          0          0          0         28          1
 82       7395         34          0         71          0          0          0         26          1
 83       7394         32          0         74          0          0          0         24          0
 84       7393         32          0         75          0          0          0         24          0
 85       7393         31          0         76          0          0          0         23          0
 86       7391         32          0         77          0          0          0         23          1
 87       7391         31          0         78          0          0          0         25          1
 88       7391         30          0         79          0          0          0         24          1
 89       7390         30          0         80          0          0          0         25          1
 90       7390         28          0         82          0          0          0         24          1
 91       7390         26          0         84          0          0          0         23          1
 92       7390         25          0         85          0          0          0         22          1
 93       7390         24          0         86          0          0          0         23          1
 94       7390         22          0         88          0          0          0         21          1
 95       7389         21          0         90          0          0          0         19          1
 96       7389         17          0         94          0          0          0         16          0
 97       7389         16          0         95          0          0          0         15          0
 98       7389         15          0         96          0          0          0         14          0
 99       7389         14          0         97          0          0          0         13          0
100       7389         14          0         97          0          0          0         13          0
101       7389         14          0         97          0          0          0         13          0
102       7389         12          0         99          0          0          0         12          0
103       7389         10          0        101          0          0          0         10          0
104       7388         10          0        102          0          0          0          9          0
105       7388         10          0        102          0          0          0          9          0
106       7388         10          0        102          0          0          0          9          0
107       7388         10          0        102          0          0          0          9          0
108       7387         10          0        103          0          0          0          8          0
109       7386         11          0        103          0          0          0          8          0
110       7385         10          0        105          0          0          0          6          0
111       7385          7          0        108          0          0          0          4          0
112       7385          7          0        108          0          0          0          4          0
113       7385          6          0        109          0          0          0          3          0
114       7385          5          0        110          0          0          0          2          0
115       7385          5          0        110          0          0          0          3          0
116       7385          5          0        110          0          0          0          4          1
117       7385          5          0        110          0          0          0          5          1
118       7385          5          0        110          0          0          0          5          1
119       7384          5          0        111          0          0          0          4          1
120       7384          5          0        111          0          0          0          4          1
121       7384          5          0        111          0          0          0          4          1
122       7384          5          0        111          0          0          0          4          1
123       7384          5          0        111          0          0          0          4          1
124       7384          5          0        111          0          0          0          4          1
125       7383          6          0        111          0          0          0          4          1
126       7383          5          0        112          0          0          0          4          2
127       7382          6          0        112          0          0          0          4          2
128       7382          5          0        113          0          0          0          3          1
129       7382          4          0        114          0          0          0          2          0
130       7382          4          0        114          0          0          0          2          0
131       7382          4          0        114          0          0          0          2          0
132       7382          4          0        114          0          0          0          3          0
133       7382          4          0        114          0          0          0          3          0
134       7382          3          0        115          0          0          0          3          0
135       7382          2          0        116          0          0          0          2          0
136       7382          2          0        116          0          0          0          2          0
137       7382          2          0        116          0          0          0          2          0
138       7382          2          0        116          0          0          0          2          0
139       7382          2          0        116          0          0          0          2          0
140       7382          2          0        116          0          0          0          2          0
141       7382          2          0        116          0          0          0          2          0
142       7382          2          0        116          0          0          0          2          0
143       7382          2          0        116          0          0          0          2          0
144       7382          2          0        116          0          0          0          2          0
145       7382          2          0        116          0          0          0          2          0
146       7382          2          0        116          0          0          0          2          0
147       7382          2          0        116          0          0          0          2          0
148       7382          2          0        116          0          0          0          2          0
149       7382          2          0        116          0          0          0          2          0
150       7382          2          0        116          0          0          0          2          0
--- ---------- ---------- ---------- ---------- ---------- ---------- ---------- ---------- ----------

Tipo 2
Día     Sanos  Infectados Importados    Curados Desinmuniz    Muertos Inf.Indire   Enfermos Hospitaliz
--- ---------- ---------- ---------- ---------- ---------- ---------- ---------- ---------- ----------
  1      30992          8          0          0          0          0          0          0          0
  2      30992          8          0          0          0          0          0          0          0
  3      30992          8          0          0          0          0          0          0          0
  4      30986         14          0          0          0          0          0          0          0
  5      30980         20          0          0          0          0          0          0          0
  6      30973         27          0          0          0          0          0          0          0
  7      30953         47          0          0          0          0          0          0          0
  8      30930         70          0          0          0          0          0          0          0
  9      30900        100          0          0          0          0          0          0          0
 10      30843        157          0          0          0          0          0          0          0
 11      30788        212          0          0          0          0          0          6          1
 12      30714        286          0          0          0          0          0         12          1
 13      30631        369          0          0          0          0          0         19          2
 14      30559        440          0          1          0          0          0         39          4
 15      30500        499          0          1          0          0          0         62          7
 16      30445        553          0          2          0          0          0         91         10
 17      30392        605          0          3          0          0          0        148         16
 18      30332        664          0          4          0          0          0        201         25
 19      30292        701          0          7          0          0          0        271         33
 20      30232        759          0          9          0          0          0        352         40
 21      30173        817          0         10          0          0          0        423         47
 22      30082        907          0         11          0          0          0        481         51
 23      29983       1000          0         17          0          0          0        531         59
 24      29845       1131          0         24          0          0          0        577         61
 25      29706       1265          0         29          0          0          0        631         64
 26      29493       1470          0         37          0          0          0        666         68
 27      29203       1752          0         45          0          0          0        718         75
 28      28889       2053          0         58          0          0          0        766         78
 29      28574       2344          0         82          0          0          0        832         84
 30      28171       2735          0         94          0          0          0        918         91
 31      27976       2919          0        105          0          0          0       1046        109
 32      27802       3064          0        133          0          1          0       1160        113
 33      27607       3233          0        158          0          2          0       1347        128
 34      27424       3393          0        181          0          2          0       1614        152
 35      27215       3570          0        213          0          2          0       1896        175
 36      26971       3772          0        252          0          5          0       2169        211
 37      26742       3967          0        286          0          5          0       2538        249
 38      26485       4175          0        333          0          7          0       2687        261
 39      26238       4359          0        395          0          8          0       2796        278
 40      26021       4511          0        458          0         10          0       2928        292
 41      25837       4604          0        548          0         11          0       3020        298
 42      25683       4672          0        631          0         14          0       3142        309
 43      25554       4715          0        715          0         16          0       3299        316
 44      25426       4747          0        809          0         18          0       3432        331
 45      25327       4749          0        905          0         19          0       3592        344
 46      25255       4704          0       1018          0         23          0       3721        365
 47      25182       4650          0       1142          0         26          0       3811        367
 48      25095       4632          0       1243          0         30          0       3890        368
 49      25031       4578          0       1357          0         34          0       3926        369
 50      24962       4531          0       1471          0         36          0       3939        365
 51      24887       4467          0       1609          0         37          0       3928        372
 52      24815       4373          0       1772          0         40          0       3861        364
 53      24749       4257          0       1952          0         42          0       3751        350
 54      24673       4150          0       2131          0         46          0       3641        348
 55      24621       3986          0       2342          0         51          0       3512        338
 56      24569       3835          0       2539          0         57          0       3373        321
 57      24528       3649          0       2763          0         60          0       3215        309
 58      24486       3412          0       3035          0         67          0       3012        290
 59      24442       3192          0       3294          0         72          0       2820        272
 60      24392       2986          0       3545          0         77          0       2630        250
 61      24361       2766          0       3795          0         78          0       2455        232
 62      24330       2633          0       3956          0         81          0       2343        235
 63      24306       2477          0       4133          0         84          0       2214        228
 64      24270       2341          0       4303          0         86          0       2083        213
 65      24247       2184          0       4475          0         94          0       1945        205
 66      24214       2055          0       4635          0         96          0       1827        199
 67      24186       1901          0       4816          0         97          0       1695        187
 68      24165       1752          0       4983          0        100          0       1556        166
 69      24137       1618          0       5142          0        103          0       1425        154
 70      24101       1505          0       5287          0        107          0       1300        140
 71      24075       1398          0       5418          0        109          0       1203        132
 72      24044       1301          0       5544          0        111          0       1098        117
 73      24018       1217          0       5653          0        112          0       1022        114
 74      24000       1166          0       5718          0        116          0        980        110
 75      23982       1095          0       5807          0        116          0        912        102
 76      23962       1025          0       5896          0        117          0        850         97
 77      23945        978          0       5960          0        117          0        822         98
 78      23930        926          0       6025          0        119          0        781         93
 79      23918        866          0       6093          0        123          0        740         86
 80      23900        820          0       6156          0        124          0        702         76
 81      23882        784          0       6210          0        124          0        666         70
 82      23868        739          0       6269          0        124          0        625         69
 83      23855        706          0       6313          0        126          0        599         69
 84      23849        669          0       6356          0        126          0        573         64
 85      23838        628          0       6407          0        127          0        536         59
 86      23827        596          0       6448          0        129          0        505         52
 87      23816        570          0       6484          0        130          0        486         52
 88      23803        557          0       6510          0        130          0        478         48
 89      23794        527          0       6548          0        131          0        453         46
 90      23783        507          0       6578          0        132          0        435         45
 91      23777        474          0       6617          0        132          0        402         42
 92      23772        456          0       6640          0        132          0        390         44
 93      23763        434          0       6670          0        133          0        370         36
 94      23757        420          0       6689          0        134          0        361         35
 95      23753        393          0       6718          0        136          0        343         32
 96      23750        372          0       6742          0        136          0        328         30
 97      23746        352          0       6766          0        136          0        315         27
 98      23746        327          0       6791          0        136          0        296         24
 99      23741        309          0       6814          0        136          0        278         22
100      23736        284          0       6844          0        136          0        257         19
101      23734        257          0       6872          0        137          0        234         19
102      23730        243          0       6890          0        137          0        220         18
103      23729        219          0       6914          0        138          0        198         18
104      23724        208          0       6930          0        138          0        187         18
105      23719        199          0       6943          0        139          0        173         17
106      23714        188          0       6959          0        139          0        162         15
107      23711        173          0       6977          0        139          0        149         13
108      23708        163          0       6990          0        139          0        137         11
109      23707        156          0       6997          0        140          0        133         10
110      23707        144          0       7008          0        141          0        122          8
111      23706        135          0       7018          0        141          0        117          8
112      23702        127          0       7030          0        141          0        110          6
113      23700        122          0       7037          0        141          0        108          7
114      23698        114          0       7047          0        141          0        101          7
115      23697        111          0       7051          0        141          0        100          6
116      23694        105          0       7060          0        141          0         92          5
117      23694         96          0       7069          0        141          0         83          5
118      23693         89          0       7077          0        141          0         76          6
119      23692         85          0       7082          0        141          0         75          7
120      23692         77          0       7090          0        141          0         69          7
121      23690         70          0       7099          0        141          0         62          7
122      23688         68          0       7103          0        141          0         59          8
123      23687         65          0       7107          0        141          0         58          8
124      23687         58          0       7114          0        141          0         51          6
125      23687         53          0       7119          0        141          0         47          6
126      23685         50          0       7124          0        141          0         43          6
127      23684         47          0       7128          0        141          0         39          6
128      23683         39          0       7137          0        141          0         32          4
129      23682         37          0       7140          0        141          0         31          4
130      23682         36          0       7141          0        141          0         31          4
131      23682         33          0       7144          0        141          0         28          4
132      23681         32          0       7146          0        141          0         26          3
133      23681         31          0       7147          0        141          0         27          3
134      23681         29          0       7149          0        141          0         26          3
135      23681         26          0       7152          0        141          0         24          3
136      23681         24          0       7154          0        141          0         23          3
137      23679         22          0       7158          0        141          0         19          3
138      23679         21          0       7159          0        141          0         18          2
139      23679         21          0       7159          0        141          0         19          2
140      23679         21          0       7159          0        141          0         19          2
141      23679         18          0       7162          0        141          0         16          1
142      23679         16          0       7164          0        141          0         14          0
143      23679         15          0       7165          0        141          0         13          0
144      23679         13          0       7167          0        141          0         13          0
145      23679          9          0       7171          0        141          0          9          0
146      23679          9          0       7171          0        141          0          9          0
147      23679          8          0       7172          0        141          0          8          0
148      23679          8          0       7172          0        141          0          8          0
149      23679          6          0       7174          0        141          0          6          0
150      23679          6          0       7174          0        141          0          6          0
--- ---------- ---------- ---------- ---------- ---------- ---------- ---------- ---------- ----------

Tipo 3
Día     Sanos  Infectados Importados    Curados Desinmuniz    Muertos Inf.Indire   Enfermos Hospitaliz
--- ---------- ---------- ---------- ---------- ---------- ---------- ---------- ---------- ----------
  1       2500          0          0          0          0          0          0          0          0
  2       2500          0          0          0          0          0          0          0          0
  3       2500          0          0          0          0          0          0          0          0
  4       2500          0          0          0          0          0          0          0          0
  5       2500          0          0          0          0          0          0          0          0
  6       2500          0          0          0          0          0          0          0          0
  7       2500          0          0          0          0          0          0          0          0
  8       2500          0          0          0          0          0          0          0          0
  9       2500          0          0          0          0          0          0          0          0
 10       2498          2          0          0          0          0          0          0          0
 11       2498          2          0          0          0          0          0          0          0
 12       2494          6          0          0          0          0          0          0          0
 13       2488         12          0          0          0          0          0          0          0
 14       2483         17          0          0          0          0          0          0          0
 15       2472         28          0          0          0          0          0          0          0
 16       2457         43          0          0          0          0          0          0          0
 17       2445         55          0          0          0          0          0          2          0
 18       2385        115          0          0          0          0          0          2          0
 19       2271        229          0          0          0          0          0          6          0
 20       2255        245          0          0          0          0          0         12          1
 21       2237        263          0          0          0          0          0         17          2
 22       2206        294          0          0          0          0          0         28          4
 23       2084        416          0          0          0          0          0         43          4
 24       2009        491          0          0          0          0          0         55          4
 25       1991        507          0          2          0          0          0        114         11
 26       1962        535          0          2          0          1          0        226         24
 27       1929        567          0          3          0          1          0        241         25
 28       1892        603          0          4          0          1          0        258         28
 29       1852        642          0          5          0          1          0        288         30
 30       1802        690          0          7          0          1          0        408         37
 31       1762        726          0         11          0          1          0        479         44
 32       1711        777          0         11          0          1          0        497         46
 33       1663        820          0         15          0          2          0        521         47
 34       1623        855          0         19          0          3          0        549         48
 35       1579        891          0         25          0          5          0        578         53
 36       1535        922          0         35          0          8          0        605         58
 37       1503        947          0         41          0          9          0        648         66
 38       1458        983          0         48          0         11          0        679         69
 39       1410       1013          0         62          0         15          0        712         72
 40       1368       1035          0         79          0         18          0        740         76
 41       1306       1080          0         93          0         21          0        763         76
 42       1261       1105          0        109          0         25          0        787         76
 43       1220       1125          0        130          0         25          0        810         78
 44       1174       1137          0        159          0         30          0        808         78
 45       1138       1138          0        189          0         35          0        818         78
 46       1087       1166          0        208          0         39          0        844         79
 47       1045       1173          0        239          0         43          0        851         83
 48       1003       1184          0        266          0         47          0        882         85
 49        961       1171          0        309          0         59          0        871         78
 50        923       1139          0        371          0         67          0        842         78
 51        895       1134          0        396          0         75          0        855         73
 52        870       1116          0        425          0         89          0        848         75
 53        844       1104          0        458          0         94          0        861         77
 54        828       1052          0        522          0         98          0        835         76
 55        803       1013          0        576          0        108          0        813         73
 56        773       1005          0        606          0        116          0        817         69
 57        744        996          0        642          0        118          0        817         68
 58        725        968          0        681          0        126          0        798         68
 59        705        959          0        703          0        133          0        794         67
 60        683        937          0        743          0        137          0        776         64
 61        662        914          0        784          0        140          0        748         62
 62        642        887          0        822          0        149          0        726         61
 63        625        851          0        865          0        159          0        703         56
 64        608        817          0        905          0        170          0        681         55
 65        592        791          0        944          0        173          0        658         53
 66        581        769          0        973          0        177          0        645         55
 67        561        745          0       1009          0        185          0        623         58
 68        548        721          0       1037          0        194          0        607         56
 69        536        694          0       1065          0        205          0        588         49
 70        529        653          0       1106          0        212          0        557         49
 71        519        636          0       1126          0        219          0        547         52
 72        511        600          0       1165          0        224          0        519         51
 73        502        563          0       1207          0        228          0        484         49
 74        492        532          0       1240          0        236          0        463         50
 75        489        500          0       1268          0        243          0        441         52
 76        486        466          0       1304          0        244          0        416         46
 77        481        424          0       1338          0        257          0        376         42
 78        471        400          0       1364          0        265          0        352         42
 79        469        369          0       1395          0        267          0        327         41
 80        464        348          0       1417          0        271          0        310         41
 81        458        331          0       1437          0        274          0        297         39
 82        448        319          0       1458          0        275          0        278         38
 83        447        304          0       1471          0        278          0        265         36
 84        445        288          0       1485          0        282          0        252         34
 85        443        272          0       1498          0        287          0        244         35
 86        440        255          0       1515          0        290          0        226         34
 87        439        239          0       1529          0        293          0        214         33
 88        436        226          0       1544          0        294          0        204         31
 89        430        213          0       1558          0        299          0        195         30
 90        428        193          0       1578          0        301          0        174         26
 91        426        180          0       1590          0        304          0        161         23
 92        423        167          0       1606          0        304          0        147         21
 93        422        150          0       1621          0        307          0        132         19
 94        421        140          0       1631          0        308          0        122         19
 95        421        128          0       1639          0        312          0        113         17
 96        420        113          0       1652          0        315          0        103         12
 97        420        102          0       1662          0        316          0         94         10
 98        419         91          0       1672          0        318          0         84          9
 99        418         86          0       1678          0        318          0         81          9
100        416         81          0       1684          0        319          0         75          8
101        416         76          0       1688          0        320          0         71          8
102        414         72          0       1694          0        320          0         65          6
103        414         64          0       1701          0        321          0         58          5
104        412         58          0       1709          0        321          0         50          4
105        412         51          0       1716          0        321          0         44          2
106        410         50          0       1718          0        322          0         42          2
107        409         50          0       1719          0        322          0         43          2
108        409         44          0       1724          0        323          0         37          2
109        409         39          0       1729          0        323          0         34          1
110        408         40          0       1729          0        323          0         34          1
111        407         38          0       1732          0        323          0         33          3
112        406         38          0       1733          0        323          0         32          3
113        405         35          0       1736          0        324          0         30          3
114        404         35          0       1737          0        324          0         30          3
115        402         32          0       1740          0        326          0         25          3
116        401         32          0       1740          0        327          0         24          3
117        400         32          0       1741          0        327          0         24          3
118        400         29          0       1744          0        327          0         22          2
119        400         24          0       1749          0        327          0         18          2
120        400         22          0       1751          0        327          0         17          2
121        400         22          0       1751          0        327          0         18          2
122        400         20          0       1753          0        327          0         18          2
123        400         19          0       1754          0        327          0         18          3
124        400         19          0       1754          0        327          0         19          4
125        400         18          0       1754          0        328          0         18          4
126        399         19          0       1754          0        328          0         18          4
127        399         18          0       1755          0        328          0         17          4
128        399         18          0       1755          0        328          0         17          4
129        398         17          0       1757          0        328          0         15          4
130        398         16          0       1758          0        328          0         14          4
131        398         14          0       1759          0        329          0         12          3
132        398         13          0       1760          0        329          0         11          2
133        398         11          0       1762          0        329          0         10          1
134        398         11          0       1762          0        329          0         10          1
135        397         12          0       1762          0        329          0         10          1
136        397         12          0       1762          0        329          0         11          1
137        397         11          0       1763          0        329          0         10          1
138        397          8          0       1765          0        330          0          7          1
139        397          8          0       1765          0        330          0          7          1
140        397          8          0       1765          0        330          0          7          1
141        397          6          0       1767          0        330          0          5          0
142        397          6          0       1767          0        330          0          6          0
143        397          6          0       1767          0        330          0          6          0
144        397          5          0       1768          0        330          0          5          0
145        397          5          0       1768          0        330          0          5          0
146        397          3          0       1770          0        330          0          3          0
147        397          3          0       1770          0        330          0          3          0
148        397          3          0       1770          0        330          0          3          0
149        397          3          0       1770          0        330          0          3          0
150        397          3          0       1770          0        330          0          3          0
--- ---------- ---------- ---------- ---------- ---------- ---------- ---------- ---------- ----------

Tipo 4
Día     Sanos  Infectados Importados    Curados Desinmuniz    Muertos Inf.Indire   Enfermos Hospitaliz
--- ---------- ---------- ---------- ---------- ---------- ---------- ---------- ---------- ----------
  1       7000          0          0          0          0          0          0          0          0
  2       7000          0          0          0          0          0          0          0          0
  3       7000          0          0          0          0          0          0          0          0
  4       7000          0          0          0          0          0          0          0          0
  5       7000          0          0          0          0          0          0          0          0
  6       6999          1          0          0          0          0          0          0          0
  7       6999          1          0          0          0          0          0          0          0
  8       6996          4          0          0          0          0          0          0          0
  9       6995          5          0          0          0          0          0          0          0
 10       6992          8          0          0          0          0          0          0          0
 11       6989         11          0          0          0          0          0          0          0
 12       6986         14          0          0          0          0          0          0          0
 13       6977         23          0          0          0          0          0          1          1
 14       6973         27          0          0          0          0          0          1          1
 15       6928         72          0          0          0          0          0          4          2
 16       6902         98          0          0          0          0          0          5          2
 17       6881        119          0          0          0          0          0          8          2
 18       6828        172          0          0          0          0          0         11          2
 19       6694        305          0          1          0          0          0         14          2
 20       6611        388          0          1          0          0          0         23          2
 21       6543        456          0          1          0          0          0         27          3
 22       6433        566          0          1          0          0          0         71          8
 23       6366        633          0          1          0          0          0         97         10
 24       6320        678          0          2          0          0          0        117         14
 25       6247        749          0          3          0          1          0        168         23
 26       6167        828          0          4          0          1          0        301         37
 27       6108        885          0          5          0          2          0        382         41
 28       5957       1035          0          6          0          2          0        449         46
 29       5866       1124          0          8          0          2          0        557         52
 30       5769       1217          0         11          0          3          0        620         61
 31       5691       1290          0         14          0          5          0        661         62
 32       5614       1360          0         21          0          5          0        727         69
 33       5543       1426          0         24          0          7          0        802         77
 34       5415       1543          0         34          0          8          0        850         80
 35       5339       1601          0         43          0         17          0        983         96
 36       5252       1673          0         53          0         22          0       1059        103
 37       5160       1745          0         66          0         29          0       1136        113
 38       5086       1801          0         79          0         34          0       1196        119
 39       5000       1859          0        100          0         41          0       1245        130
 40       4919       1910          0        122          0         49          0       1286        131
 41       4833       1964          0        143          0         60          0       1383        142
 42       4767       1989          0        172          0         72          0       1417        142
 43       4681       2034          0        201          0         84          0       1463        147
 44       4601       2070          0        235          0         94          0       1512        158
 45       4515       2097          0        283          0        105          0       1527        157
 46       4420       2137          0        324          0        119          0       1557        163
 47       4347       2157          0        360          0        136          0       1585        166
 48       4275       2158          0        408          0        159          0       1600        166
 49       4194       2169          0        454          0        183          0       1596        166
 50       4130       2125          0        524          0        221          0       1574        173
 51       4065       2109          0        575          0        251          0       1574        181
 52       3988       2102          0        638          0        272          0       1575        181
 53       3936       2060          0        711          0        293          0       1576        185
 54       3875       2051          0        759          0        315          0       1579        185
 55       3827       2037          0        803          0        333          0       1589        194
 56       3749       2035          0        858          0        358          0       1590        196
 57       3670       2024          0        922          0        384          0       1565        197
 58       3600       2017          0        976          0        407          0       1552        192
 59       3544       1979          0       1039          0        438          0       1535        191
 60       3484       1952          0       1100          0        464          0       1500        185
 61       3440       1921          0       1155          0        484          0       1486        180
 62       3397       1873          0       1216          0        514          0       1443        172
 63       3365       1814          0       1279          0        542          0       1430        158
 64       3326       1770          0       1333          0        571          0       1426        158
 65       3300       1711          0       1400          0        589          0       1411        152
 66       3270       1676          0       1449          0        605          0       1402        155
 67       3227       1638          0       1504          0        631          0       1381        151
 68       3196       1588          0       1566          0        650          0       1344        146
 69       3177       1537          0       1610          0        676          0       1317        148
 70       3146       1496          0       1660          0        698          0       1277        144
 71       3124       1439          0       1713          0        724          0       1237        141
 72       3103       1380          0       1765          0        752          0       1183        133
 73       3085       1329          0       1809          0        777          0       1144        126
 74       3061       1272          0       1872          0        795          0       1106        119
 75       3039       1217          0       1924          0        820          0       1060        116
 76       3019       1165          0       1979          0        837          0       1007        111
 77       3006       1097          0       2030          0        867          0        957        103
 78       2995       1026          0       2091          0        888          0        897         98
 79       2976        976          0       2135          0        913          0        849         90
 80       2958        931          0       2182          0        929          0        804         87
 81       2943        889          0       2221          0        947          0        771         85
 82       2930        844          0       2260          0        966          0        735         81
 83       2921        787          0       2308          0        984          0        689         76
 84       2908        751          0       2344          0        997          0        653         74
 85       2902        699          0       2386          0       1013          0        606         72
 86       2892        655          0       2424          0       1029          0        571         68
 87       2886        608          0       2465          0       1041          0        536         67
 88       2876        563          0       2506          0       1055          0        496         63
 89       2867        531          0       2533          0       1069          0        468         57
 90       2862        486          0       2572          0       1080          0        427         54
 91       2852        460          0       2598          0       1090          0        404         47
 92       2847        428          0       2624          0       1101          0        373         44
 93       2842        406          0       2645          0       1107          0        356         41
 94       2838        381          0       2667          0       1114          0        333         40
 95       2836        355          0       2684          0       1125          0        315         31
 96       2834        338          0       2697          0       1131          0        305         30
 97       2829        313          0       2716          0       1142          0        280         27
 98       2825        288          0       2736          0       1151          0        261         24
 99       2824        271          0       2751          0       1154          0        248         23
100       2823        246          0       2764          0       1167          0        227         20
101       2819        228          0       2778          0       1175          0        209         21
102       2813        213          0       2792          0       1182          0        190         18
103       2810        200          0       2801          0       1189          0        176         18
104       2807        187          0       2814          0       1192          0        165         17
105       2805        178          0       2823          0       1194          0        158         16
106       2804        165          0       2831          0       1200          0        145         15
107       2802        153          0       2842          0       1203          0        132         13
108       2798        140          0       2859          0       1203          0        119         10
109       2795        135          0       2865          0       1205          0        117         10
110       2793        123          0       2874          0       1210          0        106         10
111       2791        115          0       2880          0       1214          0         99          9
112       2791        108          0       2885          0       1216          0         94          8
113       2790         99          0       2890          0       1221          0         85          7
114       2788         93          0       2896          0       1223          0         79          6
115       2786         86          0       2904          0       1224          0         74          6
116       2785         82          0       2907          0       1226          0         72          6
117       2783         76          0       2913          0       1228          0         66          5
118       2781         76          0       2914          0       1229          0         66          5
119       2777         73          0       2918          0       1232          0         59          5
120       2777         67          0       2923          0       1233          0         54          5
121       2775         66          0       2925          0       1234          0         53          5
122       2775         61          0       2930          0       1234          0         50          5
123       2773         59          0       2931          0       1237          0         47          4
124       2773         56          0       2934          0       1237          0         46          4
125       2773         54          0       2936          0       1237          0         46          4
126       2773         52          0       2938          0       1237          0         48          4
127       2771         52          0       2940          0       1237          0         46          4
128       2770         48          0       2944          0       1238          0         43          3
129       2770         45          0       2946          0       1239          0         40          3
130       2769         43          0       2949          0       1239          0         39          4
131       2768         38          0       2955          0       1239          0         33          4
132       2768         35          0       2957          0       1240          0         30          4
133       2768         32          0       2960          0       1240          0         27          3
134       2767         27          0       2965          0       1241          0         23          3
135       2766         26          0       2967          0       1241          0         22          3
136       2766         26          0       2967          0       1241          0         22          3
137       2764         26          0       2968          0       1242          0         21          2
138       2764         25          0       2969          0       1242          0         21          2
139       2763         25          0       2969          0       1243          0         20          2
140       2763         25          0       2969          0       1243          0         20          2
141       2763         24          0       2970          0       1243          0         20          2
142       2762         24          0       2970          0       1244          0         20          2
143       2762         24          0       2970          0       1244          0         20          2
144       2762         23          0       2971          0       1244          0         21          4
145       2762         21          0       2973          0       1244          0         19          3
146       2762         20          0       2974          0       1244          0         19          3
147       2762         19          0       2975          0       1244          0         18          3
148       2762         15          0       2978          0       1245          0         14          3
149       2762         13          0       2979          0       1246          0         13          2
150       2762         10          0       2981          0       1247          0         10          2
--- ---------- ---------- ---------- ---------- ---------- ---------- ---------- ---------- ----------

