Tipo 0
Día     Sanos  Infectados Importados    Curados Desinmuniz    Muertos Inf.Indire   Enfermos Hospitaliz
--- ---------- ---------- ---------- ---------- ---------- ---------- ---------- ---------- ----------
  1       2000          0          0          0          0          0          0          0          0
  2       2000          0          0          0          0          0          0          0          0
  3       2000          0          0          0          0          0          0          0          0
  4       2000          0          0          0          0          0          0          0          0
  5       2000          0          0          0          0          0          0          0          0
  6       2000          0          0          0          0          0          0          0          0
  7       2000          0          0          0          0          0          0          0          0
  8       2000          0          0          0          0          0          0          0          0
  9       2000          0          0          0          0          0          0          0          0
 10       2000          0          0          0          0          0          0          0          0
 11       2000          0          0          0          0          0          0          0          0
 12       2000          0          0          0          0          0          0          0          0
 13       2000          0          0          0          0          0          0          0          0
 14       2000          0          0          0          0          0          0          0          0
 15       2000          0          0          0          0          0          0          0          0
 16       2000          0          0          0          0          0          0          0          0
 17       2000          0          0          0          0          0          0          0          0
 18       2000          0          0          0          0          0          0          0          0
 19       2000          0          0          0          0          0          0          0          0
 20       2000          0          0          0          0          0          0          0          0
 21       2000          0          0          0          0          0          0          0          0
 22       2000          0          0          0          0          0          0          0          0
 23       2000          0          0          0          0          0          0          0          0
 24       2000          0          0          0          0          0          0          0          0
 25       2000          0          0          0          0          0          0          0          0
 26       2000          0          0          0          0          0          0          0          0
 27       2000          0          0          0          0          0          0          0          0
 28       2000          0          0          0          0          0          0          0          0
 29       2000          0          0          0          0          0          0          0          0
 30       1999          1          0          0          0          0          0          0          0
 31       1999          1          0          0          0          0          0          0          0
 32       1999          1          0          0          0          0          0          0          0
 33       1999          1          0          0          0          0          0          0          0
 34       1999          1          0          0          0          0          0          0          0
 35       1999          1          0          0          0          0          0          0          0
 36       1998          2          0          0          0          0          0          0          0
 37       1998          2          0          0          0          0          0          1          0
 38       1998          2          0          0          0          0          0          1          0
 39       1997          3          0          0          0          0          0          1          0
 40       1997          3          0          0          0          0          0          1          0
 41       1997          3          0          0          0          0          0          1          0
 42       1997          3          0          0          0          0          0          1          0
 43       1997          3          0          0          0          0          0          2          0
 44       1997          3          0          0          0          0          0          2          0
 45       1997          3          0          0          0          0          0          2          0
 46       1997          2          0          1          0          0          0          2          0
 47       1997          2          0          1          0          0          0          2          0
 48       1997          2          0          1          0          0          0          2          0
 49       1996          3          0          1          0          0          0          2          0
 50       1996          3          0          1          0          0          0          2          0
 51       1995          4          0          1          0          0          0          2          0
 52       1995          3          0          2          0          0          0          1          0
 53       1994          4          0          2          0          0          0          1          0
 54       1994          4          0          2          0          0          0          1          0
 55       1993          5          0          2          0          0          0          1          0
 56       1993          5          0          2          0          0          0          2          0
 57       1993          5          0          2          0          0          0          2          0
 58       1992          6          0          2          0          0          0          3          0
 59       1988         10          0          2          0          0          0          3          0
 60       1988         10          0          2          0          0          0          4          0
 61       1988         10          0          2          0          0          0          4          0
 62       1986         11          0          3          0          0          0          4          0
 63       1986         11          0          3          0          0          0          4          0
 64       1986         11          0          3          0          0          0          4          0
 65       1986         10          0          4          0          0          0          4          0
 66       1986         10          0          4          0          0          0          8          1
 67       1986         10          0          4          0          0          0          8          1
 68       1985         11          0          4          0          0          0          8          1
 69       1984         12          0          4          0          0          0         10          1
 70       1984         12          0          4          0          0          0         10          1
 71       1984         12          0          4          0          0          0         10          1
 72       1983         13          0          4          0          0          0         10          1
 73       1983         13          0          4          0          0          0         10          1
 74       1983         11          0          6          0          0          0          9          0
 75       1983         10          0          7          0          0          0          8          0
 76       1983         10          0          7          0          0          0          9          0
 77       1983         10          0          7          0          0          0          9          0
 78       1983         10          0          7          0          0          0          9          0
 79       1983         10          0          7          0          0          0         10          0
 80       1983          8          0          9          0          0          0          8          0
 81       1983          8          0          9          0          0          0          8          0
 82       1983          8          0          9          0          0          0          8          0
 83       1983          7          0         10          0          0          0          7          0
 84       1983          7          0         10          0          0          0          7          0
 85       1983          7          0         10          0          0          0          7          0
 86       1982          8          0         10          0          0          0          7          0
 87       1982          7          0         11          0          0          0          6          0
 88       1982          7          0         11          0          0          0          6          0
 89       1982          6          0         12          0          0          0          5          0
 90       1982          4          0         14          0          0          0          3          0
 91       1982          4          0         14          0          0          0          3          0
 92       1982          4          0         14          0          0          0          3          0
 93       1982          2          0         16          0          0          0          2          0
 94       1982          2          0         16          0          0          0          2          0
 95       1982          2          0         16          0          0          0          2          0
 96       1982          2          0         16          0          0          0          2          0
 97       1982          2          0         16          0          0          0          2          0
 98       1981          3          0         16          0          0          0          2          0
 99       1981          3          0         16          0          0          0          2          0
100       1981          3          0         16          0          0          0          2          0
101       1981          2          0         17          0          0          0          1          0
102       1980          3          0         17          0          0          0          1          0
103       1980          3          0         17          0          0          0          1          0
104       1980          3          0         17          0          0          0          1          0
105       1979          4          0         17          0          0          0          2          0
106       1979          4          0         17          0          0          0          2          0
107       1979          3          0         18          0          0          0          1          0
108       1979          3          0         18          0          0          0          1          0
109       1979          3          0         18          0          0          0          2          0
110       1979          3          0         18          0          0          0          2          0
111       1979          3          0         18          0          0          0          2          0
112       1979          3          0         18          0          0          0          3          0
113       1979          3          0         18          0          0          0          3          0
114       1979          3          0         18          0          0          0          3          0
115       1979          3          0         18          0          0          0          3          0
116       1979          3          0         18          0          0          0          3          0
117       1979          3          0         18          0          0          0          3          0
118       1979          3          0         18          0          0          0          3          0
119       1979          3          0         18          0          0          0          3          0
120       1979          3          0         18          0          0          0          3          0
121       1979          3          0         18          0          0          0          3          0
122       1979          3          0         18          0          0          0          3          0
123       1979          3          0         18          0          0          0          3          0
124       1979          2          0         19          0          0          0          2          0
125       1979          2          0         19          0          0          0          2          0
126       1979          1          0         20          0          0          0          1          0
127       1979          1          0         20          0          0          0          1          0
128       1979          1          0         20          0          0          0          1          0
129       1979          1          0         20          0          0          0          1          0
130       1979          1          0         20          0          0          0          1          0
131       1979          1          0         20          0          0          0          1          0
132       1979          1          0         20          0          0          0          1          0
133       1979          1          0         20          0          0          0          1          0
134       1979          1          0         20          0          0          0          1          0
135       1979          0          0         21          0          0          0          0          0
136       1979          0          0         21          0          0          0          0          0
137       1979          0          0         21          0          0          0          0          0
138       1979          0          0         21          0          0          0          0          0
139       1979          0          0         21          0          0          0          0          0
140       1979          0          0         21          0          0          0          0          0
141       1979          0          0         21          0          0          0          0          0
142       1979          0          0         21          0          0          0          0          0
143       1979          0          0         21          0          0          0          0          0
144       1979          0          0         21          0          0          0          0          0
145       1979          0          0         21          0          0          0          0          0
146       1979          0          0         21          0          0          0          0          0
147       1979          0          0         21          0          0          0          0          0
148       1979          0          0         21          0          0          0          0          0
149       1979          0          0         21          0          0          0          0          0
150       1979          0          0         21          0          0          0          0          0
151       1979          0          0         21          0          0          0          0          0
152       1979          0          0         21          0          0          0          0          0
153       1979          0          0         21          0          0          0          0          0
154       1979          0          0         21          0          0          0          0          0
155       1979          0          0         21          0          0          0          0          0
156       1979          0          0         21          0          0          0          0          0
157       1979          0          0         21          0          0          0          0          0
158       1979          0          0         21          0          0          0          0          0
--- ---------- ---------- ---------- ---------- ---------- ---------- ---------- ---------- ----------

Tipo 1
Día     Sanos  Infectados Importados    Curados Desinmuniz    Muertos Inf.Indire   Enfermos Hospitaliz
--- ---------- ---------- ---------- ---------- ---------- ---------- ---------- ---------- ----------
  1       7499          1          0          0          0          0          0          0          0
  2       7499          1          0          0          0          0          0          0          0
  3       7499          1          0          0          0          0          0          0          0
  4       7499          1          0          0          0          0          0          0          0
  5       7499          1          0          0          0          0          0          0          0
  6       7499          1          0          0          0          0          0          0          0
  7       7499          1          0          0          0          0          0          0          0
  8       7499          1          0          0          0          0          0          0          0
  9       7499          1          0          0          0          0          0          0          0
 10       7499          1          0          0          0          0          0          0          0
 11       7499          1          0          0          0          0          0          0          0
 12       7499          1          0          0          0          0          0          0          0
 13       7499          1          0          0          0          0          0          0          0
 14       7499          1          0          0          0          0          0          0          0
 15       7499          1          0          0          0          0          0          0          0
 16       7499          1          0          0          0          0          0          0          0
 17       7499          1          0          0          0          0          0          0          0
 18       7499          1          0          0          0          0          0          0          0
 19       7499          1          0          0          0          0          0          0          0
 20       7499          1          0          0          0          0          0          0          0
 21       7499          1          0          0          0          0          0          0          0
 22       7499          1          0          0          0          0          0          0          0
 23       7499          1          0          0          0          0          0          0          0
 24       7498          2          0          0          0          0          0          0          0
 25       7498          2          0          0          0          0          0          0          0
 26       7498          2          0          0          0          0          0          0          0
 27       7498          2          0          0          0          0          0          0          0
 28       7498          2          0          0          0          0          0          0          0
 29       7497          3          0          0          0          0          0          0          0
 30       7497          3          0          0          0          0          0          0          0
 31       7497          3          0          0          0          0          0          1          0
 32       7494          5          0          1          0          0          0          1          0
 33       7493          6          0          1          0          0          0          1          0
 34       7492          7          0          1          0          0          0          1          0
 35       7490          9          0          1          0          0          0          1          0
 36       7490          9          0          1          0          0          0          2          0
 37       7489         10          0          1          0          0          0          2          0
 38       7489         10          0          1          0          0          0          2          0
 39       7489         10          0          1          0          0          0          5          1
 40       7487         12          0          1          0          0          0          6          1
 41       7486         13          0          1          0          0          0          7          1
 42       7484         15          0          1          0          0          0          9          1
 43       7482         17          0          1          0          0          0          9          1
 44       7480         19          0          1          0          0          0         10          1
 45       7479         20          0          1          0          0          0         10          1
 46       7478         21          0          1          0          0          0         10          1
 47       7475         24          0          1          0          0          0         12          3
 48       7475         24          0          1          0          0          0         13          4
 49       7474         25          0          1          0          0          0         15          5
 50       7467         32          0          1          0          0          0         17          5
 51       7466         33          0          1          0          0          0         19          5
 52       7462         36          0          2          0          0          0         19          5
 53       7458         39          0          3          0          0          0         19          5
 54       7452         45          0          3          0          0          0         22          5
 55       7443         53          0          4          0          0          0         21          5
 56       7436         60          0          4          0          0          0         22          5
 57       7428         67          0          5          0          0          0         28          6
 58       7424         71          0          5          0          0          0         29          6
 59       7420         75          0          5          0          0          0         33          6
 60       7415         79          0          6          0          0          0         36          7
 61       7409         83          0          8          0          0          0         40          8
 62       7402         90          0          8          0          0          0         49          8
 63       7393         97          0         10          0          0          0         54          8
 64       7385        103          0         12          0          0          0         60          9
 65       7380        105          0         15          0          0          0         61          8
 66       7371        110          0         19          0          0          0         61          8
 67       7368        111          0         21          0          0          0         64          7
 68       7364        114          0         22          0          0          0         69          9
 69       7360        118          0         22          0          0          0         76         10
 70       7352        125          0         23          0          0          0         84         11
 71       7347        127          0         26          0          0          0         89         10
 72       7342        127          0         31          0          0          0         89         10
 73       7331        136          0         33          0          0          0         96         10
 74       7326        139          0         35          0          0          0         97          9
 75       7319        144          0         37          0          0          0         99         10
 76       7314        147          0         39          0          0          0        101         11
 77       7308        150          0         42          0          0          0        106         12
 78       7305        148          0         47          0          0          0        106         12
 79       7301        148          0         51          0          0          0        107         12
 80       7295        146          0         59          0          0          0        110         12
 81       7289        148          0         63          0          0          0        111         13
 82       7279        152          0         69          0          0          0        112         14
 83       7275        152          0         73          0          0          0        113         14
 84       7271        153          0         76          0          0          0        116         15
 85       7267        149          0         84          0          0          0        111         14
 86       7263        142          0         95          0          0          0        104         13
 87       7261        140          0         99          0          0          0        106         13
 88       7257        135          0        108          0          0          0        103         12
 89       7253        136          0        111          0          0          0        110         12
 90       7251        137          0        112          0          0          0        113         11
 91       7249        134          0        117          0          0          0        112         11
 92       7245        130          0        125          0          0          0        108          8
 93       7241        130          0        129          0          0          0        108          7
 94       7239        122          0        139          0          0          0        100          5
 95       7234        119          0        147          0          0          0         96          5
 96       7230        119          0        151          0          0          0         96          5
 97       7229        114          0        157          0          0          0         92          6
 98       7226        114          0        160          0          0          0         91          6
 99       7220        117          0        163          0          0          0         92          6
100       7217        116          0        167          0          0          0         92          6
101       7215        108          0        177          0          0          0         84          5
102       7211        107          0        182          0          0          0         84          7
103       7210        105          0        185          0          0          0         85          7
104       7207         98          0        195          0          0          0         76          6
105       7204         95          0        201          0          0          0         73          5
106       7198         94          0        208          0          0          0         72          4
107       7192         95          0        213          0          0          0         70          4
108       7189         93          0        218          0          0          0         67          5
109       7188         90          0        222          0          0          0         67          5
110       7183         89          0        228          0          0          0         62          6
111       7182         86          0        232          0          0          0         61          6
112       7181         84          0        235          0          0          0         61          6
113       7176         81          0        243          0          0          0         59          6
114       7173         82          0        245          0          0          0         63          6
115       7170         80          0        250          0          0          0         61          6
116       7169         80          0        251          0          0          0         61          6
117       7166         82          0        252          0          0          0         65          7
118       7161         84          0        255          0          0          0         63          7
119       7160         83          0        257          0          0          0         62          8
120       7157         84          0        259          0          0          0         65          7
121       7155         82          0        263          0          0          0         64          7
122       7153         83          0        264          0          0          0         66          8
123       7151         82          0        267          0          0          0         64          8
124       7148         83          0        269          0          0          0         65          8
125       7145         79          0        276          0          0          0         63          7
126       7140         80          0        280          0          0          0         60          5
127       7139         78          0        283          0          0          0         60          5
128       7136         79          0        285          0          0          0         60          4
129       7131         79          0        290          0          0          0         57          4
130       7129         79          0        292          0          0          0         57          4
131       7124         80          0        296          0          0          0         56          4
132       7122         76          0        302          0          0          0         53          3
133       7120         75          0        305          0          0          0         55          4
134       7117         71          0        312          0          0          0         49          4
135       7111         76          0        313          0          0          0         51          4
136       7106         80          0        314          0          0          0         55          4
137       7105         75          0        320          0          0          0         51          4
138       7101         75          0        324          0          0          0         52          3
139       7098         74          0        328          0          0          0         50          2
140       7091         80          0        329          0          0          0         51          2
141       7090         79          0        331          0          0          0         52          2
142       7087         79          0        334          0          0          0         55          3
143       7085         77          0        338          0          0          0         56          4
144       7082         79          0        339          0          0          0         56          4
145       7082         77          0        341          0          0          0         58          4
146       7079         77          0        344          0          0          0         58          4
147       7076         78          0        346          0          0          0         63          6
148       7076         75          0        349          0          0          0         61          6
149       7076         73          0        351          0          0          0         62          6
150       7074         74          0        352          0          0          0         63          6
151       7074         71          0        355          0          0          0         63          8
152       7073         70          0        357          0          0          0         61          8
153       7072         69          0        359          0          0          0         62          8
154       7071         68          0        361          0          0          0         63          7
155       7071         63          0        366          0          0          0         58          7
156       7069         59          0        372          0          0          0         52          7
157       7066         58          0        376          0          0          0         50          6
158       7065         58          0        377          0          0          0         49          6
--- ---------- ---------- ---------- ---------- ---------- ---------- ---------- ---------- ----------

Tipo 2
Día     Sanos  Infectados Importados    Curados Desinmuniz    Muertos Inf.Indire   Enfermos Hospitaliz
--- ---------- ---------- ---------- ---------- ---------- ---------- ---------- ---------- ----------
  1      30993          7          0          0          0          0          0          0          0
  2      30993          7          0          0          0          0          0          0          0
  3      30993          7          0          0          0          0          0          0          0
  4      30990         10          0          0          0          0          0          0          0
  5      30987         13          0          0          0          0          0          0          0
  6      30985         15          0          0          0          0          0          0          0
  7      30980         20          0          0          0          0          0          0          0
  8      30973         27          0          0          0          0          0          0          0
  9      30961         39          0          0          0          0          0          0          0
 10      30944         56          0          0          0          0          0          0          0
 11      30926         74          0          0          0          0          0          3          0
 12      30908         92          0          0          0          0          0          6          0
 13      30896        104          0          0          0          0          0          8          0
 14      30885        115          0          0          0          0          0         13          0
 15      30879        121          0          0          0          0          0         20          0
 16      30872        128          0          0          0          0          0         32          0
 17      30865        135          0          0          0          0          0         49          0
 18      30859        141          0          0          0          0          0         67          3
 19      30841        158          0          1          0          0          0         84          5
 20      30829        170          0          1          0          0          0         96          6
 21      30807        191          0          2          0          0          0        106          6
 22      30782        215          0          3          0          0          0        112          6
 23      30732        261          0          7          0          0          0        116          6
 24      30674        319          0          7          0          0          0        123          7
 25      30611        381          0          8          0          0          0        129          7
 26      30519        468          0         13          0          0          0        143         11
 27      30418        565          0         17          0          0          0        151         12
 28      30315        664          0         20          0          1          0        169         16
 29      30173        804          0         22          0          1          0        192         18
 30      29989        987          0         23          0          1          0        241         22
 31      29907       1065          0         27          0          1          0        295         29
 32      29802       1162          0         35          0          1          0        353         34
 33      29665       1290          0         44          0          1          0        436         45
 34      29532       1419          0         48          0          1          0        534         51
 35      29415       1523          0         61          0          1          0        624         63
 36      29326       1595          0         78          0          1          0        748         79
 37      29216       1695          0         87          0          2          0        922        107
 38      29110       1781          0        106          0          3          0        984        117
 39      29015       1862          0        119          0          4          0       1075        128
 40      28908       1946          0        142          0          4          0       1191        137
 41      28776       2049          0        170          0          5          0       1293        143
 42      28625       2174          0        195          0          6          0       1384        150
 43      28471       2303          0        220          0          6          0       1448        151
 44      28292       2457          0        245          0          6          0       1534        167
 45      28092       2632          0        270          0          6          0       1614        172
 46      27818       2865          0        310          0          7          0       1670        176
 47      27571       3074          0        347          0          8          0       1740        185
 48      27335       3261          0        396          0          8          0       1821        194
 49      26926       3613          0        452          0          9          0       1915        198
 50      26515       3969          0        505          0         11          0       2013        208
 51      26102       4322          0        564          0         12          0       2132        223
 52      25570       4780          0        635          0         15          0       2258        242
 53      24977       5291          0        716          0         16          0       2451        247
 54      24494       5681          0        807          0         18          0       2605        251
 55      24035       6040          0        907          0         18          0       2742        257
 56      23620       6353          0       1007          0         20          0       3049        277
 57      23257       6597          0       1125          0         21          0       3343        310
 58      22977       6760          0       1238          0         25          0       3640        348
 59      22664       6965          0       1345          0         26          0       4063        379
 60      22398       7080          0       1492          0         30          0       4503        418
 61      22179       7152          0       1636          0         33          0       4838        448
 62      21992       7224          0       1749          0         35          0       5182        492
 63      21828       7240          0       1896          0         36          0       5449        520
 64      21704       7225          0       2033          0         38          0       5672        535
 65      21603       7172          0       2183          0         42          0       5798        553
 66      21507       7095          0       2356          0         42          0       5939        561
 67      21411       7014          0       2527          0         48          0       6028        579
 68      21332       6904          0       2715          0         49          0       6058        587
 69      21257       6775          0       2918          0         50          0       6041        583
 70      21164       6690          0       3096          0         50          0       6027        575
 71      21082       6555          0       3311          0         52          0       5933        574
 72      21015       6377          0       3549          0         59          0       5789        569
 73      20929       6221          0       3787          0         63          0       5643        563
 74      20867       5968          0       4098          0         67          0       5424        545
 75      20813       5759          0       4353          0         75          0       5240        521
 76      20759       5497          0       4662          0         82          0       4999        500
 77      20713       5187          0       5008          0         92          0       4736        470
 78      20664       4930          0       5304          0        102          0       4512        450
 79      20610       4652          0       5631          0        107          0       4247        434
 80      20564       4334          0       5984          0        118          0       3969        417
 81      20522       4006          0       6348          0        124          0       3661        388
 82      20471       3662          0       6736          0        131          0       3320        360
 83      20429       3323          0       7113          0        135          0       2993        322
 84      20401       2995          0       7467          0        137          0       2683        284
 85      20367       2682          0       7809          0        142          0       2385        255
 86      20343       2429          0       8078          0        150          0       2162        228
 87      20309       2182          0       8357          0        152          0       1927        204
 88      20285       1969          0       8590          0        156          0       1732        185
 89      20260       1827          0       8752          0        161          0       1616        169
 90      20232       1677          0       8926          0        165          0       1480        160
 91      20217       1537          0       9073          0        173          0       1353        143
 92      20196       1417          0       9212          0        175          0       1246        135
 93      20182       1293          0       9347          0        178          0       1132        126
 94      20172       1210          0       9438          0        180          0       1073        118
 95      20154       1142          0       9520          0        184          0       1011        115
 96      20139       1075          0       9599          0        187          0        954        110
 97      20122       1017          0       9673          0        188          0        907        108
 98      20117        943          0       9750          0        190          0        843        101
 99      20102        893          0       9815          0        190          0        799         96
100      20092        836          0       9882          0        190          0        746         91
101      20084        780          0       9944          0        192          0        692         78
102      20069        737          0      10001          0        193          0        652         74
103      20061        674          0      10069          0        196          0        596         63
104      20055        626          0      10122          0        197          0        559         61
105      20049        583          0      10171          0        197          0        515         53
106      20043        538          0      10221          0        198          0        479         48
107      20034        504          0      10264          0        198          0        446         44
108      20032        474          0      10296          0        198          0        422         42
109      20023        437          0      10341          0        199          0        391         36
110      20020        395          0      10383          0        202          0        354         33
111      20016        368          0      10413          0        203          0        329         26
112      20010        344          0      10443          0        203          0        306         27
113      20005        322          0      10470          0        203          0        284         26
114      20003        301          0      10493          0        203          0        270         27
115      20000        285          0      10512          0        203          0        253         27
116      19996        263          0      10538          0        203          0        236         22
117      19994        252          0      10551          0        203          0        226         20
118      19993        237          0      10567          0        203          0        214         19
119      19989        222          0      10585          0        204          0        201         19
120      19986        199          0      10611          0        204          0        180         15
121      19984        187          0      10625          0        204          0        168         12
122      19983        176          0      10636          0        205          0        159         10
123      19980        166          0      10649          0        205          0        150          9
124      19978        154          0      10663          0        205          0        138          8
125      19976        141          0      10678          0        205          0        124          8
126      19974        127          0      10693          0        206          0        112          7
127      19971        116          0      10707          0        206          0        101          7
128      19970        104          0      10720          0        206          0         90          8
129      19969         99          0      10726          0        206          0         85          7
130      19968         89          0      10736          0        207          0         77          7
131      19968         82          0      10743          0        207          0         72          6
132      19968         71          0      10754          0        207          0         63          5
133      19968         64          0      10761          0        207          0         58          4
134      19967         57          0      10769          0        207          0         53          4
135      19963         55          0      10775          0        207          0         48          4
136      19963         49          0      10781          0        207          0         43          4
137      19963         48          0      10781          0        208          0         43          5
138      19963         45          0      10784          0        208          0         40          5
139      19962         43          0      10787          0        208          0         37          5
140      19960         43          0      10789          0        208          0         35          5
141      19959         42          0      10791          0        208          0         34          5
142      19959         40          0      10793          0        208          0         36          5
143      19959         35          0      10798          0        208          0         31          4
144      19958         35          0      10799          0        208          0         30          4
145      19956         35          0      10801          0        208          0         28          4
146      19955         34          0      10803          0        208          0         27          4
147      19955         30          0      10807          0        208          0         25          4
148      19955         28          0      10809          0        208          0         24          4
149      19954         26          0      10812          0        208          0         21          3
150      19952         27          0      10813          0        208          0         20          3
151      19952         25          0      10815          0        208          0         19          2
152      19951         24          0      10817          0        208          0         19          2
153      19951         24          0      10817          0        208          0         20          2
154      19951         22          0      10819          0        208          0         18          2
155      19951         20          0      10821          0        208          0         16          2
156      19950         17          0      10825          0        208          0         13          1
157      19950         17          0      10825          0        208          0         15          2
158      19950         16          0      10826          0        208          0         14          2
--- ---------- ---------- ---------- ---------- ---------- ---------- ---------- ---------- ----------

Tipo 3
Día     Sanos  Infectados Importados    Curados Desinmuniz    Muertos Inf.Indire   Enfermos Hospitaliz
--- ---------- ---------- ---------- ---------- ---------- ---------- ---------- ---------- ----------
  1       2499          1          0          0          0          0          0          0          0
  2       2499          1          0          0          0          0          0          0          0
  3       2499          1          0          0          0          0          0          0          0
  4       2499          1          0          0          0          0          0          0          0
  5       2499          1          0          0          0          0          0          0          0
  6       2499          1          0          0          0          0          0          0          0
  7       2498          2          0          0          0          0          0          0          0
  8       2498          2          0          0          0          0          0          0          0
  9       2497          3          0          0          0          0          0          0          0
 10       2497          3          0          0          0          0          0          0          0
 11       2496          4          0          0          0          0          0          0          0
 12       2494          6          0          0          0          0          0          0          0
 13       2493          7          0          0          0          0          0          0          0
 14       2441         59          0          0          0          0          0          1          0
 15       2439         61          0          0          0          0          0          1          0
 16       2436         64          0          0          0          0          0          2          0
 17       2433         67          0          0          0          0          0          2          0
 18       2428         72          0          0          0          0          0          3          0
 19       2377        123          0          0          0          0          0          5          0
 20       2373        127          0          0          0          0          0          6          0
 21       2370        130          0          0          0          0          0         58          2
 22       2365        135          0          0          0          0          0         60          2
 23       2359        141          0          0          0          0          0         63          3
 24       2345        155          0          0          0          0          0         66          3
 25       2330        170          0          0          0          0          0         71          3
 26       2316        183          0          1          0          0          0        122          7
 27       2305        194          0          1          0          0          0        126          7
 28       2287        210          0          3          0          0          0        127          8
 29       2226        267          0          7          0          0          0        128          8
 30       2155        335          0         10          0          0          0        131          8
 31       2092        398          0         10          0          0          0        145         11
 32       2074        414          0         11          0          1          0        158         13
 33       2056        429          0         14          0          1          0        169         16
 34       2032        451          0         16          0          1          0        178         17
 35       2003        474          0         21          0          2          0        190         18
 36       1981        494          0         23          0          2          0        249         24
 37       1953        516          0         28          0          3          0        314         25
 38       1917        541          0         36          0          6          0        366         30
 39       1899        550          0         44          0          7          0        375         30
 40       1874        570          0         48          0          8          0        388         32
 41       1843        596          0         51          0         10          0        407         33
 42       1813        615          0         61          0         11          0        425         33
 43       1786        627          0         75          0         12          0        432         34
 44       1746        659          0         82          0         13          0        452         35
 45       1720        664          0         98          0         18          0        467         35
 46       1634        738          0        108          0         20          0        473         32
 47       1597        758          0        123          0         22          0        481         30
 48       1551        789          0        136          0         24          0        497         33
 49       1491        828          0        153          0         28          0        506         34
 50       1430        864          0        177          0         29          0        508         33
 51       1391        891          0        188          0         30          0        536         34
 52       1329        938          0        199          0         34          0        548         36
 53       1272        975          0        218          0         35          0        613         42
 54       1204       1024          0        235          0         37          0        631         48
 55       1164       1039          0        256          0         41          0        652         52
 56       1097       1082          0        276          0         45          0        688         51
 57       1019       1137          0        295          0         49          0        726         53
 58        952       1176          0        317          0         55          0        737         57
 59        889       1201          0        354          0         56          0        761         59
 60        838       1204          0        394          0         64          0        770         61
 61        787       1208          0        432          0         73          0        791         67
 62        714       1240          0        466          0         80          0        790         68
 63        668       1259          0        489          0         84          0        830         69
 64        618       1270          0        524          0         88          0        869         73
 65        573       1293          0        541          0         93          0        914         76
 66        527       1300          0        575          0         98          0        938         82
 67        505       1280          0        613          0        102          0        947         81
 68        470       1284          0        639          0        107          0        967         85
 69        443       1260          0        684          0        113          0        989         93
 70        413       1264          0        702          0        121          0       1009         97
 71        388       1257          0        726          0        129          0       1027         97
 72        367       1244          0        758          0        131          0       1038         99
 73        348       1226          0        791          0        135          0       1047        103
 74        328       1207          0        823          0        142          0       1030        103
 75        316       1175          0        862          0        147          0       1021        102
 76        300       1149          0        901          0        150          0       1006        103
 77        279       1093          0        963          0        165          0        959         99
 78        267       1062          0       1001          0        170          0        941         93
 79        253       1018          0       1052          0        177          0        904         89
 80        241        965          0       1109          0        185          0        858         87
 81        236        911          0       1157          0        196          0        819         82
 82        230        866          0       1203          0        201          0        780         77
 83        223        813          0       1254          0        210          0        736         72
 84        220        770          0       1295          0        215          0        711         70
 85        215        715          0       1347          0        223          0        663         60
 86        212        662          0       1391          0        235          0        621         54
 87        207        609          0       1437          0        247          0        575         55
 88        200        563          0       1482          0        255          0        528         52
 89        196        509          0       1527          0        268          0        475         50
 90        191        467          0       1569          0        273          0        435         45
 91        188        422          0       1611          0        279          0        391         42
 92        188        387          0       1638          0        287          0        361         39
 93        185        343          0       1674          0        298          0        316         32
 94        181        318          0       1701          0        300          0        292         28
 95        180        293          0       1724          0        303          0        273         25
 96        177        261          0       1751          0        311          0        242         23
 97        172        237          0       1777          0        314          0        218         20
 98        172        221          0       1789          0        318          0        205         19
 99        170        196          0       1812          0        322          0        178         16
100        168        174          0       1832          0        326          0        157         13
101        167        155          0       1849          0        329          0        141         12
102        167        134          0       1866          0        333          0        121         10
103        165        121          0       1879          0        335          0        109         10
104        164        111          0       1890          0        335          0        103         10
105        161        104          0       1896          0        339          0         93          9
106        160        101          0       1900          0        339          0         91          7
107        160         92          0       1906          0        342          0         84          7
108        160         77          0       1918          0        345          0         70          6
109        159         78          0       1918          0        345          0         70          6
110        159         72          0       1923          0        346          0         66          7
111        159         65          0       1930          0        346          0         60          6
112        158         60          0       1935          0        347          0         57          6
113        158         55          0       1938          0        349          0         53          4
114        158         47          0       1945          0        350          0         45          4
115        156         45          0       1949          0        350          0         41          3
116        155         43          0       1952          0        350          0         39          3
117        154         38          0       1958          0        350          0         33          3
118        153         35          0       1962          0        350          0         29          3
119        153         31          0       1965          0        351          0         26          3
120        151         29          0       1969          0        351          0         22          3
121        151         29          0       1969          0        351          0         22          3
122        151         24          0       1974          0        351          0         19          2
123        150         25          0       1974          0        351          0         20          2
124        150         24          0       1975          0        351          0         20          2
125        149         22          0       1978          0        351          0         18          2
126        149         22          0       1978          0        351          0         18          2
127        149         20          0       1980          0        351          0         18          1
128        149         17          0       1983          0        351          0         15          1
129        149         17          0       1983          0        351          0         15          1
130        149         15          0       1985          0        351          0         14          1
131        149         13          0       1987          0        351          0         12          0
132        149         13          0       1987          0        351          0         13          0
133        149         12          0       1988          0        351          0         12          0
134        149         11          0       1989          0        351          0         11          0
135        149         10          0       1990          0        351          0         10          0
136        149         10          0       1990          0        351          0         10          0
137        148          9          0       1992          0        351          0          8          0
138        148          9          0       1992          0        351          0          8          0
139        148          9          0       1992          0        351          0          8          0
140        148          9          0       1992          0        351          0          8          0
141        148          8          0       1992          0        352          0          7          0
142        148          7          0       1993          0        352          0          6          0
143        148          6          0       1994          0        352          0          5          0
144        148          5          0       1995          0        352          0          5          0
145        148          5          0       1995          0        352          0          5          0
146        148          3          0       1996          0        353          0          3          0
147        148          3          0       1996          0        353          0          3          0
148        148          2          0       1996          0        354          0          2          0
149        148          2          0       1996          0        354          0          2          0
150        148          2          0       1996          0        354          0          2          0
151        148          2          0       1996          0        354          0          2          0
152        148          2          0       1996          0        354          0          2          0
153        148          2          0       1996          0        354          0          2          0
154        148          1          0       1997          0        354          0          1          0
155        148          1          0       1997          0        354          0          1          0
156        148          1          0       1997          0        354          0          1          0
157        148          1          0       1997          0        354          0          1          0
158        148          1          0       1997          0        354          0          1          0
--- ---------- ---------- ---------- ---------- ---------- ---------- ---------- ---------- ----------

Tipo 4
Día     Sanos  Infectados Importados    Curados Desinmuniz    Muertos Inf.Indire   Enfermos Hospitaliz
--- ---------- ---------- ---------- ---------- ---------- ---------- ---------- ---------- ----------
  1       6999          1          0          0          0          0          0          0          0
  2       6999          1          0          0          0          0          0          0          0
  3       6999          1          0          0          0          0          0          0          0
  4       6998          2          0          0          0          0          0          0          0
  5       6998          2          0          0          0          0          0          0          0
  6       6998          2          0          0          0          0          0          0          0
  7       6998          2          0          0          0          0          0          0          0
  8       6998          2          0          0          0          0          0          0          0
  9       6998          2          0          0          0          0          0          0          0
 10       6997          3          0          0          0          0          0          0          0
 11       6996          4          0          0          0          0          0          1          0
 12       6995          5          0          0          0          0          0          1          0
 13       6990         10          0          0          0          0          0          1          0
 14       6986         14          0          0          0          0          0          1          0
 15       6983         17          0          0          0          0          0          1          0
 16       6941         59          0          0          0          0          0          1          0
 17       6929         71          0          0          0          0          0          2          0
 18       6923         77          0          0          0          0          0          3          0
 19       6917         83          0          0          0          0          0          4          0
 20       6813        187          0          0          0          0          0          9          0
 21       6791        209          0          0          0          0          0         13          0
 22       6719        281          0          0          0          0          0         16          0
 23       6690        310          0          0          0          0          0         58          5
 24       6665        335          0          0          0          0          0         70          6
 25       6617        382          0          0          0          1          0         75          5
 26       6596        403          0          0          0          1          0         81          5
 27       6548        451          0          0          0          1          0        185         21
 28       6487        509          0          3          0          1          0        204         24
 29       6397        598          0          4          0          1          0        275         28
 30       6318        674          0          5          0          3          0        301         31
 31       6305        684          0          7          0          4          0        323         31
 32       6275        712          0          9          0          4          0        370         35
 33       6234        749          0         12          0          5          0        387         37
 34       6194        782          0         14          0         10          0        428         40
 35       6151        817          0         17          0         15          0        482         47
 36       6072        890          0         23          0         15          0        565         56
 37       6020        936          0         26          0         18          0        639         63
 38       5975        975          0         29          0         21          0        646         63
 39       5936       1003          0         37          0         24          0        665         63
 40       5872       1052          0         46          0         30          0        690         64
 41       5833       1075          0         56          0         36          0        714         65
 42       5790       1102          0         68          0         40          0        741         69
 43       5741       1130          0         83          0         46          0        799         74
 44       5683       1164          0        100          0         53          0        827         77
 45       5632       1189          0        122          0         57          0        846         78
 46       5432       1360          0        141          0         67          0        856         79
 47       5355       1392          0        176          0         77          0        875         82
 48       5259       1455          0        201          0         85          0        881         82
 49       5168       1511          0        225          0         96          0        889         80
 50       5081       1571          0        239          0        109          0        912         83
 51       4983       1609          0        279          0        129          0        910         80
 52       4858       1694          0        304          0        144          0        921         84
 53       4734       1761          0        344          0        161          0       1063        101
 54       4637       1818          0        371          0        174          0       1100        103
 55       4529       1887          0        397          0        187          0       1157        112
 56       4393       1961          0        441          0        205          0       1186        117
 57       4254       2054          0        469          0        223          0       1227        118
 58       4104       2164          0        498          0        234          0       1285        121
 59       3962       2250          0        536          0        252          0       1354        128
 60       3844       2301          0        577          0        278          0       1411        130
 61       3735       2351          0        617          0        297          0       1449        131
 62       3619       2433          0        641          0        307          0       1523        136
 63       3505       2493          0        684          0        318          0       1605        146
 64       3393       2551          0        725          0        331          0       1690        155
 65       3265       2627          0        766          0        342          0       1788        169
 66       3161       2673          0        807          0        359          0       1872        172
 67       3052       2700          0        875          0        373          0       1910        179
 68       2959       2731          0        917          0        393          0       1955        187
 69       2853       2775          0        963          0        409          0       2009        189
 70       2779       2788          0       1010          0        423          0       2062        198
 71       2689       2804          0       1061          0        446          0       2100        201
 72       2605       2805          0       1114          0        476          0       2145        206
 73       2535       2796          0       1170          0        499          0       2171        216
 74       2482       2760          0       1231          0        527          0       2191        219
 75       2432       2715          0       1292          0        561          0       2188        208
 76       2368       2681          0       1351          0        600          0       2196        209
 77       2307       2607          0       1449          0        637          0       2135        203
 78       2268       2535          0       1529          0        668          0       2114        203
 79       2224       2466          0       1608          0        702          0       2085        197
 80       2182       2403          0       1685          0        730          0       2050        194
 81       2132       2336          0       1770          0        762          0       1986        194
 82       2102       2260          0       1852          0        786          0       1930        192
 83       2077       2169          0       1929          0        825          0       1878        183
 84       2037       2092          0       2018          0        853          0       1823        179
 85       2011       1989          0       2109          0        891          0       1732        178
 86       1989       1905          0       2189          0        917          0       1670        169
 87       1973       1802          0       2280          0        945          0       1593        165
 88       1955       1715          0       2352          0        978          0       1538        159
 89       1943       1588          0       2451          0       1018          0       1429        141
 90       1931       1478          0       2539          0       1052          0       1332        133
 91       1915       1385          0       2614          0       1086          0       1263        127
 92       1904       1279          0       2688          0       1129          0       1172        117
 93       1897       1189          0       2759          0       1155          0       1097        107
 94       1889       1117          0       2810          0       1184          0       1033         99
 95       1877       1051          0       2866          0       1206          0        973         91
 96       1869        967          0       2928          0       1236          0        893         85
 97       1862        898          0       2980          0       1260          0        829         77
 98       1853        821          0       3047          0       1279          0        759         68
 99       1847        763          0       3081          0       1309          0        706         64
100       1838        690          0       3138          0       1334          0        631         59
101       1833        627          0       3179          0       1361          0        571         50
102       1827        575          0       3221          0       1377          0        525         50
103       1822        529          0       3256          0       1393          0        482         48
104       1816        487          0       3287          0       1410          0        441         39
105       1807        458          0       3310          0       1425          0        412         35
106       1803        428          0       3331          0       1438          0        384         31
107       1800        395          0       3354          0       1451          0        357         30
108       1798        355          0       3383          0       1464          0        320         25
109       1797        333          0       3401          0       1469          0        303         25
110       1793        301          0       3425          0       1481          0        272         23
111       1785        278          0       3448          0       1489          0        247         20
112       1781        256          0       3463          0       1500          0        230         19
113       1779        233          0       3480          0       1508          0        209         17
114       1776        217          0       3493          0       1514          0        193         16
115       1774        196          0       3511          0       1519          0        172         15
116       1773        181          0       3524          0       1522          0        157         14
117       1772        160          0       3538          0       1530          0        139         10
118       1772        147          0       3550          0       1531          0        134          8
119       1770        135          0       3563          0       1532          0        124          7
120       1768        127          0       3570          0       1535          0        116          7
121       1767        116          0       3578          0       1539          0        107          7
122       1765        110          0       3583          0       1542          0        101          7
123       1765         99          0       3594          0       1542          0         91          7
124       1762         96          0       3598          0       1544          0         86          7
125       1760         90          0       3604          0       1546          0         78          6
126       1759         85          0       3609          0       1547          0         74          5
127       1756         84          0       3611          0       1549          0         72          5
128       1754         81          0       3615          0       1550          0         68          5
129       1753         72          0       3623          0       1552          0         60          4
130       1753         71          0       3623          0       1553          0         59          4
131       1751         70          0       3624          0       1555          0         59          4
132       1749         62          0       3631          0       1558          0         51          4
133       1748         53          0       3637          0       1562          0         42          3
134       1747         51          0       3640          0       1562          0         42          3
135       1745         52          0       3641          0       1562          0         43          3
136       1745         46          0       3645          0       1564          0         38          3
137       1744         45          0       3647          0       1564          0         36          2
138       1741         43          0       3652          0       1564          0         33          2
139       1741         41          0       3653          0       1565          0         33          2
140       1741         40          0       3654          0       1565          0         33          2
141       1740         38          0       3657          0       1565          0         31          2
142       1738         37          0       3660          0       1565          0         30          2
143       1738         35          0       3662          0       1565          0         28          2
144       1738         30          0       3665          0       1567          0         24          2
145       1736         28          0       3667          0       1569          0         23          2
146       1735         28          0       3668          0       1569          0         22          2
147       1734         29          0       3668          0       1569          0         22          2
148       1732         28          0       3670          0       1570          0         20          2
149       1732         28          0       3670          0       1570          0         22          2
150       1732         27          0       3671          0       1570          0         21          2
151       1732         26          0       3671          0       1571          0         20          2
152       1731         27          0       3671          0       1571          0         22          2
153       1730         26          0       3672          0       1572          0         21          2
154       1730         26          0       3672          0       1572          0         22          3
155       1729         25          0       3674          0       1572          0         22          4
156       1729         24          0       3674          0       1573          0         21          4
157       1729         23          0       3674          0       1574          0         20          3
158       1729         22          0       3674          0       1575          0         19          3
--- ---------- ---------- ---------- ---------- ---------- ---------- ---------- ---------- ----------

