Tipo 0
Día     Sanos  Infectados Importados    Curados Desinmuniz    Muertos Inf.Indire   Enfermos Hospitaliz
--- ---------- ---------- ---------- ---------- ---------- ---------- ---------- ---------- ----------
  1       1999          1          0          0          0          0          0          0          0
  2       1999          1          0          0          0          0          0          0          0
  3       1999          1          0          0          0          0          0          0          0
  4       1999          1          0          0          0          0          0          0          0
  5       1999          1          0          0          0          0          0          0          0
  6       1999          1          0          0          0          0          0          0          0
  7       1999          1          0          0          0          0          0          0          0
  8       1999          1          0          0          0          0          0          0          0
  9       1999          1          0          0          0          0          0          0          0
 10       1999          1          0          0          0          0          0          0          0
 11       1999          1          0          0          0          0          0          0          0
 12       1999          1          0          0          0          0          0          0          0
 13       1999          1          0          0          0          0          0          0          0
 14       1999          1          0          0          0          0          0          0          0
 15       1999          1          0          0          0          0          0          0          0
 16       1999          1          0          0          0          0          0          0          0
 17       1999          1          0          0          0          0          0          0          0
 18       1999          1          0          0          0          0          0          0          0
 19       1999          1          0          0          0          0          0          0          0
 20       1999          1          0          0          0          0          0          0          0
 21       1999          1          0          0          0          0          0          0          0
 22       1999          1          0          0          0          0          0          0          0
 23       1999          1          0          0          0          0          0          0          0
 24       1999          1          0          0          0          0          0          0          0
 25       1999          1          0          0          0          0          0          0          0
 26       1999          1          0          0          0          0          0          0          0
 27       1999          1          0          0          0          0          0          0          0
 28       1999          1          0          0          0          0          0          0          0
 29       1999          1          0          0          0          0          0          0          0
 30       1999          1          0          0          0          0          0          0          0
 31       1999          1          0          0          0          0          0          0          0
 32       1999          0          0          1          0          0          0          0          0
 33       1999          0          0          1          0          0          0          0          0
 34       1999          0          0          1          0          0          0          0          0
 35       1999          0          0          1          0          0          0          0          0
 36       1998          1          0          1          0          0          0          0          0
 37       1998          1          0          1          0          0          0          0          0
 38       1998          1          0          1          0          0          0          0          0
 39       1998          1          0          1          0          0          0          0          0
 40       1998          1          0          1          0          0          0          0          0
 41       1998          1          0          1          0          0          0          0          0
 42       1998          1          0          1          0          0          0          0          0
 43       1998          1          0          1          0          0          0          1          0
 44       1998          1          0          1          0          0          0          1          0
 45       1998          1          0          1          0          0          0          1          0
 46       1998          0          0          2          0          0          0          0          0
 47       1998          0          0          2          0          0          0          0          0
 48       1998          0          0          2          0          0          0          0          0
 49       1998          0          0          2          0          0          0          0          0
 50       1998          0          0          2          0          0          0          0          0
 51       1998          0          0          2          0          0          0          0          0
 52       1998          0          0          2          0          0          0          0          0
 53       1998          0          0          2          0          0          0          0          0
 54       1998          0          0          2          0          0          0          0          0
 55       1996          2          0          2          0          0          0          0          0
 56       1996          2          0          2          0          0          0          0          0
 57       1994          4          0          2          0          0          0          0          0
 58       1994          4          0          2          0          0          0          0          0
 59       1993          5          0          2          0          0          0          0          0
 60       1992          6          0          2          0          0          0          0          0
 61       1991          7          0          2          0          0          0          0          0
 62       1989          9          0          2          0          0          0          2          0
 63       1989          9          0          2          0          0          0          2          0
 64       1988         10          0          2          0          0          0          4          0
 65       1988         10          0          2          0          0          0          4          0
 66       1987         11          0          2          0          0          0          5          0
 67       1987         11          0          2          0          0          0          6          0
 68       1986         12          0          2          0          0          0          7          0
 69       1986         12          0          2          0          0          0          9          0
 70       1985         13          0          2          0          0          0          9          0
 71       1984         14          0          2          0          0          0         10          0
 72       1983         15          0          2          0          0          0         10          0
 73       1982         16          0          2          0          0          0         11          0
 74       1980         18          0          2          0          0          0         11          0
 75       1977         21          0          2          0          0          0         12          0
 76       1977         21          0          2          0          0          0         12          0
 77       1976         21          0          3          0          0          0         12          0
 78       1976         21          0          3          0          0          0         13          0
 79       1974         23          0          3          0          0          0         14          0
 80       1973         23          0          4          0          0          0         14          0
 81       1973         23          0          4          0          0          0         16          0
 82       1972         23          0          5          0          0          0         18          0
 83       1972         23          0          5          0          0          0         18          0
 84       1971         24          0          5          0          0          0         19          0
 85       1971         23          0          6          0          0          0         18          0
 86       1971         21          0          8          0          0          0         18          0
 87       1970         22          0          8          0          0          0         19          0
 88       1970         20          0         10          0          0          0         17          0
 89       1970         18          0         12          0          0          0         16          0
 90       1969         19          0         12          0          0          0         16          0
 91       1969         17          0         14          0          0          0         15          0
 92       1969         17          0         14          0          0          0         15          0
 93       1969         17          0         14          0          0          0         15          0
 94       1969         17          0         14          0          0          0         16          0
 95       1969         15          0         16          0          0          0         14          0
 96       1969         15          0         16          0          0          0         14          0
 97       1969         15          0         16          0          0          0         15          0
 98       1968         16          0         16          0          0          0         15          0
 99       1967         17          0         16          0          0          0         15          0
100       1967         15          0         18          0          0          0         13          0
101       1967         13          0         20          0          0          0         11          0
102       1967         12          0         21          0          0          0         10          0
103       1967         10          0         23          0          0          0          8          0
104       1967          9          0         24          0          0          0          7          0
105       1967          7          0         26          0          0          0          6          0
106       1967          7          0         26          0          0          0          7          0
107       1967          6          0         27          0          0          0          6          0
108       1967          5          0         28          0          0          0          5          0
109       1967          5          0         28          0          0          0          5          0
110       1967          3          0         30          0          0          0          3          0
111       1967          3          0         30          0          0          0          3          0
112       1967          3          0         30          0          0          0          3          0
113       1967          3          0         30          0          0          0          3          0
114       1967          3          0         30          0          0          0          3          0
115       1967          3          0         30          0          0          0          3          0
116       1967          3          0         30          0          0          0          3          0
117       1967          3          0         30          0          0          0          3          0
118       1967          3          0         30          0          0          0          3          0
119       1967          3          0         30          0          0          0          3          0
120       1967          3          0         30          0          0          0          3          0
121       1967          2          0         31          0          0          0          2          0
122       1967          2          0         31          0          0          0          2          0
123       1967          2          0         31          0          0          0          2          0
124       1967          2          0         31          0          0          0          2          0
125       1967          2          0         31          0          0          0          2          0
126       1967          2          0         31          0          0          0          2          0
127       1967          2          0         31          0          0          0          2          0
128       1967          2          0         31          0          0          0          2          0
129       1967          1          0         32          0          0          0          1          0
130       1967          0          0         33          0          0          0          0          0
131       1967          0          0         33          0          0          0          0          0
132       1967          0          0         33          0          0          0          0          0
133       1967          0          0         33          0          0          0          0          0
134       1967          0          0         33          0          0          0          0          0
135       1967          0          0         33          0          0          0          0          0
136       1967          0          0         33          0          0          0          0          0
137       1967          0          0         33          0          0          0          0          0
138       1967          0          0         33          0          0          0          0          0
139       1967          0          0         33          0          0          0          0          0
140       1967          0          0         33          0          0          0          0          0
141       1967          0          0         33          0          0          0          0          0
142       1967          0          0         33          0          0          0          0          0
143       1967          0          0         33          0          0          0          0          0
144       1967          0          0         33          0          0          0          0          0
145       1967          0          0         33          0          0          0          0          0
146       1967          0          0         33          0          0          0          0          0
147       1967          0          0         33          0          0          0          0          0
148       1967          0          0         33          0          0          0          0          0
149       1967          0          0         33          0          0          0          0          0
150       1967          0          0         33          0          0          0          0          0
151       1967          0          0         33          0          0          0          0          0
152       1967          0          0         33          0          0          0          0          0
153       1967          0          0         33          0          0          0          0          0
154       1967          0          0         33          0          0          0          0          0
155       1967          0          0         33          0          0          0          0          0
156       1967          0          0         33          0          0          0          0          0
157       1967          0          0         33          0          0          0          0          0
158       1967          0          0         33          0          0          0          0          0
159       1967          0          0         33          0          0          0          0          0
160       1967          0          0         33          0          0          0          0          0
161       1967          0          0         33          0          0          0          0          0
162       1967          0          0         33          0          0          0          0          0
163       1967          0          0         33          0          0          0          0          0
164       1967          0          0         33          0          0          0          0          0
165       1967          0          0         33          0          0          0          0          0
166       1967          0          0         33          0          0          0          0          0
167       1967          0          0         33          0          0          0          0          0
--- ---------- ---------- ---------- ---------- ---------- ---------- ---------- ---------- ----------

Tipo 1
Día     Sanos  Infectados Importados    Curados Desinmuniz    Muertos Inf.Indire   Enfermos Hospitaliz
--- ---------- ---------- ---------- ---------- ---------- ---------- ---------- ---------- ----------
  1       7496          4          0          0          0          0          0          0          0
  2       7496          4          0          0          0          0          0          0          0
  3       7496          4          0          0          0          0          0          0          0
  4       7496          4          0          0          0          0          0          0          0
  5       7496          4          0          0          0          0          0          0          0
  6       7496          4          0          0          0          0          0          0          0
  7       7496          4          0          0          0          0          0          0          0
  8       7496          4          0          0          0          0          0          0          0
  9       7496          4          0          0          0          0          0          0          0
 10       7496          4          0          0          0          0          0          0          0
 11       7496          4          0          0          0          0          0          0          0
 12       7496          4          0          0          0          0          0          0          0
 13       7496          4          0          0          0          0          0          0          0
 14       7495          5          0          0          0          0          0          0          0
 15       7495          5          0          0          0          0          0          0          0
 16       7495          5          0          0          0          0          0          0          0
 17       7495          5          0          0          0          0          0          0          0
 18       7494          5          0          1          0          0          0          0          0
 19       7494          5          0          1          0          0          0          0          0
 20       7494          5          0          1          0          0          0          0          0
 21       7494          5          0          1          0          0          0          1          0
 22       7494          4          0          2          0          0          0          1          0
 23       7494          4          0          2          0          0          0          1          0
 24       7494          4          0          2          0          0          0          1          0
 25       7494          3          0          3          0          0          0          1          1
 26       7494          3          0          3          0          0          0          1          1
 27       7493          4          0          3          0          0          0          1          1
 28       7493          4          0          3          0          0          0          1          1
 29       7492          4          0          4          0          0          0          1          1
 30       7492          4          0          4          0          0          0          1          1
 31       7492          4          0          4          0          0          0          1          1
 32       7492          3          0          5          0          0          0          1          1
 33       7492          3          0          5          0          0          0          1          1
 34       7492          3          0          5          0          0          0          2          1
 35       7492          3          0          5          0          0          0          2          1
 36       7492          3          0          5          0          0          0          3          1
 37       7492          3          0          5          0          0          0          3          1
 38       7492          3          0          5          0          0          0          3          1
 39       7491          4          0          5          0          0          0          3          1
 40       7491          4          0          5          0          0          0          3          1
 41       7491          4          0          5          0          0          0          3          1
 42       7490          5          0          5          0          0          0          3          1
 43       7490          5          0          5          0          0          0          3          1
 44       7490          5          0          5          0          0          0          3          1
 45       7490          5          0          5          0          0          0          3          1
 46       7489          5          0          6          0          0          0          3          1
 47       7489          5          0          6          0          0          0          3          1
 48       7489          4          0          7          0          0          0          2          0
 49       7486          7          0          7          0          0          0          3          0
 50       7486          7          0          7          0          0          0          3          0
 51       7483         10          0          7          0          0          0          3          0
 52       7481         11          0          8          0          0          0          2          0
 53       7481         11          0          8          0          0          0          3          0
 54       7478         14          0          8          0          0          0          3          0
 55       7476         16          0          8          0          0          0          3          0
 56       7476         16          0          8          0          0          0          6          2
 57       7475         17          0          8          0          0          0          6          2
 58       7472         20          0          8          0          0          0          9          3
 59       7467         25          0          8          0          0          0         11          3
 60       7464         28          0          8          0          0          0         11          3
 61       7454         38          0          8          0          0          0         14          3
 62       7450         42          0          8          0          0          0         16          3
 63       7442         50          0          8          0          0          0         16          3
 64       7434         58          0          8          0          0          0         17          3
 65       7425         67          0          8          0          0          0         20          3
 66       7422         70          0          8          0          0          0         25          3
 67       7415         77          0          8          0          0          0         28          3
 68       7409         83          0          8          0          0          0         38          5
 69       7402         88          0         10          0          0          0         40          5
 70       7393         96          0         11          0          0          0         47          5
 71       7389         98          0         13          0          0          0         53          5
 72       7384         99          0         17          0          0          0         58          6
 73       7375        107          0         18          0          0          0         60          7
 74       7371        110          0         19          0          0          0         66          7
 75       7365        116          0         19          0          0          0         72          7
 76       7361        120          0         19          0          0          0         79          7
 77       7356        125          0         19          0          0          0         88          7
 78       7354        126          0         20          0          0          0         91          8
 79       7346        133          0         21          0          0          0         95         10
 80       7338        139          0         23          0          0          0        102         11
 81       7334        142          0         24          0          0          0        105         11
 82       7328        143          0         29          0          0          0        106         10
 83       7322        146          0         32          0          0          0        107         10
 84       7318        148          0         34          0          0          0        110         10
 85       7312        151          0         37          0          0          0        109         10
 86       7306        152          0         42          0          0          0        112         11
 87       7302        152          0         46          0          0          0        116         12
 88       7300        151          0         49          0          0          0        117         12
 89       7295        152          0         53          0          0          0        119         12
 90       7290        149          0         61          0          0          0        117         13
 91       7279        155          0         66          0          0          0        116         14
 92       7274        154          0         72          0          0          0        116         13
 93       7274        146          0         80          0          0          0        114         11
 94       7266        150          0         84          0          0          0        114         12
 95       7262        141          0         97          0          0          0        103         11
 96       7261        130          0        109          0          0          0         96         11
 97       7257        129          0        114          0          0          0         96         11
 98       7252        128          0        120          0          0          0        101         13
 99       7251        125          0        124          0          0          0        102         13
100       7246        124          0        130          0          0          0         96         13
101       7241        122          0        137          0          0          0         97         13
102       7240        117          0        143          0          0          0         95         12
103       7238        114          0        148          0          0          0         91         10
104       7232        112          0        156          0          0          0         87         10
105       7229        108          0        163          0          0          0         85         11
106       7228        104          0        168          0          0          0         81          9
107       7224        105          0        171          0          0          0         83          8
108       7221        104          0        175          0          0          0         84          9
109       7212        112          0        176          0          0          0         84          9
110       7210        108          0        182          0          0          0         81          9
111       7209        106          0        185          0          0          0         83          9
112       7207        102          0        191          0          0          0         81         10
113       7202        105          0        193          0          0          0         80         10
114       7200        102          0        198          0          0          0         78         10
115       7196        100          0        204          0          0          0         75          9
116       7194         91          0        215          0          0          0         73          9
117       7194         85          0        221          0          0          0         69         10
118       7190         84          0        226          0          0          0         65          9
119       7187         84          0        229          0          0          0         64          8
120       7183         84          0        233          0          0          0         65          8
121       7177         84          0        239          0          0          0         61          7
122       7173         84          0        243          0          0          0         61          7
123       7170         82          0        248          0          0          0         58          7
124       7169         80          0        251          0          0          0         55          7
125       7169         77          0        254          0          0          0         56          7
126       7165         77          0        258          0          0          0         55          6
127       7163         74          0        263          0          0          0         54          6
128       7161         73          0        266          0          0          0         57          5
129       7158         72          0        270          0          0          0         57          5
130       7156         71          0        273          0          0          0         57          5
131       7154         72          0        274          0          0          0         57          5
132       7154         68          0        278          0          0          0         53          4
133       7152         68          0        280          0          0          0         55          4
134       7152         65          0        283          0          0          0         54          4
135       7149         64          0        287          0          0          0         52          5
136       7149         59          0        292          0          0          0         50          5
137       7148         59          0        293          0          0          0         51          5
138       7144         62          0        294          0          0          0         52          5
139       7144         57          0        299          0          0          0         47          5
140       7142         50          0        308          0          0          0         40          3
141       7139         52          0        309          0          0          0         39          3
142       7137         53          0        310          0          0          0         41          3
143       7136         51          0        313          0          0          0         38          3
144       7136         49          0        315          0          0          0         37          3
145       7133         52          0        315          0          0          0         41          3
146       7130         53          0        317          0          0          0         39          2
147       7129         53          0        318          0          0          0         40          2
148       7128         53          0        319          0          0          0         42          3
149       7127         51          0        322          0          0          0         41          3
150       7125         50          0        325          0          0          0         39          3
151       7123         48          0        329          0          0          0         35          3
152       7121         46          0        333          0          0          0         34          2
153       7120         45          0        335          0          0          0         35          2
154       7118         44          0        338          0          0          0         33          2
155       7117         42          0        341          0          0          0         31          2
156       7117         40          0        343          0          0          0         30          3
157       7116         38          0        346          0          0          0         29          3
158       7115         37          0        348          0          0          0         29          4
159       7114         35          0        351          0          0          0         28          4
160       7114         34          0        352          0          0          0         28          4
161       7114         31          0        355          0          0          0         27          4
162       7114         29          0        357          0          0          0         26          4
163       7114         29          0        357          0          0          0         26          4
164       7112         31          0        357          0          0          0         27          4
165       7112         31          0        357          0          0          0         28          5
166       7111         29          0        360          0          0          0         26          5
167       7111         27          0        362          0          0          0         24          5
--- ---------- ---------- ---------- ---------- ---------- ---------- ---------- ---------- ----------

Tipo 2
Día     Sanos  Infectados Importados    Curados Desinmuniz    Muertos Inf.Indire   Enfermos Hospitaliz
--- ---------- ---------- ---------- ---------- ---------- ---------- ---------- ---------- ----------
  1      30998          2          0          0          0          0          0          0          0
  2      30998          2          0          0          0          0          0          0          0
  3      30998          2          0          0          0          0          0          0          0
  4      30998          2          0          0          0          0          0          0          0
  5      30998          2          0          0          0          0          0          0          0
  6      30998          2          0          0          0          0          0          0          0
  7      30997          3          0          0          0          0          0          0          0
  8      30997          3          0          0          0          0          0          0          0
  9      30997          3          0          0          0          0          0          0          0
 10      30996          4          0          0          0          0          0          0          0
 11      30996          3          0          1          0          0          0          0          0
 12      30996          3          0          1          0          0          0          0          0
 13      30994          5          0          1          0          0          0          0          0
 14      30994          5          0          1          0          0          0          1          0
 15      30994          5          0          1          0          0          0          1          0
 16      30991          8          0          1          0          0          0          1          0
 17      30989         10          0          1          0          0          0          2          0
 18      30986         13          0          1          0          0          0          2          0
 19      30980         19          0          1          0          0          0          2          0
 20      30969         30          0          1          0          0          0          4          1
 21      30961         38          0          1          0          0          0          4          1
 22      30947         52          0          1          0          0          0          4          1
 23      30921         77          0          2          0          0          0          6          1
 24      30900         97          0          3          0          0          0          7          1
 25      30873        124          0          3          0          0          0         10          1
 26      30846        151          0          3          0          0          0         16          2
 27      30814        183          0          3          0          0          0         27          2
 28      30792        204          0          4          0          0          0         35          3
 29      30767        228          0          5          0          0          0         49          4
 30      30749        245          0          6          0          0          0         73          4
 31      30744        250          0          6          0          0          0         94          5
 32      30736        258          0          6          0          0          0        121         10
 33      30723        271          0          6          0          0          0        148         12
 34      30705        289          0          6          0          0          0        180         15
 35      30678        316          0          6          0          0          0        202         18
 36      30651        343          0          6          0          0          0        227         18
 37      30615        378          0          7          0          0          0        244         18
 38      30576        415          0          9          0          0          0        247         18
 39      30517        470          0         12          0          1          0        251         18
 40      30444        541          0         14          0          1          0        262         17
 41      30387        590          0         21          0          2          0        272         17
 42      30307        663          0         28          0          2          0        292         18
 43      30215        751          0         32          0          2          0        315         20
 44      30150        806          0         42          0          2          0        341         22
 45      30077        870          0         51          0          2          0        371         30
 46      29990        947          0         61          0          2          0        421         36
 47      29893       1029          0         76          0          2          0        479         44
 48      29816       1096          0         86          0          2          0        526         49
 49      29694       1209          0         94          0          3          0        597         56
 50      29503       1379          0        115          0          3          0        667         60
 51      29284       1575          0        137          0          4          0        710         65
 52      28978       1866          0        151          0          5          0        768         73
 53      28562       2257          0        176          0          5          0        829         76
 54      28043       2743          0        209          0          5          0        893         84
 55      27551       3200          0        244          0          5          0        936         86
 56      27066       3667          0        262          0          5          0       1040         97
 57      26571       4132          0        292          0          5          0       1202        108
 58      26125       4546          0        323          0          6          0       1387        127
 59      25682       4960          0        351          0          7          0       1664        152
 60      25271       5334          0        387          0          8          0       2043        195
 61      24879       5691          0        421          0          9          0       2527        237
 62      24478       6052          0        461          0          9          0       2979        275
 63      24081       6409          0        501          0          9          0       3424        313
 64      23674       6756          0        560          0         10          0       3862        358
 65      23296       7069          0        625          0         10          0       4244        392
 66      22966       7321          0        701          0         12          0       4607        419
 67      22672       7537          0        777          0         14          0       4939        454
 68      22443       7684          0        857          0         16          0       5249        494
 69      22256       7761          0        966          0         17          0       5540        524
 70      22056       7853          0       1074          0         17          0       5829        555
 71      21870       7894          0       1218          0         18          0       6091        582
 72      21717       7888          0       1377          0         18          0       6309        605
 73      21577       7830          0       1572          0         21          0       6441        632
 74      21482       7741          0       1752          0         25          0       6551        648
 75      21379       7655          0       1937          0         29          0       6593        648
 76      21298       7541          0       2129          0         32          0       6586        655
 77      21235       7352          0       2374          0         39          0       6533        652
 78      21167       7159          0       2627          0         47          0       6457        647
 79      21101       6978          0       2870          0         51          0       6362        633
 80      21043       6741          0       3163          0         53          0       6207        609
 81      20979       6476          0       3483          0         62          0       5973        586
 82      20925       6187          0       3820          0         68          0       5733        559
 83      20877       5855          0       4188          0         80          0       5435        525
 84      20821       5499          0       4594          0         86          0       5085        495
 85      20778       5135          0       4991          0         96          0       4746        466
 86      20729       4771          0       5393          0        107          0       4399        431
 87      20691       4399          0       5796          0        114          0       4047        400
 88      20652       4066          0       6159          0        123          0       3739        362
 89      20621       3747          0       6500          0        132          0       3443        324
 90      20574       3455          0       6833          0        138          0       3152        298
 91      20544       3175          0       7140          0        141          0       2898        288
 92      20520       2881          0       7449          0        150          0       2623        256
 93      20484       2626          0       7733          0        157          0       2381        230
 94      20459       2387          0       7995          0        159          0       2155        209
 95      20426       2147          0       8264          0        163          0       1921        190
 96      20401       1925          0       8507          0        167          0       1705        166
 97      20382       1730          0       8712          0        176          0       1538        143
 98      20370       1542          0       8907          0        181          0       1368        131
 99      20352       1407          0       9059          0        182          0       1239        124
100      20339       1297          0       9177          0        187          0       1152        113
101      20319       1192          0       9299          0        190          0       1052        105
102      20297       1096          0       9416          0        191          0        967         91
103      20276       1020          0       9512          0        192          0        895         85
104      20257        950          0       9598          0        195          0        825         81
105      20245        890          0       9670          0        195          0        765         75
106      20231        832          0       9741          0        196          0        711         65
107      20214        785          0       9803          0        198          0        660         62
108      20205        742          0       9854          0        199          0        628         62
109      20196        691          0       9914          0        199          0        590         63
110      20184        653          0       9964          0        199          0        561         60
111      20173        617          0      10009          0        201          0        533         56
112      20167        566          0      10064          0        203          0        488         53
113      20159        539          0      10095          0        207          0        467         51
114      20153        510          0      10130          0        207          0        449         51
115      20144        471          0      10178          0        207          0        410         51
116      20139        449          0      10203          0        209          0        392         49
117      20135        423          0      10232          0        210          0        374         41
118      20129        402          0      10259          0        210          0        358         40
119      20124        388          0      10278          0        210          0        345         38
120      20122        360          0      10305          0        213          0        323         37
121      20119        333          0      10334          0        214          0        299         36
122      20116        303          0      10366          0        215          0        275         35
123      20110        286          0      10388          0        216          0        257         33
124      20108        269          0      10407          0        216          0        242         33
125      20107        250          0      10426          0        217          0        229         31
126      20102        236          0      10445          0        217          0        214         31
127      20101        217          0      10464          0        218          0        196         26
128      20098        208          0      10475          0        219          0        187         25
129      20096        190          0      10495          0        219          0        170         23
130      20093        172          0      10516          0        219          0        155         17
131      20090        159          0      10531          0        220          0        141         13
132      20086        151          0      10543          0        220          0        130         10
133      20084        137          0      10559          0        220          0        119          9
134      20083        124          0      10572          0        221          0        106          6
135      20081        114          0      10584          0        221          0         97          5
136      20079        105          0      10595          0        221          0         88          6
137      20076        103          0      10600          0        221          0         86          6
138      20075         94          0      10610          0        221          0         79          6
139      20072         90          0      10617          0        221          0         76          6
140      20071         84          0      10624          0        221          0         71          6
141      20070         77          0      10632          0        221          0         64          5
142      20070         69          0      10640          0        221          0         58          4
143      20069         66          0      10644          0        221          0         56          3
144      20067         62          0      10650          0        221          0         53          3
145      20065         61          0      10652          0        222          0         51          3
146      20062         61          0      10655          0        222          0         51          3
147      20062         56          0      10660          0        222          0         47          2
148      20062         52          0      10664          0        222          0         44          1
149      20061         48          0      10669          0        222          0         39          1
150      20059         48          0      10671          0        222          0         38          1
151      20059         47          0      10672          0        222          0         39          1
152      20058         45          0      10675          0        222          0         38          1
153      20058         43          0      10677          0        222          0         39          2
154      20056         42          0      10680          0        222          0         36          2
155      20055         40          0      10683          0        222          0         33          2
156      20055         38          0      10685          0        222          0         32          2
157      20055         37          0      10686          0        222          0         33          2
158      20054         37          0      10687          0        222          0         32          2
159      20054         34          0      10690          0        222          0         30          2
160      20052         34          0      10692          0        222          0         28          1
161      20052         28          0      10698          0        222          0         24          1
162      20051         28          0      10699          0        222          0         24          1
163      20051         27          0      10700          0        222          0         23          1
164      20049         28          0      10701          0        222          0         22          1
165      20048         27          0      10703          0        222          0         21          1
166      20048         24          0      10706          0        222          0         18          1
167      20048         23          0      10707          0        222          0         19          1
--- ---------- ---------- ---------- ---------- ---------- ---------- ---------- ---------- ----------

Tipo 3
Día     Sanos  Infectados Importados    Curados Desinmuniz    Muertos Inf.Indire   Enfermos Hospitaliz
--- ---------- ---------- ---------- ---------- ---------- ---------- ---------- ---------- ----------
  1       2499          1          0          0          0          0          0          0          0
  2       2499          1          0          0          0          0          0          0          0
  3       2499          1          0          0          0          0          0          0          0
  4       2499          1          0          0          0          0          0          0          0
  5       2499          1          0          0          0          0          0          0          0
  6       2499          1          0          0          0          0          0          0          0
  7       2499          1          0          0          0          0          0          0          0
  8       2497          3          0          0          0          0          0          0          0
  9       2496          4          0          0          0          0          0          0          0
 10       2496          4          0          0          0          0          0          0          0
 11       2496          4          0          0          0          0          0          0          0
 12       2495          5          0          0          0          0          0          0          0
 13       2492          8          0          0          0          0          0          0          0
 14       2492          8          0          0          0          0          0          0          0
 15       2492          8          0          0          0          0          0          2          0
 16       2492          8          0          0          0          0          0          3          0
 17       2492          8          0          0          0          0          0          3          0
 18       2492          8          0          0          0          0          0          3          0
 19       2492          8          0          0          0          0          0          4          0
 20       2490         10          0          0          0          0          0          7          1
 21       2490         10          0          0          0          0          0          7          1
 22       2489         11          0          0          0          0          0          7          1
 23       2439         61          0          0          0          0          0          7          1
 24       2438         60          0          0          0          2          0          5          1
 25       2434         64          0          0          0          2          0          5          1
 26       2432         66          0          0          0          2          0          5          1
 27       2427         71          0          0          0          2          0          7          1
 28       2421         77          0          0          0          2          0          7          1
 29       2410         88          0          0          0          2          0          8          1
 30       2402         95          0          1          0          2          0         58          8
 31       2347        150          0          1          0          2          0         59          8
 32       2335        161          0          2          0          2          0         62         10
 33       2326        170          0          2          0          2          0         64         10
 34       2311        185          0          2          0          2          0         69         12
 35       2305        189          0          4          0          2          0         73         12
 36       2296        198          0          4          0          2          0         84         13
 37       2289        203          0          6          0          2          0         90         15
 38       2279        210          0          8          0          3          0        142         18
 39       2270        214          0         12          0          4          0        149         19
 40       2254        228          0         14          0          4          0        156         19
 41       2245        234          0         16          0          5          0        168         21
 42       2237        239          0         19          0          5          0        171         20
 43       2225        249          0         21          0          5          0        178         22
 44       2215        256          0         24          0          5          0        182         22
 45       2203        264          0         27          0          6          0        188         22
 46       2046        414          0         32          0          8          0        190         22
 47       2026        427          0         38          0          9          0        199         22
 48       1960        486          0         45          0          9          0        202         23
 49       1931        511          0         48          0         10          0        206         20
 50       1904        531          0         54          0         11          0        213         21
 51       1869        557          0         61          0         13          0        212         21
 52       1841        576          0         70          0         13          0        215         20
 53       1808        596          0         80          0         16          0        358         31
 54       1778        601          0        100          0         21          0        353         31
 55       1737        633          0        105          0         25          0        410         38
 56       1693        668          0        114          0         25          0        430         41
 57       1623        729          0        121          0         27          0        448         44
 58       1555        786          0        130          0         29          0        472         46
 59       1481        846          0        142          0         31          0        486         47
 60       1412        905          0        150          0         33          0        509         51
 61       1329        974          0        163          0         34          0        525         50
 62       1271       1009          0        184          0         36          0        543         51
 63       1198       1065          0        198          0         39          0        570         54
 64       1134       1111          0        212          0         43          0        622         59
 65       1042       1179          0        232          0         47          0        666         66
 66        965       1245          0        241          0         49          0        730         71
 67        896       1289          0        260          0         55          0        774         75
 68        834       1330          0        273          0         63          0        835         83
 69        782       1362          0        291          0         65          0        873         86
 70        725       1397          0        312          0         66          0        924         90
 71        669       1424          0        338          0         69          0        959         97
 72        623       1439          0        366          0         72          0       1021        104
 73        575       1457          0        393          0         75          0       1067        110
 74        533       1464          0        418          0         85          0       1102        116
 75        506       1464          0        439          0         91          0       1136        117
 76        474       1461          0        470          0         95          0       1153        118
 77        434       1413          0        545          0        108          0       1122        113
 78        406       1403          0        573          0        118          0       1140        114
 79        380       1381          0        606          0        133          0       1138        115
 80        356       1362          0        645          0        137          0       1143        113
 81        332       1338          0        684          0        146          0       1137        116
 82        316       1299          0        734          0        151          0       1109        111
 83        300       1264          0        780          0        156          0       1090        105
 84        289       1223          0        827          0        161          0       1078        104
 85        276       1175          0        875          0        174          0       1045        101
 86        256       1138          0        923          0        183          0       1014         97
 87        250       1095          0        965          0        190          0        989         94
 88        238       1040          0       1021          0        201          0        946         85
 89        230        986          0       1071          0        213          0        900         80
 90        222        930          0       1124          0        224          0        852         70
 91        217        872          0       1177          0        234          0        800         67
 92        212        812          0       1231          0        245          0        748         63
 93        206        764          0       1277          0        253          0        714         57
 94        195        713          0       1335          0        257          0        658         54
 95        193        663          0       1375          0        269          0        618         54
 96        189        593          0       1439          0        279          0        552         48
 97        181        545          0       1493          0        281          0        504         45
 98        176        503          0       1535          0        286          0        462         42
 99        175        463          0       1569          0        293          0        426         37
100        174        417          0       1612          0        297          0        385         35
101        168        373          0       1653          0        306          0        346         31
102        164        341          0       1684          0        311          0        312         27
103        162        311          0       1710          0        317          0        284         22
104        159        276          0       1743          0        322          0        254         19
105        159        252          0       1767          0        322          0        235         17
106        158        229          0       1787          0        326          0        212         16
107        156        204          0       1812          0        328          0        186         14
108        156        176          0       1835          0        333          0        164         11
109        155        161          0       1849          0        335          0        152         11
110        155        145          0       1862          0        338          0        138         11
111        153        129          0       1879          0        339          0        123         11
112        151        121          0       1887          0        341          0        113         11
113        151        105          0       1902          0        342          0         98          9
114        151         94          0       1910          0        345          0         89          8
115        151         82          0       1919          0        348          0         77          6
116        150         76          0       1924          0        350          0         71          5
117        150         68          0       1932          0        350          0         63          5
118        149         62          0       1938          0        351          0         58          4
119        146         56          0       1946          0        352          0         51          3
120        146         52          0       1949          0        353          0         47          2
121        145         48          0       1952          0        355          0         42          2
122        145         45          0       1955          0        355          0         39          2
123        145         40          0       1958          0        357          0         35          2
124        145         37          0       1961          0        357          0         32          2
125        145         36          0       1962          0        357          0         32          2
126        145         33          0       1962          0        360          0         32          1
127        145         27          0       1967          0        361          0         26          1
128        145         24          0       1969          0        362          0         24          1
129        145         21          0       1971          0        363          0         21          0
130        145         19          0       1973          0        363          0         19          0
131        145         18          0       1973          0        364          0         18          0
132        144         16          0       1976          0        364          0         15          0
133        144         16          0       1976          0        364          0         15          0
134        144         15          0       1977          0        364          0         14          0
135        144         12          0       1980          0        364          0         11          0
136        144         10          0       1982          0        364          0          9          0
137        143         11          0       1982          0        364          0          9          0
138        143          9          0       1984          0        364          0          7          0
139        143          9          0       1984          0        364          0          8          0
140        143          9          0       1984          0        364          0          8          0
141        143          9          0       1984          0        364          0          8          0
142        143          7          0       1985          0        365          0          6          0
143        143          6          0       1986          0        365          0          5          0
144        143          6          0       1986          0        365          0          6          0
145        143          5          0       1987          0        365          0          5          0
146        143          5          0       1987          0        365          0          5          0
147        143          4          0       1988          0        365          0          4          0
148        143          4          0       1988          0        365          0          4          0
149        143          4          0       1988          0        365          0          4          0
150        143          2          0       1989          0        366          0          2          0
151        143          2          0       1989          0        366          0          2          0
152        143          2          0       1989          0        366          0          2          0
153        143          2          0       1989          0        366          0          2          0
154        143          2          0       1989          0        366          0          2          0
155        143          2          0       1989          0        366          0          2          0
156        143          2          0       1989          0        366          0          2          0
157        143          2          0       1989          0        366          0          2          0
158        143          2          0       1989          0        366          0          2          0
159        143          1          0       1990          0        366          0          1          0
160        143          1          0       1990          0        366          0          1          0
161        143          1          0       1990          0        366          0          1          0
162        143          1          0       1990          0        366          0          1          0
163        143          0          0       1991          0        366          0          0          0
164        143          0          0       1991          0        366          0          0          0
165        143          0          0       1991          0        366          0          0          0
166        143          0          0       1991          0        366          0          0          0
167        143          0          0       1991          0        366          0          0          0
--- ---------- ---------- ---------- ---------- ---------- ---------- ---------- ---------- ----------

Tipo 4
Día     Sanos  Infectados Importados    Curados Desinmuniz    Muertos Inf.Indire   Enfermos Hospitaliz
--- ---------- ---------- ---------- ---------- ---------- ---------- ---------- ---------- ----------
  1       6998          2          0          0          0          0          0          0          0
  2       6998          2          0          0          0          0          0          0          0
  3       6998          2          0          0          0          0          0          0          0
  4       6998          2          0          0          0          0          0          0          0
  5       6998          2          0          0          0          0          0          0          0
  6       6998          2          0          0          0          0          0          0          0
  7       6998          2          0          0          0          0          0          0          0
  8       6998          2          0          0          0          0          0          0          0
  9       6998          2          0          0          0          0          0          0          0
 10       6998          2          0          0          0          0          0          0          0
 11       6998          2          0          0          0          0          0          0          0
 12       6997          3          0          0          0          0          0          0          0
 13       6997          3          0          0          0          0          0          0          0
 14       6997          3          0          0          0          0          0          0          0
 15       6996          4          0          0          0          0          0          0          0
 16       6996          4          0          0          0          0          0          0          0
 17       6993          7          0          0          0          0          0          0          0
 18       6993          7          0          0          0          0          0          0          0
 19       6993          7          0          0          0          0          0          1          0
 20       6991          9          0          0          0          0          0          1          0
 21       6991          9          0          0          0          0          0          1          0
 22       6991          9          0          0          0          0          0          2          0
 23       6953         47          0          0          0          0          0          2          0
 24       6948         52          0          0          0          0          0          5          1
 25       6946         54          0          0          0          0          0          5          1
 26       6936         64          0          0          0          0          0          5          1
 27       6929         71          0          0          0          0          0          7          1
 28       6918         81          0          1          0          0          0          7          1
 29       6868        131          0          1          0          0          0          7          1
 30       6862        136          0          2          0          0          0         45          3
 31       6852        146          0          2          0          0          0         50          4
 32       6808        190          0          2          0          0          0         52          4
 33       6797        200          0          3          0          0          0         61          4
 34       6691        305          0          3          0          1          0         67          4
 35       6659        337          0          3          0          1          0         78          5
 36       6645        351          0          3          0          1          0        128         10
 37       6631        364          0          3          0          2          0        133         11
 38       6620        374          0          3          0          3          0        142         15
 39       6603        389          0          4          0          4          0        184         20
 40       6553        435          0          6          0          6          0        191         21
 41       6535        451          0          7          0          7          0        295         30
 42       6518        468          0          7          0          7          0        327         32
 43       6503        478          0         12          0          7          0        336         33
 44       6480        497          0         14          0          9          0        346         33
 45       6463        509          0         17          0         11          0        352         31
 46       6284        682          0         22          0         12          0        363         33
 47       6214        744          0         27          0         15          0        405         39
 48       6127        817          0         40          0         16          0        409         39
 49       6040        896          0         45          0         19          0        418         40
 50       5984        937          0         55          0         24          0        418         38
 51       5895       1015          0         63          0         27          0        430         38
 52       5844       1051          0         73          0         32          0        432         41
 53       5788       1089          0         84          0         39          0        593         63
 54       5730       1115          0        105          0         50          0        631         71
 55       5620       1213          0        114          0         53          0        706         78
 56       5533       1285          0        123          0         59          0        780         80
 57       5448       1346          0        140          0         66          0        812         84
 58       5336       1430          0        160          0         74          0        873         89
 59       5201       1546          0        173          0         80          0        904         87
 60       5061       1657          0        195          0         87          0        931         90
 61       4925       1768          0        214          0         93          0        964         96
 62       4795       1872          0        231          0        102          0       1048        103
 63       4657       1963          0        265          0        115          0       1087        110
 64       4507       2087          0        286          0        120          0       1146        117
 65       4352       2177          0        328          0        143          0       1193        119
 66       4197       2297          0        353          0        153          0       1293        126
 67       4048       2405          0        387          0        160          0       1392        137
 68       3878       2541          0        411          0        170          0       1494        146
 69       3750       2628          0        436          0        186          0       1583        150
 70       3605       2734          0        464          0        197          0       1682        161
 71       3475       2798          0        509          0        218          0       1766        167
 72       3342       2884          0        541          0        233          0       1876        177
 73       3202       2957          0        586          0        255          0       1966        189
 74       3109       2982          0        632          0        277          0       2043        200
 75       3002       3033          0        676          0        289          0       2158        212
 76       2911       3055          0        725          0        309          0       2217        216
 77       2831       3022          0        802          0        345          0       2248        218
 78       2738       3042          0        849          0        371          0       2305        217
 79       2665       3018          0        915          0        402          0       2341        218
 80       2602       2971          0        985          0        442          0       2371        221
 81       2533       2938          0       1065          0        464          0       2363        220
 82       2459       2926          0       1118          0        497          0       2384        230
 83       2388       2898          0       1187          0        527          0       2376        237
 84       2333       2876          0       1235          0        556          0       2379        238
 85       2276       2833          0       1308          0        583          0       2371        243
 86       2233       2732          0       1405          0        630          0       2300        235
 87       2198       2648          0       1491          0        663          0       2245        229
 88       2157       2572          0       1573          0        698          0       2197        224
 89       2121       2496          0       1654          0        729          0       2159        222
 90       2086       2402          0       1749          0        763          0       2100        217
 91       2054       2316          0       1830          0        800          0       2037        209
 92       2028       2193          0       1935          0        844          0       1945        203
 93       2006       2068          0       2036          0        890          0       1842        190
 94       1981       1971          0       2126          0        922          0       1755        179
 95       1958       1872          0       2204          0        966          0       1673        167
 96       1934       1760          0       2300          0       1006          0       1573        157
 97       1918       1658          0       2376          0       1048          0       1490        146
 98       1908       1534          0       2466          0       1092          0       1388        139
 99       1886       1432          0       2548          0       1134          0       1290        128
100       1873       1326          0       2626          0       1175          0       1193        118
101       1860       1239          0       2700          0       1201          0       1118        104
102       1852       1143          0       2779          0       1226          0       1037        101
103       1840       1047          0       2851          0       1262          0        953         87
104       1831        967          0       2907          0       1295          0        880         73
105       1821        909          0       2957          0       1313          0        822         66
106       1811        844          0       3007          0       1338          0        769         62
107       1804        789          0       3059          0       1348          0        720         59
108       1801        724          0       3111          0       1364          0        665         55
109       1789        679          0       3146          0       1386          0        616         44
110       1786        614          0       3202          0       1398          0        560         38
111       1779        575          0       3233          0       1413          0        523         34
112       1773        526          0       3274          0       1427          0        478         28
113       1768        479          0       3309          0       1444          0        436         22
114       1762        438          0       3341          0       1459          0        396         21
115       1758        396          0       3370          0       1476          0        353         19
116       1753        369          0       3392          0       1486          0        333         17
117       1750        347          0       3408          0       1495          0        311         15
118       1746        318          0       3427          0       1509          0        285         14
119       1746        285          0       3448          0       1521          0        258         11
120       1739        265          0       3462          0       1534          0        236         11
121       1737        244          0       3479          0       1540          0        219         12
122       1735        226          0       3494          0       1545          0        203         13
123       1734        204          0       3512          0       1550          0        185         10
124       1731        186          0       3523          0       1560          0        167         10
125       1730        169          0       3539          0       1562          0        153          9
126       1727        157          0       3549          0       1567          0        138          9
127       1726        145          0       3559          0       1570          0        132          8
128       1724        132          0       3572          0       1572          0        119          6
129       1722        121          0       3580          0       1577          0        108          6
130       1721        114          0       3585          0       1580          0        101          6
131       1719        103          0       3591          0       1587          0         91          6
132       1717        101          0       3595          0       1587          0         88          6
133       1714         98          0       3601          0       1587          0         85          6
134       1712         96          0       3604          0       1588          0         82          5
135       1710         84          0       3613          0       1593          0         70          4
136       1709         79          0       3618          0       1594          0         66          3
137       1709         74          0       3621          0       1596          0         62          3
138       1708         69          0       3626          0       1597          0         58          4
139       1708         67          0       3627          0       1598          0         58          4
140       1706         63          0       3632          0       1599          0         55          5
141       1706         56          0       3636          0       1602          0         50          4
142       1704         53          0       3640          0       1603          0         47          4
143       1703         51          0       3642          0       1604          0         45          4
144       1702         51          0       3643          0       1604          0         44          4
145       1702         47          0       3645          0       1606          0         41          3
146       1701         44          0       3648          0       1607          0         37          3
147       1699         41          0       3651          0       1609          0         34          3
148       1696         40          0       3654          0       1610          0         30          3
149       1695         39          0       3654          0       1612          0         30          3
150       1692         41          0       3655          0       1612          0         30          3
151       1692         38          0       3658          0       1612          0         28          3
152       1692         34          0       3662          0       1612          0         24          3
153       1691         34          0       3663          0       1612          0         24          3
154       1691         34          0       3663          0       1612          0         26          4
155       1690         32          0       3665          0       1613          0         26          4
156       1690         30          0       3667          0       1613          0         25          4
157       1689         29          0       3669          0       1613          0         26          2
158       1689         27          0       3671          0       1613          0         24          1
159       1688         28          0       3671          0       1613          0         24          1
160       1688         27          0       3672          0       1613          0         24          2
161       1688         26          0       3673          0       1613          0         23          2
162       1687         26          0       3674          0       1613          0         23          2
163       1686         25          0       3676          0       1613          0         21          2
164       1686         23          0       3677          0       1614          0         20          2
165       1686         22          0       3677          0       1615          0         19          2
166       1686         21          0       3678          0       1615          0         19          2
167       1685         21          0       3679          0       1615          0         18          2
--- ---------- ---------- ---------- ---------- ---------- ---------- ---------- ---------- ----------

